196 267
39 150
53 115
129 265
72 164
222 230
127 244
250 284
289 290
138 176
102 171
147 235
16 202
142 190
121 173
18 262
30 195
188 253
179 209
44 225
191 237
148 182
23 67
81 204
130 232
19 287
29 193
51 206
128 153
59 117
65 247
181 216
105 151
123 241
104 124
60 212
136 183
4 193
165 186
156 260
35 268
45 293
52 256
74 243
162 257
224 256
212 273
8 15
197 275
73 170
159 184
238 294
224 226
34 295
52 216
154 238
184 221
187 254
73 114
47 102
109 131
240 254
122 208
0 290
53 158
227 234
13 128
4 55
172 246
156 291
88 157
137 188
179 192
274 283
41 266
161 205
32 75
100 139
110 183
26 260
76 134
80 178
62 251
120 282
38 85
202 248
45 175
24 62
106 281
40 66
27 178
170 264
51 293
137 207
132 249
118 249
203 258
153 160
50 296
239 255
186 285
22 97
168 189
27 145
37 98
150 206
101 223
59 274
24 89
17 111
64 279
140 146
101 112
145 209
45 239
36 48
74 136
181 205
32 51
14 108
83 174
1 24
177 217
6 198
58 163
139 276
85 246
120 280
13 273
56 192
63 292
53 218
29 95
78 296
123 180
10 296
31 100
94 126
61 155
49 278
19 135
204 242
21 261
4 295
107 249
12 276
107 111
185 298
130 200
69 159
69 73
223 270
25 299
215 227
144 200
112 246
84 191
99 282
201 269
81 113
3 210
90 106
180 292
164 218
6 254
35 229
119 264
233 241
114 143
133 199
281 288
40 262
114 172
92 252
195 220
144 193
30 63
75 212
171 263
7 265
234 295
166 219
190 220
220 278
136 253
70 297
87 167
149 251
113 199
98 116
121 176
96 169
21 57
143 292
20 280
117 202
76 84
5 206
60 103
37 165
95 228
92 167
174 242
85 163
68 236
148 224
215 236
175 196
214 245
17 167
127 287
47 223
12 86
150 235
129 162
38 137
162 268
149 291
15 184
164 208
194 198
23 126
122 176
97 165
66 197
74 294
43 291
146 237
91 260
277 299
21 82
57 173
26 28
11 134
19 121
54 151
3 185
152 288
20 258
194 259
141 174
103 231
46 104
22 161
217 233
42 286
66 247
124 242
105 131
141 177
151 230
79 231
116 259
271 279
93 103
2 289
33 261
108 298
192 286
99 213
160 272
139 153
133 225
152 277
211 271
125 194
50 190
264 279
64 107
125 298
77 266
72 201
201 204
10 189
248 277
168 230
80 189
25 67
36 127
213 228
59 228
71 77
70 257
219 266
214 297
12 109
169 219
9 131
147 166
267 283
2 284
267 289
130 240
94 245
155 214
157 247
20 88
140 252
146 149
