92 204
150 203
45 276
13 262
166 187
171 250
244 269
71 272
99 259
144 233
198 221
255 296
122 264
78 296
79 189
68 163
43 95
42 131
200 235
110 207
40 257
53 74
108 265
62 268
17 150
199 278
138 286
147 194
211 223
90 234
107 239
117 210
175 232
39 64
116 130
136 294
40 236
26 46
3 257
104 279
297 299
155 291
134 159
84 129
24 237
16 275
0 132
91 176
133 176
107 245
9 226
12 146
7 180
79 113
102 237
68 239
71 118
105 202
5 8
124 128
172 177
129 256
114 205
73 98
155 261
109 273
39 135
8 265
183 261
97 170
19 86
112 174
59 77
4 46
33 165
26 127
30 76
96 162
20 111
80 271
141 186
14 91
220 229
206 285
33 58
223 299
181 197
57 191
62 267
35 270
226 242
42 134
223 227
44 187
106 195
148 275
146 265
67 244
156 192
232 262
24 266
18 240
23 247
104 250
34 264
63 93
208 233
87 224
19 69
31 265
160 198
65 76
284 287
48 145
214 247
194 295
1 145
94 138
111 292
130 157
248 281
16 258
235 247
193 248
84 87
243 287
128 217
137 199
41 270
268 293
59 167
21 22
15 278
81 295
168 196
11 52
86 154
17 190
9 156
95 165
197 263
37 105
74 199
144 161
20 83
215 294
123 222
182 288
193 277
77 158
60 142
7 215
147 201
181 191
161 172
75 227
20 164
4 179
96 256
28 149
140 192
141 288
36 153
118 253
10 279
126 220
52 139
183 271
120 230
25 270
155 207
54 56
12 200
64 213
29 185
89 117
124 173
38 97
96 159
219 244
114 226
50 76
127 151
99 153
160 241
55 174
188 276
36 272
27 125
66 85
139 225
238 296
55 70
273 287
42 275
123 283
32 108
229 267
93 217
83 170
6 179
260 292
85 263
66 234
92 212
62 66
205 249
11 196
89 222
165 195
27 78
248 284
119 183
57 88
54 209
151 201
118 293
191 246
116 233
3 202
130 214
153 279
151 210
154 252
13 138
5 251
211 218
43 258
120 177
54 240
18 182
44 90
15 243
72 292
110 185
216 280
47 264
249 290
70 119
2 217
47 208
22 69
168 245
149 166
88 281
113 136
132 255
6 251
91 224
80 199
107 219
5 289
58 276
225 240
64 160
25 180
231 274
45 197
228 286
115 204
103 148
184 288
81 212
152 167
211 252
142 147
138 171
50 53
102 290
143 178
102 282
241 283
127 168
2 143
23 126
272 290
51 82
101 145
19 73
1 231
22 33
88 206
61 169
56 77
35 80
61 121
13 38
150 204
49 209
100 189
78 79
61 103
121 254
51 101
142 280
143 172
169 274
82 298
37 178
