3 40
65 76
81 92
51 82
57 88
12 88
46 89
78 79
29 70
84 87
11 52
2 67
10 99
39 64
7 25
0 78
34 47
20 72
31 32
4 46
36 71
23 24
67 68
14 91
35 80
17 92
20 83
28 91
33 58
0 17
5 32
25 35
38 94
7 39
60 81
34 68
25 41
23 88
49 54
15 70
42 61
44 90
63 93
59 77
53 74
9 99
29 75
50 53
66 85
27 78
89 92
55 70
82 96
73 98
45 57
43 95
45 58
28 87
83 97
13 38
1 48
62 66
45 85
74 80
36 99
49 56
67 77
86 98
38 97
44 85
62 71
1 61
16 42
43 96
22 69
69 86
21 58
19 73
31 34
7 79
26 46
37 63
6 89
5 6
33 95
30 76
56 77
21 22
51 61
12 31
2 93
50 76
18 49
90 91
3 63
8 32
15 53
14 94
52 54
