113 136
155 207
47 321
345 383
84 87
111 292
72 292
23 355
248 340
253 375
67 361
124 173
29 185
241 283
41 311
337 345
130 380
220 388
342 398
106 397
94 138
228 335
41 333
49 324
205 374
73 98
24 266
294 382
9 226
146 312
25 270
14 91
364 394
223 227
21 22
194 309
4 179
38 97
297 353
151 301
133 347
55 174
151 362
137 199
120 177
19 69
42 275
39 64
44 90
192 318
66 387
9 156
112 174
107 320
13 262
64 363
12 336
136 385
359 384
110 207
146 331
88 281
148 275
129 346
108 265
18 240
45 197
188 360
265 331
245 328
6 251
256 346
60 142
100 341
33 58
34 264
43 95
200 235
92 212
138 286
42 134
297 372
119 396
180 363
84 129
91 176
361 398
5 289
96 298
171 250
305 381
138 378
92 204
313 398
297 299
57 191
229 267
70 119
216 280
23 338
126 220
99 259
40 257
45 276
255 296
239 392
71 272
48 145
166 187
65 356
104 325
19 86
104 314
26 323
97 170
77 158
124 128
150 203
122 264
87 224
147 194
191 246
44 187
68 392
206 285
244 269
260 292
325 379
102 282
53 74
211 252
63 93
42 131
193 248
10 314
16 326
20 111
127 366
28 149
50 76
157 395
214 380
162 399
154 344
11 302
236 300
154 252
46 307
61 169
271 330
258 326
33 367
86 154
213 371
183 261
12 312
144 161
214 247
3 389
88 206
152 306
176 347
133 339
291 327
153 279
282 338
211 218
134 159
141 288
36 153
264 321
243 287
25 370
36 272
244 320
219 320
16 275
116 233
249 290
7 180
270 305
94 351
215 333
322 390
56 315
230 342
109 273
130 157
83 349
115 304
141 186
22 69
27 125
102 290
295 309
137 393
200 336
107 328
99 153
369 383
7 382
217 348
93 389
198 221
75 227
193 277
107 239
81 295
144 233
15 396
5 8
54 240
235 355
168 245
39 135
62 267
119 183
118 293
64 317
211 223
114 359
220 229
11 196
228 286
202 300
183 271
57 88
85 263
150 204
208 233
102 237
172 177
22 391
24 237
236 337
246 310
55 70
75 357
185 329
0 132
232 347
18 182
79 113
168 196
248 281
334 377
59 77
43 258
68 163
20 83
201 301
276 308
13 38
142 147
101 399
35 330
182 288
62 268
308 310
208 365
303 371
354 356
158 350
123 283
362 366
37 105
140 318
155 261
59 167
160 241
127 323
190 386
175 232
17 386
71 375
195 316
136 294
20 164
231 274
160 198
242 345
4 307
156 192
95 165
62 66
27 78
116 130
13 378
224 339
26 46
74 199
225 352
6 179
122 313
149 166
197 263
132 255
243 278
152 167
97 349
8 265
334 367
1 145
205 249
278 376
54 209
215 382
258 391
19 73
303 317
168 366
63 322
124 319
302 352
110 329
327 381
32 108
52 139
120 230
50 53
284 373
80 271
10 279
118 375
222 368
31 395
155 291
54 350
283 371
223 299
232 262
141 302
31 265
302 358
172 178
114 374
117 309
228 379
56 77
178 322
171 378
106 316
81 212
89 222
93 217
123 179
259 384
226 359
273 287
184 288
51 82
208 321
103 148
221 354
90 234
319 348
66 85
3 257
101 145
105 202
268 293
139 358
65 76
78 296
2 217
79 189
143 390
234 387
49 209
147 201
142 280
195 377
165 195
334 343
181 197
1 231
37 394
17 150
199 376
257 300
15 278
115 204
61 121
188 343
276 343
169 274
238 332
30 76
121 254
296 332
340 373
61 103
109 373
51 101
210 301
82 298
78 79
189 341
89 117
