60 142
182 184
66 85
127 151
7 180
63 93
68 163
39 64
120 177
84 87
12 146
45 197
68 107
52 139
166 187
39 135
37 105
56 77
160 198
103 148
30 76
86 154
141 182
113 136
75 98
21 22
26 46
106 195
119 183
109 193
110 155
25 180
141 186
147 194
124 128
62 118
57 191
34 122
16 42
23 126
89 117
35 80
165 195
62 66
116 130
55 174
29 185
28 149
144 161
33 165
33 58
43 95
44 90
112 174
10 104
36 153
71 118
138 171
149 166
3 40
81 194
64 160
24 102
0 132
19 86
62 126
172 177
130 157
84 129
125 132
55 70
143 178
43 159
10 140
181 197
156 192
77 158
104 171
49 54
6 179
70 119
81 92
117 194
45 188
5 6
83 170
11 52
22 33
91 176
13 38
94 138
95 165
36 71
18 182
96 162
88 193
109 174
125 135
28 87
67 128
97 170
79 189
22 69
140 192
116 144
18 54
124 173
42 131
80 183
51 82
65 76
103 121
38 97
14 91
133 176
134 159
72 111
73 98
110 185
15 119
4 179
99 153
92 115
20 83
27 125
1 145
2 93
9 156
137 199
48 145
11 196
26 127
47 157
45 58
3 93
61 169
27 78
46 89
29 70
168 196
92 150
13 138
127 168
20 164
34 47
96 159
181 191
161 172
13 175
11 186
122 163
71 102
142 147
50 53
91 149
42 134
20 111
59 167
74 80
17 150
19 69
79 113
101 145
4 46
123 179
54 56
31 146
64 180
74 199
10 99
57 88
107 168
114 153
50 76
32 108
59 77
5 8
17 190
123 160
53 74
44 187
103 131
152 167
5 108
8 31
19 73
143 172
78 79
100 189
61 121
37 178
2 128
82 101
63 143
85 188
66 90
1 169
65 198
25 41
