137 199
205 249
88 281
133 176
91 224
140 259
85 234
130 157
175 232
18 240
241 283
20 83
83 170
113 136
24 237
99 259
5 108
68 239
31 265
141 186
15 243
179 222
47 208
186 216
255 296
17 190
95 258
44 90
109 273
297 299
3 202
123 283
37 178
29 185
114 205
103 121
102 290
104 279
96 162
155 261
102 237
114 226
197 276
85 263
140 192
188 276
149 166
62 268
8 265
102 282
112 174
4 179
7 215
208 233
84 87
22 69
105 202
23 247
79 189
52 139
20 164
211 252
232 262
2 217
6 179
60 142
142 147
228 286
134 159
155 207
23 126
130 214
94 138
127 151
34 264
88 206
183 261
10 279
35 270
144 161
6 251
249 290
71 272
226 242
41 270
121 254
13 262
86 154
200 235
198 221
112 246
144 233
117 210
53 74
26 127
54 209
158 225
64 213
168 196
125 135
235 247
110 185
7 180
171 250
106 195
244 269
3 257
148 275
5 289
168 245
90 234
33 58
37 105
124 173
156 192
181 197
107 239
40 257
215 294
46 89
68 163
166 187
73 98
0 132
78 296
12 200
193 277
152 167
75 227
91 149
111 292
14 91
11 196
181 191
107 245
223 227
107 219
108 265
84 129
21 58
116 233
154 252
191 246
14 176
72 292
25 180
143 178
30 221
67 244
25 270
100 189
90 187
129 256
118 253
9 156
15 278
27 125
78 189
183 271
123 222
206 285
119 183
40 236
48 145
248 281
12 146
214 247
104 250
89 117
211 223
89 222
147 201
120 177
125 132
116 130
103 148
32 108
97 170
172 178
225 240
132 255
127 168
193 248
160 198
160 241
24 266
136 294
36 153
28 149
70 174
223 299
219 244
229 267
87 224
126 220
15 119
153 279
216 280
139 225
52 245
29 70
79 113
106 166
34 289
20 111
122 264
50 53
62 267
212 295
100 238
182 288
248 284
165 195
260 292
74 199
194 295
16 275
2 143
63 93
95 165
51 82
55 174
1 145
151 210
199 278
147 194
118 293
39 64
150 203
77 158
81 212
82 298
99 153
188 263
213 283
138 171
273 287
92 204
169 274
155 291
110 207
45 276
71 118
138 286
23 282
43 95
268 293
151 201
141 288
101 145
120 230
92 212
42 134
65 76
1 231
208 264
54 240
30 76
131 275
124 128
231 274
42 131
49 209
56 77
66 234
96 159
203 204
17 150
142 280
35 80
19 73
96 298
159 258
115 204
61 169
50 76
82 101
184 288
218 252
97 171
38 262
128 217
94 232
114 259
57 88
77 167
69 86
109 284
35 271
59 167
243 287
98 154
161 172
143 177
22 58
126 229
33 195
93 202
206 220
