89 113
162 188
103 183
122 169
133 135
30 99
6 29
61 177
41 69
76 130
63 104
3 107
98 185
95 100
4 175
25 164
153 198
91 138
75 195
65 66
58 120
186 187
122 190
30 161
32 108
136 168
94 160
67 157
51 80
28 179
193 198
57 61
65 75
107 121
146 155
132 140
36 161
73 95
16 193
114 182
73 134
171 190
21 92
154 157
20 182
49 88
19 149
44 166
85 99
53 183
92 163
50 182
55 60
10 134
38 63
9 120
14 194
123 172
75 181
68 139
82 135
90 173
17 98
77 116
158 166
118 197
96 174
137 181
152 161
21 103
55 97
134 143
121 156
70 178
78 181
97 174
84 125
2 66
54 192
45 137
65 127
11 190
147 155
129 167
18 144
109 185
114 189
135 197
36 132
16 106
159 191
79 173
44 74
86 184
10 189
88 148
111 176
39 106
47 71
90 172
99 124
128 191
169 179
17 26
94 102
64 146
171 199
17 139
15 116
40 139
24 150
74 85
77 176
56 159
153 180
100 108
64 177
42 117
93 160
115 131
173 178
8 43
33 158
102 147
71 175
53 73
150 170
12 101
38 72
82 151
58 195
86 163
22 70
126 184
87 196
5 141
8 41
47 96
15 31
112 164
91 151
19 166
28 110
37 83
101 110
6 87
20 133
112 128
52 143
72 167
89 149
11 129
93 123
60 192
151 158
83 145
109 152
25 81
147 187
145 176
22 115
42 111
43 178
7 104
1 170
72 136
78 143
142 163
39 168
140 188
23 156
46 118
80 113
1 142
51 196
104 119
34 63
61 165
57 157
59 111
13 69
120 144
3 14
23 172
76 84
35 160
62 89
29 56
42 105
141 159
117 144
48 177
27 198
171 175
24 35
0 57
24 49
84 199
131 153
