72 111
37 105
137 199
68 163
140 192
160 198
125 132
3 40
29 185
168 196
144 161
156 192
11 196
60 142
43 95
57 191
109 193
152 167
68 107
106 195
34 122
24 102
81 194
141 186
149 166
110 185
130 157
34 47
59 77
181 197
64 160
0 132
85 188
38 97
94 138
66 85
89 117
119 183
99 153
138 171
81 92
12 146
26 127
30 198
99 140
25 41
75 154
17 150
88 193
110 155
23 126
4 179
25 180
21 58
83 170
48 145
103 148
12 193
116 130
147 194
52 139
134 159
57 88
10 104
100 189
92 115
36 153
55 70
166 187
20 83
55 174
182 184
71 118
2 93
7 180
188 197
96 162
116 144
120 122
109 174
25 35
14 91
50 53
120 177
49 54
20 164
84 87
62 66
35 80
13 138
133 176
86 154
29 70
124 128
33 58
22 69
122 163
139 141
141 182
6 179
147 151
28 129
67 152
94 175
71 102
143 178
113 136
14 176
124 173
51 82
63 93
20 111
73 98
45 197
101 145
84 129
181 191
28 149
96 159
91 149
85 90
104 171
52 168
42 131
59 167
165 195
1 145
80 183
65 76
32 108
9 156
95 159
17 190
53 74
30 76
44 90
103 121
142 147
77 158
95 165
16 148
117 194
127 151
3 63
50 76
79 189
37 178
15 137
131 148
42 134
15 119
155 183
112 174
90 187
2 128
106 166
108 146
5 8
61 169
74 199
78 189
62 126
66 118
143 177
19 73
161 172
1 169
61 121
69 86
98 154
172 178
63 143
27 125
152 173
56 77
22 58
33 195
54 56
125 135
18 49
78 132
170 171
46 89
83 97
6 123
39 64
89 179
82 101
92 150
123 160
10 99
107 168
31 108
7 113
79 136
127 196
133 175
5 6
114 153
