99 259
253 375
234 387
342 398
188 360
148 275
33 58
155 207
260 292
23 355
133 339
146 312
140 318
182 288
337 345
160 198
297 372
165 195
238 332
114 374
175 232
46 307
56 315
244 269
256 346
245 328
200 336
120 177
208 365
305 381
213 371
112 174
192 318
75 227
248 340
217 348
166 187
106 397
205 374
24 266
195 316
137 393
68 392
144 233
32 108
255 296
303 317
137 199
29 185
127 323
83 349
103 148
16 326
144 161
291 327
102 237
36 153
0 132
157 395
178 322
278 376
30 65
124 173
14 91
141 186
55 174
85 263
191 246
154 252
6 179
125 135
81 212
15 243
359 384
268 293
138 286
107 320
88 206
109 273
236 300
150 203
18 240
20 83
143 390
151 362
334 377
86 154
17 386
12 336
194 309
152 306
25 270
28 149
153 279
94 138
20 164
23 338
160 241
40 257
73 98
130 380
25 370
183 271
10 314
100 341
4 179
15 396
53 74
296 332
48 145
327 381
222 368
89 222
119 396
224 339
297 299
113 136
249 290
96 159
132 255
125 132
6 251
21 310
117 210
66 387
202 300
271 330
95 165
111 292
31 265
79 189
241 283
139 358
211 223
102 290
12 312
134 159
92 204
225 352
84 129
114 359
147 194
214 247
133 347
193 277
115 304
142 280
27 125
7 180
127 366
211 252
158 350
154 344
64 317
172 178
20 111
13 262
295 309
118 375
22 69
52 245
248 281
74 199
152 167
147 201
24 237
107 239
171 250
120 230
3 389
116 233
88 281
62 268
54 209
110 207
110 329
42 131
123 283
334 343
303 371
26 323
212 295
155 261
72 292
282 338
180 363
89 117
264 321
99 153
205 249
223 227
235 355
246 310
149 166
225 350
244 320
122 313
70 174
369 383
232 262
361 398
148 344
114 226
41 311
142 147
15 278
51 101
183 261
156 192
89 307
34 264
49 209
85 234
216 280
136 385
78 296
14 176
87 224
189 332
200 235
10 279
171 378
67 361
236 337
128 319
369 374
68 163
60 142
354 356
319 348
102 282
184 288
189 341
71 272
239 392
172 177
208 321
22 391
345 383
1 231
97 170
91 149
168 196
197 276
190 386
104 314
3 202
121 254
123 222
56 167
141 288
297 353
185 329
75 357
219 320
179 307
259 384
83 170
270 305
225 240
215 333
140 259
325 379
193 248
129 346
198 221
130 157
230 342
229 267
228 335
43 95
57 191
362 366
138 378
136 294
155 381
105 202
313 342
269 361
79 113
201 301
33 367
168 366
124 319
41 333
160 303
62 267
119 183
115 204
70 396
96 162
206 285
231 274
218 252
1 145
45 276
151 301
92 212
9 156
151 210
197 263
101 399
50 53
51 82
63 93
258 391
364 394
51 298
2 217
265 331
59 167
220 388
215 382
169 274
47 321
208 233
223 299
176 347
199 376
188 343
258 326
52 139
195 377
95 391
284 373
106 316
122 264
294 382
126 220
126 229
35 330
221 354
37 105
181 197
272 375
118 293
308 310
7 382
242 345
44 187
101 145
166 316
276 308
30 356
90 234
334 367
80 271
42 134
56 77
158 315
109 373
243 287
85 360
37 178
253 387
5 8
5 108
273 287
93 389
131 275
141 302
206 388
34 289
65 76
50 65
108 265
146 331
335 379
2 143
104 325
322 390
352 358
214 380
116 130
302 352
340 373
228 286
94 232
91 351
37 394
257 300
38 378
97 262
19 69
54 350
240 324
73 86
96 346
64 363
39 135
121 169
203 204
17 150
61 121
168 245
11 196
107 328
103 254
134 326
