63 93
39 64
3 40
20 83
36 71
51 82
34 47
29 70
2 67
13 94
28 87
1 61
28 91
35 80
43 95
73 98
57 88
84 87
5 8
20 72
62 66
66 85
44 90
55 70
11 52
46 89
12 31
60 81
34 68
45 57
23 24
12 88
75 98
33 58
26 46
4 6
37 63
17 92
78 79
5 6
15 80
35 41
14 91
23 88
5 32
16 42
83 97
15 70
7 39
7 25
89 92
26 68
67 77
11 60
74 80
10 99
33 95
18 54
25 35
52 54
29 75
22 69
50 53
38 97
8 31
27 78
19 86
16 86
42 61
62 71
59 77
54 56
19 69
49 54
1 48
21 22
3 93
81 92
42 96
2 93
22 33
30 76
1 51
13 38
4 46
0 17
50 76
0 27
45 58
19 73
53 74
65 76
56 77
9 99
66 90
91 94
45 85
10 36
28 44
