20 83
12 88
84 87
11 52
0 17
34 68
2 67
12 31
35 80
78 79
81 92
44 90
75 98
0 27
59 77
67 77
35 41
43 95
33 58
89 92
20 72
63 93
3 40
62 71
5 6
26 46
51 82
34 47
43 96
23 88
45 57
4 46
36 71
10 99
57 88
83 97
25 35
22 33
16 86
17 92
1 61
13 94
55 70
29 70
37 63
26 68
11 18
15 80
46 89
5 8
29 75
38 97
15 70
62 66
23 24
60 81
28 91
45 58
7 39
7 25
11 60
74 80
28 87
19 69
1 48
4 6
65 76
50 74
22 69
14 91
16 42
66 90
30 76
39 64
73 98
54 56
45 85
1 51
49 54
21 22
50 53
50 76
8 31
27 78
33 95
5 32
82 96
19 86
19 73
3 93
66 85
2 93
18 54
28 90
10 36
9 99
13 38
56 77
91 94
