103 151
200 326
115 330
17 335
88 312
251 312
250 286
12 224
77 185
6 356
353 366
271 305
2 99
34 300
139 348
44 117
370 375
8 165
110 163
221 258
216 261
164 182
342 354
40 269
259 272
276 355
141 249
239 380
31 202
128 368
20 167
44 211
36 148
148 268
22 46
191 373
27 190
198 262
82 329
55 175
85 352
155 266
87 111
31 296
15 231
325 333
202 267
270 352
142 158
143 200
278 328
11 120
60 220
251 367
176 337
113 218
243 247
25 298
5 132
122 306
118 159
114 116
204 397
46 206
161 188
56 355
96 336
32 54
176 264
180 226
130 294
145 311
288 314
78 252
150 357
98 341
320 376
218 348
65 236
277 297
182 255
72 109
148 349
234 392
41 222
256 284
186 241
101 179
91 190
124 376
152 387
222 239
1 166
169 245
154 214
105 291
29 298
120 193
59 346
311 386
164 205
278 365
139 331
263 322
162 379
80 334
229 349
188 369
23 337
9 127
117 260
363 383
215 315
130 332
261 301
103 366
7 73
69 154
279 354
155 360
71 233
34 253
183 380
243 386
57 373
84 247
48 54
213 256
91 296
26 396
71 174
47 163
129 229
48 122
283 361
304 336
35 49
283 379
249 270
114 143
30 234
52 382
288 311
79 356
46 230
132 294
266 351
169 189
217 291
89 254
111 289
265 328
232 398
240 361
35 267
168 179
162 313
217 276
10 78
246 292
352 371
279 329
98 282
128 378
143 254
23 182
374 394
11 279
209 285
78 263
185 315
157 229
58 236
9 110
152 252
318 358
99 253
7 333
66 360
79 127
223 248
186 362
7 126
81 265
92 303
106 290
237 316
149 153
237 343
45 350
319 362
3 384
196 281
13 146
0 65
21 70
74 265
39 367
32 289
81 332
66 87
195 323
173 364
123 359
156 281
131 387
118 192
20 216
368 383
384 395
377 391
50 238
25 240
68 269
166 359
76 372
177 273
274 342
8 345
215 292
84 269
51 286
277 288
64 89
111 397
137 244
1 100
297 370
226 282
61 183
72 210
332 335
206 234
344 371
84 387
72 221
189 209
232 325
101 134
6 295
180 338
110 128
102 180
61 177
95 287
94 385
18 225
14 399
147 274
68 173
242 375
309 389
102 257
243 331
97 307
51 67
112 290
228 284
47 301
223 327
29 96
179 280
224 334
115 322
292 347
204 369
140 380
65 258
76 344
6 59
201 372
242 347
259 324
225 298
107 272
105 187
194 304
92 248
210 379
197 219
93 297
203 275
104 160
62 266
126 150
327 351
90 343
113 388
203 378
123 192
177 375
4 191
83 388
175 314
169 195
33 57
135 384
178 300
149 233
45 178
181 340
136 353
97 232
153 299
69 372
210 260
130 324
341 350
86 108
208 303
24 382
214 220
160 194
246 309
157 235
184 321
119 154
318 381
157 389
125 170
280 339
282 285
56 287
393 395
184 235
262 395
147 321
77 255
227 256
38 56
165 391
329 390
59 134
82 319
181 324
27 340
24 63
26 398
178 230
90 281
293 374
142 308
28 293
27 158
43 192
121 310
50 303
174 275
13 381
35 228
244 394
104 168
199 295
121 144
254 313
24 160
207 302
257 290
138 336
99 302
2 326
264 351
133 295
86 310
358 376
53 85
124 197
172 275
151 199
15 187
19 259
75 231
161 320
170 339
345 364
41 212
280 312
3 137
37 137
28 227
227 377
141 219
144 237
206 396
167 316
358 385
26 399
172 224
16 203
13 133
14 271
42 146
357 359
302 317
191 291
70 286
176 373
171 207
209 250
