498 562
311 642
156 618
522 664
460 730
338 667
112 408
249 748
141 690
372 405
149 538
47 321
58 720
640 657
111 406
159 744
170 401
582 665
319 596
136 385
307 685
232 674
350 577
164 429
289 749
161 470
46 307
130 380
206 285
368 526
298 508
363 611
158 568
422 462
292 703
47 507
7 382
555 761
107 790
182 288
68 392
589 760
208 365
24 641
276 512
478 753
180 449
481 598
572 743
70 719
9 504
324 648
237 710
102 290
519 620
28 467
168 366
10 279
21 501
667 715
587 631
306 649
575 788
563 683
146 312
195 316
143 390
334 377
534 677
333 792
613 732
228 696
349 783
455 464
51 82
176 675
67 718
291 430
246 740
96 508
355 454
431 645
0 132
711 756
416 728
544 655
88 778
557 619
555 747
369 729
94 516
278 376
80 639
351 589
282 488
294 382
165 479
37 105
19 69
204 713
50 53
4 179
446 590
302 602
144 456
18 240
221 354
273 287
243 537
220 388
192 318
166 187
115 204
283 448
187 489
117 797
43 95
327 478
92 204
293 739
68 623
511 652
244 269
28 419
501 658
1 145
517 607
61 533
324 784
144 233
417 770
110 726
762 763
55 737
79 189
57 630
220 637
370 695
605 659
146 331
70 471
270 673
722 768
554 778
69 658
237 412
671 680
320 527
60 142
364 394
13 262
413 435
439 771
630 773
325 379
45 276
267 578
393 491
553 570
138 550
124 705
459 797
367 769
161 541
366 480
381 615
775 777
258 326
31 265
518 701
124 173
227 573
412 641
353 410
592 700
120 613
219 697
103 533
580 626
251 652
133 347
36 153
616 774
89 526
531 557
190 425
134 678
586 677
85 759
180 770
239 670
545 636
297 410
207 430
465 514
260 574
207 494
423 592
84 87
523 597
222 526
462 782
619 735
219 527
110 742
329 583
71 272
171 378
469 643
1 231
333 465
407 781
149 505
624 656
120 177
148 702
126 637
752 754
43 258
256 346
143 661
63 93
377 479
707 737
343 437
476 515
509 697
45 197
579 716
328 519
313 775
591 608
234 387
22 658
254 689
244 714
210 459
32 108
215 382
443 513
471 787
122 264
547 594
96 744
186 789
290 751
116 614
404 446
194 766
175 674
186 676
49 209
271 330
604 614
265 331
114 374
426 638
317 481
40 492
119 396
359 698
154 252
73 98
320 790
90 539
162 508
16 644
502 687
40 257
259 597
188 360
52 625
33 769
503 647
580 684
286 696
248 340
297 372
29 787
46 734
85 724
92 212
384 698
448 758
484 725
81 522
66 387
218 510
362 632
35 639
432 529
286 550
255 440
10 314
115 601
104 607
6 752
137 199
355 403
27 691
194 309
411 749
245 625
497 774
453 743
153 767
351 791
281 554
335 619
356 511
419 571
559 649
48 145
235 403
102 710
130 157
215 646
263 477
136 294
289 621
369 460
84 129
357 626
232 347
31 617
53 74
415 796
169 274
521 712
9 156
704 747
16 564
218 472
285 579
350 568
453 783
268 513
473 543
379 696
346 669
323 765
428 693
211 416
42 581
295 640
318 681
141 186
341 496
245 328
150 713
91 785
422 688
198 635
5 763
113 560
11 302
64 481
106 585
551 717
247 774
211 727
257 474
202 793
361 549
261 672
127 323
458 752
152 306
8 265
13 38
326 564
208 507
543 688
305 420
199 376
184 682
280 600
225 627
490 693
188 343
560 782
653 666
472 727
68 163
616 636
389 463
23 497
229 267
214 451
417 695
223 416
250 605
344 534
506 615
540 590
14 91
41 311
193 248
59 77
65 356
236 300
19 73
279 735
87 455
72 292
140 318
81 434
386 660
71 739
594 730
77 493
205 748
322 421
12 336
234 780
75 573
642 753
595 667
171 250
54 240
689 772
228 335
125 608
577 686
198 221
599 770
133 402
3 786
539 711
15 278
347 675
701 720
341 486
665 772
3 474
335 575
502 596
27 125
29 185
269 777
231 274
261 506
150 203
165 195
116 569
566 765
213 556
663 733
251 762
131 561
86 586
216 610
283 435
622 731
329 742
154 677
553 702
2 217
675 768
201 301
491 606
155 506
386 425
35 330
515 540
305 381
225 558
556 704
137 491
395 407
198 484
241 484
507 604
277 432
310 518
17 150
371 758
422 779
129 468
5 749
79 486
103 702
581 644
106 316
523 698
20 406
205 594
226 504
722 723
19 86
168 519
517 605
216 588
571 799
138 378
331 781
213 371
260 703
566 685
128 559
185 583
387 631
26 323
593 624
34 565
311 465
57 778
111 292
182 414
641 736
225 686
95 165
299 728
313 732
12 312
116 130
23 355
28 441
490 721
191 246
112 174
287 537
191 630
233 614
119 183
574 721
264 321
236 337
304 601
125 132
356 725
49 784
280 548
308 701
170 457
139 358
344 570
401 659
339 768
266 547
90 780
5 8
500 724
406 482
4 734
288 690
123 634
192 618
50 76
295 309
221 528
699 707
62 578
121 533
122 536
37 394
94 138
63 421
450 691
105 793
337 345
242 461
353 700
38 97
178 322
59 546
452 692
93 418
389 786
97 457
220 229
587 709
148 275
42 678
414 558
15 396
118 739
432 551
147 766
495 733
75 357
515 647
79 450
284 373
629 776
368 738
397 585
656 681
303 317
389 452
210 663
202 485
751 771
487 567
443 578
494 726
2 680
272 439
441 785
462 608
332 447
34 264
183 444
126 645
301 733
205 374
252 727
301 629
42 131
512 720
108 265
124 128
56 77
172 661
393 590
338 488
756 760
114 359
30 76
238 332
20 164
363 449
472 638
146 499
24 266
93 452
186 588
530 646
285 630
400 679
101 145
305 478
89 117
277 475
226 679
270 757
542 612
144 541
342 398
101 668
200 717
330 672
334 437
83 783
251 458
258 391
296 440
147 201
489 520
189 447
628 662
97 572
212 434
442 746
448 634
184 288
632 708
261 444
217 348
438 653
418 687
267 477
118 709
302 358
127 750
227 764
352 602
109 273
135 688
83 406
433 750
151 301
420 673
719 737
427 445
64 611
262 683
636 715
299 423
646 792
123 222
81 295
322 390
33 58
224 464
54 209
561 584
383 461
224 723
539 795
226 535
17 386
474 485
44 706
139 755
352 627
39 473
436 562
542 576
315 609
336 551
78 466
44 795
499 503
241 413
348 418
200 235
600 629
549 718
412 595
166 505
500 520
247 731
181 308
163 621
334 367
100 496
56 654
253 788
319 705
151 433
500 706
60 548
424 755
223 524
498 694
342 613
268 293
168 196
570 772
167 546
424 628
542 633
155 207
414 442
400 603
260 796
253 375
745 788
375 587
54 609
348 525
256 468
99 593
555 712
450 741
135 521
524 794
230 613
345 461
163 438
650 748
78 440
585 799
340 544
61 169
176 567
67 643
399 668
193 277
361 552
714 718
257 300
248 281
466 741
315 654
451 622
65 76
184 427
25 270
158 493
383 400
651 662
340 373
174 409
127 480
275 584
52 755
532 596
259 593
722 785
487 589
99 767
392 670
239 790
362 433
109 373
598 635
380 451
166 798
55 174
651 694
552 671
764 794
51 101
549 612
160 198
214 483
82 298
