26 350
351 463
278 413
234 490
199 424
354 359
230 388
332 345
371 395
42 328
156 330
169 245
194 363
79 277
437 439
155 301
255 485
59 206
249 340
175 205
5 165
1 190
167 309
22 428
50 487
303 417
106 251
299 317
192 276
74 398
196 441
82 250
265 366
144 191
334 391
188 252
88 308
302 449
182 190
96 154
160 173
236 369
220 483
193 386
29 293
34 283
128 311
264 325
65 467
313 411
154 411
120 261
227 364
306 377
211 304
85 461
214 447
39 251
80 371
14 164
252 275
328 432
425 492
204 296
300 398
102 469
283 344
64 103
179 470
134 418
249 305
174 430
37 310
143 238
351 455
191 258
153 240
431 445
73 424
8 401
354 489
248 410
200 382
333 462
257 484
184 307
293 441
271 458
76 498
48 121
141 183
205 369
477 498
105 393
101 318
201 468
254 456
187 223
55 453
142 337
126 214
343 427
178 367
60 243
19 276
2 127
108 426
163 262
96 233
209 289
15 409
195 242
237 267
229 409
270 373
350 449
491 497
194 375
342 378
294 320
40 61
324 402
111 499
54 346
21 423
418 482
86 274
207 272
112 235
266 379
302 395
9 352
66 270
290 385
97 370
3 381
168 353
229 282
414 450
309 344
80 274
2 144
312 393
60 331
242 246
259 416
137 273
355 396
51 280
152 287
104 180
342 489
130 244
271 406
456 465
259 440
277 496
269 348
113 444
285 404
131 313
152 153
63 424
315 486
4 452
88 312
161 343
172 213
16 207
146 361
336 380
28 132
134 434
284 383
232 445
52 269
391 421
23 179
341 392
94 412
24 122
279 360
168 428
140 261
454 471
295 456
123 436
235 294
157 396
15 20
340 453
94 308
49 180
69 112
117 210
196 358
18 190
70 82
314 325
338 394
316 364
167 286
177 239
36 155
12 256
185 389
232 421
57 280
406 484
44 198
289 438
352 431
373 383
45 92
202 479
221 303
165 333
148 406
54 455
353 370
176 436
159 193
147 178
77 281
311 363
175 442
192 241
217 333
306 420
281 412
67 160
200 465
20 147
72 415
275 347
330 450
87 253
95 177
159 319
59 139
90 312
124 226
158 237
247 405
79 479
16 56
109 361
87 223
49 157
57 145
100 346
160 454
84 292
82 378
187 227
0 335
1 438
263 387
161 221
4 384
296 399
219 279
110 268
62 298
376 392
271 452
25 84
180 490
191 219
158 246
461 483
172 459
228 326
403 495
340 347
185 458
74 250
137 459
310 334
455 473
89 121
43 397
150 451
121 318
316 360
104 274
5 201
46 47
128 444
17 240
23 390
68 215
64 162
35 404
58 469
77 497
410 469
164 496
38 327
322 475
398 472
426 473
238 251
139 474
230 310
171 400
150 297
357 358
33 272
184 478
243 273
125 324
173 372
110 288
217 427
241 423
56 486
53 357
85 423
106 407
255 427
7 295
270 342
47 321
171 368
64 483
137 321
465 494
116 499
50 125
72 381
126 341
129 226
124 227
384 415
187 495
244 448
45 418
11 284
143 374
304 482
107 366
246 350
0 182
265 336
185 444
248 302
291 487
103 252
433 464
292 415
65 78
394 428
66 425
138 375
183 306
102 266
136 349
169 319
83 439
170 466
379 460
146 239
166 297
88 115
98 321
27 492
116 485
150 320
117 184
16 253
107 236
407 478
84 268
141 359
197 437
377 435
32 307
165 186
198 354
248 401
255 441
386 488
151 480
98 387
338 351
476 495
81 474
220 317
322 466
31 233
211 327
91 387
133 481
323 365
152 331
154 218
32 218
118 231
99 299
247 263
208 225
30 291
62 149
319 389
222 411
13 400
369 457
256 272
1 122
464 493
329 362
169 328
356 429
390 480
6 414
199 234
346 435
14 335
120 222
138 323
260 327
30 231
171 478
149 261
95 195
151 332
348 446
140 145
29 94
164 447
41 470
408 446
267 430
174 488
422 467
179 254
370 490
212 287
43 481
163 440
225 337
76 491
142 192
176 498
189 372
28 339
106 244
162 402
132 380
68 365
166 339
269 315
189 226
204 215
118 213
404 493
172 385
181 443
142 480
186 349
10 32
93 368
408 443
37 345
119 216
332 467
136 222
48 468
314 382
360 399
325 419
330 413
224 357
322 493
11 35
287 481
286 443
166 460
376 471
367 429
392 437
362 434
416 429
114 367
356 473
362 433
203 329
233 326
216 451
119 130
71 155
156 499
75 337
298 301
59 135
61 413
139 202
62 385
