327 478
362 632
41 311
256 346
130 380
397 585
127 480
55 174
386 660
325 379
47 507
54 209
150 203
45 276
341 496
171 250
278 376
46 307
332 447
216 610
40 492
221 354
184 682
13 262
234 387
542 633
206 285
317 481
73 98
306 649
338 667
71 272
113 560
244 269
220 388
503 647
413 435
68 392
624 656
192 318
135 521
342 398
582 665
248 340
465 514
295 640
14 91
364 394
121 533
273 287
511 652
501 658
116 569
255 440
359 698
143 661
144 233
148 275
261 672
580 684
220 637
284 373
198 221
44 500
50 53
218 472
2 217
208 365
363 611
10 314
90 539
270 673
223 524
211 416
3 474
59 546
201 301
260 415
156 618
112 408
57 630
122 264
351 589
487 589
151 433
80 639
276 512
280 600
443 513
34 264
4 179
148 553
384 698
366 480
134 678
595 667
258 391
170 457
146 312
320 527
180 449
44 539
62 578
531 557
534 677
258 326
265 331
348 418
452 692
230 613
355 403
326 564
29 185
198 635
37 105
97 572
83 406
540 590
604 614
205 374
368 526
147 201
81 434
341 486
124 173
49 209
124 319
517 607
350 568
222 526
232 674
253 375
8 265
42 581
19 73
414 442
285 579
42 131
267 477
257 474
67 549
149 505
9 504
324 648
404 446
640 657
225 558
544 655
70 471
395 407
107 320
102 290
310 518
288 690
251 458
250 605
103 533
27 125
120 177
294 382
28 419
223 416
103 148
370 695
451 483
215 382
168 366
122 536
129 468
7 382
30 76
205 594
164 429
116 614
517 605
10 279
141 186
168 196
213 371
54 240
580 626
591 608
566 685
186 676
559 649
213 556
26 323
186 588
401 482
235 403
12 336
289 411
220 229
57 554
530 646
297 592
88 206
119 396
249 650
23 355
136 294
191 246
112 174
85 263
417 695
150 204
74 199
36 153
140 428
49 324
581 644
39 64
427 445
348 525
19 86
18 240
251 652
297 410
133 402
166 505
43 95
143 390
182 288
35 639
32 108
545 636
476 515
259 597
226 535
146 331
94 516
305 381
191 630
335 619
117 459
126 637
354 356
15 278
128 559
438 653
208 507
401 659
155 207
268 513
55 70
40 257
93 452
487 567
144 541
1 145
84 87
462 608
301 629
166 187
87 455
386 425
305 420
114 374
110 329
123 222
109 273
616 636
232 347
379 696
303 317
86 586
261 506
352 602
31 265
118 587
264 321
124 128
343 437
178 322
168 519
184 288
502 687
303 371
63 93
519 620
68 163
91 567
136 385
52 625
460 594
500 520
24 641
45 197
561 584
446 590
286 550
16 644
176 675
190 425
0 132
243 537
237 412
75 573
9 156
224 339
140 318
450 466
345 461
350 577
276 308
16 564
481 598
149 538
214 451
135 688
20 164
53 74
83 453
372 405
154 252
202 692
514 530
219 527
51 82
5 8
162 508
215 646
64 481
489 520
200 235
360 520
491 606
426 638
263 477
515 540
389 452
111 406
95 165
563 683
363 449
59 77
338 488
185 583
23 497
224 464
547 594
329 583
195 316
417 599
225 686
369 460
522 664
398 671
22 658
330 672
13 38
171 378
671 680
155 506
383 400
490 693
193 248
291 327
20 406
656 681
56 77
241 484
43 258
389 463
100 496
28 441
469 643
90 234
269 549
247 497
27 691
337 345
137 199
593 624
65 356
315 654
84 129
280 548
133 347
89 526
388 579
356 511
261 444
35 330
291 430
295 309
335 575
38 97
289 621
48 145
175 674
600 629
298 508
299 423
336 551
353 410
231 274
245 328
233 614
34 565
123 634
120 613
260 574
106 585
134 159
198 484
202 485
211 252
333 465
267 578
165 479
281 554
577 686
334 367
47 321
605 659
422 462
553 570
400 679
106 316
266 547
138 550
218 510
115 601
586 677
419 571
252 472
102 282
108 265
225 627
194 309
210 459
474 485
557 619
349 453
68 623
139 358
94 138
66 387
117 657
420 673
92 204
236 300
28 467
653 666
228 696
498 562
450 691
125 608
344 534
33 58
282 488
227 573
277 432
428 693
254 689
101 668
442 558
180 599
422 560
141 690
507 604
81 522
423 592
219 697
362 366
328 519
499 503
24 266
406 482
167 546
315 609
78 466
221 528
334 377
19 69
91 441
308 518
302 602
523 698
357 626
572 683
170 401
506 615
311 465
387 631
272 439
154 677
6 458
297 372
12 312
119 183
151 301
158 493
172 661
226 504
17 386
144 456
552 671
125 132
114 359
67 643
227 524
28 149
118 293
355 454
543 688
131 561
33 367
72 292
287 537
473 543
432 529
69 658
152 306
207 430
472 638
410 699
239 670
97 457
216 588
161 541
431 645
126 645
92 212
228 335
478 642
111 292
318 681
2 680
521 555
495 566
347 675
130 157
260 292
31 617
285 630
290 439
247 616
509 697
133 339
346 669
21 501
96 508
153 279
89 685
369 603
163 621
313 623
219 436
236 337
331 407
161 470
105 692
383 461
319 596
207 494
165 195
268 293
381 615
242 461
104 607
245 625
344 570
443 578
424 628
52 424
587 631
188 360
187 489
15 396
418 687
25 270
158 568
189 447
11 302
199 376
200 336
455 464
271 330
301 663
50 76
393 491
176 567
412 641
79 450
77 493
17 150
79 486
286 696
138 378
238 332
182 414
181 197
54 609
338 497
29 580
299 416
426 582
277 475
119 471
651 662
307 685
183 444
380 622
502 532
283 435
148 584
192 618
432 551
628 662
79 189
542 576
343 512
384 650
116 380
103 689
311 642
1 231
99 259
448 634
302 358
323 480
399 668
42 678
241 413
352 627
52 139
287 373
188 343
101 145
304 601
60 142
377 479
184 427
342 613
229 267
39 473
253 631
422 688
542 612
400 603
217 348
78 440
257 300
284 340
666 670
248 281
4 307
375 575
104 314
115 204
60 548
392 670
56 654
322 390
412 595
322 421
107 239
532 596
361 552
283 448
651 694
61 533
110 207
549 612
137 491
523 597
37 394
393 590
64 611
61 169
160 198
340 544
82 298
498 694
296 440
99 593
51 101
193 277
598 635
212 640
346 468
63 421
214 622
361 576
210 495
55 409
334 437
515 647
169 274
436 562
146 499
362 433
65 76
459 663
93 418
92 434
247 451
