345 457
202 226
17 93
410 449
98 473
109 466
245 498
43 252
284 484
0 327
50 308
370 445
116 258
187 203
225 487
419 456
178 435
386 472
29 475
83 486
262 278
15 416
216 422
170 372
264 416
394 419
130 432
38 368
326 407
344 368
175 361
39 300
348 413
333 358
8 222
12 249
12 154
102 172
261 393
273 282
482 487
211 271
132 249
65 463
298 455
171 246
237 341
161 492
55 184
63 154
315 347
231 338
46 289
295 439
451 469
157 224
312 356
190 448
118 395
457 494
87 391
370 498
111 379
229 275
52 491
360 388
48 343
17 232
22 125
429 497
53 482
107 472
25 421
367 412
444 453
232 382
49 201
174 185
88 390
354 449
329 401
10 343
99 464
153 305
27 460
199 440
228 474
110 339
212 452
24 424
388 488
150 349
108 369
82 377
287 304
68 403
141 292
257 300
28 180
319 436
76 424
120 277
283 306
207 375
151 268
132 406
451 473
392 437
455 499
26 233
80 459
40 304
62 89
19 291
378 412
138 296
431 479
140 299
48 443
15 157
16 394
73 159
443 497
126 425
189 446
20 268
270 374
367 374
276 316
109 299
7 328
242 438
82 458
196 336
198 240
203 427
186 251
404 450
65 429
314 376
24 239
22 463
180 259
340 423
238 364
113 345
235 399
182 478
247 442
163 168
4 20
47 248
297 340
76 235
214 420
339 471
125 375
104 227
11 306
126 302
87 252
235 346
126 217
103 312
107 139
430 433
207 239
330 408
0 269
181 438
46 90
13 277
38 468
267 483
290 362
115 425
2 468
66 92
160 396
285 475
81 143
171 254
246 250
78 409
93 301
220 321
250 375
204 367
75 267
327 459
144 285
10 428
43 283
263 483
45 228
326 415
476 496
45 222
9 466
241 422
374 435
62 183
253 439
108 325
147 351
209 317
418 426
170 197
32 481
188 242
70 262
336 479
101 152
157 210
2 89
363 405
133 321
227 351
7 124
158 458
265 487
52 187
237 259
366 433
176 430
260 350
95 300
59 213
85 204
282 404
127 426
355 477
9 121
200 295
234 349
64 141
44 251
42 256
4 68
314 432
131 209
313 470
380 392
303 414
79 372
236 254
0 204
75 444
81 270
158 485
192 400
33 279
146 279
6 415
278 296
376 389
450 467
206 336
166 308
29 276
205 219
106 357
134 190
104 274
206 208
69 220
452 474
96 305
224 316
240 272
247 461
445 476
175 186
182 390
386 391
196 262
150 226
41 275
181 467
451 463
5 199
3 307
201 268
107 411
255 496
4 237
257 426
395 495
27 348
248 418
120 464
169 409
99 498
95 249
119 471
129 495
315 317
355 384
210 456
72 159
90 303
338 366
221 401
42 219
323 410
178 302
380 387
387 389
185 318
195 318
353 382
309 346
265 368
74 230
49 137
23 78
100 226
191 233
112 324
310 393
135 437
447 485
414 428
209 353
453 467
33 397
66 465
177 414
153 271
149 276
373 402
198 202
174 197
63 77
155 195
163 218
110 265
176 212
69 355
370 480
124 219
345 420
173 452
423 431
241 454
417 460
49 296
333 379
258 381
145 356
35 408
121 294
320 381
297 471
147 200
129 294
230 352
238 352
191 360
31 264
86 90
94 231
52 351
122 490
205 253
128 298
81 448
223 397
322 478
91 394
139 241
148 254
51 337
332 359
29 399
266 364
311 442
57 399
141 279
55 322
319 341
60 101
371 411
30 106
97 381
248 369
287 338
21 34
272 320
58 132
400 434
32 409
180 184
221 357
46 192
284 461
255 406
326 395
73 288
55 60
244 475
25 335
337 477
102 329
440 499
178 263
117 156
193 342
84 410
233 244
3 485
23 393
166 234
173 483
108 417
179 493
73 311
133 213
40 330
366 488
142 162
195 447
161 286
188 386
214 281
167 286
53 162
106 310
36 377
37 164
383 441
21 30
223 496
280 385
37 84
179 470
229 384
324 460
165 193
230 465
17 80
134 256
215 342
2 160
61 309
437 480
101 136
1 121
18 294
174 346
51 67
56 67
105 266
407 461
13 194
156 349
211 284
335 385
342 489
164 280
301 486
123 462
251 481
117 213
362 415
236 292
54 427
319 455
236 358
243 436
50 379
373 383
365 489
293 402
14 83
165 250
331 486
260 293
44 274
167 350
462 481
218 273
71 449
208 354
281 299
214 306
53 92
162 359
103 332
19 401
168 398
179 490
383 493
189 347
163 313
225 446
183 405
114 398
334 363
