47 321
234 387
218 472
112 408
133 402
219 436
68 392
137 199
129 468
289 411
265 331
0 132
9 226
341 496
308 310
136 385
436 498
141 186
14 91
237 412
221 354
355 454
393 491
325 379
25 270
175 232
41 311
144 233
73 98
228 335
215 382
256 346
278 376
34 264
211 416
180 449
333 465
42 131
75 227
124 128
294 382
30 76
164 429
135 462
115 304
33 58
29 185
10 314
12 336
43 95
359 384
55 174
10 279
260 292
213 371
124 173
136 294
327 478
363 449
12 312
284 373
195 316
194 309
217 348
206 285
244 269
45 197
220 388
260 415
5 411
8 265
35 420
45 276
21 22
158 350
270 420
37 105
353 410
16 275
214 451
282 488
130 380
22 69
245 328
337 345
389 452
414 442
46 307
91 441
135 473
291 430
342 398
140 428
271 330
70 471
171 250
192 318
422 462
166 187
120 177
351 487
205 249
54 209
208 365
150 203
99 259
261 444
236 300
107 320
44 90
404 446
251 458
102 290
28 419
126 220
297 372
48 145
67 361
11 302
39 64
152 306
205 460
172 177
277 475
180 417
216 280
152 493
161 470
223 416
16 326
332 447
355 403
9 156
99 153
36 153
60 142
200 336
7 382
65 356
40 492
154 344
81 434
229 267
66 387
134 159
67 469
140 318
241 484
395 407
35 330
302 358
176 347
111 406
31 265
239 392
50 76
245 498
13 262
101 399
295 309
64 363
170 401
50 53
190 425
171 378
202 485
263 477
44 187
264 321
122 264
102 282
97 457
151 433
23 497
68 163
154 252
38 97
146 312
372 405
57 88
338 488
207 494
29 471
200 235
455 464
92 204
89 117
305 381
198 484
386 425
72 292
149 166
114 374
56 315
253 375
110 329
277 432
18 240
27 125
24 412
42 134
276 308
247 451
11 196
248 281
247 497
102 237
369 400
113 422
236 337
75 357
219 320
182 414
241 413
151 301
187 489
176 487
130 157
138 286
257 474
124 319
117 459
201 301
123 179
106 397
65 76
142 147
148 275
107 239
334 437
147 201
147 194
104 325
349 453
3 474
93 418
248 340
156 192
100 496
120 230
15 396
267 477
6 458
235 403
17 386
109 273
52 424
258 391
210 459
290 439
168 366
19 73
96 159
193 277
114 359
287 373
3 463
71 272
32 108
428 490
118 375
57 191
343 437
4 179
63 93
53 74
20 164
19 86
205 374
224 339
305 420
362 433
79 450
133 347
26 323
106 316
155 207
160 198
15 278
94 138
211 252
272 439
146 499
42 275
181 308
28 441
155 261
191 246
153 279
26 46
31 395
150 204
74 199
54 350
146 331
119 183
84 129
369 460
122 313
88 475
244 320
7 449
232 347
116 233
49 324
361 398
125 462
314 490
215 333
27 450
1 145
362 366
199 376
144 161
84 87
123 448
59 167
178 322
19 69
198 221
40 257
37 394
383 461
222 368
258 326
317 481
474 485
338 497
103 148
165 195
20 406
302 352
62 267
230 342
354 356
345 461
223 227
319 348
79 189
108 265
54 240
13 38
389 463
214 483
151 495
220 229
283 448
25 370
62 66
193 248
88 206
184 288
127 480
90 234
143 390
78 466
86 154
5 8
268 443
119 396
51 82
39 473
87 455
2 217
336 432
138 378
183 444
13 378
111 292
168 196
455 467
116 380
224 464
126 431
28 467
79 486
207 430
297 410
271 444
118 293
252 472
228 286
104 314
23 355
133 339
431 488
101 145
22 391
208 233
141 288
243 287
105 202
246 310
65 404
36 272
55 70
446 499
6 179
28 149
446 476
96 162
210 495
273 287
380 451
89 222
377 479
24 266
341 486
165 479
139 358
77 493
144 456
364 394
303 371
139 225
83 406
401 482
322 390
142 280
112 174
450 466
43 258
257 300
427 445
228 379
172 178
299 423
95 165
352 442
85 263
160 481
18 414
119 471
249 290
132 255
188 360
366 480
348 418
255 440
268 293
238 332
184 427
296 440
327 381
35 80
189 447
92 212
17 150
340 373
229 443
4 46
242 461
383 400
208 321
83 453
334 377
33 367
231 274
413 435
115 204
78 440
283 435
163 438
170 457
322 421
406 482
41 465
218 426
64 481
424 498
59 77
182 288
303 317
52 139
49 209
188 343
276 343
169 274
61 169
1 231
61 121
110 207
334 367
137 393
127 323
51 101
346 468
174 409
63 421
297 299
223 423
82 298
77 158
212 295
121 254
56 59
93 452
92 434
61 103
