325 379
71 272
25 270
310 518
297 372
140 318
160 198
291 430
237 412
136 385
56 315
86 586
22 69
127 480
40 492
261 444
553 570
6 458
481 598
241 413
419 571
94 516
101 399
175 232
542 576
102 290
170 401
228 335
41 311
1 145
5 8
28 467
133 347
383 400
278 376
144 233
143 390
368 526
81 295
364 394
256 346
397 585
54 209
166 187
317 481
422 462
135 521
455 464
22 501
10 314
282 488
65 76
446 590
89 526
87 455
476 515
216 588
10 279
42 134
289 411
355 454
36 153
42 581
121 533
266 547
9 156
150 203
140 428
243 537
15 396
207 494
221 528
258 391
162 508
220 388
389 452
45 276
208 365
119 183
29 580
48 145
38 97
217 348
61 533
283 448
153 279
213 556
116 569
40 257
176 567
258 326
333 465
320 527
442 558
443 513
171 378
44 500
81 522
332 447
306 559
124 173
178 322
34 264
29 185
186 588
92 204
460 594
112 408
35 330
338 497
141 186
336 551
341 486
273 287
4 179
362 433
226 504
73 98
295 309
372 405
353 410
200 235
14 91
351 589
201 301
182 288
120 177
284 373
108 265
51 82
276 512
133 402
350 577
192 318
70 471
211 416
406 482
369 460
244 269
81 434
13 262
225 558
226 535
270 420
113 560
52 139
138 550
523 597
146 312
161 541
326 564
97 572
91 441
245 328
9 504
149 505
200 336
389 463
359 384
205 594
24 412
94 138
7 382
114 359
19 86
164 429
219 527
185 583
272 439
305 420
495 566
104 517
521 555
91 567
136 294
28 441
176 347
307 566
191 246
64 363
251 511
493 509
141 288
5 411
0 132
49 324
62 578
236 300
43 95
242 461
260 415
386 425
11 302
286 550
297 592
49 209
245 562
102 282
135 543
146 331
335 557
487 589
422 560
67 549
12 312
37 105
50 53
222 526
261 506
205 374
17 150
109 273
90 539
158 568
126 220
521 591
237 595
436 562
66 387
323 480
111 406
147 194
319 596
363 449
125 591
223 524
12 336
33 58
8 265
515 540
171 250
32 108
285 579
107 239
426 582
213 371
65 356
154 586
349 453
287 537
355 403
111 292
224 339
161 470
172 178
337 345
124 319
30 76
97 457
393 491
230 342
395 407
23 497
106 585
348 418
540 590
126 431
228 379
26 323
88 206
119 396
247 497
160 598
514 530
112 174
360 520
152 306
172 177
74 199
105 202
219 436
119 471
7 449
252 472
502 532
4 46
16 581
276 308
465 514
150 204
189 447
338 488
57 191
3 463
531 557
202 485
3 474
356 511
133 339
297 410
271 444
46 307
343 512
123 448
232 347
122 536
404 446
27 125
344 534
299 423
369 400
235 403
122 264
131 561
63 93
84 87
236 337
498 562
166 505
168 196
62 66
90 234
251 458
487 567
34 565
19 69
294 382
60 548
151 495
24 266
20 164
257 474
95 165
249 547
221 354
43 258
139 358
241 484
130 380
334 377
114 374
290 439
366 480
188 360
103 148
165 479
151 301
154 252
413 435
28 419
264 321
103 533
180 599
338 595
18 240
120 230
328 519
308 518
79 486
244 320
313 536
298 508
123 222
238 332
96 508
327 478
110 329
305 381
106 316
190 425
129 468
115 304
388 579
224 464
42 131
148 275
248 340
195 316
267 477
194 309
227 524
234 387
135 462
89 117
228 286
350 568
50 76
385 530
156 192
206 285
23 355
502 525
428 490
193 277
35 420
2 217
55 70
45 197
547 594
212 434
414 442
27 450
281 554
17 386
342 398
432 529
343 437
424 498
92 212
53 74
168 366
168 519
20 406
13 38
138 378
211 252
67 469
311 465
303 371
130 157
250 517
182 414
220 229
72 292
104 314
225 577
21 501
101 145
13 378
277 475
134 159
233 569
84 129
25 370
456 545
359 535
210 495
253 575
155 506
443 578
68 392
187 489
432 551
78 466
116 130
169 274
16 564
561 584
322 390
144 456
118 587
223 416
147 201
229 267
198 221
149 538
68 163
218 472
142 147
474 485
423 592
240 558
183 444
137 199
199 376
83 453
77 493
33 367
215 382
15 278
154 534
344 570
327 381
263 477
248 281
260 292
57 554
563 572
208 233
125 132
28 149
163 438
303 317
377 479
383 461
227 573
335 575
44 539
218 510
265 331
128 559
210 459
188 343
180 449
59 77
271 330
99 593
64 481
253 375
208 507
124 128
362 366
54 240
118 375
426 472
66 85
417 599
31 395
75 357
47 321
268 513
100 496
39 473
167 546
427 445
79 189
151 433
239 392
283 435
170 457
144 541
499 503
79 450
107 320
80 271
260 574
207 430
118 293
401 482
181 308
10 593
121 254
489 520
348 525
75 573
552 576
109 373
19 73
361 549
165 195
61 169
115 204
450 466
340 544
473 543
259 597
280 548
184 427
31 265
117 459
500 520
359 523
39 64
345 461
255 440
148 584
52 424
193 248
231 274
78 440
184 288
451 483
268 293
155 207
83 406
93 418
277 432
322 421
47 507
55 409
334 437
329 583
60 142
302 352
214 380
296 440
1 231
59 546
267 578
148 553
247 451
37 394
257 300
284 340
299 416
302 358
198 484
137 491
393 590
354 356
225 352
341 496
503 515
214 451
55 174
334 367
99 259
110 207
146 499
361 576
256 468
532 596
398 552
63 421
56 59
51 101
77 158
93 452
82 298
