1126 1198
1079 1923
996 1137
729 1546
223 1832
1250 1683
1095 1391
395 1117
1517 1955
638 1180
849 1218
354 1759
326 1273
1813 1825
256 588
157 608
1255 1817
1246 1658
125 228
358 1294
622 1740
339 1018
1176 1249
1491 1809
1138 1788
1123 1891
292 325
327 1211
194 494
1007 1817
508 1451
393 1290
987 1503
650 1414
909 1002
1417 1580
1487 1591
156 772
975 1507
882 1987
599 656
797 1476
1226 1304
251 920
1268 1583
1393 1482
281 846
850 1913
148 1332
1287 1770
660 827
1801 1833
237 906
945 1291
1107 1991
774 1271
70 1924
991 1530
519 1296
350 1968
1597 1639
110 881
332 1458
127 1779
889 1225
164 1481
467 1374
222 1142
629 691
409 1815
1109 1245
1150 1242
1029 1794
1514 1674
634 1494
1072 1187
951 1558
1919 1948
1092 1921
1025 1634
1315 1996
132 865
626 1597
29 833
672 948
104 1537
1220 1282
842 1985
925 937
542 862
1423 1950
336 749
580 1852
788 1147
1908 1954
931 1030
1042 1222
244 1303
864 1478
1554 1657
996 1336
1468 1970
455 1758
697 1592
201 784
801 1189
938 1428
434 1851
392 1326
949 1475
954 1777
437 1578
335 1136
235 1099
78 368
943 1930
155 1618
55 842
172 853
80 432
1404 1570
478 802
601 1489
432 1410
713 1761
384 1588
1392 1838
857 871
344 1510
1171 1974
1398 1983
219 1433
1076 1680
766 1104
904 1346
114 1254
1678 1965
940 1142
843 1840
971 1082
737 1829
536 1070
784 1310
1431 1814
1108 1369
590 1870
633 1607
860 1542
702 854
307 1115
134 1730
42 1863
1438 1832
583 586
645 971
402 1646
707 1728
372 1446
1113 1188
597 1066
1019 1929
1403 1980
857 914
1530 1595
419 516
1208 1337
738 1935
855 1217
1405 1951
710 771
370 1953
789 897
837 1330
1571 1654
342 1087
270 527
491 762
1124 1958
363 1101
1479 1639
498 1944
1711 1936
333 346
1259 1895
968 1539
275 1667
887 1103
144 1809
1606 1865
1561 1720
699 809
433 1280
235 612
185 1549
712 1098
726 1715
266 1221
183 347
1020 1579
60 755
1118 1893
921 1697
399 1426
703 915
1219 1889
770 936
256 1886
97 896
253 1812
631 1789
303 915
1009 1837
119 1722
135 744
13 1754
1281 1721
791 1256
764 1615
1041 1143
690 1662
428 1701
818 1677
431 1072
1139 1846
629 1258
146 1378
40 1630
839 1319
943 1553
931 1401
1023 1650
419 1931
711 1826
287 1600
383 845
644 1761
301 403
449 1640
1797 1800
155 1044
165 282
1187 1466
446 1836
14 1430
773 1082
549 818
1352 1652
899 1012
1323 1672
619 1750
252 1666
942 1069
1369 1822
378 865
1354 1912
1599 1919
966 998
1646 1959
838 1575
561 1022
221 240
343 1629
598 912
523 1413
199 709
1419 1935
82 1681
9 1496
1348 1914
844 1330
1305 1358
869 1586
735 1421
1567 1705
628 1071
970 1730
207 696
1174 1303
865 1642
437 1373
1529 1635
426 1135
540 1922
689 1292
1136 1337
955 1470
1343 1585
328 602
160 359
1360 1989
1353 1890
436 1141
296 1631
648 967
607 1726
451 1931
562 1464
1419 1762
1145 1792
595 1272
27 880
42 1346
258 1000
876 1014
668 1319
1633 1956
302 658
1168 1645
504 1041
973 1334
329 1190
1677 1810
524 1588
1068 1266
1085 1354
781 1989
512 1767
908 1805
87 1930
958 1708
671 708
827 1804
190 922
753 1436
174 1732
290 785
1301 1453
453 487
367 1584
779 1629
961 1111
635 991
679 836
814 1827
538 1574
1395 1982
435 1604
250 1253
766 1508
291 1087
1612 1915
1721 1909
878 1576
775 814
222 1982
976 1866
212 1927
1382 1991
1313 1966
662 1782
217 692
1410 1471
128 1439
1384 1753
198 346
1166 1812
1508 1700
1655 1675
507 621
95 718
430 1845
421 1107
1208 1642
888 1214
1160 1815
177 195
1365 1605
1566 1843
996 1703
288 361
503 1013
22 895
962 1984
914 1523
1182 1509
214 703
1024 1577
680 1113
1409 1623
405 1903
168 1466
675 1307
1074 1551
337 502
582 707
1648 1860
949 1467
510 883
225 1235
1064 1398
259 851
53 493
35 1160
1261 1296
195 1013
532 1755
376 1651
129 945
1349 1710
468 1603
807 1727
1028 1942
205 1278
1836 1847
990 1798
1297 1394
109 1449
489 1026
1571 1580
864 1564
1178 1229
698 1248
37 1937
182 520
1420 1704
1067 1344
1228 1456
741 1207
1656 1714
799 1859
580 907
318 386
1203 1864
214 425
429 1534
575 1213
102 1638
321 1996
1190 1655
16 420
1513 1841
75 1912
435 647
1669 1881
584 956
249 385
568 860
424 555
363 1097
284 685
385 1571
108 1692
1196 1924
724 804
944 1464
883 1763
1150 1963
477 1787
984 1073
678 973
1063 1735
262 585
1050 1929
721 918
379 554
994 1737
273 1728
377 505
1512 1574
739 1735
953 1197
270 1802
269 1913
276 1363
1239 1910
1090 1312
823 1734
1140 1930
0 1901
366 799
553 1872
443 1088
704 1350
1604 1718
1110 1402
610 1686
503 1394
219 349
232 1790
142 671
196 1560
140 539
126 1221
261 1545
70 1712
483 724
327 552
877 1063
669 1738
315 1154
911 1861
1015 1789
939 1500
1122 1713
334 701
1657 1887
1181 1884
19 129
1469 1644
519 1759
578 923
1073 1442
704 1085
54 1261
758 1251
169 902
353 518
789 1340
357 728
1105 1338
52 1460
960 1015
640 1106
1058 1245
884 1718
1608 1661
272 1492
896 963
58 1976
983 1506
933 1945
454 1047
868 1448
673 1567
1271 1826
552 1416
18 796
1154 1925
399 568
1672 1943
764 1544
1045 1359
47 1911
607 1949
1501 1940
994 1926
1816 1914
751 1879
1083 1516
625 1979
815 1505
123 793
890 1318
381 1810
45 147
793 1538
468 995
214 379
463 1381
398 524
1375 1784
1286 1752
401 1056
849 1202
591 738
1820 1981
1408 1522
38 55
546 706
708 1601
358 1382
1534 1918
246 1568
1102 1380
1465 1643
545 1284
974 1345
654 1641
715 1918
106 519
12 265
1526 1768
1017 1835
7 34
1237 1333
1917 1944
1087 1519
136 1357
1130 1502
33 220
1254 1659
16 1027
8 1222
1238 1454
264 780
1585 1952
500 824
20 1799
1116 1844
11 206
526 645
831 1649
768 1312
821 1617
670 1933
1679 1739
349 1751
706 1260
1270 1967
786 905
79 1043
1078 1457
1246 1725
1802 1803
464 1356
482 929
297 1275
1194 1961
154 1264
432 1395
665 1317
1195 1499
1510 1795
1173 1231
1562 1590
1655 1883
1435 1894
564 1994
139 514
1151 1307
1151 1850
535 776
627 737
5 1217
133 1403
173 722
1569 1679
308 1385
1071 1776
1101 1125
1127 1262
1396 1848
1816 1993
98 442
1485 1865
1587 1808
631 1581
227 413
985 1543
994 1583
338 1196
821 1631
62 1434
364 478
749 1236
834 870
108 227
698 1034
963 1039
683 1964
482 617
1022 1958
1067 1696
18 143
1030 1997
541 873
654 1777
1407 1905
686 897
801 842
556 872
181 766
1000 1754
709 1636
1596 1769
239 1723
1366 1427
568 1938
1400 1555
264 1186
1002 1687
1011 1141
191 1893
1346 1903
903 1422
277 1264
1229 1802
904 1033
788 1732
366 1192
1599 1993
1435 1618
664 837
359 565
792 1723
939 1743
747 1065
1 1295
414 1106
940 1716
1038 1848
1273 1557
532 1767
1055 1144
371 1678
1309 1768
1843 1932
355 786
428 697
841 1744
806 1121
1415 1642
587 1215
1050 1625
1080 1402
723 1386
829 1437
353 1426
980 1352
541 1639
1731 1764
1170 1274
213 406
583 1158
1470 1681
471 1653
99 370
390 676
148 1232
609 1213
1545 1905
309 1502
1515 1628
965 1632
1427 1553
1054 1874
1045 1461
152 1765
257 355
300 1434
1557 1686
376 812
124 917
674 738
661 1243
717 1998
199 615
500 1741
1550 1941
1126 1248
623 1878
138 517
674 790
1169 1589
910 1934
947 1518
139 989
116 1717
398 870
573 655
435 686
1527 1749
59 296
179 1578
1003 1617
36 118
481 665
498 1445
1104 1708
1372 1416
802 1285
255 1851
819 1868
300 911
1611 1904
70 950
557 1734
1616 1778
383 736
43 282
1133 1535
845 1746
1390 1648
1311 1803
745 1005
596 1881
50 1661
884 1744
249 1960
188 1265
1057 1377
12 1100
442 1089
1210 1429
1257 1412
286 1666
826 1698
233 1962
1232 1665
267 946
62 138
711 1894
1397 1509
466 1823
1013 1559
104 892
240 1945
205 1988
677 828
759 1749
490 988
82 1362
422 745
635 1482
1791 1963
908 999
1405 1981
299 515
854 1153
430 1188
121 1220
657 700
500 1755
271 1631
1176 1933
406 1459
899 1793
80 1717
6 625
263 567
178 298
231 600
680 1094
98 345
800 811
679 1231
20 1598
1262 1747
1156 1977
1335 1914
24 1360
133 479
549 1446
840 1950
1324 1498
907 1302
408 1932
1152 1979
1120 1992
431 1976
827 1614
476 1780
10 1794
299 1360
158 719
1559 1899
1135 1827
390 1582
1629 1676
328 1573
1096 1690
243 1393
1238 1962
1518 1592
1308 1619
618 1762
137 1293
317 1424
495 1523
1208 1636
247 966
1004 1025
985 1601
1073 1253
44 877
910 1046
787 1130
330 1842
396 681
462 1866
1258 1689
229 268
1665 1823
1614 1748
1008 1849
927 1578
733 1811
496 1347
1006 1804
488 1557
1254 1423
221 1825
1194 1453
272 1948
238 716
36 1061
107 603
469 714
201 1228
1264 1698
1309 1734
74 1898
1820 1833
782 1124
1081 1157
71 913
350 1517
1729 1741
170 1716
61 1742
1328 1745
1386 1899
660 1277
1024 1525
684 1361
760 866
16 1286
1635 1938
342 644
144 1961
1351 1475
530 964
1417 1751
1064 1566
142 1205
823 1900
248 1867
817 1164
1457 1576
659 1403
887 1538
948 1563
240 1252
746 1163
506 1249
25 683
1840 1911
210 1667
521 1620
533 1952
297 1206
1495 1775
176 1440
835 1616
845 1763
1209 1327
117 1387
867 1786
280 942
412 1440
566 832
23 969
417 470
1115 1724
179 759
1275 1847
1077 1201
1017 1163
207 894
193 1324
598 1216
27 1967
375 1707
1123 1325
379 1919
1105 1568
1558 1795
1132 1334
778 1162
1521 1526
1005 1333
294 1140
600 932
641 714
800 941
744 1238
637 1873
1522 1745
149 1227
851 1716
267 1928
681 1753
999 1786
1657 1881
103 856
954 1384
712 1274
512 710
303 1504
1662 1941
732 993
262 624
375 1158
5 1539
1590 1888
9 64
1317 1674
1406 1504
1345 1418
1153 1829
391 795
725 1129
323 398
606 1776
762 1052
168 1896
388 603
549 847
763 1862
415 999
610 1546
449 1320
133 833
1042 1643
609 998
916 1455
17 1349
1501 1635
46 743
394 1844
456 623
312 901
944 1287
720 1972
7 96
508 1441
810 1269
891 1978
21 1892
474 1505
1095 1339
548 861
504 1971
84 1822
35 1729
840 1717
230 934
1369 1856
232 1407
848 1772
1285 1750
930 1543
124 266
484 1302
606 1989
979 1626
408 448
83 362
221 474
145 927
254 1385
331 1322
1062 1731
175 634
194 1542
19 1340
956 1652
1125 1214
497 1031
540 1239
460 1752
1573 1694
1097 1132
1529 1916
361 1528
164 1155
833 1925
1020 1506
702 1999
1124 1455
639 952
1084 1450
75 288
847 1445
570 1490
742 1515
868 1164
832 914
158 1342
1391 1432
616 1221
88 872
47 53
803 1645
141 1430
422 574
811 1128
487 1001
41 427
380 1560
768 1056
423 1463
559 1032
427 1706
285 1351
1676 1746
1302 1577
443 1971
504 630
1062 1184
225 1663
510 1665
1061 1237
1448 1806
197 397
1584 1725
415 806
37 471
1543 1860
1171 1647
1729 1906
841 1260
632 1587
575 1028
1551 1855
930 1083
1131 1638
1692 1918
426 911
322 1622
69 1031
94 1365
577 1531
1006 1851
289 1336
56 1028
757 1259
497 729
1244 1672
14 1602
900 1876
476 1270
384 798
578 1887
242 1615
552 1520
278 1395
102 158
1251 1640
1086 1383
1471 1742
1288 1379
613 1618
2 1848
119 1614
352 1821
1192 1969
782 1966
557 725
972 1327
51 1279
1274 1451
594 779
1113 1313
787 1940
227 1128
1554 1607
604 1683
126 1267
783 1790
982 1784
873 1902
1212 1775
796 1757
712 1988
1063 1408
905 1801
295 655
949 1796
759 1057
623 1017
695 715
1065 1191
572 1286
224 335
448 567
645 828
1315 1787
54 781
537 1202
566 1133
57 1653
275 1159
529 1526
1719 1868
1694 1910
1718 1869
161 1478
18 764
1060 1091
755 880
308 1082
65 1183
923 1375
812 1859
1168 1510
1392 1967
1469 1686
593 1758
77 206
1169 1835
527 1470
314 1011
978 1940
913 1572
475 971
1383 1929
446 1091
312 950
137 1228
85 1796
1311 1898
974 1980
287 1673
1016 1513
1036 1224
731 1189
1132 1295
1600 1973
491 1690
1363 1783
1244 1714
1127 1737
302 1033
1368 1460
852 1299
1095 1573
1037 1651
414 1850
397 882
593 1374
3 1882
803 863
1120 1267
978 1500
94 968
278 1965
52 859
247 1299
722 810
1234 1775
444 1429
757 1162
234 1276
824 1143
499 585
970 1147
184 1957
537 777
581 1376
211 826
555 758
1006 1589
555 924
534 1879
530 792
574 1748
1306 1367
1425 1999
1193 1947
1233 1347
1174 1943
1418 1472
958 1051
1040 1454
403 1116
136 536
1495 1619
410 1818
1484 1685
389 826
1227 1367
88 1871
740 1668
595 1075
130 957
480 1921
1537 1916
131 678
1084 1329
55 73
189 1783
19 176
10 294
30 587
565 1034
1069 1212
832 1970
1061 1609
1196 1544
236 1205
856 880
556 1490
613 846
990 1828
741 984
1206 1902
1016 1495
47 407
138 579
45 1503
709 1040
569 572
441 835
103 866
1664 1710
1774 1793
1303 1906
472 1280
982 1603
495 1428
120 1023
198 755
1688 1893
1376 1757
742 1961
590 1857
894 1831
895 946
128 1680
762 1746
1545 1895
244 1066
267 1465
539 1259
1000 1564
146 524
793 1566
629 1766
352 404
735 1743
942 1003
197 1797
563 925
859 1482
642 876
939 1736
769 1201
1185 1975
258 1521
1452 1819
1410 1839
834 1806
1858 1900
289 974
281 928
858 1695
92 1685
748 1059
238 981
560 1116
673 1381
260 1255
314 470
1044 1711
248 547
719 770
458 1026
224 621
1807 1855
1225 1421
100 753
489 952
211 694
780 1010
521 531
205 1226
1165 1524
226 1491
542 1473
1320 1567
718 1663
1480 1994
825 959
486 1331
1771 1842
1114 1314
1213 1215
665 892
843 1490
1054 1269
141 320
246 666
743 1972
316 1331
249 1342
511 1770
274 505
15 416
705 1474
874 1477
242 776
475 1053
291 1335
1606 1643
1134 1888
167 1138
546 983
947 1765
1200 1644
463 813
1800 1995
850 923
935 1709
626 1610
1602 1682
481 1556
1440 1939
716 888
439 1763
1099 1437
582 1204
1026 1234
444 1916
1049 1288
1285 1509
727 1344
49 298
1389 1706
202 1758
1231 1588
507 1662
1494 1562
1046 1350
577 1628
1283 1598
239 1183
182 782
1466 1586
1268 1491
794 1790
90 1693
1422 1443
1370 1582
1321 1676
1236 1664
1623 1696
1224 1853
1003 1715
1434 1633
707 975
426 664
1660 1823
1356 1415
152 163
22 965
617 1242
304 815
305 1277
296 1284
733 1399
1359 1574
208 1461
1821 1977
565 874
1161 1191
518 1195
1276 1541
924 1774
1167 1298
744 1223
34 1011
113 992
251 909
33 285
684 830
1351 1401
862 1148
416 1488
348 1691
6 1293
1757 1875
1043 1756
388 1990
702 1179
186 1289
286 559
206 672
1014 1546
71 1368
667 1939
917 1684
1197 1419
15 1423
360 1774
122 783
525 1108
721 936
438 1150
444 1594
687 1305
768 1180
898 1015
1235 1540
1827 1972
545 1754
97 862
1533 1613
1096 1908
1117 1306
688 1986
185 1476
245 1569
330 1822
732 1366
392 976
365 757
769 1959
381 1432
289 1036
387 1257
977 1248
926 1647
638 1353
1704 1811
1853 1871
658 1243
997 1585
1646 1974
1002 1399
1152 1550
1459 1679
1148 1279
878 1090
481 767
1549 1991
434 617
438 1252
1312 1868
624 1272
1085 1723
1058 1983
1012 1438
1118 1230
388 1358
741 1185
3 881
319 1986
77 188
391 651
1370 1541
1624 1904
588 1100
551 981
618 1367
651 1901
1326 1625
902 1782
893 1536
122 1909
81 1520
879 1877
184 1862
81 1785
1332 1515
890 1528
195 1920
795 906
1021 1436
634 1682
1565 1885
679 894
93 163
39 53
861 1522
457 750
1411 1447
534 614
1162 1511
185 473
1624 1788
705 1263
1008 1077
392 1512
1161 1498
153 1480
727 932
1119 1957
440 1304
183 253
620 1400
765 1032
1083 1327
817 1053
1477 1693
150 1468
1010 1598
804 1357
1720 1843
1472 1857
601 1279
763 1806
987 1425
1029 1849
1081 1316
433 1684
487 772
699 1263
186 1689
12 1099
66 445
811 1547
149 1406
166 1341
433 959
1834 1901
961 1075
1297 1970
219 1004
980 1705
100 1086
853 976
1702 1797
88 627
91 148
213 1352
1201 1575
778 953
26 1935
491 797
533 614
622 1102
695 850
805 1447
903 1486
1049 1370
605 1394
1166 1555
808 1076
234 470
99 372
589 937
178 592
1237 1839
465 934
887 1703
713 1176
825 1004
959 1744
350 1300
879 932
8 1776
450 1877
210 1055
680 1018
1043 1594
469 765
40 331
1298 1372
558 692
716 1637
4 1836
83 140
230 967
1612 1660
669 1409
1478 1630
203 1563
747 946
906 1786
1489 1911
93 480
576 1533
1240 1927
651 1444
646 688
1247 1613
1035 1397
992 1447
236 1203
1216 1413
1739 1880
485 726
1627 1877
690 1266
805 1869
1149 1444
525 1695
387 1773
28 1204
67 372
1325 1780
1587 1891
948 1547
101 292
523 895
1563 1766
105 819
1441 1808
290 1080
700 1019
1379 1402
229 260
78 693
316 694
159 212
2 1699
68 1548
337 619
1733 1817
754 809
822 1146
509 1462
902 1721
313 1525
730 1497
1503 1767
190 1199
988 1266
441 1181
734 962
1 1047
502 1671
750 1247
215 1739
544 1114
505 731
636 1068
1146 1880
649 1364
753 1904
1220 1240
756 1449
573 608
663 1038
1224 1331
1338 1486
1704 1760
607 1366
919 1781
810 1968
752 1886
1134 1145
216 1316
516 1837
550 1703
31 1364
112 517
685 1974
513 918
719 1987
63 1494
180 1565
1420 1695
1268 1593
599 1179
770 1621
1122 1738
656 1412
457 941
496 1306
464 1055
351 1824
881 997
1339 1726
562 1956
761 863
720 1885
807 1452
1882 1907
174 1705
502 1792
1009 1396
844 1431
775 1506
475 1873
521 1799
670 1702
298 662
1353 1674
112 1699
653 1493
564 1364
48 1287
1609 1612
254 1373
1048 1392
1671 1691
418 658
293 1415
348 1413
194 1769
403 579
1197 1355
340 820
648 1889
760 1886
752 1700
437 1998
1688 1920
1620 1896
189 986
9 196
1053 1937
49 1884
1356 1783
1770 1984
1439 1496
165 1863
101 358
1368 1875
414 739
1807 1946
292 1199
162 1595
739 1581
373 1610
1119 1289
701 831
77 1172
494 1759
1027 1865
85 1485
1129 1265
68 756
901 979
198 427
761 1387
885 1112
875 1183
858 1230
151 1404
111 445
423 724
387 1650
756 1462
871 1641
777 857
714 863
573 1626
525 1361
1784 1814
1023 1733
32 740
885 1177
544 961
492 1818
89 1630
643 1361
333 1021
30 1322
1476 1876
1139 1883
989 1670
263 1484
212 1167
275 1846
324 740
1372 1424
110 1389
1054 1091
1250 1845
452 1697
657 1175
238 730
1670 1964
216 1772
356 1010
689 1388
767 808
700 816
218 1141
318 1487
1219 1899
1157 1177
509 1159
92 794
255 921
318 687
683 1401
667 926
661 852
173 1821
204 748
192 875
558 653
310 1622
73 1358
322 1994
259 1209
34 1673
1486 1778
972 1620
1243 1463
722 1975
31 1193
501 1945
791 1535
390 447
774 839
492 1697
455 1845
50 125
558 1035
368 543
650 1290
522 1175
445 1947
293 1649
657 1443
1256 1315
72 736
283 1863
452 891
386 1493
90 1555
369 831
86 855
311 1483
121 411
808 1946
367 1282
957 1713
767 1093
461 1341
691 1263
1414 1841
326 1223
1078 1377
1084 1907
1001 1450
166 1596
855 1513
1362 1409
400 1552
1570 1830
209 1773
820 1496
1198 1283
571 1709
969 1824
463 1552
935 1773
813 874
23 1926
1262 1707
1483 1532
228 1371
262 528
1111 1951
975 1548
241 1455
313 589
306 1314
330 1241
848 916
1009 1114
368 1842
925 1195
311 1398
459 1645
875 1458
192 1060
115 803
153 1387
1724 1878
1115 1572
1328 1921
204 1497
1036 1089
1747 1923
822 1184
382 1184
1059 1445
171 1731
21 1977
1166 1872
200 1319
374 1693
668 1406
807 1796
1155 1727
749 1897
363 1969
1668 1830
1203 1404
336 633
682 1534
225 279
1038 1540
1247 1785
1610 1818
410 951
886 1536
1121 1936
893 1591
357 377
1236 1867
1102 1844
1380 1828
1156 1524
127 1165
76 327
652 688
341 1590
63 162
273 728
319 1048
357 611
693 848
922 1276
547 960
1149 1627
1018 1371
216 1781
1388 1897
187 248
339 1405
689 1854
