693 1484
947 1453
350 1110
466 1646
1097 1237
441 577
627 1358
1032 1702
1669 1760
167 672
1052 1877
1566 1852
975 1958
643 1614
58 1943
1122 1744
1750 1803
980 1252
1420 1450
493 1189
25 764
924 1119
637 1511
1266 1595
20 682
1269 1438
33 514
791 1898
1591 1638
946 1977
1111 1317
1181 1830
359 1411
471 1114
90 824
593 688
342 365
502 1321
943 950
596 1548
1057 1645
836 1201
607 978
794 1916
785 853
40 488
380 425
463 616
1388 1636
93 352
280 411
786 882
503 1505
494 1364
459 1444
736 1586
609 1451
642 1023
744 1814
1151 1456
202 1273
532 1131
613 837
410 755
400 1611
650 856
1183 1743
145 1058
457 1406
1431 1467
91 1330
82 1342
22 1797
992 1370
69 1665
461 1188
489 552
1155 1698
936 1182
390 1712
176 1027
741 1972
693 1808
738 1439
565 611
234 1694
1107 1346
844 1647
1629 1853
186 1572
575 949
382 1721
414 1192
889 1512
433 1536
873 1165
681 1031
534 1787
674 1944
681 809
144 566
603 1075
198 1353
406 1308
87 1961
1034 1584
395 1871
413 661
278 1938
117 1857
14 850
1275 1584
147 285
258 938
1129 1434
1803 1821
128 197
206 1609
1271 1486
876 1498
1490 1585
517 1793
357 1351
5 335
18 1938
1335 1683
1257 1316
1257 1742
228 1603
1161 1873
99 1348
694 1436
296 1179
715 1738
1148 1583
210 853
484 1512
1067 1730
1187 1500
239 1010
1059 1168
1109 1235
1369 1668
1190 1471
900 1265
265 735
759 1907
536 1728
1722 1936
229 662
1215 1314
1024 1531
372 993
526 1541
231 1190
1286 1891
1649 1652
639 996
405 1811
665 817
1018 1855
689 986
35 1248
1117 1192
966 1503
795 1777
1041 1694
1115 1766
248 570
1594 1934
1014 1400
1086 1761
358 1077
1374 1930
475 1493
835 1577
1086 1767
286 1091
474 580
1328 1695
1194 1472
1320 1519
358 528
1249 1940
1200 1485
1373 1822
710 1077
763 1956
1059 1931
1262 1789
1118 1817
1568 1926
1135 1948
628 1770
48 189
1007 1802
680 1068
223 1162
739 1092
257 610
1228 1913
17 158
968 1571
1343 1344
1554 1952
610 859
1472 1634
98 562
275 897
587 909
1721 1995
721 1976
871 1418
303 1480
584 1377
160 1574
97 109
66 628
175 1801
1075 1513
816 1620
1607 1624
443 622
1713 1864
9 848
1437 1937
392 1587
1147 1386
664 1946
1098 1490
1599 1863
874 1276
89 1805
183 1106
1142 1366
174 1769
603 1005
652 1819
334 1562
684 1432
353 1000
805 1423
449 1682
115 1772
965 967
924 1942
13 1751
387 1022
152 899
513 1781
1640 1939
796 1234
879 1254
306 369
547 571
708 1886
1546 1637
581 598
787 1416
574 1554
651 1978
1356 1447
1840 1996
381 1550
649 922
626 677
379 1830
820 955
75 696
374 1742
1129 1387
446 1430
393 794
936 1769
530 695
810 1276
127 1625
179 1502
438 901
1397 1529
1173 1856
402 752
572 1313
186 1518
633 832
1454 1683
350 1435
151 1009
641 766
730 1877
695 1570
680 1235
970 1893
175 1146
1852 1870
928 1854
1677 1836
110 1908
362 1212
737 1413
755 1336
79 230
499 1710
1204 1947
1749 1756
1717 1718
697 840
478 785
77 1740
43 177
418 1214
377 671
1248 1698
590 1212
28 111
295 1759
1763 1788
1623 1695
527 1428
117 731
1248 1726
245 1106
748 758
624 1950
1477 1747
1888 1918
119 1311
924 1299
1369 1843
812 1390
1483 1853
750 1025
1207 1946
239 529
981 1746
1039 1173
455 932
161 172
771 951
480 872
521 1232
436 1612
149 517
408 1631
1285 1949
918 1255
1037 1381
385 1273
831 1807
552 877
81 221
608 1906
322 1395
944 1140
1473 1533
410 1090
952 1145
1394 1902
1065 1609
512 1539
934 1558
1487 1982
656 1056
906 1322
1818 1828
140 834
2 1692
313 1986
617 1773
745 1562
638 1557
1 299
1399 1404
300 1501
325 889
1283 1887
439 1402
1230 1575
1189 1443
790 1699
423 861
1355 1391
602 1989
477 810
719 1677
302 1734
681 1103
1063 1835
1038 1925
655 885
383 391
1085 1730
262 1973
751 964
118 727
173 1392
951 1009
956 1239
1150 1739
374 394
843 1337
188 554
1162 1616
567 1953
782 1850
1251 1329
582 1288
1517 1871
1184 1454
48 1572
1588 1809
21 1912
1574 1596
915 1536
1414 1691
851 1785
997 1790
435 1962
194 1820
1160 1862
714 1994
679 1792
63 754
830 1881
1580 1620
39 1053
407 445
845 992
1284 1752
184 637
709 1260
654 979
70 998
1315 1532
1247 1848
999 1393
908 1040
1134 1220
490 1174
1050 1289
764 1268
207 324
942 1087
1403 1534
971 1332
880 1795
163 1123
1146 1293
937 1156
668 1014
442 769
701 1733
928 1959
1230 1327
249 1409
540 1066
449 824
433 1514
660 769
752 872
852 1187
1226 1287
571 1256
195 1798
57 1231
705 1552
1268 1745
914 1446
948 1640
6 1460
1367 1999
197 344
326 1895
95 752
1075 1289
1015 1690
1091 1558
704 1037
782 1263
481 1968
1331 1444
671 962
532 685
1245 1568
329 741
40 1041
1413 1676
134 1466
483 644
320 1900
281 1134
817 1984
960 1325
797 1793
177 1951
465 1883
365 1604
172 1217
323 560
1774 1984
515 711
233 476
1130 1292
243 510
634 1883
914 1555
160 1250
907 1002
1495 1760
403 1636
708 1093
1582 1672
973 1403
476 1695
756 1099
1080 1728
774 1964
243 1166
990 1985
901 1412
1079 1397
697 885
726 1540
969 1483
1561 1799
890 1919
757 1873
352 1385
1607 1652
467 650
168 639
1473 1700
648 1114
62 1458
336 660
641 1981
780 1519
634 1033
412 1931
779 1866
604 1945
1596 1736
845 943
120 1739
456 1855
483 1353
946 1156
237 1061
511 879
690 1591
1633 1813
770 1896
253 1449
750 1859
123 829
561 1501
1125 1836
1206 1319
630 1376
717 1177
614 1005
623 1656
666 1102
1640 1867
79 1867
1842 1979
121 862
1032 1518
925 1028
376 1184
1480 1625
372 460
16 900
497 823
1063 1181
486 1258
606 1708
735 1167
622 1935
1333 1687
482 867
366 1312
487 1790
670 895
921 1902
1631 1648
195 242
539 1534
498 1990
615 1816
1047 1270
978 1768
667 1410
356 1359
1461 1494
1659 1813
844 1578
431 1523
1144 1844
524 1310
146 1117
1773 1806
819 1701
1319 1995
1052 1478
1362 1980
891 1107
162 806
294 1535
672 1571
183 1387
1901 1961
263 958
1324 1705
506 1161
1219 1910
584 1035
714 1405
265 1800
1026 1797
811 1749
734 1983
645 1144
557 1627
429 691
748 1965
1585 1739
728 1888
1233 1377
679 1101
26 1894
908 1195
1198 1715
910 1664
127 1856
316 1070
327 1913
567 1993
64 1901
1112 1758
1102 1504
398 574
222 958
32 1328
450 562
49 1507
971 1726
439 1706
333 1909
495 1988
1827 1942
1401 1826
1142 1703
212 1108
1633 1991
1028 1915
105 1791
261 1821
15 984
304 1709
1100 1154
353 1046
1132 1551
746 1228
537 1244
1221 1917
736 1171
284 1554
784 1792
730 1649
173 1832
525 1149
1372 1516
190 1050
585 640
1367 1744
1586 1974
250 443
355 1823
1159 1205
1060 1427
88 436
437 530
633 1437
110 1488
192 419
1775 1910
652 920
601 1465
193 612
85 190
200 555
56 1564
369 564
49 1260
242 1539
909 1484
1493 1680
135 1006
657 1025
1029 1811
1222 1311
915 1250
1221 1966
434 646
513 783
8 295
580 1104
1062 1576
1524 1889
389 1147
502 722
50 1598
1187 1609
873 963
288 993
1165 1538
982 1782
1705 1756
1605 1952
540 1803
226 572
397 1662
1223 1751
6 543
361 766
138 1424
1600 1815
857 1442
729 1496
560 821
883 1634
267 824
793 1806
691 763
186 1611
622 1653
1500 1729
2 1282
1209 1602
122 185
238 1976
17 1249
1553 1865
129 342
1845 1879
1881 1962
1435 1994
1253 1841
346 997
1457 1774
515 1071
256 1323
98 623
680 1060
1080 1615
202 1873
266 1280
620 1757
746 1542
1585 1771
843 1613
51 1070
894 1436
1351 1626
1658 1845
272 1406
31 1445
475 880
918 1940
363 1394
388 1507
781 823
1464 1635
897 998
1055 1176
1319 1980
119 1954
60 865
613 1838
1660 1925
227 654
651 1448
387 1885
1843 1849
177 852
751 1422
1012 1540
682 870
368 1570
168 205
1485 1597
611 1928
282 1019
528 1083
1024 1902
875 1265
427 586
1882 1960
492 896
768 1446
128 348
1323 1846
112 994
412 898
818 927
460 1787
967 1942
727 808
1006 1660
1076 1833
1204 1897
277 351
1175 1857
1733 1843
1345 1390
120 594
686 1310
1635 1672
1044 1254
635 1021
1065 1872
1905 1963
1294 1395
726 1880
305 1903
626 1339
522 793
66 933
1040 1537
430 1671
1341 1711
311 1430
422 1737
354 1170
324 955
291 1876
159 1469
782 1807
53 804
257 629
1010 1545
692 749
1493 1515
889 1661
931 1870
102 929
142 1267
896 1336
1299 1804
609 768
911 1419
473 1904
1418 1921
1410 1884
180 1360
686 1938
57 1166
961 1754
357 1491
41 1238
377 621
1259 1786
384 1346
18 1766
928 1378
637 1545
244 1877
172 1833
1089 1865
146 1962
531 1953
1000 1013
862 892
589 725
508 1242
1421 1930
1042 1376
1014 1707
487 1778
663 1327
1918 1939
488 1785
1064 1102
369 876
287 848
853 1915
820 1017
343 1120
696 732
78 981
723 1632
287 1118
1725 1775
1005 1969
502 574
132 290
234 1314
133 1659
775 1700
1795 1858
799 1350
1093 1281
848 856
1201 1593
996 1220
222 1264
972 1975
1136 1972
1156 1482
1174 1359
399 1274
34 273
106 1686
222 969
798 1175
673 1834
283 754
836 1639
1120 1153
1139 1320
1669 1904
1848 1916
1271 1382
1474 1779
950 1636
871 1729
803 1083
1164 1661
1049 1510
1581 1834
991 1926
545 1794
1084 1706
1291 1612
905 1393
647 1049
23 1536
1199 1969
585 922
74 1832
247 1691
333 818
1495 1796
840 1424
1094 1639
963 1055
101 1954
81 604
1159 1878
55 919
791 971
256 599
1085 1278
771 999
102 1680
181 1516
1099 1263
1371 1504
670 1441
576 1686
825 1950
1035 1531
76 341
1018 1307
416 1393
945 1252
232 471
457 731
27 947
1681 1783
397 739
454 1563
108 743
246 295
96 111
288 1476
144 1760
547 1172
774 1734
30 1044
821 1362
254 953
132 1082
1665 1851
215 707
1076 1277
19 869
647 1081
1029 1421
299 1027
462 1185
197 948
1535 1800
1329 1455
7 1674
849 1322
822 1502
1653 1723
1143 1903
751 1914
721 1771
904 1334
705 977
589 1507
1048 1244
776 977
1161 1462
1095 1251
297 950
1135 1188
417 1019
659 1688
83 1960
1667 1745
990 1784
538 1900
1236 1308
1282 1638
1026 1716
1679 1804
1051 1422
593 1385
1173 1604
396 1045
375 857
903 1644
822 1521
978 1015
1105 1237
804 849
316 418
235 1862
1365 1927
1155 1579
1582 1840
200 1225
443 816
151 1776
1657 1886
712 1750
596 678
926 1532
892 1371
25 830
13 243
351 893
749 1779
1213 1489
814 1279
855 1327
627 943
23 535
297 984
225 995
425 720
1133 1911
1330 1664
264 1326
1003 1074
698 1619
1922 1985
260 1366
784 1363
1489 1825
1255 1909
1497 1909
1523 1605
808 988
621 1503
1121 1354
45 719
204 209
941 1311
646 1646
454 1361
1340 1522
1197 1874
1143 1283
1306 1935
1580 1654
28 1411
1152 1191
1178 1955
599 867
591 742
1356 1876
9 1186
254 1588
1839 1944
888 1714
516 1398
1349 1541
266 1131
1126 1971
6 644
270 1618
653 1583
740 1046
786 1380
788 1716
1575 1861
659 957
1115 1618
203 861
923 1997
759 1988
756 1736
345 588
343 1510
1218 1224
298 1643
1012 1082
10 1141
36 775
84 860
126 1514
448 701
203 1264
1181 1346
1019 1470
1069 1509
348 1439
154 1035
636 1735
1069 1780
1477 1498
106 1868
107 1573
703 1283
789 1146
1094 1922
1234 1738
33 1560
1043 1317
960 1465
75 636
809 1246
1009 1863
1491 1865
1670 1831
481 1096
703 750
274 490
1621 1802
505 1251
1629 1744
406 1011
816 1233
983 1947
695 898
587 1825
1401 1758
1089 1999
311 1013
737 1191
1753 1933
791 1768
1123 1957
683 1315
612 1812
118 1534
1176 1229
201 1679
432 1219
737 1564
1134 1784
911 1182
326 941
100 474
312 316
215 1398
676 1868
683 1776
864 1276
359 1466
688 1352
391 1577
625 638
278 1970
985 1604
869 1435
489 1976
44 156
166 582
32 742
68 1246
304 401
592 1657
1058 1654
665 1771
307 808
1830 1923
1844 1851
674 1361
156 1777
887 1885
215 474
1133 1137
819 1447
322 578
634 1210
272 1839
717 1322
827 1243
59 1185
845 1333
19 1229
761 1310
839 1767
1392 1975
114 586
83 1617
328 1528
1036 1992
570 1689
938 1396
618 773
692 1697
456 1655
601 1210
544 1837
640 1524
854 1641
1231 1606
1324 1901
621 1434
631 920
790 1753
847 1318
894 1225
1039 1948
404 1404
1475 1527
629 836
1923 1964
1232 1693
160 444
518 809
241 940
211 514
392 509
220 1125
121 155
1213 1525
687 979
709 1087
1300 1666
193 699
263 382
1207 1996
1140 1838
201 1143
749 1702
632 875
677 1033
526 1294
421 453
1170 1968
150 1030
632 744
1349 1933
568 1924
213 1897
17 583
104 1128
987 1929
1648 1936
906 1253
886 1423
1045 1741
1326 1937
878 1451
314 1878
600 777
11 136
187 259
335 1205
375 659
1417 1565
1277 1590
1710 1956
1171 1405
631 1893
666 1963
165 1859
296 870
662 1284
700 1357
1073 1724
230 1124
1116 1158
204 1592
599 1576
1338 1526
995 1295
271 1719
803 1911
170 1854
1542 1735
1242 1365
630 1563
1302 1336
677 1527
1567 1688
429 453
663 1404
1714 1804
691 1685
208 272
888 1484
1561 1573
158 1292
1004 1130
499 1221
1205 1610
1095 1281
0 519
846 975
283 1783
901 1047
1318 1988
860 1974
837 1525
764 1613
501 1544
1735 1899
533 1463
1422 1831
294 1475
495 1646
841 1335
976 989
605 1269
1003 1402
315 1569
360 1309
669 1543
423 1275
37 1113
255 723
846 1408
1096 1158
1071 1261
261 1601
802 1815
299 1368
188 1595
777 886
472 678
1216 1793
390 1628
1112 1342
757 1202
232 828
500 1542
819 1021
821 1532
1651 1786
547 1312
956 1460
959 1348
509 1924
795 1459
12 585
1690 1788
29 1423
302 939
283 1180
770 1987
550 1506
1008 1407
53 420
796 1198
1341 1846
29 1259
755 1203
989 1530
1359 1380
1193 1955
139 1479
468 1459
1543 1824
370 1617
882 1887
1243 1853
138 1222
529 1241
194 1648
732 1689
733 1438
105 301
1286 1989
991 1455
407 1254
480 724
21 1253
426 1426
1426 1848
7 929
699 1036
491 1977
400 832
724 1298
24 1506
90 702
1352 1632
656 1975
114 1752
1106 1432
3 998
558 1002
1239 1979
176 905
1203 1791
1024 1778
148 535
116 643
713 838
373 1305
850 1354
716 1379
1388 1823
388 1589
293 1030
54 870
974 1508
331 386
426 1235
187 329
14 26
619 1375
16 1139
199 1624
64 1481
648 1412
175 926
874 1247
452 1178
944 1614
930 1012
623 1970
921 1526
178 1717
605 720
1197 1929
965 1789
292 772
1272 1720
319 1867
450 1983
271 579
263 415
413 470
224 500
1325 1841
46 731
1833 1835
1258 1894
143 164
553 767
285 748
615 1091
553 1431
1512 1537
1509 1731
1298 1590
476 1568
1316 1766
550 1560
471 539
1330 1607
1195 1891
1386 1455
469 833
1440 1608
1389 1445
744 1447
1548 1965
611 1407
39 1696
268 1787
682 1880
167 1195
1384 1662
704 890
1257 1549
711 1027
965 1110
825 1623
559 1400
115 1579
895 907
1681 1809
798 1058
320 525
71 713
229 1138
1411 1892
1396 1885
1154 1332
100 576
70 407
1709 1799
1526 1570
946 955
1578 1696
239 348
252 1883
795 1129
183 1212
20 1718
1062 1382
381 1847
204 1295
445 1817
423 573
287 596
1708 1917
674 1732
424 942
952 1051
1030 1987
606 1581
987 1828
464 863
409 1320
1673 1770
217 516
833 1427
1036 1547
218 1676
482 1111
1727 1827
561 762
1614 1781
986 1998
182 904
527 923
1550 1650
153 944
1481 1499
361 619
940 1238
1309 1655
855 1869
858 1967
554 753
1011 1592
212 1007
432 1676
1039 1895
1476 1651
408 1763
1139 1920
997 1287
788 1056
1842 1899
666 815
826 1890
264 788
1464 1997
1360 1851
953 964
163 1383
449 1108
1176 1227
875 968
87 797
448 1482
381 1619
1217 1733
1110 1136
762 937
219 1731
635 1390
541 675
337 373
1450 1546
378 1492
734 1296
371 451
608 689
72 645
157 1670
1132 1343
86 1262
959 1875
4 923
1461 1986
557 1282
112 1307
558 1383
802 1930
366 1224
1400 1678
676 913
549 1737
826 868
1388 1497
959 1409
1034 1869
863 1697
785 1882
569 1216
103 520
1020 1486
1298 1528
1001 1655
235 1342
1163 1599
1185 1606
912 1874
969 1816
248 1925
125 767
430 1836
223 916
810 1516
367 1252
579 1219
163 1557
321 1991
428 1518
1196 1666
672 722
1267 1425
1391 1414
1303 1649
628 1313
488 710
1018 1429
227 988
1645 1945
1004 1724
1072 1469
1517 1652
1494 1583
594 687
1461 1476
313 1932
1233 1344
158 1135
1098 1305
1468 1671
456 1759
979 1806
1644 1810
519 1765
494 685
1381 1934
1094 1339
236 1208
551 648
340 1113
371 1301
664 1074
173 588
1884 1949
1662 1673
230 1912
171 814
1007 1743
1003 1601
1142 1285
317 1171
568 1520
130 1412
563 963
458 789
1044 1232
1345 1488
493 1430
512 1693
1450 1530
779 1163
216 271
498 912
55 1860
446 773
696 725
1284 1449
240 1884
1537 1795
571 1016
1218 1890
67 740
1328 1643
1104 1263
1641 1665
736 931
440 1845
919 968
134 1145
1566 1730
658 1190
1072 1467
1055 1602
800 917
298 1622
675 1820
935 1297
807 1169
625 1258
258 274
548 1240
537 1748
501 1383
1266 1864
34 1193
415 661
269 1492
866 1378
228 934
1168 1644
202 1440
801 1468
813 1054
986 1364
401 1955
302 854
221 1505
884 1553
714 1872
973 1202
137 1184
939 1552
1814 1837
792 1603
279 1810
422 1462
220 1589
541 893
205 1120
1792 1896
660 1072
166 712
758 1101
1678 1832
523 787
549 1370
847 1642
715 1368
1384 1407
1149 1779
1520 1765
310 747
97 266
124 1157
251 355
866 1932
1124 1630
1372 1543
1492 1987
1561 1594
355 949
1236 1727
859 1008
700 1796
1363 1667
899 1100
58 861
1 507
1740 1878
706 956
642 1453
1280 1928
920 1073
370 1444
729 1637
815 1699
331 1682
33 781
1023 1389
1357 1441
1663 1903
658 1546
1043 1802
90 352
185 1663
385 546
31 1720
330 1927
595 1417
1211 1524
0 1533
1147 1448
360 1227
254 1084
89 349
36 1794
364 1826
122 740
868 925
96 1562
143 1157
807 1364
556 1921
1767 1981
10 537
38 1831
1504 1818
1452 1941
469 545
314 1502
1350 1863
60 597
1127 1386
711 1105
309 655
1051 1675
829 1122
123 1615
1208 1433
865 1357
922 1508
60 1067
199 974
30 338
441 496
1274 1587
47 823
143 1451
470 1116
451 1967
1433 1559
805 1757
169 856
962 1416
497 1565
196 1871
624 1824
42 698
1290 1617
292 354
153 485
479 902
982 1446
980 1521
1522 1967
280 1128
1113 1375
801 1927
1196 1226
690 789
262 1126
620 1117
1866 1973
51 1182
542 1788
1743 1782
709 1429
822 916
1153 1458
414 743
37 440
275 1468
170 1763
1208 1457
806 1569
455 618
1338 1846
347 699
463 851
486 1941
569 1547
598 1416
214 1711
932 1324
834 1215
517 760
1140 1246
556 1379
52 1302
733 1755
813 1780
734 1668
1151 1746
890 1684
891 1764
1477 1907
131 616
63 1442
1112 1340
94 341
427 1261
1671 1754
65 113
765 1057
778 1929
80 1381
504 961
827 1438
1463 1582
309 1549
383 1953
1397 1672
113 765
213 841
11 1761
1088 1556
1160 1290
136 1875
1691 1897
1297 1408
437 1409
842 1057
855 1355
614 893
1587 1675
52 1764
917 1462
5 954
877 1078
339 613
141 1889
354 902
1410 1799
1194 1780
913 1983
640 1169
1006 1160
1762 1982
976 1241
747 1506
419 790
84 1374
290 684
1699 1748
1240 1725
1278 1514
57 548
458 1722
1573 1658
37 1560
441 1527
225 1487
520 1481
1334 1945
1732 1993
814 1415
436 1731
1479 1880
139 1272
363 1642
276 1452
1196 1458
5 1078
894 1941
88 417
519 1425
42 718
332 425
380 881
308 1304
140 1762
1061 1137
94 1684
940 1973
280 1133
41 89
92 834
411 1659
1511 1650
838 1578
1151 1567
50 345
1456 1674
73 1321
184 1321
61 1634
390 1200
779 883
50 1016
191 1643
1415 1598
323 1622
503 1431
753 1505
536 1191
1704 1939
927 1347
1180 1556
884 935
1266 1553
289 1167
1569 1829
1167 1647
308 1088
718 1419
1630 1834
447 1304
315 1704
1373 1610
318 1519
1347 1905
598 1741
396 607
780 1485
