571 1414
779 1849
844 1504
943 1808
270 1367
1187 1425
177 1869
930 968
1568 1833
567 952
773 1617
770 1261
168 1698
422 1098
1409 1689
219 1468
949 1997
868 1442
201 1794
976 997
674 1389
581 1665
133 1844
686 1989
375 1694
1222 1660
1088 1973
28 833
238 1982
1761 1796
508 1418
394 1115
405 1438
275 823
26 1501
359 1108
104 1878
476 955
13 262
823 1374
924 1390
1366 1672
197 1986
886 902
1457 1800
1152 1459
370 1176
947 1946
1201 1403
1076 1673
619 1571
397 585
685 1690
169 274
1737 1754
848 1509
644 1547
127 480
866 1950
50 1031
1155 1515
53 1031
383 400
448 634
264 1226
192 1332
344 534
999 1238
320 790
897 1519
533 1231
1382 1594
744 1223
722 878
985 1376
165 1338
94 516
559 877
320 1498
404 1139
306 649
2 1088
620 1706
524 794
1505 1624
476 1471
132 1294
1315 1541
407 1502
1021 1906
10 1578
271 946
1725 1840
1710 1867
1102 1114
292 1038
64 1512
1396 1890
438 1563
67 718
691 1040
1094 1163
414 1898
451 1895
808 1540
996 1118
108 1090
382 1232
1194 1786
1717 1990
345 1257
61 533
186 789
961 1601
1132 1605
1020 1426
285 579
1047 1633
560 1298
8 1829
743 1394
1346 1996
677 884
357 1644
950 1549
677 1299
1211 1480
441 1099
743 1570
1171 1621
862 1562
443 1210
191 1065
1910 1940
100 804
1037 1213
867 1495
1675 1976
327 1695
618 1061
291 1207
719 942
815 914
19 1456
490 1465
496 804
1381 1995
981 1925
411 1279
565 1145
162 1499
102 1280
802 1037
689 1416
646 1590
180 449
581 1547
179 1472
334 377
308 865
960 1668
775 777
114 1320
124 1481
509 1870
260 827
998 1549
564 1068
1636 1839
458 752
1279 1782
907 1716
540 590
700 1874
554 1478
799 911
1018 1430
953 1272
864 986
549 1360
664 1909
690 1041
24 1766
229 267
359 698
901 1294
1888 1944
228 696
1091 1995
74 1024
148 702
915 1264
1028 1798
558 1898
998 1175
368 738
606 1448
194 766
530 1765
204 713
1263 1636
227 1399
1309 1415
799 822
51 82
1058 1802
980 1490
1404 1978
1337 1650
412 641
1571 1758
532 596
617 1156
877 1510
156 618
460 730
55 1533
910 1851
45 1986
1188 1201
801 1409
1166 1499
718 1653
322 1691
1121 1493
540 1471
87 885
1833 1841
582 1005
138 1336
707 931
699 1583
46 1913
1413 1825
502 876
355 1541
184 682
1258 1495
316 1269
153 962
285 1220
185 1313
1424 1638
137 969
1029 1488
1134 1965
1557 1927
387 1799
847 1354
429 1727
298 1418
1020 1185
85 1579
399 1821
152 1707
1253 1955
1360 1965
390 1786
253 1659
689 906
1158 1390
1111 1575
232 1945
341 486
425 888
456 1630
1711 1948
1122 1730
551 717
60 142
1421 1712
477 1920
820 1891
333 1248
346 1885
587 1714
1427 1961
590 1131
372 1064
1077 1953
243 537
542 576
1371 1530
638 1342
707 916
773 1082
49 1136
915 1017
430 1790
1502 1931
196 1159
650 1078
36 1383
416 1016
1027 1939
327 478
752 754
938 1439
106 585
1642 1656
138 1677
221 354
993 1353
1421 1618
987 1377
230 613
653 666
620 1164
1073 1901
1162 1682
1240 1942
417 1261
1908 1929
223 1679
1275 1852
0 1773
95 1683
471 1274
527 1251
351 589
824 1729
548 1919
566 765
1500 1847
515 1972
1106 1894
472 853
712 1079
165 1137
583 1732
1750 1895
684 1287
1536 1746
1115 1500
1071 1447
898 949
1058 1976
610 1551
261 444
325 379
934 1103
940 1340
834 881
284 373
1015 1825
250 1453
838 1030
197 1830
767 990
1340 1861
594 1087
1011 1517
1205 1814
1167 1602
753 1695
214 451
1312 1364
827 1507
1013 1125
235 1854
975 1608
189 895
406 1951
130 380
226 1460
360 1138
1032 1646
343 1784
198 1740
181 1548
680 1344
1707 1886
187 857
523 1436
516 1331
1574 1666
1363 1993
294 1250
439 771
1335 1872
655 1443
919 1324
1222 1239
1292 1860
51 844
78 466
1654 1871
7 1781
787 1720
888 1036
493 957
627 1836
1422 1671
1133 1667
395 829
1007 1372
250 1440
1178 1307
1050 1838
393 850
870 1896
347 1411
1003 1753
1181 1858
212 983
83 783
1294 1992
40 492
292 703
103 893
1355 1414
44 706
304 809
730 1255
727 853
956 1531
700 1051
296 440
91 785
1474 1624
1297 1842
1076 1182
796 1932
1162 1780
21 959
665 898
577 1473
720 1724
249 813
146 978
913 1597
1392 1610
398 1180
541 1323
1496 1615
1822 1937
334 437
866 1302
289 896
759 1699
97 1259
377 1820
1556 1560
1673 1904
678 1665
408 1855
1723 1747
431 1915
267 578
1314 1693
1214 1269
1469 1886
241 1155
503 647
129 1600
259 974
339 1371
1020 1859
263 921
1233 1641
1666 1781
511 652
1246 1464
22 658
587 836
315 609
693 1465
787 1274
1148 1210
293 739
473 997
553 570
1219 1513
1193 1960
600 1831
166 798
935 1395
329 1544
1169 1705
157 1713
18 1000
621 1961
432 529
1241 1253
503 1139
1531 1553
995 1474
125 1351
522 1909
1015 1488
810 1972
112 1914
740 1305
1057 1854
175 1389
218 472
1044 1953
366 1943
160 936
401 991
837 1075
310 1172
407 1525
421 1224
591 1494
152 1907
408 1749
1143 1192
419 1355
676 1110
1411 1844
1366 1686
843 1480
1685 1869
1261 1384
645 1148
26 1526
1164 1501
1138 1317
710 883
160 805
526 1606
1284 1385
1415 1558
6 752
427 682
554 801
1223 1680
245 1262
238 1405
40 257
528 1119
462 608
119 1647
721 1535
908 1476
840 1887
1399 1446
1627 1713
487 952
1873 1985
442 1898
284 964
239 392
208 1183
216 610
393 491
436 1304
386 660
68 163
191 1305
422 1400
17 386
257 474
1420 1960
735 1897
906 1639
945 1932
882 1130
264 1386
73 98
1164 1635
463 938
1520 1622
1000 1151
622 731
1009 1871
1209 1644
621 1283
353 1874
71 1316
797 1506
252 1121
159 1223
781 1216
1457 1712
1657 1843
301 845
3 786
53 74
539 1692
1016 1679
1045 1984
489 520
1001 1993
893 1431
894 1060
1438 1938
135 688
276 1006
721 1281
1012 1540
1257 1731
431 1235
774 1089
397 1683
46 307
1325 1645
148 584
764 1537
1089 1433
648 1243
426 638
340 1656
784 1136
1521 1543
856 927
690 967
52 755
1511 1583
818 867
42 131
561 584
1518 1612
538 1775
1381 1467
896 1804
887 1709
1397 1969
263 1672
1143 1284
1035 1608
491 969
582 1573
1011 1617
1518 1985
1648 1891
307 685
512 1724
237 710
280 1975
1197 1936
579 1037
1154 1576
129 1824
726 1112
149 1684
773 1491
319 882
923 1296
155 207
75 982
556 872
349 783
498 562
372 971
39 543
594 1387
734 1879
499 647
112 408
5 1028
209 972
273 287
1631 1924
1221 1307
444 1146
1391 1461
309 1328
1343 1853
818 1626
557 1735
1302 1660
1538 1592
57 1409
375 1742
261 672
147 1225
896 1234
1009 1533
41 1810
62 578
312 807
151 1059
1196 1967
1878 1889
705 899
25 1288
1135 1866
524 764
1244 1589
754 1482
279 811
236 300
861 944
266 1039
1671 1876
107 1170
342 613
1529 1855
547 1122
1228 1770
170 457
792 1107
356 1426
1404 1587
779 1357
49 972
963 1290
232 1117
1065 1517
716 1762
2 217
838 1154
109 273
934 1260
1569 1755
225 1989
1260 1559
545 965
550 1527
1387 1396
228 1142
573 1446
96 1247
613 1062
817 1674
150 1036
116 1002
614 1884
420 1741
108 1829
445 1704
211 1016
1112 1190
71 272
1081 1219
960 985
531 1832
695 1073
820 1865
1428 1620
1330 1702
552 1591
883 1280
460 1546
395 1627
278 376
642 753
1170 1637
702 1639
146 1432
553 702
617 1918
367 1534
1177 1655
651 1152
443 513
423 592
363 1153
825 998
12 870
958 1908
34 1352
1172 1976
1369 1750
718 1360
479 1137
992 1417
1358 1600
348 525
32 1746
1633 1634
1350 1928
513 1449
99 990
495 1140
105 793
927 1232
1698 1956
171 1453
640 1341
854 1301
1681 1949
1001 1938
403 1315
858 1156
968 1658
89 526
729 1013
925 1810
551 863
542 612
649 1390
467 1693
175 1843
207 494
655 907
171 1069
1243 1596
500 706
330 1126
158 568
177 1322
1166 1521
400 603
271 1242
1388 1578
615 1768
130 1198
808 1195
357 1881
742 1968
39 473
905 1326
814 1574
338 667
530 1334
44 795
411 1924
214 380
69 658
519 1056
791 1668
786 1265
1 231
465 514
218 510
1084 1778
996 1994
848 1825
179 1054
145 1771
349 1769
488 1271
1237 1904
509 1923
288 1041
762 763
771 903
1273 1917
611 1929
1109 1240
1014 1679
1211 1285
236 1147
885 1417
1334 1590
1757 1868
469 1380
832 1054
482 991
259 990
1197 1835
234 780
919 1498
626 1301
833 1977
734 1550
599 1384
767 1959
1670 1979
43 95
0 1179
1382 1841
58 1046
183 444
1687 1953
509 1329
618 1332
1383 1555
1133 1971
235 1315
930 1763
122 1386
242 1345
1629 1838
1061 1277
764 1399
139 939
650 1838
588 1199
1625 1954
639 1242
484 1515
973 1086
520 1317
429 1991
158 1419
410 929
167 546
1955 1979
896 1782
670 1170
35 1189
258 860
940 1945
215 1160
140 318
1385 1945
115 601
1381 1539
112 1106
176 1538
483 1074
137 199
305 1403
639 1077
220 388
476 1218
70 1726
54 209
1336 1527
466 741
802 1865
1545 1560
505 891
260 796
305 975
120 1062
907 1019
450 1040
859 1122
1319 1599
902 1359
336 1752
589 760
1848 1876
971 1816
1581 1638
1104 1728
305 1628
162 1809
1595 1890
1287 1593
735 1856
1649 1776
768 1592
1046 1733
99 593
11 1792
878 1616
31 1156
737 1009
325 1856
1632 1947
1640 1799
1739 1750
692 1916
213 1940
510 1342
430 1207
1090 1746
205 1890
11 1159
173 1127
69 1542
211 1828
1100 1216
548 1975
200 717
458 1532
632 708
36 1632
920 1306
361 1591
995 1894
1712 1792
870 1752
18 240
736 1302
180 770
30 1901
454 800
920 1524
1247 1999
110 742
454 1273
568 1034
898 988
1270 1847
1040 1254
756 1775
1448 1705
61 169
1754 1900
312 978
222 526
1083 1233
123 1955
224 1930
1259 1394
1245 1822
1091 1339
279 1889
1278 1771
1449 1476
233 1743
1176 1772
826 1800
507 918
1277 1520
951 1594
4 1472
563 683
511 1227
714 1075
723 1616
90 855
98 1118
679 1249
1374 1547
563 1282
366 480
987 1775
66 1640
363 611
518 701
745 1603
709 836
586 979
778 801
629 776
378 1069
1093 1241
1208 1291
502 882
895 1466
737 842
365 1406
974 1565
166 857
335 1293
154 884
442 746
92 204
1912 1947
1249 1936
385 1490
782 1696
1664 1860
400 1936
381 1035
1 145
22 1664
224 1161
1826 1880
199 376
243 1169
133 402
922 1697
1589 1807
805 1101
862 1076
373 1191
1662 1858
515 540
1641 1851
27 1351
71 1272
59 546
953 1832
882 1120
933 1494
1291 1613
1920 1941
1056 1943
313 1553
59 1268
983 1455
832 1767
1284 1962
505 1135
950 1352
148 275
953 1912
830 1186
352 1836
303 1964
624 656
248 1202
455 464
988 1097
854 1602
287 1407
67 1475
127 750
1768 1817
467 1462
136 1833
1304 1607
795 1492
501 658
482 1756
178 1194
1036 1401
464 1930
598 1217
842 1379
282 1926
332 1405
1611 1958
420 1055
732 1553
333 1810
1124 1776
183 1876
323 1526
315 654
261 1562
1021 1577
923 1655
110 726
404 1185
890 1862
1392 1412
490 1535
944 1774
194 309
24 641
868 1420
1808 1906
1398 1508
788 1659
1260 1628
1048 1267
766 1225
284 1716
598 1043
335 1571
1922 1996
441 1977
195 1429
337 345
1106 1634
255 440
416 728
111 1727
722 785
245 1662
290 1280
190 1212
745 1084
81 434
116 569
135 521
1168 1818
1054 1670
1028 1631
1 1952
1595 1981
927 1357
457 1259
63 970
713 1307
1551 1831
126 637
134 678
704 747
338 1271
1323 1783
1714 1799
147 1408
989 1603
687 1801
158 913
1091 1773
342 398
79 1254
143 1786
1168 1609
172 943
339 1326
163 948
1483 1845
1123 1999
1506 1690
389 1439
286 550
728 1994
94 1677
128 1470
714 1134
288 828
1080 1680
604 1638
325 1758
905 1445
849 1450
447 1215
1067 1452
1215 1845
49 1566
254 689
1271 1275
1049 1191
855 1692
330 946
1563 1863
1081 1292
757 1649
1283 1804
1181 1410
912 1308
167 1469
793 1133
574 1507
304 1375
917 1942
572 683
720 1733
544 1393
388 802
993 1368
1034 1523
769 1534
954 1555
140 1244
534 1700
436 1459
1289 1703
928 1661
77 493
280 600
1144 1437
948 1961
1257 1485
7 1029
1190 1237
1585 1688
518 1058
20 406
77 1597
68 392
1015 1350
3 474
337 1308
113 856
335 1071
237 412
596 1130
38 1102
763 1796
566 1140
1160 1580
1060 1691
427 1604
1139 1497
369 1300
265 331
164 1991
31 265
134 1123
1256 1346
153 1959
863 1896
1703 1715
1885 1893
10 1889
347 1552
624 1388
143 1348
722 1033
1686 1920
892 1480
1064 1882
1129 1147
719 1726
1594 1853
556 1910
1048 1321
557 1293
372 1309
965 1663
555 761
1010 1588
1485 1939
233 1486
1128 1561
113 560
140 852
1326 1616
698 873
456 1785
29 1751
461 1797
72 1984
1597 1998
44 932
106 1214
415 796
111 937
739 1316
428 910
547 1039
455 994
1052 1113
180 1509
1119 1503
1311 1455
1177 1463
1121 1842
641 1557
1028 1482
816 1990
1025 1823
729 1934
86 1678
302 602
1188 1957
545 636
965 1630
231 274
725 1925
281 1826
246 1305
196 1554
1385 1552
487 1791
1226 1423
772 1997
220 637
566 1506
208 365
1676 1988
739 1937
1017 1454
606 1911
789 826
769 1353
553 1728
1495 1674
27 691
626 977
1092 1956
1251 1444
1319 1447
1477 1903
536 1004
734 1913
794 1679
136 1116
852 1295
144 233
391 860
10 314
244 269
1274 1330
1456 1542
310 1105
573 1489
1739 1789
1762 1830
268 513
60 548
46 1007
533 1053
922 1643
344 1097
1270 1669
756 1645
429 961
1803 1819
90 932
1361 1577
599 1066
488 1625
124 1605
329 583
529 926
190 425
575 788
70 846
1438 1882
50 76
23 1085
925 1463
732 1062
469 1289
317 481
383 461
432 551
154 1493
817 1230
871 1150
384 698
1545 1877
150 203
234 387
668 1701
1003 1778
1451 1652
446 1131
1270 1709
413 435
125 1992
1183 1524
73 1586
281 1478
935 1464
723 1161
874 973
79 1466
59 77
701 720
957 1150
118 709
382 1246
1435 1487
189 1845
1513 1815
9 1719
646 1580
438 653
830 1806
1063 1266
545 835
889 1984
1402 1883
1206 1424
324 648
103 1053
1790 1968
760 1325
616 1089
260 1974
391 1963
1458 1651
695 1111
1369 1787
688 1812
253 1742
814 1849
371 1805
157 1581
1281 1327
188 360
239 670
370 1111
1431 1639
874 1437
1614 1854
749 1782
121 533
1809 1821
329 742
297 1816
1441 1462
1192 1620
692 1971
671 1619
28 419
711 1753
1182 1647
1249 1711
1575 1827
1362 1756
689 772
784 1165
47 507
192 318
616 1721
1520 1719
434 1221
737 916
16 644
1584 1848
1149 1510
1218 1819
155 1817
499 810
977 1287
1395 1900
1083 1932
381 1768
880 1860
1567 1830
887 1184
471 846
403 1917
57 630
979 1700
1734 1842
45 1378
320 527
105 941
84 992
847 1995
328 1980
1397 1720
1332 1857
1145 1352
200 1854
141 967
1218 1514
738 1606
1566 1944
674 1117
875 931
1377 1692
837 1864
711 756
517 607
131 561
1129 1479
825 1427
181 1011
673 1055
1361 1406
54 986
842 942
1212 1564
38 97
385 1841
926 1803
592 1095
1665 1736
872 1252
683 1657
1206 1877
590 850
909 1521
765 1526
664 1187
775 1337
136 935
892 1818
535 1460
405 839
48 1771
470 843
119 1023
475 1614
79 486
1187 1264
68 623
508 1247
251 1290
66 1686
829 1931
265 1205
1256 1278
544 1803
1255 1623
451 622
531 1735
658 1587
170 401
206 285
604 1966
4 1879
577 1238
669 1521
405 803
751 1333
889 1974
350 577
33 1353
147 1454
1300 1434
662 1688
625 1858
292 1045
481 1217
14 91
542 633
17 1467
643 1653
785 1099
1522 1572
371 1964
462 1098
627 1661
35 1157
340 1795
1074 1286
117 797
812 1203
1407 1813
354 981
321 1770
185 1969
1025 1745
219 1864
1697 1703
654 1998
1846 1949
504 1022
346 468
1351 1806
1814 1829
33 58
673 1288
107 1738
352 602
301 1582
628 900
369 1236
242 1204
1598 1875
1026 1289
389 452
636 1721
861 1642
1366 1699
1622 1834
1291 1444
210 1729
353 929
1788 1802
208 1067
424 755
614 1966
56 1171
1188 1695
758 1805
498 694
322 1194
777 1823
1520 1883
407 1141
406 1902
910 1442
91 984
784 1451
748 1629
410 819
937 1038
697 1468
552 1619
567 1620
212 1681
757 1296
629 845
188 343
390 1973
368 1093
685 1032
359 1320
247 774
929 1602
607 1327
696 1335
1680 1873
980 1611
760 1791
864 1238
433 1059
321 1598
484 1970
41 311
1519 1532
187 489
841 1428
420 1559
1723 1744
1306 1743
966 1941
536 1549
869 1779
1373 1470
662 900
1051 1095
83 1362
821 1370
994 1370
1219 1368
667 715
157 1198
716 1865
1267 1875
1110 1892
418 1722
504 1402
80 1242
648 1303
708 1554
450 741
35 639
144 1783
864 1391
62 879
1239 1785
85 759
1127 1132
713 1458
176 1192
675 1538
1138 1636
142 1017
782 830
583 1349
269 1042
894 970
715 1496
656 1295
1487 1591
51 101
128 1203
104 607
834 912
290 1333
631 1714
19 1678
857 1492
343 437
558 1461
258 326
646 951
1136 1516
840 1068
126 645
1082 1220
245 328
460 1609
128 1605
681 852
975 1126
657 1341
1180 1337
299 1363
1199 1892
371 1561
202 1760
213 1412
1318 1763
597 1565
118 1937
92 1311
56 1998
283 435
283 448
184 828
367 1820
394 941
747 1252
16 564
88 1921
617 1556
1114 1440
29 1313
1484 1970
871 1329
1209 1301
326 1068
321 1452
379 1113
651 662
1072 1543
941 1109
34 264
396 1508
1565 1569
1495 1767
341 496
1387 1546
139 755
468 1612
853 1144
101 668
1357 1400
1098 1696
580 1287
541 1785
974 1436
115 1311
374 1981
399 1701
781 1525
485 1479
736 1557
645 1915
1596 1757
465 1248
875 1558
161 1323
914 1042
377 479
1685 1983
1263 1579
1030 1354
228 1571
45 276
219 1208
937 1902
274 890
93 1224
114 1981
661 1229
555 976
47 1228
226 947
1731 1797
778 1718
757 1367
193 248
65 76
815 1650
364 1285
634 1200
168 1410
1837 1978
701 1850
1362 1951
317 904
525 1793
1024 1588
816 1202
663 824
324 1451
661 1348
849 1388
78 440
481 958
733 1582
1734 1828
286 1872
201 301
1329 1715
199 1010
201 1408
453 1756
630 773
417 1827
1717 1921
1504 1862
572 743
973 988
738 1610
598 936
196 1956
412 595
217 348
523 873
186 1892
418 1801
1265 1528
813 1629
959 1788
332 447
1193 1807
1815 1840
628 928
5 1318
1654 1914
124 899
249 859
1167 1511
851 1483
262 831
643 1380
1276 1725
729 1572
761 1576
979 1299
131 1744
671 1344
361 576
165 1429
624 1755
1600 1893
656 1676
86 586
877 1132
1173 1824
121 1477
992 1173
8 930
409 1764
1020 1227
316 1162
876 1174
350 1523
362 632
221 1484
525 1777
358 939
1197 1236
262 1861
1074 1787
205 1730
1178 1401
821 1417
954 1759
424 628
1085 1852
686 1473
512 1006
506 1562
410 875
213 1128
497 1852
1718 1921
1008 1364
1118 1363
15 1398
449 1153
911 1811
386 888
64 1929
1033 1592
805 1515
1364 1772
397 1811
18 1604
612 869
494 1112
582 665
733 824
969 1911
168 1943
484 963
724 1839
230 1685
256 346
1094 1432
1400 1812
1049 1347
5 1761
63 1224
994 1441
1708 1730
1708 1933
869 1475
1435 1650
438 948
1070 1726
1375 1967
809 1867
924 1779
879 1941
1484 1740
1044 1364
662 694
747 1310
659 806
573 982
673 1367
595 1496
587 1742
459 1987
109 1347
302 1618
478 1096
195 316
319 1481
989 1365
1341 1710
242 1430
1946 1948
1704 1868
1027 1204
790 1738
635 1119
37 1115
640 1846
182 828
947 1402
797 1987
459 1729
1094 1100
198 1503
107 1607
1125 1748
1151 1243
1013 1434
1056 1706
1174 1777
433 632
389 1528
521 712
55 174
1265 1916
149 891
933 1079
1012 1884
1760 1971
792 1248
435 1356
202 1479
761 1310
308 1850
758 1356
989 1376
865 1935
1023 1508
248 340
413 1101
1393 1795
396 902
193 277
1347 1642
364 1115
311 1063
295 640
687 876
808 1002
751 903
806 1440
1149 1899
903 1759
538 1684
55 409
282 1625
605 659
1250 1343
306 1899
569 1905
1195 1486
