216 610
683 831
219 527
448 758
151 301
266 547
288 828
834 881
168 196
707 737
54 209
393 491
223 524
509 697
181 308
523 597
70 719
92 212
323 765
288 690
395 829
238 332
469 643
505 891
194 309
285 579
19 73
410 819
108 265
125 608
271 330
357 854
260 889
507 604
207 430
198 221
96 508
277 475
590 850
632 708
412 641
103 893
737 842
404 446
540 590
51 101
427 445
159 744
9 504
243 537
305 420
115 601
305 381
756 760
411 749
751 771
642 753
6 832
570 772
221 528
525 876
474 485
89 526
128 812
560 830
401 659
16 564
283 448
190 425
229 267
215 382
63 93
465 514
283 435
622 731
137 491
248 816
472 874
267 578
214 451
439 771
180 848
484 725
571 799
109 861
549 718
379 696
133 347
446 590
176 675
356 511
470 887
709 836
228 335
518 701
79 486
210 824
208 507
633 812
640 809
487 567
202 485
418 687
130 157
389 463
147 766
39 473
120 177
555 761
267 477
138 378
407 781
423 592
67 718
341 486
172 661
26 323
261 672
417 770
149 538
677 884
397 585
838 847
362 632
424 628
559 649
94 138
188 360
355 403
205 374
160 805
25 673
24 266
232 674
586 884
224 723
575 788
400 603
62 879
557 619
551 717
18 240
175 831
443 578
581 644
51 82
206 285
126 637
304 809
338 667
165 479
503 647
122 264
462 608
569 808
306 649
0 132
48 145
247 774
154 252
199 376
303 371
592 700
326 840
333 465
519 620
454 800
13 262
5 8
137 199
417 695
364 892
722 785
226 535
60 548
169 274
453 743
71 272
355 454
235 403
71 739
207 494
77 493
37 105
115 204
131 561
112 408
481 598
15 396
40 257
387 631
319 882
45 197
273 287
146 810
353 700
42 131
501 658
217 348
371 758
493 871
705 899
384 698
104 607
106 585
515 540
299 423
818 867
330 672
703 889
545 636
170 401
40 492
561 584
49 784
545 835
116 569
547 859
656 681
315 609
383 400
118 739
255 440
234 387
237 412
28 467
122 536
364 394
391 880
245 328
58 720
164 429
29 185
302 602
502 882
422 779
92 204
282 488
43 95
253 788
327 478
68 623
566 765
185 583
35 639
544 655
344 534
500 724
366 480
723 878
389 452
452 692
144 233
139 358
69 658
764 794
110 742
328 519
598 611
136 294
276 512
350 577
21 839
614 808
165 195
391 860
200 717
139 755
154 884
143 661
334 437
329 742
15 278
471 846
630 773
659 806
81 434
124 128
30 76
523 873
752 754
617 858
587 631
290 751
315 654
619 735
517 605
187 489
224 464
414 442
554 801
775 815
242 461
716 820
460 730
212 434
1 231
621 817
36 153
192 318
375 836
59 546
487 760
509 871
148 584
349 783
75 573
6 752
312 807
589 841
200 235
363 611
130 380
95 165
406 482
223 416
499 810
472 853
68 392
295 640
219 697
97 457
333 792
459 797
351 589
225 558
257 474
646 792
192 618
710 883
153 767
146 312
141 186
2 217
256 346
604 614
287 373
303 317
284 373
219 837
204 713
559 877
663 824
426 638
148 275
722 878
135 521
252 727
4 734
47 507
61 169
28 833
249 813
281 861
495 733
236 300
386 660
215 646
220 229
324 784
605 806
549 612
56 77
410 875
151 433
556 872
10 314
59 77
574 827
432 551
337 834
289 896
105 793
335 619
471 787
175 674
147 201
442 746
286 550
416 728
369 729
346 669
413 435
301 733
78 440
424 755
291 430
293 739
135 688
46 734
641 736
363 449
57 801
628 662
772 898
563 683
4 179
322 390
244 714
123 634
41 311
310 518
176 567
150 713
8 265
78 851
553 570
233 808
231 274
182 414
305 478
636 715
450 691
844 890
277 432
506 862
161 541
314 849
156 618
600 629
110 726
254 689
413 805
32 108
334 377
221 354
675 768
12 807
415 796
171 378
28 419
55 174
66 387
414 558
80 639
863 870
531 557
343 437
84 885
802 820
54 864
337 345
162 508
782 830
226 504
433 750
35 330
447 851
490 693
155 506
274 890
667 715
348 525
587 836
90 780
295 309
183 444
533 893
280 548
489 520
144 541
127 750
93 418
114 359
73 98
344 898
241 897
23 497
216 588
549 815
46 307
111 406
522 664
367 769
498 694
261 506
205 594
292 703
85 724
158 493
832 867
259 597
178 322
714 837
497 774
27 125
186 676
12 870
120 613
83 406
3 786
490 721
52 625
436 562
462 782
341 496
368 738
42 678
589 760
65 76
191 246
16 644
361 552
72 889
213 371
701 720
33 58
251 652
34 264
270 757
280 600
152 306
210 459
534 677
97 572
194 766
539 795
245 625
334 367
50 53
779 814
43 258
113 560
665 898
345 461
49 209
101 668
114 374
244 269
180 449
317 481
511 652
320 790
640 657
313 732
595 667
234 780
389 786
613 732
38 97
272 439
10 811
405 803
427 682
239 670
260 796
5 763
269 815
186 789
515 810
301 845
61 533
134 678
203 847
208 365
180 770
537 886
170 457
82 298
338 488
227 764
357 626
9 156
117 797
539 711
143 390
45 276
736 866
458 752
166 798
496 804
37 394
326 564
453 783
7 382
144 456
319 705
377 479
149 833
582 665
107 790
616 774
20 406
762 763
220 388
261 444
1 145
42 581
558 864
64 481
543 688
279 811
698 873
118 709
552 671
167 546
789 826
179 832
133 402
149 891
265 331
313 775
24 641
331 781
268 293
44 706
55 842
148 702
577 686
22 658
260 827
51 844
412 595
396 886
775 777
422 688
236 881
163 438
342 398
68 163
689 772
353 854
719 842
359 698
29 787
517 607
57 630
599 770
650 813
279 735
121 533
494 726
381 615
96 744
50 76
577 864
87 885
332 447
547 594
113 856
778 801
195 316
500 706
297 819
168 366
767 811
54 240
140 318
188 343
455 821
393 850
166 505
466 741
707 875
263 477
721 827
129 468
681 852
572 743
186 588
237 710
62 578
629 776
218 510
498 562
158 568
711 756
227 573
86 586
322 894
278 376
81 522
184 682
843 892
220 637
428 868
171 250
455 464
425 888
106 316
594 730
653 666
63 894
298 508
90 855
111 292
222 526
722 768
250 605
88 778
536 825
372 803
126 645
140 852
438 653
163 825
5 749
109 273
228 696
351 791
821 885
325 379
99 593
448 634
671 680
470 843
704 747
329 583
530 646
91 785
168 519
624 656
125 132
441 785
407 829
370 695
27 691
397 799
211 416
94 516
470 866
258 860
388 802
14 91
60 142
336 870
428 693
476 515
241 413
320 527
202 793
512 720
84 129
70 846
275 823
136 385
580 626
124 173
246 740
102 290
141 690
198 635
799 822
286 696
52 755
225 627
624 849
127 480
31 858
41 465
420 673
591 608
20 164
11 196
85 759
211 727
31 265
34 565
270 673
102 883
431 645
339 768
502 532
422 462
524 794
13 38
56 654
307 685
324 648
150 203
230 613
473 543
53 74
297 372
502 876
405 839
352 602
566 685
579 802
700 819
356 725
138 550
491 606
308 701
350 568
19 69
580 684
308 865
745 788
251 458
294 382
411 896
419 571
247 731
347 675
7 814
191 630
81 295
539 855
727 853
160 635
124 899
443 513
83 783
621 896
166 857
268 513
3 474
521 712
399 668
253 375
400 679
712 761
383 461
193 248
285 630
103 702
116 130
248 340
40 300
19 86
173 877
74 199
89 685
603 729
296 440
284 340
426 874
542 576
596 882
551 863
704 872
281 554
261 615
213 556
817 818
699 707
112 737
119 183
174 409
346 468
189 895
555 747
47 321
218 472
100 804
450 741
432 529
155 207
17 386
478 753
380 451
323 480
299 728
502 687
342 613
629 845
33 769
78 466
63 421
663 733
542 612
201 301
542 633
44 795
643 718
352 627
193 277
526 738
198 484
340 544
500 520
612 869
499 503
651 662
748 859
262 831
187 857
386 888
361 612
553 702
249 859
79 895
17 150
93 452
651 694
182 288
239 790
616 835
433 632
392 670
451 622
184 828
99 767
79 450
258 326
259 593
302 358
214 483
