549 1491
834 1517
776 1109
1700 1963
681 1217
405 1249
170 994
616 825
1267 1801
1532 1655
70 1018
343 389
573 1278
935 1496
1793 1795
459 1846
1258 1634
26 1642
96 1407
597 1351
98 1512
521 1328
743 1818
362 1954
1731 1981
1739 1849
708 1450
63 1442
294 783
1196 1483
611 758
955 1895
156 1675
1600 1660
318 331
72 745
369 634
176 1827
30 1764
735 1269
288 740
1015 1895
97 222
663 1080
767 1687
546 1953
772 1557
586 726
750 1685
764 1115
841 939
881 1079
736 1319
292 1291
457 1414
784 1471
313 1112
1082 1345
506 1544
66 881
761 1509
476 1948
374 1625
1186 1500
1149 1699
383 945
92 1441
346 1050
518 1855
332 1203
1220 1469
805 970
159 1513
236 1333
93 778
152 1969
441 883
562 1787
1371 1616
874 1276
132 1478
272 1449
1398 1486
95 164
327 539
162 1046
1742 1761
1325 1960
180 879
1031 1897
424 1161
260 1124
656 1137
242 915
556 1245
704 763
1038 1243
244 1746
867 1472
17 385
365 390
965 1763
932 1891
721 1693
139 226
509 1084
762 826
42 1888
1796 1993
1076 1944
964 1151
964 1238
1610 1804
221 929
271 1412
642 1052
69 1839
470 1935
467 680
859 893
971 1805
1321 1443
163 557
451 884
1111 1326
931 1733
593 967
1047 1230
912 1709
653 1418
790 1444
1010 1599
285 1305
911 1058
552 1679
674 1168
1011 1020
197 443
553 1376
287 1244
812 1586
1164 1861
1373 1534
477 1689
1007 1253
915 1045
658 1338
831 1950
235 1302
136 972
416 1110
326 1223
1146 1564
1611 1824
213 1297
651 1866
716 1751
198 1870
422 1767
1911 1965
988 1841
1315 1811
610 1865
298 433
87 1427
724 1869
225 1468
1454 1910
810 1264
1389 1574
766 1833
632 1755
227 1336
438 1127
192 1034
206 976
597 1781
1648 1744
441 744
738 1211
545 629
855 1235
539 856
655 1889
99 1116
1044 1994
120 1313
899 1878
584 906
1294 1841
423 608
468 1671
522 1561
1160 1220
73 1176
482 1204
340 1596
991 1314
286 1172
130 1451
947 1519
1091 1409
1468 1925
274 1435
1092 1125
660 1099
727 1216
1862 1864
322 1810
189 1909
639 1631
614 1605
710 1636
1169 1557
1021 1233
60 1715
933 941
953 1617
1154 1843
14 1480
1278 1860
836 1365
1266 1548
353 1157
1397 1868
1298 1504
1870 1986
684 805
333 542
1092 1465
427 1501
463 1698
284 642
13 71
384 1162
1421 1854
364 1593
924 1702
1383 1688
545 1323
1177 1784
310 568
1174 1873
690 1727
1002 1457
190 900
777 909
418 1769
1177 1887
288 399
611 793
527 769
1399 1570
1 152
689 868
977 1767
952 1339
450 1039
1777 1884
536 1752
1702 1888
266 799
1354 1598
366 963
296 1545
1438 1530
574 1485
181 1165
386 1432
143 1772
15 246
1285 1994
1202 1342
832 1181
1400 1488
414 1586
828 1759
429 1463
679 863
777 1644
234 1667
1691 1822
115 1045
511 816
341 726
1324 1405
940 1540
769 1846
528 567
737 1417
910 1962
494 1601
1081 1809
380 1808
1809 1939
637 1437
290 633
132 1717
582 1814
299 1870
962 991
88 1814
898 904
519 1229
502 1544
1239 1406
481 692
966 985
1660 1777
318 831
954 1259
833 1455
203 1009
1345 1724
662 1209
220 1563
1360 1800
112 1943
499 604
1185 1348
348 1074
1322 1499
125 860
876 1582
596 671
29 664
1186 1673
695 1289
757 1601
691 724
700 1662
1602 1786
564 1983
144 786
111 571
7 434
1450 1646
774 925
1391 1878
1191 1563
144 755
858 1086
1133 1329
193 1897
304 806
1242 1947
1370 1712
836 1583
670 922
1474 1900
128 1428
62 456
576 696
30 1672
633 849
1402 1791
1293 1991
257 714
200 1928
1037 1226
799 1683
950 1806
416 1655
709 1665
551 923
238 1095
658 1712
75 922
401 1039
919 1054
957 1149
1747 1902
1807 1898
778 1882
250 694
124 1974
495 1554
1150 1773
595 1980
1508 1968
24 1042
307 1425
1024 1078
455 1799
413 1536
998 1000
352 1293
1362 1816
21 909
190 1224
535 1264
653 1417
1138 1776
869 1525
1065 1513
728 1718
493 525
808 1411
1438 1947
485 1338
949 1415
1265 1968
245 342
685 914
485 1489
330 732
139 1932
216 230
733 1231
337 602
353 1223
1180 1946
159 1085
449 670
728 754
1561 1698
262 1103
1366 1871
276 1419
268 1218
211 228
1446 1950
381 1958
901 1984
394 1428
464 945
1266 1816
1027 1624
581 1573
376 1984
491 942
338 850
1426 1788
390 770
1077 1729
676 1986
119 1215
982 1929
1063 1285
78 1380
129 807
94 1263
613 1353
868 1242
929 1924
638 1262
1533 1798
914 1340
215 1087
479 919
378 1938
749 1508
923 1086
142 1041
411 1020
678 1131
233 1515
779 864
862 1743
489 1754
279 294
823 1308
545 669
1642 1878
104 1542
412 1676
1649 1748
808 1627
606 851
378 822
510 1098
42 1387
415 1734
350 1918
791 1010
708 1821
1559 1863
306 1075
826 1033
1176 1989
739 1492
1152 1690
83 1597
58 1294
1894 1975
284 1641
1100 1840
938 1382
68 1362
1657 1748
1022 1163
1393 1824
379 967
747 782
8 1076
1187 1951
1043 1866
936 1626
205 272
1395 1562
202 1666
55 434
828 1647
1144 1689
149 1985
589 1836
204 1990
358 1527
165 1059
56 1552
452 1211
1652 1859
409 1436
780 1261
251 1167
560 730
371 734
28 195
526 1256
56 283
701 813
612 1452
219 1676
72 1539
409 821
525 1209
978 1034
1558 1756
1482 1518
1240 1785
1122 1924
961 1996
895 1849
1049 1357
168 874
718 1726
958 1241
54 550
1271 1851
1157 1391
341 579
1353 1555
302 677
795 1700
1167 1544
1278 1617
555 672
77 1181
246 981
345 1652
12 1588
319 1633
160 1762
1225 1789
1507 1794
301 705
2 803
1123 1195
1537 1740
1289 1879
1448 1622
111 1666
1554 1653
738 1188
322 1696
846 1542
349 1469
657 1970
1147 1410
86 620
1307 1443
259 1792
610 1422
373 1358
7 1350
263 1587
1125 1148
526 1424
1097 1123
902 1120
262 1259
934 1780
1004 1956
893 1118
296 1448
834 1803
1627 1664
1357 1396
921 1779
149 725
350 1175
1460 1990
512 1881
276 1492
344 1136
665 695
247 1150
1119 1629
474 1679
400 852
216 1709
1046 1407
1451 1649
563 1767
134 1856
1093 1330
527 1839
802 1189
1021 1060
1232 1641
461 1476
1869 1933
191 1466
206 492
275 641
977 1774
975 1060
123 395
1388 1392
1062 1584
995 1200
335 1733
648 1580
50 1860
830 903
764 1648
850 1314
746 1591
751 813
1037 1221
1133 1528
5 1967
1292 1304
1354 1855
1262 1533
39 1760
1128 1570
917 1565
891 1588
1241 1578
554 1094
145 1681
656 1088
698 1410
1006 1729
469 1834
363 1572
1875 1883
1714 1753
1341 1616
31 178
911 1341
232 1196
859 1087
787 946
593 1041
935 1758
762 1864
650 1573
575 1512
82 1303
927 1697
650 1897
1024 1096
1084 1380
1678 1881
897 1474
561 1769
498 1725
1372 1802
106 683
1139 1643
948 1969
376 464
692 1966
140 975
639 1199
682 1464
1008 1703
1635 1670
253 789
151 1308
888 1973
287 1964
1923 1977
215 1727
390 979
815 1487
1121 1394
276 514
524 912
1343 1503
1226 1628
617 1216
1465 1514
188 1899
1243 1979
1608 1920
639 1312
1286 1449
1457 1530
609 746
247 894
161 1198
756 1352
200 762
195 1830
1550 1946
1146 1774
289 1401
1066 1145
1498 1845
1567 1633
1016 1213
612 969
1231 1572
704 884
869 1783
1063 1629
154 1663
1268 1476
145 1281
113 174
618 1254
167 1568
708 1035
701 1723
844 990
531 1797
354 1982
797 1505
1025 1847
664 1098
1593 1937
1202 1853
667 1163
465 1068
878 1373
520 933
1538 1651
355 540
315 450
885 1453
1117 1321
687 715
570 1108
1261 1750
406 1945
148 748
2 1832
1427 1615
86 968
126 1607
38 1590
1006 1155
453 1172
273 598
439 1909
1270 1928
37 1288
167 1330
392 1255
198 1040
777 1389
0 101
55 1626
662 830
106 878
524 1241
448 1766
630 1236
1549 1922
1476 1874
399 440
623 942
1213 1361
48 422
107 396
472 1022
1367 1504
757 1090
237 1093
722 1239
417 1130
1202 1381
842 1559
100 1013
761 1087
1429 1453
637 1663
397 627
1085 1397
863 1132
908 1475
90 666
1187 1628
1327 1978
87 1792
1026 1612
150 742
866 1855
234 1401
1183 1886
997 1334
475 1382
1017 1361
242 917
839 875
27 320
1229 1944
1175 1562
887 1823
483 1221
800 992
1440 1598
886 1375
231 1102
264 1553
618 662
479 1620
711 956
1179 1815
1179 1809
913 1251
320 1091
1317 1789
595 1665
517 1833
979 1575
1368 1785
117 1877
1167 1420
581 993
1194 1737
620 1987
532 1223
1744 1971
838 1074
197 1946
232 1639
377 1033
146 631
166 1976
995 1737
3 1725
1408 1552
143 853
850 1311
732 1355
1126 1451
194 775
105 328
1279 1862
62 720
293 526
1005 1505
648 1401
1287 1613
1327 1589
1525 1819
76 970
1033 1280
127 548
9 173
482 1061
647 748
1215 1528
926 1472
1193 1240
212 1009
721 983
1363 1477
611 1985
223 1566
238 798
316 943
1581 1732
561 1139
1141 1843
664 1158
1543 1677
667 851
419 1286
365 493
5 688
338 1531
936 1958
1165 1905
599 1654
885 1073
591 1276
1031 1275
22 934
992 997
265 793
1253 1742
297 679
1390 1987
1718 1812
47 1917
398 1507
59 930
210 1023
1134 1318
387 1409
759 798
529 1393
1130 1650
52 335
32 1275
571 1734
1754 1998
398 480
845 1637
1778 1779
444 1854
592 1677
730 933
501 1053
765 838
447 655
1658 1672
1230 1416
891 1490
699 1458
1771 1823
880 1042
366 1523
41 1458
1111 1614
1533 1685
24 1485
514 1304
35 1271
973 1426
503 1056
445 714
1549 1934
138 1934
141 347
872 1768
93 1069
370 1686
822 1036
134 1604
720 1977
840 1832
1494 1959
1222 1447
873 1797
324 1675
1651 1669
707 917
615 1978
356 1462
428 666
74 468
1260 1738
1233 1765
854 1487
987 1396
46 1131
153 1650
677 785
1593 1988
81 1984
996 1166
105 1282
187 1578
291 959
998 1573
1263 1857
430 1783
1011 1470
992 1713
663 1411
753 1083
404 1842
697 1182
894 1607
154 504
146 755
303 1014
1028 1732
1606 1674
771 1918
1003 1350
719 1305
481 718
1388 1424
1529 1618
426 1083
391 1877
1059 1469
492 548
866 1106
79 1705
1487 1721
1225 1456
34 1362
522 1373
741 1684
871 885
771 1867
706 1300
157 1728
532 569
1227 1790
1759 1959
296 671
342 1731
553 1206
261 1865
1439 1708
948 1177
807 928
827 1210
49 686
309 767
172 652
372 882
277 1959
123 1290
517 823
904 1403
1865 1880
217 405
261 1055
280 483
210 1556
51 1920
8 91
1412 1982
1302 1695
1239 1960
1497 1596
957 1829
347 1972
1603 1646
1659 1682
1207 1388
1379 1539
251 1300
500 1646
106 1463
1587 1899
692 1801
226 1251
265 675
694 805
46 1161
555 1121
324 1489
1462 1992
252 1380
802 1250
1295 1551
258 1701
643 1337
252 380
115 671
312 1191
651 1747
715 1902
1493 1847
397 861
323 1669
1316 1999
990 1637
72 1694
495 1625
358 1722
1766 1776
796 1247
575 972
86 1996
757 1026
75 984
78 570
755 928
249 569
128 1347
142 1581
1494 1703
789 1404
1234 1510
562 1835
274 1032
91 1861
99 1228
1189 1331
1007 1454
999 1516
835 1584
554 1206
599 646
624 1261
638 1837
535 1736
1342 1695
1398 1587
847 1708
1545 1657
4 908
829 1237
412 1997
471 684
317 1543
731 894
175 760
428 1677
1310 1907
1027 1315
795 1736
1621 1699
1705 1922
956 1222
951 1568
871 1842
952 1072
157 1320
829 1025
513 1484
1008 1569
904 1802
916 1516
268 430
623 1716
1697 1976
946 1248
651 984
31 1872
1050 1363
817 1200
402 1051
1413 1769
42 723
420 1142
1311 1495
1640 1684
887 1019
980 1129
388 1119
889 1936
1135 1510
1129 1881
1622 1852
1508 1579
1359 1461
943 1404
1236 1282
295 541
122 1043
1137 1197
91 1602
171 1503
511 1529
169 1631
360 1612
1273 1527
441 1114
432 1938
706 916
487 1382
1243 1632
578 698
51 865
127 1696
369 788
1106 1330
1144 1904
523 981
717 827
723 946
1127 1726
437 1088
1707 1745
218 245
1372 1876
442 1134
269 843
47 1711
1014 1325
797 1536
1265 1914
1250 1486
247 1117
661 1511
825 1188
504 816
1429 1806
801 1940
853 1141
305 1082
6 1906
458 956
1496 1632
23 1818
304 920
982 1882
608 1840
201 1360
1192 1236
424 1574
1381 1896
249 544
814 1581
1126 1579
973 1195
67 978
587 1358
74 1925
222 1927
1434 1436
890 1858
300 1245
145 1903
398 484
436 1575
44 1374
302 713
1369 1810
733 1481
739 1155
593 640
196 1916
1679 1830
1724 1835
717 1719
1433 1633
530 736
1395 1461
396 1057
1680 1828
795 1192
646 1686
1439 1939
625 1904
1147 1782
927 1632
272 763
713 1927
659 1576
413 1500
1773 1858
413 1772
848 1168
1770 1872
1072 1820
752 1547
522 1623
186 1252
1145 1915
1094 1906
637 820
253 1788
110 947
282 1978
23 809
458 1221
201 713
431 1784
68 314
849 1198
1156 1645
1442 1525
533 846
626 1041
153 1246
537 1153
1356 1491
1163 1998
57 1051
937 1472
771 1502
819 1728
604 1597
875 1301
921 1306
1209 1366
451 455
588 1064
1218 1778
1542 1848
1120 1944
223 286
1219 1332
435 780
1259 1900
1103 1336
1069 1834
201 1308
255 1582
903 1916
126 1822
1049 1848
1170 1765
116 1173
1287 1461
1019 1825
264 1644
169 559
939 1459
321 806
652 842
1 1619
324 1955
505 1433
403 839
260 559
138 1901
772 1101
907 1296
624 1688
160 1901
1274 1621
83 414
685 1178
905 1242
158 1331
217 1999
804 967
352 1645
1297 1967
676 818
420 1028
161 717
1701 1936
97 1357
924 1499
1135 1885
1074 1459
14 1400
1013 1719
727 1249
1173 1501
1412 1730
1067 1556
1012 1652
899 1919
355 1386
968 1541
814 1662
1281 1566
173 752
231 1764
510 1857
1309 1932
208 1815
399 1301
703 1356
944 1490
183 1930
448 1896
1270 1829
833 1819
719 1273
172 604
184 1749
184 465
214 803
183 820
1184 1926
381 1886
1180 1738
49 1029
999 1524
1755 1796
179 1378
170 1158
1002 1197
1668 1883
109 1592
819 1565
527 1745
128 1689
67 809
48 959
467 678
1635 1879
737 1791
920 959
89 712
1421 1518
190 1358
1128 1964
628 1546
882 1160
317 1610
342 437
109 1215
516 1277
450 534
872 1506
336 1810
792 1692
602 1780
1355 1571
705 1797
285 566
51 360
473 852
903 1053
24 784
1539 1604
278 996
460 665
1378 1715
155 877
212 1932
748 1378
457 901
1104 1964
1537 1804
675 1734
105 1760
617 1876
578 1023
1200 1609
61 426
454 962
1413 1836
361 1547
371 1268
1364 1995
137 1899
975 1666
362 788
1502 1989
1104 1423
699 1138
600 905
807 1434
1811 1903
78 635
25 987
1511 1826
281 1661
1071 1110
207 1569
368 1008
621 929
1283 1692
462 1606
1061 1943
718 1589
57 1470
206 1621
102 702
22 330
1430 1941
257 723
297 357
631 1467
870 1890
414 779
1337 1390
1790 1894
1285 1837
1088 1705
1018 1166
64 1936
693 1703
508 1577
1399 1591
325 1910
768 1615
1277 1384
649 1952
1654 1725
155 445
118 900
766 1237
52 1975
1109 1319
37 107
1329 1480
1089 1911
18 1531
908 1430
754 1156
1142 1945
375 858
1377 1582
1497 1730
18 1369
1099 1962
880 1344
1210 1596
471 800
901 936
1078 1693
1172 1974
702 1868
1520 1749
598 1301
496 1471
368 710
54 1148
1334 1782
861 1531
19 1385
64 775
1583 1941
1423 1668
236 1096
886 1979
1048 1973
734 1670
1422 1753
466 1444
419 1452
265 1112
135 848
918 1977
403 1113
774 1252
133 1858
1361 1845
563 1683
339 1991
495 1256
178 1295
706 740
228 1599
585 876
1164 1609
1651 1829
133 1904
1562 1845
61 1295
644 1495
818 858
81 116
821 1075
177 1876
538 1102
1826 1863
1307 1740
729 1140
351 742
1048 1735
1620 1747
435 1931
228 254
187 1339
199 1026
1374 1817
605 1067
198 1997
960 1709
585 1515
812 1318
749 1205
267 1327
974 1704
425 644
832 1560
171 856
1431 1585
1504 1974
641 1426
400 1182
80 312
768 864
240 1288
791 1817
1012 1208
269 794
660 926
985 1594
829 1001
722 811
20 541
407 1060
847 1108
1257 1713
1410 1671
1035 1630
1639 1961
1838 1883
205 1686
1107 1961
47 1318
680 715
736 1638
752 1771
1084 1214
367 1466
961 1728
168 1012
1775 1787
587 711
742 1997
1138 1893
958 1280
1116 1571
938 1244
243 1171
1174 1820
862 1614
774 865
505 1908
871 1859
1309 1811
974 1016
254 965
240 1710
600 1992
1130 1535
792 864
1214 1328
1052 1564
870 937
963 1029
634 1194
1190 1446
298 1400
351 1429
515 1132
654 1434
576 1136
1334 1346
1375 1404
404 1526
1706 1887
1707 1892
583 1423
918 1610
407 1217
1569 1674
171 1952
240 1298
243 1205
1367 1441
840 944
920 1741
675 1471
515 1640
367 1590
845 1540
305 942
103 400
256 1027
1001 1838
856 1228
1153 1325
456 1326
677 1247
1003 1422
280 931
1634 1682
741 983
214 1526
537 1594
532 1385
1272 1317
283 1174
689 1768
556 1116
122 1413
824 843
27 1190
567 1368
590 986
862 1345
278 1757
181 846
940 1789
1135 1420
321 1070
857 1957
696 1743
585 1970
704 1058
16 1364
760 1111
741 1255
64 1942
292 1303
746 1348
516 1303
1218 1488
1653 1874
790 1761
79 657
598 1714
955 1719
873 1110
1100 1785
892 1473
1032 1656
109 756
439 792
43 1481
25 1482
879 1957
82 1193
697 1940
359 1347
13 1910
1056 1352
143 1143
1201 1280
174 1905
160 1831
1521 1527
980 1335
393 1271
320 421
185 1611
336 1715
1406 1890
705 1481
1258 1760
794 1316
408 841
703 1369
332 1238
986 1720
16 315
147 1659
316 1534
1324 1602
790 1208
372 1030
329 1115
1707 1851
308 381
726 1040
932 1077
1073 1479
607 765
697 1432
781 815
488 1658
621 1753
38 1745
838 849
10 860
1776 1912
53 386
10 837
587 1328
182 1723
195 1720
1535 1690
951 1204
239 584
121 988
709 1577
1153 1672
84 1514
776 1332
529 1287
1812 1917
691 1814
759 1249
465 1598
1313 1654
1553 1671
339 1428
1054 1114
669 1489
542 1384
890 1105
1377 1500
77 1467
786 1678
40 1830
701 907
690 1159
1020 1191
822 1199
177 674
636 831
334 1752
873 1162
311 1245
151 1567
691 1484
930 1913
1343 1376
176 603
1408 1517
847 1152
1296 1754
466 810
619 1636
799 1418
318 989
978 1757
389 1567
397 536
1112 1655
614 906
1354 1463
310 1171
209 556
981 1264
922 1770
513 1201
710 1640
1029 1821
1546 1921
1722 1980
896 1184
1312 1435
533 1921
1109 1687
928 1521
747 993
410 782
49 949
177 1900
896 1149
574 1119
462 1203
1062 1089
1751 1850
1080 1475
446 754
1595 1912
1585 1911
683 1522
11 1934
728 845
224 1867
40 1371
622 1694
693 1627
216 1664
490 1815
1137 1756
1349 1603
892 1558
244 1349
579 815
1154 1616
208 1403
1017 1170
355 1987
65 1993
469 542
745 953
327 333
63 1370
969 1164
1580 1793
1232 1283
1617 1893
131 1509
0 1217
21 891
478 1893
588 650
1145 1681
564 1442
383 540
295 655
642 1265
89 859
45 1795
36 95
1260 1805
164 759
1638 1856
1015 1178
1030 1965
484 1097
17 432
372 1483
497 668
1548 1551
1046 1625
965 1065
85 182
645 1638
473 1943
1763 1844
798 1250
57 1507
1266 1931
1630 1938
80 1972
1738 1889
482 1755
515 546
716 773
930 1827
123 547
248 1496
1895 1907
1891 1948
669 1425
638 1605
65 438
270 391
33 1947
346 1290
1336 1445
108 1913
910 1877
1477 1935
1316 1840
603 1949
750 888
668 1595
653 1057
1402 1850
1407 1813
192 1212
1284 1685
855 902
431 743
616 949
1913 1963
1577 1818
194 860
73 1211
497 1333
131 1490
229 613
837 906
387 1513
1292 1661
271 1492
84 1479
941 1499
712 1322
1059 1306
165 857
227 565
58 725
436 1954
1169 1344
1294 1307
1048 1884
382 1445
32 1691
751 1822
159 557
1051 1427
811 972
575 1299
1323 1648
947 1441
700 1431
1739 1942
34 881
443 1519
1212 1919
601 1121
1269 1880
817 1394
1919 1988
1628 1662
1079 1460
1717 1852
1166 1468
558 1925
609 783
1576 1613
114 1825
994 1025
694 1825
1592 1956
796 1009
1004 1667
796 1828
519 1967
421 1898
1425 1813
486 1807
507 1353
5 204
1372 1555
241 1323
486 1571
729 1600
572 1576
1284 1618
682 1758
1254 1464
191 1455
1716 1781
594 1340
1524 1935
470 1995
914 1104
98 1007
263 1234
543 1731
1269 1416
56 580
199 716
673 1512
577 1234
283 1272
