700 1472
342 715
719 1026
535 1560
657 1930
144 1281
866 1535
97 1221
769 1225
1389 1614
99 1294
95 1831
238 1713
773 1027
292 1166
922 1623
801 1683
1899 1994
469 1668
947 1751
67 1665
4 1992
1021 1379
1240 1430
503 1094
390 629
765 847
1517 1616
1659 1681
1386 1426
1070 1410
785 1025
8 683
308 720
1558 1801
346 624
23 519
1108 1515
142 808
1450 1455
1651 1957
598 1645
189 884
565 646
1038 1846
723 1592
243 1374
663 1914
507 1954
51 623
1170 1873
1039 1097
341 1647
627 1827
1178 1327
1051 1462
556 959
755 899
363 1786
1422 1599
106 704
983 1316
790 1219
845 1201
667 1929
59 1172
804 1179
1338 1898
146 428
780 1085
1192 1233
975 1334
911 993
405 1742
945 1349
561 712
697 1129
1067 1778
520 1510
219 992
368 1658
385 468
1697 1738
778 1497
1135 1694
1584 1798
816 1120
548 1746
878 1581
548 1389
16 1055
419 691
408 1396
479 1796
265 723
792 1052
552 862
410 1093
280 1272
1069 1741
1606 1612
121 1578
266 1562
218 1791
245 699
107 813
1267 1564
1550 1913
817 1932
75 1565
172 999
285 1209
311 1636
813 1269
461 1642
58 1793
970 1016
1139 1700
736 1996
907 1791
1259 1845
1424 1826
986 1157
750 1337
1482 1919
942 1154
378 1583
453 1394
381 1032
685 1259
916 1105
1676 1922
587 687
963 1970
1378 1441
82 197
1578 1945
1190 1524
1184 1521
713 929
695 1409
627 748
1408 1607
1572 1896
964 1609
842 1151
1106 1715
502 1405
53 1824
282 1821
1291 1964
1065 1545
227 1706
79 1990
223 1626
1058 1664
663 1279
639 1365
1227 1984
783 997
358 1688
35 835
312 388
549 1134
838 1183
433 1776
1234 1447
788 1603
475 1610
279 1619
1125 1739
313 840
1441 1513
436 1214
249 1969
692 1145
412 1331
616 1926
1799 1817
1177 1969
456 1296
365 1779
771 1091
232 1834
80 476
1567 1770
118 1718
210 430
541 651
718 869
652 1056
1113 1549
307 1421
1695 1876
1123 1325
491 817
194 1207
1213 1475
1076 1285
1246 1825
886 1631
200 1995
173 1615
70 1676
509 1717
841 909
187 346
36 841
832 1375
121 1253
1435 1890
595 1846
889 1638
660 1685
514 672
625 1237
1329 1721
1918 1959
914 1622
309 796
91 1271
322 658
211 851
714 1035
1241 1670
710 1972
594 1152
617 1419
607 1261
287 1544
1367 1618
480 583
166 1624
1132 1478
593 670
1024 1287
303 1486
252 1045
1561 1565
1643 1731
674 1749
823 838
1147 1835
1505 1615
1386 1516
1061 1292
227 1191
1159 1431
1020 1104
1289 1463
1503 1627
1018 1187
1198 1883
1114 1339
1469 1479
572 859
1822 1963
1326 1590
77 934
418 1724
1384 1650
113 189
184 1749
1307 1313
967 1856
162 1779
199 1196
114 602
1865 1882
425 1575
48 498
229 900
33 1106
1591 1813
730 1043
1499 1902
57 1537
633 1533
1068 1078
1417 1761
1925 1975
897 931
628 676
338 908
910 1401
1940 1978
1229 1869
288 1229
1195 1955
497 1158
693 1920
383 1698
894 1991
1232 1748
818 1211
1423 1842
570 1992
586 831
87 814
179 1637
1398 1416
363 783
173 631
1643 1724
879 1701
1707 1744
12 1188
839 1051
1162 1445
801 1398
853 901
784 1876
116 1372
520 1406
139 1201
151 1925
1102 1777
1497 1534
162 653
1286 1507
911 1144
1255 1328
320 1298
1341 1425
71 1555
917 1382
334 725
261 545
839 1236
743 916
736 893
599 1852
500 933
1411 1820
904 939
986 1661
1198 1244
209 984
1040 1662
131 1961
1058 1899
1268 1985
1082 1144
726 932
333 902
366 882
298 749
449 1943
277 283
209 1549
864 1684
28 415
1450 1903
126 171
540 1582
371 1950
156 1859
729 822
43 1740
513 787
667 1029
745 1973
1408 1554
758 1193
946 1308
915 1141
158 285
1276 1892
1075 1217
1346 1646
1245 1850
746 844
56 522
640 1242
455 1552
1494 1802
526 1818
827 1264
734 1627
1168 1605
229 685
1083 1754
258 380
214 1412
1139 1775
820 1031
1833 1942
307 1928
505 1932
52 1301
554 1228
1809 1939
642 1693
123 182
267 391
392 1465
1653 1885
1698 1980
976 1746
661 853
1468 1870
191 1180
1022 1453
809 1218
1037 1525
1586 1961
1566 1877
612 1905
1252 1395
528 1386
1022 1520
1364 1843
407 1017
285 1958
458 1545
538 644
1260 1823
1103 1674
1312 1541
112 821
246 559
401 1868
263 1628
230 1894
613 802
560 1857
979 1084
921 1112
1258 1878
666 1594
1965 1966
299 1728
813 1848
781 984
654 1054
1253 1289
1184 1931
469 705
1469 1977
1118 1891
819 1889
68 1693
40 927
1284 1928
1636 1825
1317 1554
852 1137
264 1371
1107 1556
747 1322
845 1188
523 1486
288 1455
74 625
953 1863
1547 1663
371 1926
727 1418
354 1062
1073 1195
1181 1278
431 1671
615 735
609 1831
577 1886
1563 1808
130 253
631 1960
973 1348
592 1881
1518 1999
943 1345
938 1998
95 1216
1512 1841
1465 1735
745 974
1024 1262
13 1727
1203 1860
125 1907
987 1686
353 832
687 1729
758 821
118 254
313 1395
2 1115
316 1523
200 1989
237 1777
805 1851
1070 1569
80 279
1313 1844
280 1782
86 1270
1116 1288
1090 1637
734 965
1425 1568
24 802
1261 1832
739 1704
956 1839
835 1625
1621 1914
26 694
153 1302
89 1580
141 1339
489 1962
1362 1366
1901 1951
590 1214
601 1644
337 777
23 1332
553 882
702 1382
799 1800
665 1500
582 766
678 970
1110 1363
1239 1373
1579 1726
1487 1501
483 840
903 1624
393 1012
1543 1728
102 677
1884 1904
381 1102
1282 1595
962 1814
768 1971
543 995
659 1299
1042 1522
100 1912
1314 1900
14 1534
63 855
854 861
1050 1752
955 1023
549 973
433 1847
877 1185
105 689
798 1197
709 1361
1404 1460
54 1412
508 1318
1413 1942
515 858
706 855
974 1080
737 1510
1508 1559
814 1160
1174 1834
1288 1630
1761 1997
1082 1194
1845 1960
1416 1840
926 1015
996 1540
883 1496
20 500
128 1019
1003 1573
816 982
402 574
1981 1986
1376 1649
306 1399
24 416
355 730
1358 1977
876 1734
660 1047
816 901
237 1841
141 181
455 851
1092 1342
278 1439
496 1003
1712 1967
255 1273
744 1931
164 1887
701 1702
875 1937
895 1868
534 1400
193 1411
435 1181
148 1935
417 772
352 1550
1321 1414
234 1706
781 1377
1215 1947
1690 1873
1101 1819
1427 1900
72 846
1153 1807
1588 1803
322 906
1202 1481
352 586
1304 1617
234 1506
746 1538
301 1176
551 1311
982 1821
828 1654
1186 1634
161 1437
49 1908
691 1239
662 1052
413 682
41 1705
1263 1495
849 1752
111 759
1230 1539
794 1696
921 1737
1798 1936
833 1102
1437 1751
113 1864
77 1538
1416 1572
213 1290
115 550
605 1403
379 1797
1343 1568
1680 1871
516 1403
0 1272
3 1170
1072 1758
256 1889
281 888
1163 1352
198 1691
1088 1528
409 873
89 398
696 1672
669 752
618 1828
924 968
411 1979
289 662
499 1357
1033 1457
740 1381
1071 1747
688 1175
241 1933
284 757
671 1917
248 1836
1041 1317
1251 1312
272 769
349 1206
802 1719
1353 1788
497 664
1397 1485
655 1625
221 1036
474 1131
122 1199
247 1476
967 1186
304 510
101 968
134 1791
1159 1634
85 1597
428 1420
434 1147
83 716
1471 1709
524 1666
927 1250
742 1824
192 1874
1221 1234
1190 1575
825 1604
10 1983
279 1620
721 1921
628 1678
167 940
874 1180
94 1775
7 1292
941 1709
645 1415
717 1968
261 1035
220 1461
1405 1873
222 636
1909 1949
510 681
1451 1770
1000 1687
1463 1522
311 1220
681 1276
674 1767
972 1988
889 1856
798 1991
135 1688
1576 1839
68 1745
936 1596
1036 1691
263 571
90 1042
799 1111
171 438
738 1422
1585 1707
1821 1835
923 1025
1114 1401
1183 1248
789 801
1473 1772
519 1491
1059 1737
1671 1990
1184 1870
1176 1833
442 737
893 1767
975 1060
1141 1449
1542 1644
597 1154
791 1912
1292 1674
697 1739
792 1730
668 1079
1304 1699
445 1332
162 782
93 649
297 831
257 859
148 1310
1167 1483
756 1993
591 1673
334 834
125 876
454 1854
575 996
596 708
88 762
763 1716
906 1640
913 1880
5 1037
242 857
1112 1517
41 1792
60 439
902 1484
30 390
71 1410
185 800
259 1155
281 871
83 1780
1260 1461
351 1750
513 848
1005 1664
980 1830
493 1785
104 343
374 536
403 1507
216 1018
1119 1361
120 914
1314 1816
208 315
948 1041
1330 1982
1310 1438
206 1853
494 1195
34 891
1261 1743
743 1509
366 1100
100 202
296 423
785 1827
312 1168
471 1107
686 952
418 765
476 1849
1276 1555
1157 1282
829 1048
293 944
104 876
537 1360
1038 1586
703 1916
938 1933
440 656
240 1584
579 1361
55 78
629 1279
1099 1918
1053 1740
1008 1375
1693 1750
1250 1824
238 1537
1098 1669
174 349
4 668
1060 1675
434 1936
31 1741
988 1259
1155 1828
1500 1867
583 1096
746 1477
92 1789
509 1366
118 1243
811 1320
289 1626
711 904
693 934
741 1885
115 713
84 286
898 1638
553 717
215 1600
387 1254
406 836
504 1766
593 1098
827 1959
638 1128
471 1616
103 863
863 1503
407 1609
793 867
578 1924
824 1344
734 1063
649 1004
820 1242
991 1078
1205 1759
1669 1804
348 682
398 1115
1329 1907
1679 1921
377 1381
1247 1489
1508 1804
294 1987
1248 1488
981 1783
70 1843
47 1745
960 1608
1714 1910
919 1468
863 1536
430 1327
1462 1713
778 1572
138 1404
8 675
733 1571
1160 1450
1476 1920
1551 1672
518 1586
1532 1602
1748 1891
236 1525
969 1512
1807 1909
147 1888
1208 1490
177 1443
658 843
860 1915
293 897
737 1132
767 1446
853 1475
281 1030
1057 1265
170 715
771 1733
1427 1596
145 1437
1010 1875
810 1605
974 1061
262 1221
1211 1428
613 1661
1429 1972
1505 1620
946 1167
26 1953
998 1502
1066 1156
64 89
919 1639
212 1635
119 705
997 1034
857 954
1006 1884
20 1470
542 1193
149 1611
183 204
1593 1780
1431 1922
370 821
1136 1519
1067 1489
470 1666
81 1250
352 1929
731 800
1598 1768
969 1944
217 1590
65 397
427 1678
230 1473
1104 1540
576 1228
1752 1949
526 600
259 1560
102 339
632 1998
15 1979
611 1832
1138 1955
384 847
770 955
701 935
879 1915
945 1602
188 1461
693 1392
618 1210
22 1435
1664 1796
706 1805
231 478
1194 1592
848 1012
156 874
517 1965
219 526
317 1015
653 672
154 1702
1119 1200
205 1735
990 1481
912 1900
837 1981
1222 1529
1087 1603
990 1142
645 1612
303 1946
932 1322
79 224
1289 1492
995 1680
754 1160
10 1768
851 1987
1817 1855
532 1792
1011 1118
584 1074
412 1295
83 675
772 1681
891 999
417 1470
1306 1753
429 930
1067 1471
369 1439
670 1763
537 1028
1227 1680
661 1134
604 882
218 1871
280 1892
904 1051
521 1607
216 997
925 1675
341 942
1422 1591
753 1364
1204 1823
175 982
862 881
1272 1531
39 761
334 686
128 787
46 1444
361 1562
1371 1476
362 1271
44 1673
290 1790
319 773
1249 1490
117 1216
1603 1635
291 441
250 477
1008 1848
128 360
588 1573
958 1095
1293 1518
1137 1862
1290 1551
1723 1893
700 1275
1175 1952
8 953
165 1511
926 1370
705 733
641 1297
1622 1851
1130 1164
1533 1905
79 421
129 258
1895 1915
574 1334
182 1764
794 1214
148 1986
1268 1277
530 1507
233 1954
266 951
722 1094
850 1385
178 437
1156 1719
261 1836
943 1096
307 550
1119 1763
759 1811
924 978
408 1776
694 1678
286 861
9 103
101 609
913 1587
472 1563
82 1716
1585 1932
1406 1862
1606 1676
350 949
917 1127
1380 1839
1280 1658
795 1477
375 858
571 1256
1230 1231
722 1397
558 669
177 1910
671 1446
25 1797
311 937
1001 1710
331 345
50 962
231 690
358 359
991 1650
1587 1654
1771 1930
18 1498
996 1185
809 1805
62 1220
224 306
1081 1722
1143 1948
305 957
1280 1854
1244 1878
1574 1958
1560 1659
160 1865
665 807
73 1564
989 1310
1434 1655
393 1110
651 731
300 1757
6 1623
492 580
450 1886
33 778
98 1804
732 1597
413 1527
1087 1744
176 1168
1407 1787
766 1435
192 1810
1537 1992
1595 1655
715 1304
476 1941
1022 1504
1065 1164
1189 1321
806 1171
431 645
1209 1465
870 1121
724 1146
1091 1902
861 1233
278 1252
57 447
1542 1835
1145 1312
1351 1373
327 1523
177 529
1379 1670
473 1732
295 805
239 776
389 397
495 747
1030 1208
205 1369
1007 1297
116 1200
922 1720
441 1097
50 730
621 1197
1079 1666
979 1059
619 1736
591 935
978 1053
1387 1544
396 1328
977 1750
12 788
275 1258
64 1705
1779 1968
711 869
149 621
706 960
787 1608
333 1417
506 1120
55 936
797 1921
75 1615
1351 1812
248 1458
640 959
817 1898
1335 1882
88 1207
1055 1566
1019 1640
1820 1878
1110 1328
1093 1707
7 1074
677 1352
343 1796
869 1076
1129 1946
597 1581
172 369
1539 1799
302 1482
714 1721
697 1596
1183 1863
438 1007
1262 1524
728 1826
547 1486
139 157
1043 1978
673 1671
249 535
1336 1894
639 1387
511 1316
1236 1687
521 1380
461 1816
550 1849
1323 1793
1306 1849
831 1407
947 983
390 1657
1040 1911
1286 1578
108 1904
1107 1482
1011 1660
373 770
314 1209
85 617
544 1513
140 1794
564 1475
634 880
1747 1795
1514 1985
496 791
815 994
488 1847
35 533
310 1474
1457 1519
1448 1631
616 1510
133 1783
482 1788
485 1501
1169 1609
273 1764
1048 1066
422 626
582 1002
999 1981
584 1742
91 1111
1065 1456
873 1771
251 1311
1938 1954
619 1756
1467 1632
465 864
135 1266
1392 1494
648 1787
233 486
1483 1956
536 1571
258 1975
336 1409
680 985
980 1336
273 1583
9 1519
443 1927
1000 1712
1031 1177
373 1613
3 1487
350 895
1389 1759
1757 1855
1202 1802
1133 1270
1182 1493
225 1407
637 1556
1434 1528
1151 1715
1648 1879
728 1418
522 712
385 1619
267 1077
1391 1584
271 630
424 1137
1447 1877
190 918
1718 1859
1121 1152
752 1880
174 1100
1225 1403
329 1378
698 1570
1318 1383
152 1302
1388 1736
514 885
1254 1588
1602 1651
268 327
898 981
598 1708
1006 1206
248 1057
954 964
455 1776
488 716
531 1685
1557 1936
1099 1785
622 1573
242 339
971 1851
16 146
291 1859
561 1464
644 1199
1224 1867
124 1275
1745 1984
608 1983
379 383
695 772
407 1948
1026 1770
1419 1514
1393 1659
512 1971
561 649
965 1156
93 1122
1068 1225
528 1506
316 380
467 1976
1468 1649
569 1628
1309 1917
41 1793
941 1171
950 1433
326 1353
133 724
1383 1896
1045 1966
1358 1988
660 1063
155 961
382 1203
760 1109
1365 1646
763 1880
819 1075
165 1732
632 1217
1219 1343
90 1005
226 684
451 867
987 1997
244 1528
704 1895
1756 1916
1126 1178
150 774
754 905
1044 1135
1257 1347
222 1249
878 1021
186 1115
542 1881
890 969
650 1269
1039 1762
196 1073
401 1897
268 1009
1032 1485
614 1857
477 1996
414 1023
767 1553
641 1249
1907 1938
14 573
1736 1822
1212 1543
910 1692
354 1571
1237 1552
463 635
1493 1967
1052 1642
300 1089
646 971
829 1064
958 1174
952 1165
708 770
1313 1549
539 1013
1372 1723
241 1235
223 1394
794 1970
757 818
1344 1994
775 1440
257 1458
328 357
580 1860
342 687
394 1648
1300 1999
305 812
774 1479
540 686
1906 1951
11 1071
208 937
963 1299
818 1448
1604 1641
1116 1708
464 1871
688 948
1218 1333
871 1980
554 1438
1003 1100
1436 1901
1668 1768
315 1701
1285 1381
274 521
955 1928
1189 1580
577 1811
803 1847
565 949
110 921
622 1342
925 1887
349 1460
69 1953
740 1737
24 1509
1239 1621
1562 1944
283 1511
1193 1273
255 410
601 1656
1469 1702
437 845
1354 1546
1113 1167
484 1266
223 235
269 928
966 1861
46 395
1340 1710
950 1108
905 1570
1180 1667
448 624
910 1143
1508 1837
559 1220
860 1548
69 1553
159 439
527 928
221 1574
321 487
750 1466
1084 1127
270 741
63 1829
435 1330
880 1526
541 1633
683 883
346 1150
38 1163
1034 1128
957 1224
45 1301
63 1645
1153 1342
203 703
1315 1369
807 1850
51 1638
749 1356
563 1464
501 623
375 735
14 344
317 1452
696 1943
1952 1963
342 1350
1337 1527
849 1769
1784 1908
892 1117
1454 1789
468 1238
1346 1934
527 1853
933 1085
351 1452
1101 1722
36 1720
426 1001
1038 1630
319 719
335 1283
1436 1480
182 1890
1478 1543
444 1834
655 1763
1633 1888
1123 1812
812 896
776 1002
136 841
1692 1974
136 1962
836 848
338 652
254 777
1762 1885
232 512
32 1394
742 1625
147 785
105 857
358 1079
412 856
475 1599
735 1701
911 1068
988 1188
1644 1875
1360 1957
1 602
666 1414
633 1491
1355 1359
786 1245
140 1140
151 1049
21 1359
337 1993
195 977
250 907
589 635
328 1161
1689 1697
312 822
337 1430
126 585
1393 1850
824 1307
96 1648
452 1207
886 1196
1326 1743
199 1696
761 1357
1370 1477
137 1647
201 1396
233 567
207 887
1354 1695
480 944
487 1246
465 727
356 719
295 463
376 1333
811 868
345 474
1222 1454
1088 1179
659 1231
1166 1874
673 1993
1536 1982
308 1546
525 1330
341 837
1231 1956
408 748
499 1293
343 1590
1131 1790
1309 1442
680 1047
153 834
195 1333
1453 1725
825 1927
985 1577
347 1533
406 630
490 1459
994 1927
492 568
323 1689
1117 1837
797 1532
464 1269
1090 1582
943 1808
456 1139
633 1158
355 998
1232 1898
1655 1947
1008 1641
109 1513
423 1529
340 1419
364 1658
194 1757
94 707
184 466
27 1610
1730 1930
815 1613
54 1800
903 1108
556 1256
1130 1319
532 1653
698 1205
739 1731
636 1568
527 945
1215 1866
65 1943
1024 1109
475 1337
1124 1973
768 1730
1504 1709
1170 1628
434 1789
67 677
1589 1799
620 1755
1173 1192
502 689
1700 1814
1163 1204
846 1980
679 1999
1319 1774
1264 1769
22 132
872 956
231 1509
585 1558
1241 1864
226 1085
534 1639
386 1320
306 779
460 989
243 1248
583 1083
1384 1995
205 1672
480 576
1303 1600
204 796
404 690
896 1223
61 920
426 603
617 700
1454 1689
684 1577
830 1484
1324 1741
489 1665
775 1019
1049 1976
599 1660
1148 1650
171 1765
265 1449
481 1069
620 1677
1303 1840
215 1926
235 1704
769 1760
1790 1817
122 1852
422 1815
124 523
643 1755
90 1390
643 1766
335 1385
236 951
872 1699
1044 1133
1355 1385
59 810
634 1433
1703 1711
457 771
511 1294
183 1086
1223 1388
1161 1717
310 1150
1810 1989
196 1765
287 1014
1169 1526
1081 1629
378 764
493 656
900 1274
85 555
262 1872
88 1027
610 1629
707 1653
799 1472
252 1467
656 920
155 245
1270 1319
1727 1889
637 1474
940 1291
325 524
846 1305
325 850
871 1964
106 1794
1189 1733
99 360
1593 1772
320 1135
713 810
400 1806
1140 1858
190 1142
966 1130
1002 1340
364 669
260 1601
484 762
867 1663
168 951
820 1758
367 998
473 1382
751 1857
251 566
127 557
764 1861
423 1349
236 806
782 1347
253 1575
76 1226
1459 1558
391 1258
130 992
581 1884
48 439
144 1738
96 1302
1611 1794
296 1149
745 1165
648 1042
1029 1423
1211 1376
330 572
872 1530
918 1081
1238 1784
1069 1806
1077 1652
482 1426
1588 1939
133 1618
401 1283
304 961
1054 1679
17 1858
1050 1138
400 1029
793 956
111 883
309 865
372 1367
885 1924
37 610
1402 1649
468 1923
459 1679
301 1545
1295 1869
1281 1456
930 1773
665 750
387 391
196 1086
304 318
164 726
1480 1769
357 1711
446 1267
186 899
702 1267
760 961
60 570
1335 1738
578 1356
1122 1440
386 1484
557 570
614 1388
387 828
1056 1559
1350 1924
826 881
1090 1502
932 1781
652 1778
854 1540
551 1287
624 1642
896 1546
330 865
606 1864
1368 1601
1814 1830
286 399
761 972
695 881
1046 1897
143 1235
411 826
287 1872
1263 1953
462 1186
626 1226
1495 1703
241 587
927 1240
1057 1357
169 1362
1684 1893
477 1166
260 1362
1368 1496
1371 1579
193 1712
52 1182
432 1013
1315 1327
710 1941
692 1682
228 664
647 1001
562 1429
163 1324
860 1192
18 428
420 751
517 1369
361 1853
1726 1883
497 909
1055 1838
902 1548
28 530
912 1185
1009 1815
46 1440
268 638
877 1677
422 1243
1000 1378
442 1934
245 790
931 1910
114 1010
180 602
42 324
1432 1714
324 1464
1077 1541
870 1565
1445 1879
1404 1662
100 276
190 887
19 379
1432 1561
1212 1912
725 1331
610 1773
1016 1781
546 1691
1535 1594
1514 1937
43 744
699 970
332 1305
43 66
536 1488
1062 1268
198 1803
142 1425
1013 1934
29 130
492 608
608 1795
691 1497
1191 1311
