656 681
683 831
669 909
420 934
47 507
369 729
529 926
237 412
705 899
756 760
646 792
812 924
127 480
41 311
186 789
930 968
325 379
216 610
799 822
491 969
107 790
338 667
68 392
405 803
329 742
34 264
595 667
163 948
297 819
446 590
337 345
55 842
470 843
72 889
96 909
258 860
12 870
71 272
727 853
165 479
432 529
238 332
414 558
28 833
737 916
454 800
17 386
322 894
497 774
150 203
271 946
628 900
136 935
496 804
336 870
470 887
184 427
349 783
598 936
757 923
707 931
35 639
542 612
248 816
324 784
372 971
493 957
591 608
311 465
386 888
60 548
341 486
566 765
671 680
51 82
498 562
266 547
429 961
856 927
626 977
96 744
60 142
515 955
200 717
613 732
791 960
767 990
646 951
385 980
351 791
465 514
307 685
463 938
46 307
105 793
630 773
89 526
326 860
577 686
621 817
132 901
617 858
280 548
85 759
594 730
416 728
701 720
234 387
370 695
37 105
262 831
168 519
517 607
526 738
875 931
664 915
246 740
333 465
364 394
400 603
426 638
308 865
15 396
395 829
88 778
347 675
277 432
236 300
386 660
259 974
821 885
293 739
291 430
162 508
55 409
131 561
9 504
368 738
441 785
556 872
438 948
70 846
762 763
319 882
115 601
51 844
97 457
4 179
589 760
304 809
505 891
629 776
232 674
689 906
92 204
282 488
769 993
101 668
310 518
172 943
301 845
231 274
476 955
243 537
499 810
275 823
381 975
220 637
114 359
412 641
214 451
26 323
289 896
25 270
256 346
886 902
179 832
251 652
470 866
655 907
165 195
212 983
134 678
73 98
256 468
77 913
555 761
286 550
90 932
66 966
490 721
144 233
469 643
650 813
821 994
96 508
167 546
502 876
217 348
898 949
31 265
471 787
274 890
439 771
252 727
334 377
515 540
572 743
519 620
614 808
397 585
327 478
415 796
573 982
302 602
722 878
63 970
500 706
278 376
220 388
542 633
153 962
597 974
503 647
624 656
422 462
574 827
894 970
536 998
501 658
143 661
719 942
874 973
531 953
363 611
270 673
24 641
270 757
226 947
2 217
825 998
487 589
471 846
353 700
180 770
868 910
161 541
180 449
710 883
126 637
789 826
431 645
611 958
254 689
579 802
265 331
355 403
218 510
495 733
81 434
515 810
490 693
27 691
589 841
205 374
285 579
745 989
10 811
19 73
111 406
222 526
324 648
245 625
411 749
404 446
237 710
247 774
832 867
405 839
0 901
215 382
172 661
28 467
164 429
68 623
216 588
619 735
331 781
207 430
356 511
186 588
221 528
400 679
501 959
417 695
119 183
305 975
67 718
778 801
19 69
283 448
211 416
193 277
545 965
350 577
84 992
536 950
249 813
600 629
129 992
512 720
312 807
127 323
481 958
315 609
218 472
41 925
57 630
491 606
447 851
59 546
298 508
779 927
802 820
224 723
489 520
245 328
580 684
183 444
752 754
448 758
389 786
675 768
187 489
42 581
337 912
125 901
587 631
549 914
168 196
712 933
334 367
221 354
18 240
353 929
677 884
39 473
917 941
838 847
725 963
91 984
169 274
458 752
391 880
45 276
98 996
864 986
158 568
355 454
391 860
531 557
140 852
551 717
244 919
10 314
499 503
9 156
116 569
417 770
257 474
549 718
985 989
42 131
235 403
775 815
201 301
220 229
681 852
292 703
29 185
213 371
122 264
152 306
248 340
198 635
62 879
91 785
1 145
530 646
225 558
889 945
86 586
198 221
239 670
452 692
146 810
71 739
236 881
63 93
455 994
40 257
297 971
733 824
547 859
50 53
56 654
58 720
716 820
511 652
225 627
342 398
554 801
732 956
61 533
106 585
31 858
48 145
627 928
351 589
280 600
170 401
149 538
521 712
27 125
570 772
341 496
263 921
38 97
118 739
43 95
112 408
170 457
148 275
126 645
722 785
150 713
153 767
267 477
195 316
117 797
156 618
539 855
47 321
184 828
166 505
306 649
976 997
553 570
690 967
190 425
450 691
838 933
775 777
567 952
68 163
210 824
253 788
128 812
135 688
102 883
590 850
166 798
448 634
299 971
229 267
149 891
143 390
844 890
61 169
320 919
898 988
329 583
286 696
577 864
504 947
215 951
95 165
923 934
642 925
616 636
410 819
12 807
163 825
202 793
586 979
689 772
160 936
4 734
133 347
284 373
472 853
396 902
843 892
861 944
326 840
557 619
227 573
137 969
456 965
609 999
604 614
208 920
29 787
64 904
559 877
517 605
178 322
94 138
109 273
94 516
32 108
411 896
871 957
338 488
344 534
737 842
102 290
188 343
343 437
249 859
533 893
13 262
135 521
571 799
28 419
314 849
401 991
104 607
328 519
697 922
124 128
815 914
219 697
204 713
367 769
211 727
359 698
279 735
663 824
295 640
295 309
560 935
160 805
436 562
141 967
428 910
538 987
110 726
149 833
6 832
194 309
54 209
333 792
30 76
268 513
834 881
319 705
1 231
138 550
410 929
138 378
587 836
371 758
40 492
57 801
356 981
722 768
130 157
133 402
241 897
69 658
353 854
462 782
70 719
251 458
22 658
892 917
711 756
147 201
799 911
154 252
545 835
122 956
383 461
244 714
428 693
49 972
83 783
43 258
118 709
379 696
36 953
151 433
522 664
320 527
233 920
46 734
616 774
561 584
141 186
114 374
42 678
130 380
244 269
121 533
176 675
477 921
194 766
279 811
185 583
313 775
187 857
413 435
171 250
23 497
206 285
687 876
273 287
484 963
313 956
127 750
553 702
699 931
442 746
144 541
16 644
59 77
223 416
704 747
482 991
120 177
123 634
8 265
469 922
960 985
106 316
487 952
5 763
66 387
453 743
188 360
547 594
581 644
498 694
294 382
780 932
15 278
869 924
427 445
407 829
276 512
49 209
410 875
542 576
624 849
45 197
423 592
261 444
414 442
831 940
407 781
736 866
93 418
232 940
563 683
80 639
191 246
227 764
260 796
506 862
621 948
159 744
21 959
459 797
782 830
481 598
120 613
136 385
339 905
20 164
228 696
65 356
711 987
192 318
189 895
3 474
575 788
388 802
384 698
509 871
230 613
176 567
171 378
322 390
208 918
592 700
147 766
357 854
288 690
174 995
422 779
767 811
168 366
226 535
335 619
772 949
372 803
205 594
228 335
419 571
559 649
566 685
213 556
641 736
636 715
182 414
136 294
256 669
721 827
125 608
191 630
277 475
369 603
540 590
640 657
261 672
155 506
551 863
653 666
146 978
79 486
418 687
53 74
698 873
113 560
85 724
500 724
44 706
443 578
111 937
460 730
659 806
393 850
148 702
443 513
494 726
344 988
392 670
87 885
268 293
129 468
52 625
676 967
305 934
181 308
543 814
357 626
139 755
709 836
260 889
202 485
326 564
75 982
90 855
267 578
569 808
728 996
534 677
200 235
16 564
879 966
113 856
635 936
455 464
748 859
432 551
707 916
243 964
78 466
558 864
596 882
77 493
154 884
140 318
240 972
137 199
180 848
33 58
348 525
208 365
105 941
79 189
3 786
296 440
56 913
320 790
361 549
260 827
412 595
62 578
651 662
234 780
502 882
375 836
34 950
112 995
65 76
192 618
20 406
453 783
684 977
223 524
973 988
261 506
582 665
544 926
83 406
523 873
92 983
155 207
158 913
667 715
67 643
413 805
474 485
863 870
5 930
124 173
35 330
723 878
108 265
544 655
281 944
761 933
714 837
5 749
212 434
7 382
599 770
559 924
269 815
363 449
272 953
247 731
175 674
323 765
251 762
11 302
339 768
203 847
89 685
289 565
6 752
78 440
473 997
255 440
79 450
142 915
389 452
330 946
55 174
622 731
366 480
466 741
424 755
199 376
50 76
332 447
115 204
54 986
438 653
358 939
207 494
665 898
394 941
662 900
317 481
261 615
642 753
44 795
103 893
552 576
78 851
144 456
342 613
818 867
39 543
399 668
241 413
518 701
604 918
97 572
345 461
462 608
242 461
151 301
103 148
422 688
13 38
401 659
285 773
640 809
352 602
100 804
334 437
312 978
224 464
288 828
110 742
301 733
393 491
315 654
124 899
424 628
184 682
425 888
193 248
834 912
381 615
629 845
84 885
377 479
397 911
253 375
284 655
40 300
859 883
70 902
182 288
383 400
350 999
362 632
433 632
525 876
166 857
507 918
354 981
523 974
433 750
281 554
784 972
621 896
99 593
283 435
139 939
725 981
259 990
14 91
586 884
672 946
605 806
451 622
751 903
524 794
210 459
250 605
287 373
52 755
632 708
439 903
764 794
150 888
842 942
389 938
771 908
63 421
8 968
109 861
900 928
450 741
747 872
638 874
99 990
478 753
502 532
352 358
287 964
93 452
148 584
651 694
904 958
903 954
612 869
545 636
290 751
747 761
33 993
51 101
552 671
292 937
795 857
555 976
214 380
701 865
361 612
44 932
303 317
451 483
574 703
