1 118
178 234
215 294
34 329
213 391
53 379
22 51
147 371
12 98
61 165
221 251
2 67
314 350
105 163
380 388
107 224
45 93
79 271
59 382
255 310
18 332
185 302
84 111
155 202
339 348
85 298
293 313
100 257
46 173
167 362
130 373
209 230
123 204
268 398
274 321
157 381
30 276
32 359
142 239
115 117
55 83
238 351
75 275
63 137
54 86
154 330
93 125
55 225
24 283
219 374
19 387
81 269
146 395
279 288
279 312
38 290
12 71
42 233
9 151
200 270
27 292
37 316
118 166
235 335
90 319
95 136
217 307
140 345
171 315
44 74
127 169
135 378
28 149
18 67
162 266
33 326
328 350
301 334
4 127
138 208
139 258
247 329
47 272
10 26
16 60
242 305
21 250
155 248
48 140
2 294
7 149
355 391
157 392
3 245
255 306
249 273
16 41
99 277
170 336
56 129
159 363
36 182
175 194
197 203
241 368
11 96
207 318
147 396
119 365
207 280
131 394
133 145
169 174
359 377
110 202
97 106
116 365
236 311
128 227
6 336
39 64
4 45
103 192
163 237
14 393
121 353
57 375
158 228
152 225
114 323
103 280
231 238
261 289
26 288
192 363
199 330
58 101
315 328
257 318
146 186
170 307
171 342
320 381
249 397
109 335
17 371
231 295
89 373
201 218
150 302
51 109
174 383
105 233
25 284
74 241
27 180
265 379
78 358
113 235
97 141
264 389
134 375
17 78
184 267
349 370
70 210
71 385
179 396
110 215
102 343
13 185
253 347
198 338
178 212
282 337
214 252
214 275
107 120
125 360
247 387
61 246
42 341
3 292
29 106
117 160
29 270
73 216
208 299
64 343
23 164
82 246
20 189
8 19
263 374
100 154
124 312
101 139
248 261
76 234
132 262
87 384
33 384
32 319
260 348
183 300
94 205
144 313
44 137
59 273
309 380
223 232
90 191
6 393
128 339
258 291
324 392
222 337
121 135
206 314
54 390
14 377
206 245
77 362
278 331
196 260
102 189
98 166
20 132
242 331
68 96
70 287
304 364
31 87
263 399
340 366
150 386
130 321
195 357
24 358
65 113
177 308
167 243
13 353
160 383
168 361
179 264
39 52
35 156
94 120
53 133
200 239
268 285
80 356
230 304
57 114
216 308
142 143
7 38
256 297
60 237
50 327
222 360
0 290
141 398
212 351
145 253
172 355
77 220
43 298
62 205
21 345
11 274
9 40
295 354
138 153
161 367
188 310
10 68
46 131
28 244
317 369
72 303
83 104
104 188
41 211
123 390
143 168
76 228
301 347
190 372
158 196
217 325
65 305
181 278
148 176
199 289
152 153
58 187
5 175
72 354
92 306
213 229
75 334
151 227
48 220
1 293
52 226
244 389
95 291
177 262
165 186
232 342
172 356
271 325
203 223
254 344
211 276
92 226
176 382
73 197
259 333
79 148
136 272
80 224
119 180
218 320
89 303
25 282
284 346
56 250
126 376
129 368
254 296
209 344
31 183
164 364
23 352
286 322
66 108
229 372
283 340
190 386
30 34
309 338
36 88
37 116
296 316
198 352
112 397
5 311
221 385
182 357
122 240
40 251
124 236
195 240
144 327
81 181
269 324
86 122
82 108
50 243
91 376
8 126
85 91
35 323
256 361
201 297
22 349
99 326
194 370
134 332
43 112
63 88
47 378
191 395
285 300
84 366
281 367
346 388
111 187
15 259
266 299
156 210
193 265
162 204
277 287
49 193
252 267
115 184
69 394
49 173
69 286
317 341
66 333
161 219
322 369
15 62
159 281
