17 174
10 95
50 108
63 83
153 196
24 115
57 185
7 16
74 113
22 88
19 122
141 142
54 163
5 143
58 131
62 124
75 139
77 145
93 96
71 183
26 44
8 26
11 196
84 177
155 175
50 181
16 160
114 151
70 199
37 170
27 176
60 157
30 116
145 178
72 132
44 180
14 154
184 189
45 195
12 59
0 1
28 179
76 144
126 146
121 168
73 90
92 134
29 36
48 53
31 166
33 117
40 100
41 141
97 122
22 56
41 192
34 176
169 191
2 184
12 118
20 167
82 104
93 152
35 172
110 150
43 137
119 190
65 96
11 189
67 162
89 198
42 138
119 169
69 152
23 59
15 109
68 109
142 164
116 166
64 180
45 157
91 158
21 131
5 193
2 43
58 149
79 85
21 181
114 153
27 146
88 139
120 174
135 136
75 111
110 133
17 84
159 198
69 187
82 107
87 199
173 194
79 182
29 81
188 193
38 46
94 171
19 36
56 179
78 104
4 129
95 140
46 188
154 162
81 140
38 159
51 92
10 150
70 168
24 195
47 178
86 190
107 136
6 147
55 165
83 103
25 30
98 115
86 108
32 101
61 106
105 148
61 111
123 186
23 67
54 89
135 172
102 121
4 57
126 183
62 151
52 120
13 170
80 156
112 197
51 129
13 35
6 14
147 165
71 160
53 99
1 65
49 124
0 64
97 192
128 130
148 194
143 161
48 113
66 171
47 49
73 161
68 74
34 133
39 137
77 132
105 182
127 163
100 187
40 99
20 42
37 173
55 94
9 167
32 186
66 123
101 156
3 80
103 117
60 91
85 158
39 128
15 175
130 164
31 155
3 98
7 185
18 125
134 144
25 76
63 78
102 118
33 125
8 52
18 191
106 138
177 197
9 127
90 112
28 87
