162 179
128 267
17 132
121 270
18 241
30 240
46 116
82 218
143 238
209 225
21 101
77 145
120 232
141 208
197 215
117 124
76 256
83 180
186 248
93 170
138 297
16 142
209 291
136 203
108 134
69 259
258 288
44 84
14 166
95 273
33 198
275 296
165 205
89 135
68 280
53 202
99 274
135 268
48 60
35 245
89 114
262 293
227 289
104 265
181 223
235 243
27 171
85 153
258 291
137 188
19 217
232 294
33 176
76 87
49 292
125 229
144 287
133 163
67 235
52 61
34 266
17 121
190 298
23 75
4 31
29 157
127 148
160 236
200 204
78 111
126 184
43 282
25 207
210 299
168 261
64 94
158 215
189 297
159 206
74 104
260 283
103 180
77 183
159 293
91 128
90 106
118 173
18 286
113 283
52 66
157 167
67 93
156 202
34 247
160 194
73 156
68 149
92 138
27 248
41 134
130 284
42 249
165 277
96 140
69 85
38 139
231 263
227 272
44 173
61 95
141 228
26 172
58 169
105 146
100 205
16 150
5 213
74 230
133 265
196 241
106 181
84 270
12 115
148 216
94 176
10 154
0 129
237 262
187 278
22 201
32 78
13 212
60 252
28 158
168 281
56 66
45 290
137 139
259 271
59 174
161 219
38 233
15 242
111 114
80 118
113 117
56 124
88 100
22 171
55 216
233 251
239 257
103 147
51 253
99 257
123 264
243 295
49 199
92 253
65 191
164 185
8 122
9 40
119 220
6 70
108 183
20 189
24 199
221 269
41 281
206 261
289 292
174 226
53 101
2 195
12 212
131 279
63 222
25 109
62 179
47 98
86 115
71 112
14 80
192 224
250 254
196 204
31 82
152 175
147 214
50 223
97 242
126 172
15 39
97 182
184 260
182 254
150 213
1 37
214 267
40 65
9 45
20 119
107 284
161 229
112 255
102 144
88 255
51 207
251 264
42 79
123 145
7 109
4 220
249 290
152 234
125 246
11 245
39 296
6 244
83 225
252 287
48 238
70 282
28 87
244 275
21 116
91 143
186 288
54 162
19 127
155 193
163 217
5 37
1 75
226 239
47 218
130 274
110 211
193 268
7 201
59 187
175 246
102 219
30 276
57 250
73 256
50 276
54 295
62 277
110 153
13 263
3 8
151 185
122 236
203 269
57 224
43 221
55 140
23 24
96 190
188 278
142 192
170 272
29 149
3 136
2 36
105 155
132 167
86 271
79 280
208 247
146 240
151 195
36 198
63 98
107 222
164 266
32 211
81 285
177 178
81 177
72 197
120 178
234 294
90 230
0 26
129 237
200 273
71 286
11 298
64 131
154 285
58 194
191 279
35 228
10 72
169 210
166 299
