21 103
168 436
439 460
138 457
79 81
385 461
339 451
300 402
196 478
99 208
257 422
64 240
4 48
441 485
314 330
11 162
301 417
352 445
296 379
34 108
172 285
391 486
126 150
142 368
252 469
291 357
346 446
16 149
53 307
33 395
24 157
276 466
71 432
111 143
142 316
174 430
284 475
86 312
165 272
141 190
285 317
129 398
32 144
57 375
268 456
8 74
43 154
323 397
340 437
18 195
288 340
160 459
272 337
192 197
30 467
282 453
173 210
71 467
406 434
343 494
287 404
390 462
57 122
181 192
85 443
114 446
215 485
51 497
139 415
266 275
278 309
253 365
447 470
158 354
58 388
38 129
113 471
105 489
61 336
161 398
82 392
151 233
200 269
107 414
93 387
361 364
453 477
75 112
10 258
8 370
222 227
432 499
185 342
474 476
155 205
59 176
319 384
164 403
130 328
56 294
132 362
283 327
135 187
265 493
134 146
251 304
36 310
154 418
90 141
32 84
229 480
372 442
429 437
40 455
288 322
69 286
169 322
13 483
234 450
439 457
100 381
34 182
249 329
299 363
426 464
171 473
125 203
475 489
293 462
105 217
147 435
165 222
67 300
452 482
68 458
59 104
19 101
75 232
54 334
134 173
0 292
107 419
386 492
26 430
188 203
1 23
146 276
15 63
72 408
242 484
29 369
83 263
120 396
283 301
418 427
127 271
184 237
163 191
188 380
253 315
324 332
95 325
380 405
80 133
117 359
27 156
207 413
217 250
90 118
195 422
50 243
454 479
321 472
218 348
60 236
56 428
316 405
96 149
73 262
150 389
179 212
335 343
25 167
43 355
102 326
206 252
328 336
66 235
182 443
47 273
10 27
196 292
92 460
7 97
202 279
183 396
194 280
402 421
259 427
256 295
170 318
156 378
140 306
67 160
24 376
177 481
278 476
109 351
119 377
309 383
60 436
187 236
111 244
238 247
221 428
94 211
423 471
17 350
3 454
191 417
20 246
2 38
163 494
313 392
159 425
273 347
14 311
112 403
108 293
70 290
40 123
121 205
246 350
155 450
280 468
49 327
218 331
164 225
189 264
17 259
110 438
181 239
123 228
152 153
214 346
53 135
238 424
277 416
355 397
391 419
63 394
101 369
321 431
213 356
209 381
448 487
29 130
270 409
341 466
136 211
26 468
14 66
85 144
213 459
20 121
103 383
194 440
118 385
48 89
4 72
127 220
113 335
227 461
124 289
81 258
302 361
97 148
201 351
116 241
7 45
232 401
345 371
362 449
116 495
39 41
147 320
55 367
257 282
162 189
9 186
74 318
28 449
411 412
249 299
45 221
148 421
12 433
73 386
106 366
254 339
46 136
30 310
472 479
172 305
307 451
305 470
64 497
47 240
46 62
345 376
37 88
61 329
94 374
132 363
463 482
37 304
28 54
139 458
79 415
93 312
279 308
248 320
68 344
140 251
25 86
18 424
348 410
166 199
207 377
102 334
260 412
1 410
5 39
360 400
133 264
80 255
115 241
248 315
89 488
96 115
19 233
62 407
2 411
84 151
100 229
49 480
104 400
145 262
298 444
284 469
83 394
178 263
226 447
22 143
206 209
77 223
44 478
65 488
297 353
193 261
237 250
184 317
265 375
235 491
78 231
294 303
50 216
267 360
35 365
333 463
82 486
65 77
271 337
99 295
175 255
289 490
208 413
338 349
325 483
3 178
128 333
145 373
6 180
198 296
226 495
131 465
220 277
131 224
275 474
223 368
153 266
69 219
244 286
303 414
171 382
6 473
243 254
210 216
5 175
274 331
98 433
177 493
88 170
41 390
228 298
159 435
261 444
91 399
186 374
92 332
197 324
274 326
9 378
95 193
106 388
23 199
58 168
114 225
166 452
120 281
137 426
359 408
219 464
117 440
239 290
119 496
109 496
22 70
382 431
190 201
137 442
15 51
306 342
434 490
429 498
347 406
124 341
42 291
31 281
42 245
256 357
352 481
234 445
200 311
126 224
52 465
185 330
314 356
87 367
152 364
407 487
122 128
183 401
323 448
231 498
204 269
78 491
179 267
212 245
176 370
416 455
55 98
395 484
76 138
33 379
268 404
174 492
180 287
384 441
16 477
358 420
52 319
247 302
354 389
215 308
167 393
21 344
169 202
11 158
161 423
125 438
338 373
13 425
44 297
353 372
349 456
110 214
35 198
36 366
242 499
87 387
12 157
204 230
358 393
76 91
313 409
31 399
230 270
260 420
