76 290
177 370
16 270
94 191
22 223
148 179
118 141
40 77
29 378
279 460
75 471
79 155
115 417
53 172
147 207
292 385
103 249
427 449
11 124
113 205
166 335
257 346
134 153
109 396
8 230
84 482
24 322
19 196
313 460
32 499
108 269
161 331
325 379
161 368
99 119
72 209
2 311
56 187
225 293
362 466
108 321
167 418
344 472
51 163
213 400
139 261
74 361
198 405
45 59
215 326
158 361
313 440
43 212
98 368
195 210
92 346
164 254
39 63
55 110
421 430
358 403
63 462
239 467
4 222
15 498
147 250
26 288
380 435
180 374
57 226
224 365
120 303
294 431
2 217
52 352
211 259
30 342
111 194
381 483
283 446
90 98
27 276
101 357
431 466
207 453
46 415
190 333
137 407
428 474
15 183
444 475
232 480
72 473
129 360
79 410
325 369
45 245
80 452
0 287
275 350
219 358
277 338
69 470
38 231
233 479
383 488
330 450
229 400
33 362
188 221
69 413
329 455
87 326
60 318
23 184
383 462
308 354
31 405
363 485
58 201
12 371
3 408
71 214
20 92
130 272
364 401
6 250
9 55
151 478
16 199
169 432
382 390
3 183
252 481
317 336
152 192
327 443
95 353
47 391
156 385
73 398
380 495
84 196
289 492
19 332
238 253
33 164
160 174
235 340
304 375
218 332
274 422
165 389
145 212
158 467
117 439
97 301
35 488
239 399
31 314
197 267
57 187
191 442
244 310
150 356
309 461
154 265
73 218
178 342
21 458
86 381
65 270
96 296
121 471
102 298
254 448
20 470
448 493
182 476
256 393
28 140
406 439
151 340
18 296
178 327
258 469
166 264
240 352
139 235
185 343
228 447
17 34
96 324
103 172
51 268
9 188
105 420
89 304
392 434
74 422
248 452
241 281
367 403
82 489
68 271
153 483
263 436
359 394
242 392
7 193
278 414
62 142
89 221
30 291
297 299
11 367
13 404
197 284
411 419
402 437
66 286
78 417
112 247
135 389
116 349
261 495
91 285
22 232
17 133
210 429
306 336
28 162
128 388
303 436
40 391
53 418
331 459
41 176
107 267
487 497
91 412
228 446
120 456
171 407
100 377
50 94
202 494
42 234
4 450
143 206
294 308
339 344
301 478
10 309
384 499
144 165
12 451
293 427
67 438
223 312
245 374
70 236
337 416
122 335
412 465
116 251
200 305
216 242
36 356
135 387
114 273
115 163
43 220
175 480
390 484
81 319
291 360
141 189
13 76
56 315
193 371
285 454
1 388
475 486
122 382
41 180
129 473
319 498
136 423
157 355
240 248
186 372
300 441
68 117
47 123
348 459
236 447
133 393
26 479
169 414
237 345
140 262
62 297
8 347
80 288
130 432
468 493
146 482
85 125
258 305
409 491
464 481
181 256
295 457
14 88
58 438
209 222
126 404
175 337
252 463
233 272
201 280
200 220
128 434
271 339
65 408
366 449
373 406
95 410
353 468
60 167
384 465
119 398
83 345
189 442
149 208
216 224
27 268
52 377
48 266
127 260
126 257
23 341
131 365
275 328
90 144
375 435
198 237
217 416
5 143
184 461
219 458
18 206
78 173
42 424
173 399
338 426
44 168
132 376
97 426
241 333
263 420
154 276
192 247
38 255
204 302
49 490
190 211
112 497
262 299
111 118
260 318
83 397
146 321
32 316
138 251
50 402
25 29
137 282
369 386
316 425
266 433
100 138
282 379
70 477
48 203
24 150
451 474
176 349
44 430
286 348
64 307
322 330
61 395
315 421
202 492
34 37
343 469
428 453
269 273
102 185
66 105
132 490
93 347
171 194
59 277
246 334
104 445
93 170
157 280
370 401
205 387
77 238
411 441
290 364
355 386
213 283
226 454
25 113
75 279
125 168
152 179
281 463
156 351
328 496
127 177
86 487
145 314
259 378
110 437
104 334
35 106
1 37
159 311
81 456
106 395
61 159
429 494
101 195
289 323
300 357
170 292
274 496
10 49
107 142
148 376
0 324
413 419
424 444
54 230
231 243
354 484
225 329
136 227
36 423
229 455
67 464
54 284
320 457
123 310
317 394
359 397
160 363
21 306
204 433
312 491
85 366
6 253
287 443
149 425
181 445
5 186
323 341
302 372
246 278
244 249
134 350
131 298
7 71
214 486
373 440
124 208
162 174
307 477
82 243
109 234
39 485
121 396
64 265
87 264
199 215
155 320
182 489
255 295
99 476
14 472
46 114
88 409
227 415
