105 286
14 301
132 246
224 392
184 401
234 481
434 468
188 497
242 496
92 219
123 333
54 250
103 164
77 258
403 455
176 495
16 344
107 294
201 404
47 355
366 416
61 269
146 229
11 483
454 491
151 485
414 428
83 463
89 259
467 488
88 109
270 448
189 377
264 328
225 397
123 314
338 365
28 73
311 331
117 369
274 319
192 312
402 479
26 113
136 182
34 93
21 130
56 240
120 327
11 98
39 236
94 343
186 405
299 314
339 388
335 386
55 103
131 465
88 459
51 253
68 444
55 329
251 396
318 462
69 284
273 354
190 321
235 318
76 499
8 191
187 429
348 453
374 458
320 333
80 229
15 159
96 380
86 121
296 402
84 323
122 268
106 170
306 313
398 493
223 356
60 435
144 332
9 440
176 439
243 472
104 418
72 462
142 442
59 301
367 408
4 316
267 283
436 490
45 426
53 171
199 351
9 232
200 395
90 232
48 436
161 222
214 245
40 370
245 485
257 358
202 219
149 265
480 491
336 368
6 309
290 467
63 290
22 100
238 278
197 350
346 490
101 235
41 178
227 443
49 75
14 275
293 348
138 342
263 425
253 453
233 477
91 347
177 437
118 152
209 303
22 446
186 322
300 376
271 484
46 108
137 445
280 373
153 393
242 359
36 412
409 438
147 205
24 498
183 411
57 364
19 419
125 433
143 407
357 413
45 261
47 326
48 195
1 18
257 383
95 439
330 480
413 497
165 405
171 231
370 452
421 441
25 360
248 475
80 379
33 209
30 110
104 371
77 274
148 430
0 206
100 468
157 255
49 293
159 482
248 291
340 420
396 431
215 487
254 305
246 295
380 494
201 247
7 270
44 353
107 146
148 474
145 393
261 412
64 425
16 326
258 358
334 344
291 448
96 311
13 365
19 61
162 464
375 414
133 135
126 172
178 426
185 489
285 316
203 294
12 181
289 386
37 156
58 361
39 78
307 363
328 415
41 111
139 303
445 492
145 309
125 267
265 345
84 454
160 428
196 247
175 254
140 469
101 214
337 421
70 117
81 371
129 470
195 431
211 419
124 362
141 302
33 127
221 394
118 417
251 471
29 442
102 478
79 404
278 394
392 403
179 239
372 449
38 154
147 193
59 226
35 173
427 429
332 377
175 437
142 465
30 32
66 451
183 249
99 302
193 222
297 310
32 351
7 461
126 317
31 166
167 172
389 446
92 484
169 420
89 272
110 180
27 42
141 155
95 271
90 492
338 363
189 238
317 355
432 486
72 78
308 400
87 260
381 410
134 325
184 284
122 155
157 360
204 489
74 168
25 495
266 341
15 397
71 406
152 345
65 401
399 450
196 483
115 460
223 488
3 262
82 297
18 310
3 173
324 424
52 305
69 170
76 366
356 423
418 433
35 385
111 319
17 494
306 389
165 313
93 264
299 343
190 204
321 493
50 369
94 263
34 379
26 97
205 411
163 455
38 220
352 407
112 216
168 272
57 249
74 161
58 224
23 230
285 322
149 339
64 286
105 476
4 349
10 335
289 477
194 298
287 384
406 423
215 385
71 336
139 240
192 398
187 434
135 153
121 346
62 384
381 461
233 350
256 391
252 277
191 307
197 474
86 259
36 410
50 287
349 481
180 292
255 432
73 390
331 337
10 203
85 466
140 353
167 469
441 496
97 237
308 359
52 213
324 479
42 451
5 276
320 452
108 357
150 181
119 362
457 473
113 131
132 237
46 116
288 438
158 279
8 458
150 464
12 75
334 341
43 416
210 374
151 327
98 296
275 315
273 295
239 427
114 342
116 179
127 354
330 463
112 241
243 478
114 325
83 199
216 288
174 376
217 280
67 387
300 475
221 372
378 450
137 364
44 134
228 456
424 447
102 449
268 367
200 482
198 228
99 231
20 208
17 422
244 466
31 422
2 177
138 382
40 375
250 471
67 456
54 415
37 282
266 417
304 373
207 387
82 156
174 378
383 476
119 226
211 227
435 486
212 399
136 244
144 220
194 447
292 298
62 277
133 252
154 400
260 487
65 185
28 162
163 164
225 388
29 202
208 382
60 206
79 85
20 282
234 281
51 472
70 91
128 347
440 459
283 304
213 276
1 5
56 262
53 217
24 106
120 498
6 130
21 210
87 457
81 473
315 361
169 212
27 241
340 430
124 323
66 128
23 352
129 329
390 470
115 409
166 269
408 460
188 230
182 207
63 143
236 395
198 312
279 281
68 160
43 256
391 443
109 368
158 218
2 444
13 218
