34 64
143 149
1 123
165 183
160 198
103 127
29 146
19 97
73 156
127 138
48 125
106 142
28 191
132 161
11 110
31 78
152 171
100 117
101 108
168 195
4 45
47 197
20 179
111 193
69 130
76 181
185 192
83 90
80 197
94 104
153 189
141 181
99 170
64 190
6 96
84 113
17 155
9 21
133 190
37 42
35 182
132 177
15 191
13 70
66 70
32 41
18 26
27 88
99 156
85 189
120 169
59 164
2 86
43 103
91 115
126 185
7 195
47 184
140 186
53 121
48 87
30 163
135 153
97 125
102 112
55 67
6 124
150 157
16 187
90 193
60 162
75 124
94 166
1 149
61 186
28 60
151 170
67 83
107 168
98 123
150 166
136 141
72 79
82 92
62 147
79 107
40 145
72 169
178 194
42 175
58 173
21 133
26 140
22 128
41 74
53 92
29 151
0 85
144 146
115 121
175 196
75 136
19 27
9 96
7 162
120 183
3 157
5 114
63 86
56 134
108 198
135 137
33 109
15 155
69 137
25 77
44 89
22 167
16 174
20 161
119 167
164 165
23 50
18 98
43 187
50 194
49 95
100 174
54 93
130 178
32 66
159 160
40 176
139 188
76 148
74 112
34 117
134 147
3 5
61 114
14 80
38 73
87 106
138 142
17 182
52 180
122 128
8 196
10 104
37 144
13 57
158 172
126 152
12 39
23 116
71 105
89 173
4 36
35 84
44 131
113 172
59 110
38 78
51 129
119 179
11 143
25 145
36 158
118 192
49 54
51 131
118 129
91 93
154 199
65 176
58 95
33 45
57 109
88 101
12 116
31 39
81 159
30 55
8 163
63 81
24 171
68 122
62 82
2 177
139 148
46 65
102 188
46 154
56 77
10 52
111 180
24 71
14 105
68 184
