5 97
61 78
68 72
43 58
0 62
21 52
46 93
1 70
3 86
48 89
3 91
22 38
19 82
40 53
67 75
20 87
12 35
16 90
26 77
9 98
87 95
47 76
34 52
18 66
2 14
4 49
25 84
13 42
6 23
69 90
10 39
36 65
38 81
60 69
56 92
29 98
13 85
5 17
41 74
11 30
9 96
10 86
75 76
25 96
22 32
71 84
64 88
31 50
73 95
42 65
29 80
2 47
17 62
54 99
59 64
44 71
45 57
16 94
8 79
20 40
59 63
53 83
41 60
4 74
15 63
32 54
94 99
11 73
30 51
57 92
24 82
31 80
58 83
85 88
28 81
28 36
34 97
37 45
15 37
21 67
14 24
77 93
55 79
8 61
26 91
27 49
27 39
7 46
6 50
19 23
35 56
12 55
48 51
43 68
1 78
18 33
70 89
44 72
7 66
