10 64
37 45
50 65
73 95
6 20
59 87
76 94
17 42
56 58
13 84
19 97
68 86
5 62
60 90
7 79
46 92
21 89
15 91
81 85
73 88
40 53
52 66
4 22
20 55
39 80
65 93
46 84
83 92
29 67
28 43
38 81
26 36
14 71
26 60
49 56
19 63
21 50
36 75
14 16
25 72
78 96
24 93
58 70
32 47
74 79
11 69
61 85
44 48
18 55
11 30
70 82
74 75
44 59
52 76
24 69
27 82
10 87
23 71
6 16
3 57
12 30
0 35
94 98
31 51
67 78
40 48
7 35
57 99
53 97
3 34
12 29
8 98
32 54
9 33
1 62
38 39
2 49
8 42
17 96
9 41
80 88
15 54
47 64
18 28
45 66
43 72
25 34
2 51
13 91
23 27
89 90
37 86
1 77
4 63
31 61
68 83
22 33
5 41
77 95
