71 159
183 193
42 59
22 167
69 156
107 141
34 90
40 75
65 109
63 112
16 81
96 189
53 175
33 164
11 106
100 178
168 184
48 66
96 180
147 160
82 87
36 102
65 107
52 194
112 165
25 189
62 155
8 88
28 187
13 18
127 131
50 91
101 166
93 129
14 72
14 176
130 174
22 24
6 174
108 118
4 184
17 165
16 152
26 30
29 172
162 186
27 154
91 191
55 83
10 73
23 176
92 155
46 195
18 168
69 136
128 157
79 85
67 157
32 135
5 192
11 36
64 140
4 130
133 182
137 199
80 175
94 113
61 103
13 120
1 9
51 110
60 78
9 104
161 181
97 116
89 125
126 149
35 98
144 196
17 192
3 43
5 153
2 150
51 133
20 45
108 129
23 87
103 199
57 95
31 76
163 171
127 152
19 131
121 124
58 167
30 48
100 114
132 160
70 186
25 185
38 132
72 118
32 162
44 111
43 179
166 173
142 143
105 115
113 139
21 134
20 102
188 197
19 57
105 154
71 119
55 101
143 182
142 147
39 146
84 86
128 170
45 115
27 148
114 185
26 68
68 138
111 187
117 178
41 53
117 136
49 54
151 171
15 177
21 121
7 110
98 120
122 145
139 163
78 124
28 148
31 61
77 88
38 76
59 141
37 172
44 170
52 193
67 82
24 158
12 169
81 99
33 62
151 164
42 146
90 123
3 89
125 153
37 138
39 183
2 180
15 60
73 123
34 173
6 10
12 74
137 169
64 145
29 95
35 75
40 140
106 122
0 49
54 134
188 191
50 58
109 190
56 94
179 181
161 177
47 56
74 97
83 116
149 150
41 126
7 198
8 63
1 77
80 93
79 99
86 197
84 92
47 144
104 194
85 159
66 195
190 196
158 198
46 135
119 156
