61 157
84 251
85 287
173 220
3 284
187 282
105 132
115 247
221 262
86 223
56 140
36 202
184 198
5 238
61 295
83 123
26 58
116 253
91 148
111 279
42 185
37 129
14 95
140 257
245 299
65 250
28 73
80 217
67 125
21 203
20 164
9 286
75 241
131 193
261 277
172 271
166 296
0 288
136 179
126 165
150 155
83 227
94 275
40 151
137 259
88 204
169 170
69 289
43 142
76 235
87 117
52 77
6 201
226 298
128 207
35 180
31 244
8 208
51 60
273 276
28 71
46 272
154 216
44 162
231 240
64 90
33 45
80 237
25 138
57 290
19 124
102 110
111 233
85 217
110 235
56 236
287 296
15 265
101 180
246 254
78 266
133 183
35 107
12 97
82 153
24 288
71 90
93 222
25 293
55 151
137 213
11 269
38 243
209 278
40 234
18 192
48 228
6 168
41 159
58 116
55 243
201 244
19 99
250 251
16 114
15 234
59 127
112 152
50 266
73 232
2 126
130 274
65 191
38 218
200 273
195 252
91 233
33 128
66 259
281 285
190 281
45 218
3 124
8 263
119 268
174 178
141 171
74 163
162 230
92 210
186 211
101 292
118 292
13 147
81 159
121 277
2 122
9 294
53 70
78 153
44 135
72 212
23 194
43 202
176 239
14 172
196 256
96 220
52 293
79 209
148 260
29 30
93 108
27 219
135 149
22 208
108 255
149 267
139 264
10 286
7 227
98 239
237 294
11 26
98 145
86 191
134 215
119 224
236 255
143 223
36 213
169 219
63 127
160 216
142 262
4 193
156 224
27 279
192 246
106 181
123 147
103 175
161 228
102 155
104 283
118 144
39 177
31 229
7 29
100 205
92 143
121 150
30 96
187 254
197 210
161 183
54 146
62 158
94 232
49 125
82 175
32 106
77 89
113 249
163 188
5 211
195 199
270 297
89 184
66 138
179 261
51 229
1 167
4 269
60 283
107 156
207 248
198 199
144 280
16 136
74 114
32 258
173 194
100 133
181 186
205 275
166 272
81 197
41 109
291 297
99 130
204 214
13 190
76 221
34 68
18 247
54 245
1 225
252 299
10 282
196 225
17 134
226 274
75 131
167 298
20 241
164 168
57 129
21 68
24 290
67 157
120 222
39 47
37 291
22 206
34 206
79 88
115 189
253 270
189 203
49 62
12 120
158 242
97 276
46 132
105 242
145 256
69 280
112 185
23 152
139 176
260 289
104 141
188 264
171 268
109 258
50 117
182 285
182 284
64 238
47 214
84 87
170 215
146 267
165 271
160 257
154 265
212 230
17 178
174 177
72 200
42 240
122 249
48 231
70 103
63 278
113 248
59 95
53 295
