99 123
73 185
167 286
32 136
166 275
4 233
17 160
55 256
180 260
66 138
19 179
52 265
162 214
236 243
2 104
38 39
181 234
22 110
79 171
220 226
262 270
80 90
85 143
200 255
25 240
237 281
26 127
68 134
117 194
37 293
90 218
37 145
209 221
131 215
44 169
125 231
34 253
108 223
60 89
98 118
72 211
84 238
165 210
25 119
1 280
171 197
4 123
157 202
194 211
139 291
13 282
148 280
56 251
82 130
47 150
91 266
11 178
34 107
93 175
18 213
83 232
167 233
269 278
42 170
101 254
21 113
221 249
235 295
97 289
189 224
1 261
184 246
80 243
15 42
61 276
7 187
125 245
49 248
74 76
203 284
6 271
83 190
181 195
30 67
258 296
53 153
77 269
109 188
190 241
87 196
50 201
39 180
172 277
2 228
284 292
102 164
106 158
185 208
38 274
133 199
44 66
73 253
140 234
248 263
70 259
95 230
31 64
119 258
69 227
172 252
122 247
141 222
61 292
41 296
103 146
115 227
0 216
7 189
14 40
20 215
195 249
184 229
159 267
110 168
131 290
47 92
223 293
208 231
108 174
240 295
23 78
109 216
229 289
151 169
111 272
14 115
26 137
161 230
35 146
15 21
75 157
57 103
35 178
89 116
220 263
114 148
72 133
219 294
151 158
74 299
155 239
51 152
33 224
18 48
59 242
114 272
81 163
264 287
71 188
16 244
27 207
203 278
5 111
12 156
30 138
76 201
59 270
48 193
20 155
51 210
86 94
60 160
9 277
121 165
45 166
222 290
88 239
17 183
135 152
11 141
144 288
206 275
57 245
68 202
36 120
204 285
106 161
134 228
144 256
104 232
163 244
10 86
94 129
135 247
24 176
55 298
78 200
5 118
8 255
101 107
24 46
45 98
46 129
29 130
82 145
112 176
54 225
112 142
67 206
71 241
164 193
207 238
177 251
102 254
87 261
58 147
149 257
63 91
9 297
132 191
182 259
52 266
23 70
214 288
93 162
58 297
186 273
32 182
121 136
95 285
69 265
40 175
105 186
64 177
31 150
268 276
105 204
29 273
154 217
10 213
65 283
8 192
154 268
196 217
81 113
192 294
62 100
88 219
28 36
120 257
205 267
54 63
147 153
33 287
49 264
53 183
16 173
116 137
43 212
3 50
235 286
124 226
56 218
41 156
84 250
28 283
140 252
65 126
12 242
100 126
225 250
77 139
262 291
142 281
27 128
237 298
62 96
22 236
3 159
198 205
168 174
96 279
198 282
79 274
13 279
197 209
92 170
173 191
6 75
199 271
19 122
43 124
97 187
99 143
127 212
117 179
85 149
132 260
128 246
