247 262
100 343
99 256
198 220
301 353
246 335
158 212
194 232
223 289
3 174
90 145
141 316
327 328
207 279
331 359
10 285
37 342
62 179
304 371
36 370
16 273
345 385
226 276
81 311
112 162
88 300
55 253
238 258
205 313
178 209
233 251
55 155
0 45
157 288
74 159
86 193
107 234
18 218
208 274
49 369
44 358
82 138
129 224
202 340
137 181
296 304
178 197
80 271
301 365
176 374
2 5
239 396
203 392
111 117
12 56
48 183
227 373
153 229
139 168
197 339
53 310
74 77
10 223
70 187
312 360
73 92
66 298
19 390
8 329
319 361
33 213
257 322
136 372
172 281
370 384
33 138
180 221
149 280
115 380
143 368
51 286
102 336
72 126
69 287
64 96
277 341
225 312
141 346
41 200
108 388
231 293
103 247
177 188
71 186
294 394
79 248
6 275
34 72
67 144
22 216
1 295
30 398
103 272
13 318
299 351
285 346
36 194
215 356
145 344
296 308
292 306
122 211
263 379
4 268
132 362
123 190
366 383
234 360
131 389
170 364
7 20
114 242
315 332
11 323
241 381
2 307
157 258
116 225
239 329
122 399
84 387
127 129
114 250
26 199
148 182
9 318
98 151
115 388
125 399
81 288
46 175
9 357
101 363
137 339
38 287
134 375
340 384
27 376
169 282
146 249
93 104
267 278
118 236
45 254
180 272
325 338
43 47
279 307
59 218
265 283
130 264
87 99
313 382
192 229
161 235
182 349
213 351
93 148
219 324
196 386
125 381
76 269
75 153
85 392
198 280
135 191
222 309
171 387
192 380
83 105
149 168
126 371
52 58
330 334
89 334
265 297
32 98
86 154
91 293
164 347
133 158
106 150
47 321
121 350
177 203
191 308
144 382
206 376
297 395
30 41
44 302
245 377
38 289
333 395
42 377
110 204
199 311
173 189
26 330
60 331
1 212
94 152
244 391
135 184
97 159
19 150
108 269
11 14
62 221
367 397
214 314
205 241
233 243
54 156
89 156
210 228
59 383
252 366
170 350
14 251
100 359
136 183
259 352
140 372
97 355
231 322
24 217
131 284
151 378
128 167
22 343
166 283
49 335
211 361
23 163
317 337
48 202
82 389
179 246
8 390
295 319
123 310
4 113
34 267
57 61
17 21
25 68
28 80
215 271
196 290
13 252
25 263
349 373
31 88
134 242
250 398
162 299
40 60
85 105
43 200
54 117
206 268
79 124
255 362
142 261
201 278
107 305
76 172
224 281
143 342
84 379
31 240
78 236
16 118
195 393
210 273
139 348
228 369
262 266
87 282
109 171
27 140
50 167
173 184
29 95
50 189
28 338
325 375
32 220
12 357
111 112
254 341
78 120
238 394
230 320
94 204
147 270
277 294
152 226
17 230
237 305
201 255
181 378
96 190
21 90
109 127
291 303
67 128
35 176
121 169
64 248
40 188
53 266
249 309
63 256
132 391
222 257
61 160
5 235
24 227
102 303
291 356
146 368
37 284
219 385
185 352
110 324
15 275
6 353
46 386
164 326
154 302
321 347
39 327
175 326
39 240
77 345
259 328
15 261
185 358
29 75
91 92
95 237
73 336
83 374
292 320
155 165
207 306
51 344
58 286
317 348
20 253
7 300
52 355
116 367
113 244
243 274
124 393
130 316
260 290
68 264
314 363
65 260
120 270
142 147
42 364
119 195
63 165
104 119
65 216
323 333
18 396
69 101
276 354
163 166
71 106
186 365
23 245
209 397
35 298
56 66
315 354
332 337
3 193
133 174
160 217
70 232
57 161
187 214
