140 329
93 137
231 277
332 359
143 217
9 98
4 116
56 372
73 134
166 215
288 369
252 292
33 365
222 330
227 324
20 97
71 356
170 273
246 349
24 327
192 315
174 375
53 374
113 312
282 291
167 396
96 352
109 184
64 114
62 133
27 300
5 61
81 89
85 267
304 334
132 233
333 368
249 251
227 268
52 154
193 229
221 226
208 302
274 311
15 370
110 217
75 243
124 128
107 326
164 385
232 242
11 259
68 80
82 392
251 399
92 179
156 159
284 398
39 185
281 339
144 210
177 185
78 338
287 290
28 163
335 340
94 155
36 106
38 190
99 173
199 219
165 257
10 336
380 382
299 350
3 25
86 348
224 321
28 206
21 371
1 358
14 318
204 310
48 245
322 363
123 366
49 165
26 195
60 388
30 392
33 115
96 367
142 208
41 158
81 130
54 234
159 398
102 271
137 266
68 109
42 280
44 223
50 203
149 356
303 372
45 386
50 301
126 152
4 212
131 262
120 147
69 238
43 361
141 225
37 179
76 362
313 381
198 354
37 231
168 306
34 108
105 151
112 125
278 393
47 111
79 329
161 219
147 335
184 349
110 280
17 381
59 278
138 373
127 166
40 342
177 312
31 191
121 371
213 220
319 377
228 321
1 382
51 260
215 297
66 243
42 380
197 224
19 340
191 341
103 181
100 122
77 337
248 350
295 323
25 273
78 129
13 216
134 258
189 211
74 241
316 331
52 362
47 161
186 206
16 192
59 297
87 230
171 218
291 345
151 323
130 358
172 387
12 32
327 330
57 75
289 389
239 395
264 355
91 397
48 72
13 211
283 353
67 391
139 207
73 145
172 218
20 268
40 316
87 149
26 259
7 112
14 341
94 122
229 255
178 226
125 155
169 320
153 225
49 221
91 120
237 339
22 263
3 193
108 141
150 213
104 265
139 182
60 351
232 266
135 306
146 162
45 197
168 277
169 281
210 337
131 393
346 397
239 367
84 364
118 205
235 237
180 328
117 176
144 199
64 90
107 170
307 388
124 222
126 182
119 138
136 181
207 357
175 384
304 366
101 334
97 128
65 283
148 242
66 310
285 308
22 360
80 360
244 370
275 325
58 343
136 294
263 375
99 295
186 357
95 282
270 387
175 379
183 202
240 378
220 298
196 290
209 267
394 399
174 196
121 322
5 145
253 309
29 293
57 205
70 376
2 6
314 328
15 377
55 254
162 194
46 347
2 254
105 302
85 256
93 142
230 289
11 391
18 187
214 365
31 286
35 301
61 390
98 389
34 287
100 200
6 394
338 346
69 113
298 308
248 331
183 238
88 95
200 309
102 300
132 276
173 260
9 233
345 359
27 41
158 294
250 332
202 240
67 264
90 378
160 305
23 353
36 176
117 118
209 384
39 143
35 63
8 324
62 214
63 133
115 379
167 344
0 253
146 343
71 119
82 274
272 325
17 51
307 383
30 55
244 296
46 373
235 355
245 249
88 320
150 188
275 348
58 272
236 265
154 203
104 153
76 178
236 257
261 317
65 250
84 314
269 276
114 364
313 376
70 201
148 317
44 279
261 269
326 369
157 180
288 318
223 247
8 164
252 258
0 385
116 315
83 279
23 187
286 299
18 347
21 111
271 352
53 152
212 351
101 363
156 201
195 234
157 305
54 190
160 247
10 83
89 228
336 395
77 386
19 171
292 303
79 319
38 255
188 390
163 383
293 296
29 72
135 361
241 342
43 189
56 74
127 285
106 270
103 262
16 129
204 246
256 311
12 194
86 333
7 396
284 344
92 354
32 140
123 368
24 198
