22 64
8 70
46 99
66 88
58 94
17 56
24 89
52 84
9 78
18 34
57 74
6 12
16 91
90 97
0 69
22 61
23 31
36 54
53 93
38 92
20 35
80 82
6 84
37 45
38 61
62 79
16 32
13 60
14 37
3 54
43 59
91 95
75 98
58 59
72 77
51 94
14 69
24 48
87 99
18 55
41 67
1 5
39 65
32 46
40 98
11 20
7 41
74 92
51 95
10 78
49 68
55 70
8 64
23 60
73 75
31 73
85 96
19 76
3 89
47 77
26 83
4 25
2 71
17 68
27 30
63 86
33 36
29 67
21 47
15 42
4 27
21 44
0 65
7 39
2 34
43 72
33 81
40 85
35 97
11 87
52 56
44 63
82 86
12 79
15 90
13 42
57 62
5 96
29 66
26 71
45 83
10 50
50 53
1 93
19 49
25 28
48 76
28 81
30 80
