67 68
7 79
29 75
52 54
67 77
23 88
14 94
12 88
6 89
9 99
23 24
90 91
0 78
31 34
15 53
25 41
2 67
43 96
89 92
45 57
7 25
34 68
60 81
20 72
12 31
82 96
7 39
36 99
45 85
28 87
25 35
38 94
62 71
0 17
3 63
15 70
5 6
42 61
37 63
49 56
33 95
45 58
17 92
29 70
83 97
3 40
46 89
28 91
21 58
74 80
18 49
31 32
21 22
36 71
16 42
34 47
81 92
51 61
44 85
11 52
2 93
5 32
55 70
69 86
10 99
8 32
26 46
86 98
66 85
78 79
27 78
39 64
57 88
1 48
1 61
4 46
62 66
20 83
84 87
22 69
13 38
30 76
35 80
56 77
49 54
53 74
44 90
19 73
38 97
43 95
65 76
59 77
33 58
50 76
50 53
14 91
73 98
63 93
51 82
