36 161
37 139
17 31
18 144
91 151
25 81
82 135
152 161
14 186
171 190
23 43
17 98
101 110
109 152
64 177
83 145
72 167
122 169
50 182
134 143
22 115
64 146
15 116
53 73
151 158
122 190
131 153
107 121
21 92
10 134
100 108
92 163
171 175
42 111
193 198
117 144
60 192
82 151
21 103
132 140
96 174
84 199
28 179
28 110
147 155
15 31
115 131
169 179
52 78
0 57
38 63
88 148
39 168
65 127
153 180
128 191
79 173
86 163
39 106
3 194
104 119
66 120
49 88
75 181
2 66
3 14
61 157
24 49
58 144
70 178
55 60
162 188
29 56
78 181
141 159
16 106
145 176
87 196
165 177
46 118
35 160
93 160
99 124
38 72
137 181
51 196
93 123
11 129
11 190
114 182
71 175
140 188
94 160
47 71
44 166
63 104
114 189
147 187
3 107
33 158
73 95
86 184
171 199
84 125
24 35
80 113
158 166
97 174
77 116
12 101
6 29
30 161
94 102
19 166
8 43
123 172
136 168
173 178
95 100
135 197
72 136
37 83
48 57
75 195
40 139
8 41
42 105
74 85
129 167
24 150
59 111
30 99
89 113
56 159
73 134
58 195
55 97
25 164
53 183
76 84
44 74
19 149
109 185
34 63
65 75
61 177
118 197
103 183
36 132
6 87
32 108
20 182
89 149
90 173
153 198
102 147
98 185
111 176
4 175
112 164
121 156
20 133
10 189
57 61
5 141
90 172
112 128
91 138
1 142
54 192
133 135
52 143
154 157
62 89
67 157
47 96
22 70
58 120
142 163
23 156
76 130
9 120
7 104
186 187
13 69
68 139
17 26
1 170
27 198
126 184
85 99
41 69
42 117
45 137
150 170
51 80
159 191
146 155
16 193
