75 98
25 41
114 153
71 102
107 168
67 128
65 198
28 87
10 140
123 160
64 180
24 102
122 163
125 135
25 180
5 6
3 93
64 160
88 193
109 174
79 113
81 194
62 126
45 58
23 126
47 157
31 146
29 70
66 90
11 186
3 40
13 175
104 171
68 107
2 128
72 111
116 144
54 56
46 89
96 162
70 119
74 80
161 172
7 180
80 183
18 182
18 54
91 149
152 167
43 159
181 191
110 185
37 178
21 22
109 193
16 42
36 71
26 127
83 170
12 146
34 47
125 132
96 159
63 143
28 149
133 176
117 194
81 92
91 176
85 188
22 33
113 136
11 52
0 132
15 119
100 189
2 93
55 70
149 166
127 168
6 179
141 182
138 171
33 165
10 99
92 150
99 153
71 118
45 188
103 131
13 138
36 153
123 179
10 104
84 129
39 135
127 151
172 177
89 117
134 159
62 118
119 183
74 199
5 108
26 46
143 172
101 145
66 85
110 155
112 174
44 187
27 78
17 190
8 31
97 170
57 191
78 79
103 121
181 197
39 64
116 130
57 88
20 111
95 165
11 196
144 161
62 66
9 156
156 192
4 46
130 157
84 87
48 145
20 83
20 164
86 154
106 195
42 134
94 138
19 86
22 69
141 186
168 196
147 194
13 38
30 76
5 8
165 195
77 158
103 148
34 122
120 177
35 80
27 125
1 169
143 178
17 150
61 121
49 54
124 128
142 147
45 197
160 198
56 77
44 90
19 69
53 74
38 97
140 192
42 131
19 73
79 189
68 163
124 173
43 95
137 199
29 185
59 167
37 105
59 77
65 76
4 179
182 184
92 115
32 108
51 101
50 76
33 58
52 139
50 53
1 145
14 91
61 169
60 142
73 98
166 187
63 93
55 174
51 82
