75 154
25 41
114 153
152 173
133 175
71 102
94 175
67 152
107 168
139 141
99 140
28 129
24 102
123 160
25 35
122 163
125 135
79 136
89 179
3 63
95 159
7 113
106 166
25 180
5 6
64 160
12 193
109 174
88 193
155 183
120 122
81 194
62 126
170 171
78 132
23 126
83 97
29 70
104 171
3 40
147 151
2 128
72 111
68 107
116 144
54 56
16 148
85 90
96 162
15 137
46 89
161 172
21 58
30 198
18 49
7 180
188 197
108 146
52 168
90 187
80 183
95 195
143 177
152 167
181 191
91 149
6 123
37 178
83 170
26 127
12 146
110 185
109 193
98 154
28 149
96 159
22 58
63 143
125 132
34 47
117 194
85 188
81 92
66 118
133 176
131 148
151 196
0 132
15 119
113 136
55 70
2 93
100 189
149 166
6 179
33 165
10 99
141 182
138 171
69 86
92 150
31 108
71 118
84 129
99 153
36 153
10 104
13 138
119 183
89 117
134 159
127 151
74 199
101 145
14 176
112 174
66 85
110 155
57 88
39 64
57 191
181 197
17 190
103 121
116 130
9 156
144 161
156 192
20 111
62 66
11 196
130 157
48 145
84 87
20 83
78 189
172 178
86 154
106 195
20 164
168 196
147 194
141 186
30 76
42 134
94 138
5 8
22 69
34 122
1 169
103 148
77 158
35 80
120 177
27 125
165 195
124 128
56 77
142 147
61 121
160 198
143 178
45 197
17 150
49 54
44 90
53 74
19 73
42 131
38 97
140 192
124 173
43 95
68 163
79 189
37 105
59 167
29 185
137 199
65 76
92 115
4 179
59 77
182 184
32 108
50 76
82 101
33 58
1 145
52 139
50 53
14 91
61 169
60 142
73 98
166 187
63 93
55 174
51 82
