215 333
226 359
79 113
270 305
70 119
96 162
176 351
5 289
7 180
18 182
91 149
152 167
97 349
259 384
21 22
361 398
6 251
232 262
369 383
243 278
313 398
96 159
28 149
125 132
49 324
116 233
157 395
232 347
9 226
249 290
88 281
113 136
0 132
197 263
219 320
107 328
16 275
223 299
6 179
185 329
244 320
36 272
75 357
297 353
149 166
55 70
122 313
225 350
235 355
25 370
246 310
104 325
54 315
216 280
283 371
236 337
24 237
205 249
223 227
264 321
99 153
36 153
243 287
39 135
141 288
188 276
168 328
81 295
123 179
84 129
105 202
115 304
74 199
102 237
41 333
22 391
134 159
87 224
146 331
119 183
297 299
65 356
155 291
208 233
172 177
154 344
225 352
89 117
121 254
31 395
93 348
71 375
224 339
160 241
153 279
291 327
150 204
101 145
180 363
211 218
3 257
282 338
64 363
13 378
26 46
82 298
210 301
23 338
133 339
308 310
44 187
191 246
195 377
112 174
152 306
61 103
176 347
189 341
66 85
85 263
39 64
183 271
78 79
116 130
72 292
23 355
136 385
319 348
57 191
104 314
155 261
57 88
136 294
181 197
89 222
97 170
119 396
88 206
27 78
12 312
9 156
214 247
67 361
11 196
93 389
95 165
260 292
220 229
107 239
20 111
156 192
144 161
133 347
228 286
11 302
42 275
3 389
248 281
175 232
202 300
62 66
327 381
4 307
222 368
81 212
102 282
24 266
111 292
190 386
12 336
354 356
130 157
117 309
118 293
20 83
48 145
183 261
211 252
26 323
297 372
172 178
276 308
84 87
118 375
303 371
90 234
238 332
54 240
158 350
129 346
16 326
228 335
138 378
213 371
241 283
228 379
86 154
120 230
126 220
60 280
20 164
168 196
296 332
211 223
141 186
5 8
19 86
10 279
63 322
94 138
7 382
147 194
13 38
30 76
114 359
15 278
66 387
22 69
42 134
35 80
215 382
77 158
106 316
40 300
340 373
101 399
33 367
120 177
165 195
334 343
18 240
27 125
103 148
64 317
168 366
294 382
138 286
43 258
359 384
45 197
160 198
17 150
142 147
62 268
124 128
208 321
56 77
345 383
123 283
295 309
242 345
362 366
61 121
102 290
107 320
194 309
108 265
137 393
151 301
200 336
62 267
44 90
53 74
92 212
83 349
19 69
40 257
42 131
200 235
343 360
253 375
19 73
75 227
245 328
110 207
8 265
110 329
38 97
305 381
147 201
193 277
205 374
124 319
35 330
127 323
25 270
43 95
68 163
171 378
124 173
15 396
79 189
199 376
268 293
322 390
127 366
49 209
178 322
258 326
137 199
37 394
78 296
214 380
265 331
239 392
29 185
302 358
37 105
151 362
337 345
59 167
230 342
31 265
109 373
303 317
154 252
258 391
106 397
302 352
146 312
65 76
201 301
59 77
236 300
255 296
334 367
122 264
271 330
34 264
155 207
4 179
115 204
33 58
2 217
51 101
208 365
32 108
100 341
193 248
50 76
10 314
143 390
56 315
229 267
140 318
1 145
148 275
144 233
198 221
52 139
284 373
188 360
50 53
184 288
99 259
231 274
273 287
364 394
114 374
14 91
61 169
169 274
342 398
60 142
192 318
68 392
248 340
220 388
71 272
182 288
139 358
1 231
244 269
206 285
217 348
73 98
109 273
221 354
166 187
46 307
17 386
63 93
171 250
13 262
278 376
234 387
47 321
45 276
334 377
325 379
150 203
54 209
55 174
92 204
195 316
41 311
51 82
256 346
130 380
