11 18
29 75
35 41
91 94
11 60
67 77
23 88
75 98
28 90
12 88
9 99
23 24
26 68
2 67
43 96
89 92
7 25
45 57
34 68
60 81
20 72
10 36
12 31
15 80
82 96
7 39
45 85
28 87
0 27
25 35
62 71
0 17
15 70
5 6
3 93
37 63
33 95
16 86
45 58
83 97
4 6
29 70
66 90
17 92
3 40
54 56
13 94
46 89
74 80
28 91
18 54
16 42
36 71
21 22
34 47
81 92
11 52
22 33
55 70
2 93
5 32
10 99
1 51
26 46
66 85
8 31
57 88
27 78
78 79
39 64
62 66
1 48
4 46
1 61
20 83
84 87
5 8
19 86
13 38
22 69
30 76
35 80
50 74
49 54
56 77
44 90
19 69
19 73
38 97
43 95
59 77
65 76
50 76
33 58
50 53
14 91
73 98
63 93
51 82
