234 392
201 372
344 371
10 78
206 234
252 387
178 230
332 335
154 220
65 392
280 312
95 171
41 212
101 179
54 306
6 59
48 241
140 277
72 210
209 250
68 269
26 398
84 152
76 344
65 258
113 218
217 276
249 270
103 366
358 385
226 282
103 151
140 380
122 306
26 399
162 313
91 190
148 268
132 294
7 333
36 148
299 383
23 182
168 179
157 389
1 100
161 188
143 254
110 128
204 369
35 267
6 295
46 230
114 143
297 370
11 120
363 383
206 396
341 350
102 257
345 364
0 392
44 117
137 244
34 253
115 322
135 384
292 347
240 361
111 397
277 288
157 235
64 104
39 367
283 361
20 216
148 349
232 398
64 89
3 137
79 356
311 386
244 394
130 324
167 316
38 56
72 109
53 85
225 298
33 57
2 326
141 219
7 126
210 260
84 269
35 228
51 286
25 240
282 285
257 290
58 236
179 280
194 304
224 334
152 387
111 289
169 195
44 211
393 395
265 328
227 377
130 332
200 326
176 373
176 337
87 111
99 302
329 390
288 311
13 42
68 173
195 323
71 174
227 256
99 253
215 292
157 229
46 206
242 375
27 190
279 329
261 301
139 331
98 282
8 345
30 234
171 207
209 285
77 255
175 314
243 331
128 378
66 87
302 317
274 342
283 379
145 311
246 309
29 96
15 187
146 381
50 303
89 254
191 291
197 219
115 330
117 260
178 300
84 247
75 231
218 348
20 167
65 236
217 291
78 263
384 395
172 224
69 372
94 385
182 255
173 364
207 317
197 320
47 163
144 237
215 315
174 275
191 373
189 209
169 189
169 245
88 312
288 314
13 133
164 205
92 248
208 303
177 273
14 399
27 340
24 168
130 294
128 368
90 343
229 349
71 233
198 262
85 352
57 373
181 324
56 287
66 360
266 351
246 292
11 279
164 182
5 132
26 396
28 227
124 358
9 110
105 187
76 372
123 359
270 352
202 267
31 296
213 256
222 239
155 266
181 340
264 351
243 247
12 224
151 199
149 233
223 327
353 366
23 337
186 362
31 202
357 359
77 185
166 359
377 391
237 316
131 387
113 388
83 388
160 382
69 154
318 358
25 298
102 180
147 321
17 335
352 371
93 297
62 266
136 353
52 382
2 99
126 150
47 301
203 378
119 214
251 367
210 379
86 310
123 192
293 374
37 137
139 348
279 354
81 332
186 241
92 303
180 338
278 328
21 70
319 362
15 231
216 261
239 380
114 116
149 153
199 295
162 379
141 249
176 264
170 339
96 336
24 382
16 203
70 286
280 339
95 287
50 238
74 265
59 134
29 298
9 127
110 163
6 356
32 54
155 360
232 325
112 290
276 355
147 274
34 300
82 319
228 284
55 175
262 395
133 199
120 193
188 369
14 305
121 310
78 252
8 165
185 315
160 194
80 334
204 397
124 376
28 293
153 299
277 297
32 289
98 341
118 192
172 275
203 275
104 160
106 290
45 350
259 272
121 144
223 248
251 312
327 351
19 259
278 365
180 226
35 49
165 391
40 269
183 380
177 375
318 381
82 329
242 347
90 281
320 376
97 232
3 384
304 336
22 46
309 389
4 191
143 200
142 308
325 333
56 355
61 177
7 73
156 281
129 229
43 192
138 336
79 127
18 225
97 307
154 214
27 158
184 235
259 324
101 134
263 322
256 284
24 63
125 170
196 281
342 354
243 386
86 108
237 343
107 272
81 265
370 375
60 220
45 178
118 159
221 258
1 166
105 291
184 321
150 357
374 394
51 67
91 296
41 222
59 346
142 158
250 286
271 305
13 146
