91 260
69 159
234 295
146 237
154 238
69 73
101 223
7 265
43 291
34 295
74 294
181 205
52 216
224 226
66 197
13 273
32 51
238 294
122 208
75 212
192 286
156 291
171 263
108 298
159 184
151 230
132 249
73 170
31 100
144 193
30 63
195 220
3 210
197 275
141 177
114 143
73 114
122 176
97 165
130 200
8 15
92 252
19 121
114 172
23 126
101 112
136 253
121 176
40 262
240 254
6 254
105 131
4 295
143 292
281 288
227 236
133 225
125 298
80 178
17 167
117 202
85 163
212 273
51 293
100 139
76 84
6 198
47 102
74 243
98 116
239 255
162 257
224 256
215 234
194 198
56 192
140 252
170 264
15 184
10 296
37 165
147 166
164 208
120 280
162 268
64 107
124 242
144 200
40 66
149 291
150 235
45 175
129 162
187 254
35 268
220 278
74 136
45 293
12 86
50 296
52 256
38 137
146 149
26 260
248 277
137 188
35 229
139 153
274 283
66 247
161 205
29 95
20 280
156 260
42 286
60 103
107 249
19 135
36 48
165 186
13 128
10 189
267 289
24 89
4 193
33 261
41 266
59 228
137 207
45 239
264 279
204 242
107 111
24 62
5 206
53 218
118 249
50 190
94 126
12 109
58 163
201 204
25 67
110 183
64 279
85 246
53 158
148 224
11 134
136 183
145 209
217 233
14 108
22 161
3 185
223 270
0 290
60 212
179 192
190 220
96 169
46 104
21 57
180 292
21 261
123 241
104 124
105 151
106 281
112 246
164 218
155 214
139 276
181 216
140 146
128 153
59 117
32 75
201 269
172 246
12 276
61 155
130 240
160 272
213 228
65 247
94 245
214 297
51 206
92 167
72 201
116 259
29 193
17 111
202 248
99 213
157 247
119 264
23 67
19 287
123 180
233 241
59 274
27 178
130 232
81 204
27 145
44 225
84 191
120 282
87 167
152 288
36 127
127 287
141 174
88 258
148 182
191 237
150 206
179 209
175 196
1 24
169 219
188 253
99 282
277 299
219 266
62 251
109 131
95 228
26 28
47 223
30 195
49 278
186 285
177 217
2 284
168 230
203 258
9 131
16 202
147 235
18 262
102 171
211 271
142 190
121 173
271 279
214 245
152 277
138 176
37 98
289 290
168 189
215 227
54 151
71 77
149 251
83 174
103 231
185 298
93 103
250 284
77 266
80 189
113 199
222 230
38 85
72 164
133 199
129 265
127 244
174 242
90 106
88 157
267 283
53 115
81 113
153 160
78 296
184 221
79 231
68 236
39 150
21 82
166 219
70 257
4 55
2 289
25 299
196 267
70 297
57 173
194 259
76 134
22 97
63 292
20 258
125 194
