41 270
226 242
140 259
133 232
125 135
158 225
213 283
114 226
25 180
208 264
35 270
96 256
23 282
206 220
79 113
23 126
112 246
235 247
29 70
186 216
94 232
33 195
93 202
23 247
225 240
58 276
219 244
46 89
97 171
96 162
161 172
21 58
128 217
5 289
5 251
104 250
143 177
100 238
107 219
7 180
90 187
12 200
175 262
108 146
91 149
67 244
152 167
181 191
64 213
6 251
26 127
91 224
83 170
12 146
37 178
110 185
21 22
52 245
125 132
96 298
28 149
132 255
98 252
139 225
107 245
116 233
85 188
133 176
249 290
70 174
2 143
0 132
197 263
88 281
16 275
113 136
51 61
15 119
218 252
223 299
127 168
30 221
118 253
149 166
100 189
6 179
69 86
216 280
194 295
138 171
179 222
105 202
84 129
205 249
168 245
223 227
24 237
141 288
99 153
36 153
243 287
71 118
104 279
102 237
89 117
155 291
87 224
127 151
134 159
74 199
297 299
131 275
119 183
123 222
208 233
121 254
151 210
211 218
3 257
3 202
160 241
153 279
101 145
95 258
82 298
150 204
151 201
85 263
112 174
191 246
40 236
248 284
14 176
136 294
212 295
72 292
17 190
181 197
116 130
183 271
15 243
155 261
88 206
126 229
103 121
57 88
97 170
89 222
39 64
248 281
144 161
20 111
81 212
107 239
156 192
260 292
214 247
117 210
9 156
85 234
11 196
95 165
77 167
38 262
175 232
228 286
111 292
215 294
24 266
102 282
130 157
118 293
129 256
183 261
114 205
84 87
20 83
78 189
48 145
90 234
172 178
66 234
197 276
126 220
241 283
106 195
7 215
109 284
20 164
142 280
86 154
120 230
54 240
141 186
211 223
10 279
30 76
22 69
15 278
94 138
147 194
42 134
168 196
35 80
17 203
68 239
199 278
120 177
35 271
103 148
77 158
165 195
138 286
18 240
27 125
102 290
56 77
47 208
160 198
124 128
142 147
143 178
123 283
62 268
53 74
92 212
44 90
108 265
62 267
200 235
110 207
140 192
40 257
75 227
8 265
19 73
42 131
79 189
130 214
193 277
25 270
147 201
124 173
68 163
43 95
121 169
268 293
49 209
59 167
31 265
29 185
37 105
137 199
78 296
154 252
4 179
34 264
122 264
65 76
155 207
255 296
2 217
32 108
51 101
33 58
193 248
50 76
115 204
229 267
52 139
1 145
50 53
148 275
144 233
198 221
273 287
99 259
184 288
14 91
231 274
169 274
60 142
1 231
71 272
206 285
182 288
244 269
109 273
73 98
171 250
166 187
63 93
13 262
150 203
45 276
54 209
55 174
92 204
51 82
