140 259
125 135
215 333
226 359
240 324
96 256
79 113
277 336
270 305
225 240
253 387
148 344
162 399
206 388
176 351
104 250
141 302
369 374
5 289
21 310
7 180
91 339
152 167
91 149
232 262
37 178
361 398
70 396
259 384
89 307
6 251
83 170
125 132
369 383
28 149
96 159
96 298
132 255
52 245
313 342
97 378
232 347
116 233
157 395
249 290
70 174
219 320
88 281
368 371
113 136
0 132
107 328
6 179
223 299
225 350
244 320
297 353
149 166
75 357
185 329
122 313
85 360
138 262
218 252
95 391
216 280
69 86
246 310
236 337
25 370
235 355
104 325
168 245
223 227
39 135
141 288
99 153
264 321
243 287
24 237
205 249
105 202
84 129
36 153
98 252
123 179
131 275
208 233
51 298
172 177
203 204
297 299
154 344
56 167
134 159
89 117
151 210
41 333
74 199
225 352
22 391
121 254
146 331
188 276
272 293
102 237
87 224
115 304
30 356
54 350
119 183
160 303
101 145
291 327
282 338
64 363
3 202
160 241
155 381
153 279
180 363
224 339
5 108
31 395
211 218
14 176
152 306
118 268
112 174
195 377
23 338
85 263
133 339
189 341
191 246
171 286
44 187
2 390
308 310
181 197
158 315
183 271
72 292
155 261
23 355
319 348
126 229
212 295
15 243
119 396
136 294
136 385
104 314
116 130
89 222
181 308
88 206
57 191
97 170
103 121
20 111
107 239
214 247
222 368
81 212
12 312
156 192
144 161
3 389
95 165
202 300
248 281
260 292
327 381
175 232
117 210
67 361
85 234
11 196
93 389
9 156
133 347
130 157
30 65
24 266
12 336
190 386
102 282
128 319
111 292
354 356
118 375
48 145
20 83
303 371
183 261
90 234
172 178
297 372
197 276
26 323
213 371
20 164
142 280
129 346
241 283
120 230
228 379
16 326
228 335
158 350
126 220
86 154
38 378
238 332
22 69
94 138
114 359
7 382
15 278
147 194
168 196
10 279
141 186
143 322
296 332
211 223
66 387
42 134
103 148
165 195
101 399
64 317
33 367
106 316
215 382
35 80
120 177
189 332
340 373
334 343
294 382
257 300
168 366
138 286
27 125
18 240
160 198
295 309
345 383
142 147
359 384
242 345
208 321
102 290
62 268
17 150
123 283
56 77
362 366
108 265
194 309
92 212
83 349
137 393
107 320
53 74
200 336
151 301
62 267
8 265
110 329
253 375
75 227
40 257
305 381
110 207
245 328
42 131
19 73
200 235
79 189
68 163
188 343
49 209
25 270
205 374
127 323
199 376
147 201
193 277
15 396
43 95
35 330
124 173
127 366
171 378
124 319
268 293
178 322
258 326
265 331
352 358
37 394
337 345
29 185
230 342
151 362
37 105
239 392
137 199
78 296
214 380
59 167
302 352
303 317
109 373
146 312
50 65
154 252
258 391
106 397
334 367
255 296
236 300
4 179
122 264
34 264
271 330
155 207
201 301
65 76
51 101
10 314
143 390
208 365
100 341
33 58
115 204
193 248
2 217
32 108
56 315
140 318
144 233
52 139
198 221
148 275
1 145
284 373
188 360
50 53
229 267
114 374
273 287
184 288
364 394
99 259
231 274
14 91
342 398
248 340
192 318
68 392
169 274
61 169
60 142
71 272
244 269
139 358
109 273
182 288
206 285
220 388
1 231
217 348
73 98
171 250
221 354
278 376
17 386
234 387
166 187
13 262
47 321
63 93
46 307
45 276
150 203
54 209
334 377
325 379
55 174
195 316
92 204
51 82
130 380
256 346
41 311
