29 75
35 41
91 94
11 60
52 54
67 77
75 98
23 88
12 88
9 99
28 44
23 24
26 68
2 67
89 92
7 25
45 57
34 68
60 81
20 72
10 36
12 31
15 80
7 39
45 85
42 96
28 87
0 27
25 35
62 71
0 17
15 70
5 6
42 61
3 93
37 63
33 95
16 86
45 58
17 92
4 6
29 70
83 97
66 90
3 40
13 94
46 89
54 56
74 80
28 91
18 54
36 71
21 22
16 42
34 47
81 92
11 52
22 33
55 70
5 32
2 93
10 99
1 51
26 46
66 85
8 31
78 79
39 64
57 88
27 78
1 48
62 66
4 46
1 61
84 87
20 83
5 8
22 69
19 86
30 76
13 38
35 80
56 77
49 54
44 90
53 74
19 69
38 97
19 73
43 95
59 77
65 76
50 76
33 58
50 53
14 91
73 98
63 93
51 82
