41 270
226 242
114 226
25 180
64 160
35 270
272 290
79 113
23 126
235 247
23 247
58 276
225 240
146 265
70 119
219 244
54 56
96 162
161 172
5 289
5 251
128 217
104 250
28 224
12 200
107 219
7 180
238 296
18 182
80 199
64 213
91 149
152 167
181 191
67 244
37 178
21 22
83 170
6 251
26 127
12 146
110 185
232 262
28 149
96 298
125 132
2 143
116 233
9 226
139 225
91 176
133 176
16 258
249 290
107 245
0 132
16 275
113 136
188 263
88 281
22 33
11 52
223 299
36 272
127 168
149 166
47 264
55 70
6 179
100 189
118 253
138 171
216 280
33 165
194 295
84 129
99 153
243 287
13 138
71 118
36 153
205 249
168 245
141 288
39 135
24 237
223 227
81 295
105 202
127 151
104 279
155 291
172 177
89 117
74 199
119 183
297 299
151 210
102 237
208 233
188 276
134 159
87 224
121 254
123 222
143 172
211 218
26 46
150 204
93 217
153 279
101 145
151 201
160 241
82 298
3 257
3 202
66 85
85 263
40 236
191 246
44 187
248 284
61 103
112 174
88 206
39 64
181 197
136 294
155 261
17 190
57 88
97 170
183 271
116 130
78 79
57 191
89 222
15 243
72 292
27 78
214 247
62 66
95 165
81 212
228 286
4 46
260 292
20 111
9 156
175 232
117 210
144 161
107 239
248 281
42 275
11 196
156 192
220 229
130 157
118 293
24 266
215 294
111 292
102 282
90 234
183 261
84 87
114 205
129 256
48 145
66 234
211 252
20 83
106 195
7 215
241 283
60 280
54 240
20 164
120 230
126 220
86 154
94 138
30 76
10 279
19 86
141 186
211 223
168 196
42 134
22 69
5 8
13 38
147 194
15 278
199 278
120 177
103 148
43 258
68 239
77 158
284 287
35 271
18 240
35 80
165 195
138 286
27 125
62 268
47 208
102 290
45 197
17 150
160 198
124 128
142 147
56 77
61 121
123 283
143 178
108 265
92 212
53 74
62 267
44 90
19 69
140 192
110 207
40 257
38 97
42 131
19 73
8 265
200 235
75 227
79 189
25 270
130 214
68 163
147 201
193 277
43 95
124 173
49 209
268 293
59 167
37 105
29 185
31 265
78 296
137 199
154 252
255 296
34 264
59 77
65 76
155 207
122 264
4 179
32 108
115 204
33 58
193 248
2 217
51 101
50 76
229 267
144 233
50 53
1 145
52 139
148 275
198 221
14 91
184 288
99 259
231 274
273 287
169 274
61 169
60 142
206 285
73 98
1 231
71 272
109 273
244 269
182 288
166 187
171 250
63 93
13 262
54 209
45 276
150 203
92 204
55 174
51 82
