385 530
162 508
125 591
313 398
49 324
428 490
149 441
125 132
232 347
161 470
0 132
113 136
359 535
55 70
119 471
140 428
75 357
456 545
269 549
5 411
370 417
236 337
369 400
219 436
84 129
493 509
251 511
422 560
36 153
369 460
264 321
105 202
141 288
115 304
172 177
65 356
119 183
74 199
134 159
146 331
277 475
89 117
208 233
563 572
121 254
123 222
233 569
96 508
64 363
224 339
153 279
287 537
81 522
135 462
101 145
13 378
249 547
426 582
31 395
150 204
82 298
240 558
398 552
112 174
388 579
152 306
299 416
514 530
338 497
307 566
417 599
191 246
10 593
66 85
21 501
176 347
360 520
35 420
133 339
29 580
119 396
247 497
88 206
72 292
136 294
426 472
181 197
116 380
28 441
160 598
290 439
352 442
225 577
104 314
136 385
212 295
57 191
23 355
39 64
335 575
9 156
521 591
381 478
91 567
11 196
248 281
359 523
95 165
62 66
12 312
133 347
260 292
297 592
221 528
263 477
57 554
299 423
4 307
214 247
252 472
107 239
156 192
220 229
228 286
175 232
130 157
289 411
344 570
355 454
186 588
12 336
245 562
521 555
24 266
306 559
250 517
102 282
305 420
271 444
104 517
343 512
93 452
354 356
118 293
495 566
401 482
111 292
182 414
235 403
67 469
185 583
118 375
26 323
297 410
34 565
311 465
211 252
303 371
48 145
276 308
128 559
92 434
372 405
297 372
172 178
27 450
90 234
146 499
414 558
270 420
84 87
272 439
213 556
356 511
213 371
207 430
126 220
228 335
3 463
138 378
419 571
180 599
219 527
20 164
16 581
228 379
363 449
253 575
238 332
120 230
135 543
54 240
500 520
205 594
216 588
94 138
168 519
20 406
163 438
69 501
24 412
147 194
10 279
164 429
281 554
406 482
503 515
64 481
5 8
42 134
7 382
547 594
227 524
30 76
114 359
13 38
15 278
427 445
226 504
168 196
141 186
260 574
66 387
19 86
154 534
151 495
215 382
28 419
284 340
166 505
80 271
165 195
43 258
338 488
129 468
103 148
40 300
322 421
120 177
101 399
33 367
294 382
122 536
226 535
77 158
27 125
168 366
23 497
451 483
106 316
223 416
56 59
28 467
79 486
18 240
393 590
349 453
310 518
117 459
17 150
277 432
103 533
241 484
295 309
126 431
237 595
102 290
338 595
124 128
362 366
45 197
359 384
160 198
142 147
6 458
340 544
251 458
70 471
395 407
108 265
257 474
118 587
67 549
225 558
107 320
336 551
9 504
87 455
476 515
151 301
208 507
389 463
93 418
200 336
92 212
149 505
328 519
137 491
404 446
154 586
53 74
194 309
198 484
242 461
19 69
110 329
79 450
123 448
42 131
305 381
111 406
350 568
19 73
110 494
61 533
8 265
40 257
200 235
353 410
285 579
267 477
42 581
245 328
38 97
222 526
253 375
97 457
77 493
83 453
414 442
89 526
189 447
308 518
25 270
188 343
502 525
210 495
460 594
323 480
43 95
205 374
124 319
68 163
171 378
79 189
91 441
165 479
199 376
144 541
124 173
81 434
424 498
368 526
147 201
515 540
341 486
335 557
15 396
193 277
218 510
268 293
83 406
49 209
131 561
322 390
345 461
227 573
377 479
97 572
35 330
540 590
241 413
355 403
261 506
386 425
302 358
337 345
37 394
44 539
133 402
31 265
531 557
481 598
348 418
343 437
446 590
62 578
37 105
474 485
176 567
326 564
502 596
532 596
265 331
178 322
29 185
552 576
184 427
380 451
230 342
333 465
137 199
280 548
258 326
487 567
239 392
144 456
443 578
259 597
63 421
154 252
180 449
266 547
146 312
109 373
258 391
436 562
291 430
161 541
86 586
320 527
170 457
302 352
366 480
155 506
303 317
211 416
319 596
65 76
106 585
201 301
487 589
59 546
271 330
523 597
443 513
237 412
34 264
151 433
183 444
155 207
473 543
282 488
351 589
334 367
3 474
499 503
361 549
361 576
122 264
148 553
148 584
4 179
59 77
112 408
276 512
236 300
260 415
202 485
50 76
33 58
138 550
2 217
52 424
115 204
22 501
208 365
223 524
261 444
32 108
51 101
190 425
224 464
143 390
489 520
193 248
218 472
329 583
90 539
10 314
78 440
44 500
432 529
198 221
284 373
1 145
56 315
188 360
450 466
140 318
148 275
286 550
187 489
255 440
229 267
50 53
52 139
432 551
144 233
344 534
14 91
60 548
99 259
16 564
231 274
184 288
114 374
167 546
465 514
298 508
553 570
364 394
423 592
116 569
121 533
393 491
273 287
455 464
542 576
267 578
60 142
243 537
61 169
422 462
210 459
248 340
135 521
68 392
149 538
192 318
75 573
169 274
342 398
413 435
158 568
334 437
296 440
113 560
109 273
1 231
207 494
283 435
206 285
100 496
71 272
317 481
99 593
350 577
217 348
73 98
182 288
244 269
348 525
139 358
170 401
220 388
561 584
13 262
278 376
171 250
40 492
47 321
46 307
17 386
383 400
39 473
341 496
332 447
221 354
63 93
234 387
166 187
362 433
346 468
383 461
78 466
150 203
268 513
325 379
45 276
54 209
47 507
334 377
174 409
55 174
92 204
283 448
195 316
127 480
94 516
51 82
389 452
327 478
256 346
397 585
130 380
41 311
498 562
214 451
