50 379
371 411
443 497
99 498
169 409
333 379
102 329
440 499
120 464
50 308
248 418
229 384
108 417
27 348
337 477
395 495
103 312
374 435
455 499
154 307
335 385
241 422
132 300
258 321
102 172
430 438
9 466
7 124
198 240
278 296
223 496
166 308
367 412
12 154
49 296
211 284
107 411
366 488
417 460
392 437
294 426
255 496
40 330
476 496
41 156
201 268
335 421
45 222
3 307
326 415
48 443
12 249
103 332
17 80
65 429
241 454
423 431
174 346
109 299
82 458
87 252
225 446
218 273
45 228
153 271
63 154
173 452
29 244
10 343
185 318
126 425
267 483
173 483
451 463
133 349
5 199
181 242
236 292
301 486
4 403
41 275
53 162
55 322
345 420
451 473
53 92
141 279
319 341
373 383
234 349
186 251
68 341
182 478
124 219
263 483
150 226
57 399
17 232
43 283
265 487
139 241
8 222
386 391
196 262
182 390
126 302
10 428
229 275
281 299
327 459
55 60
247 461
431 479
76 235
40 304
144 285
329 401
37 364
176 212
125 375
51 67
370 480
69 355
175 186
445 476
191 233
330 408
243 436
101 128
224 316
76 276
204 367
238 352
75 267
110 265
9 121
85 204
235 399
270 374
297 471
236 358
96 305
101 298
170 197
240 272
151 268
250 375
53 482
452 474
162 359
163 218
0 204
15 157
177 414
353 382
209 317
200 295
223 397
91 394
233 244
331 486
1 121
132 406
276 316
179 441
69 220
228 474
183 405
2 89
251 481
380 392
97 381
157 210
314 432
311 442
207 375
214 306
370 498
214 420
430 433
407 461
366 433
167 286
38 468
339 471
220 321
165 250
114 398
107 472
378 412
109 466
155 195
22 463
334 363
237 259
283 306
367 374
81 270
266 385
98 473
206 208
145 356
62 183
166 234
93 301
52 187
78 409
80 459
207 239
79 372
176 430
75 444
345 457
348 413
333 358
153 305
340 423
7 328
221 401
355 477
95 257
60 136
180 259
20 268
63 77
148 254
181 438
58 132
158 458
163 313
221 357
326 395
157 224
237 341
189 347
211 271
86 90
246 250
73 288
99 464
51 337
174 197
6 415
104 274
319 455
32 409
120 277
18 495
178 302
56 67
284 484
22 125
0 269
429 497
32 481
46 289
49 201
255 406
43 252
178 263
104 227
129 495
180 184
108 325
81 143
265 368
208 354
285 475
16 394
171 254
284 461
441 470
17 93
134 190
235 346
310 393
338 366
118 395
212 452
188 242
106 310
482 487
199 440
210 456
76 424
84 410
451 469
453 467
126 217
298 455
195 447
39 300
28 180
138 296
44 274
175 361
48 343
2 160
46 192
13 194
42 219
26 233
447 485
344 368
33 279
319 436
320 381
160 396
0 327
214 281
121 294
236 254
24 239
198 202
245 498
202 226
174 185
326 407
21 34
90 303
66 92
23 393
14 83
66 465
2 468
38 368
287 338
404 450
450 467
227 351
272 320
94 231
130 432
189 446
373 402
257 300
191 360
46 90
205 253
29 399
354 449
394 419
36 377
107 139
462 481
383 493
71 449
253 439
161 286
31 264
380 387
336 479
146 279
88 390
44 251
81 448
410 449
206 336
264 416
70 262
238 364
122 490
141 292
332 359
49 137
47 248
68 403
179 490
115 425
170 372
147 200
370 445
147 351
171 246
287 304
312 356
4 20
142 162
101 152
291 401
365 489
209 353
414 428
290 415
108 369
3 485
192 400
15 416
400 434
35 408
196 336
106 357
82 377
216 422
11 306
376 389
113 345
129 294
188 386
262 278
418 426
248 369
52 351
25 421
72 159
158 485
260 293
29 475
293 402
131 209
167 350
112 324
117 213
83 486
165 193
123 462
386 472
203 427
215 342
419 456
195 318
360 388
178 435
444 453
110 339
163 168
111 379
315 317
30 106
100 226
140 299
297 340
150 349
322 478
193 342
324 460
62 89
323 410
187 203
303 414
225 487
388 488
133 213
127 426
33 397
437 480
232 382
42 256
313 470
261 393
190 448
116 258
314 376
179 493
119 471
168 398
315 347
309 346
230 465
355 384
282 404
87 391
23 78
231 338
457 494
73 311
290 362
135 437
59 213
37 164
342 489
230 352
149 276
55 184
363 405
134 256
52 491
161 492
65 463
117 156
247 442
105 266
24 424
280 385
260 350
205 219
73 159
13 277
27 460
74 230
54 427
64 141
21 30
61 309
387 389
295 439
19 291
164 280
273 282
