312 393
2 144
156 499
306 420
116 499
5 201
34 283
192 241
217 333
370 490
175 442
164 447
147 178
37 467
77 281
194 375
80 274
311 363
132 457
291 487
159 193
94 308
204 215
392 437
1 122
196 358
128 185
15 229
168 353
465 494
229 282
179 254
248 302
414 450
309 344
316 360
353 370
54 455
167 286
176 436
104 274
131 313
255 441
256 474
139 202
369 457
80 265
64 483
13 400
165 333
148 406
154 222
3 381
162 402
209 289
194 363
150 451
242 246
121 318
89 121
29 412
82 378
198 354
221 303
202 479
45 482
338 351
172 385
165 186
69 453
288 410
319 389
97 370
333 462
43 397
32 233
0 182
455 473
120 222
373 383
72 381
130 216
32 307
153 240
4 452
45 92
338 394
214 447
355 396
77 497
167 309
164 496
37 310
176 498
271 452
377 435
352 431
171 368
29 293
11 35
74 398
139 474
310 334
62 149
62 301
270 342
47 321
117 448
243 273
197 437
289 438
204 296
193 386
330 450
244 448
84 268
152 153
136 222
189 372
59 139
49 180
141 359
290 385
254 456
84 292
57 145
126 341
98 298
220 483
58 469
174 488
44 198
66 270
142 192
60 243
7 295
200 465
255 427
356 473
246 350
407 478
257 484
218 411
140 145
235 294
123 436
302 395
238 251
125 324
292 415
416 429
137 459
9 352
211 304
354 489
30 291
183 306
70 82
87 223
103 252
106 407
208 225
304 482
74 250
1 438
23 179
348 446
130 244
151 345
69 112
19 276
266 401
107 236
55 347
249 340
124 364
192 276
185 458
85 423
150 297
367 429
50 125
220 317
236 369
184 478
20 147
266 379
95 195
65 422
306 377
325 419
48 468
60 331
80 371
56 486
173 372
160 173
95 177
477 498
404 493
140 261
76 491
186 349
154 218
102 248
10 32
61 413
6 414
112 235
107 366
53 357
59 135
356 429
340 453
229 409
64 162
207 253
109 361
241 423
187 495
406 484
182 190
23 390
76 498
90 312
96 154
118 213
143 238
81 256
340 347
302 449
371 395
232 421
271 406
247 263
314 382
15 20
163 440
269 315
376 471
104 180
269 348
160 454
277 496
86 274
117 184
207 272
137 273
187 223
275 347
456 465
71 155
189 226
63 424
350 449
342 378
57 280
161 343
21 423
152 331
219 279
143 374
158 237
159 319
177 239
418 482
99 299
150 320
18 190
185 389
179 470
88 308
138 323
391 421
102 469
184 307
283 344
67 160
203 329
426 473
461 483
48 121
228 326
403 495
322 493
172 459
59 206
36 155
110 288
14 335
16 56
158 246
124 227
394 428
142 480
39 251
62 298
16 207
342 489
217 427
300 398
88 115
191 219
328 432
200 382
284 383
398 472
259 440
149 261
30 231
171 478
54 346
199 424
87 253
116 485
163 262
128 311
316 364
351 463
267 430
237 267
106 251
5 165
79 277
180 490
94 412
108 426
85 461
17 240
0 335
188 252
346 435
181 286
260 327
343 427
111 499
117 210
437 439
422 467
336 380
360 399
211 327
259 416
169 319
334 391
279 360
126 214
96 233
285 404
88 312
4 384
96 326
321 387
24 122
205 369
27 492
263 387
75 208
120 261
293 441
230 310
191 258
79 479
66 425
157 396
144 191
169 245
151 480
252 275
169 328
170 466
175 205
324 402
51 280
171 400
93 368
166 460
390 480
41 470
315 486
224 357
152 287
264 325
52 269
454 471
166 297
376 392
322 475
362 434
1 190
187 227
168 428
232 445
464 493
43 481
114 367
172 213
155 301
40 61
330 413
28 339
49 157
296 399
33 272
174 430
83 439
265 366
362 433
14 164
82 250
178 367
196 441
146 361
128 444
146 239
357 358
379 460
248 410
230 388
181 443
323 365
255 485
64 103
278 413
105 393
129 226
98 321
295 456
332 467
199 234
65 78
12 256
271 458
299 317
22 428
351 455
161 221
134 434
156 330
134 418
124 226
141 183
384 415
11 284
247 405
212 287
28 132
25 84
35 404
408 446
110 268
8 401
234 490
341 392
100 346
281 412
138 375
38 327
73 424
42 328
425 492
476 495
26 350
433 464
225 337
303 417
313 411
166 339
72 415
408 443
68 215
332 345
270 373
491 497
287 481
133 481
46 47
119 451
201 468
354 359
431 445
68 365
2 127
322 466
113 444
118 231
91 387
101 318
142 337
249 305
132 380
329 362
314 325
136 349
31 233
119 216
294 320
195 242
50 487
