215 333
96 162
314 490
125 462
21 22
361 398
428 490
125 132
149 441
96 159
49 324
243 278
152 493
249 290
116 233
139 225
9 226
161 470
232 347
107 328
455 467
0 132
16 275
7 449
122 313
75 357
85 360
36 272
476 499
244 320
185 329
55 70
6 179
140 428
149 166
25 370
369 400
104 325
65 404
113 422
216 280
246 310
5 411
236 337
369 460
18 414
243 287
105 202
123 179
99 153
84 129
205 249
219 436
141 288
276 343
264 321
36 153
223 227
119 183
205 460
115 304
146 331
29 471
65 356
208 233
89 117
102 237
172 177
160 481
235 475
154 344
180 417
74 199
22 391
134 159
54 350
297 299
121 254
82 298
153 279
71 375
135 462
13 378
26 46
101 145
150 204
31 395
224 339
64 363
85 263
223 423
61 103
35 420
338 497
44 187
191 246
135 473
133 339
112 174
308 310
152 306
176 347
336 432
57 88
136 294
28 441
247 497
72 292
104 314
116 380
57 191
39 64
181 197
426 472
319 348
136 385
352 442
212 295
89 222
155 261
23 355
290 439
119 396
88 206
245 498
252 472
263 477
62 66
95 165
9 156
327 381
11 302
220 229
12 312
175 232
42 275
11 196
133 347
260 292
228 286
107 239
4 46
222 368
299 423
214 247
248 281
144 161
67 361
156 192
271 444
24 266
289 411
111 292
182 414
130 157
235 403
12 336
355 454
305 420
102 282
401 482
93 452
354 356
176 487
351 487
118 293
372 405
276 308
48 145
211 252
41 465
84 87
297 410
118 375
67 469
92 434
146 499
297 372
26 323
270 420
172 178
272 439
27 450
303 371
90 234
3 463
54 240
142 280
138 378
207 430
363 449
238 332
120 230
16 326
228 335
126 220
228 379
20 164
213 371
86 154
158 350
168 196
66 387
7 382
24 412
163 438
5 8
20 406
141 186
406 482
151 495
19 86
114 359
147 194
164 429
427 445
15 278
13 38
30 76
22 69
10 279
42 134
64 481
94 138
215 382
165 195
35 80
43 258
101 399
138 286
322 421
120 177
294 382
28 467
340 373
18 240
129 468
106 316
229 443
28 419
56 59
23 497
451 483
168 366
79 486
27 125
77 158
33 367
103 148
338 488
40 300
223 416
45 197
241 484
142 147
126 431
349 453
359 384
61 121
251 458
277 432
6 458
295 309
362 366
17 150
160 198
124 128
117 459
102 290
208 321
108 265
151 301
242 461
395 407
137 491
87 455
92 212
53 74
44 90
107 320
19 69
404 446
70 471
389 463
198 484
194 309
200 336
257 474
93 418
62 267
305 381
40 257
75 227
189 447
19 73
123 448
8 265
245 328
111 406
200 235
110 329
253 375
110 207
353 410
42 131
79 450
414 442
77 493
83 453
267 477
97 457
38 97
424 498
43 95
199 376
79 189
345 461
81 434
91 441
205 374
124 173
165 479
68 163
49 209
25 270
124 319
210 495
193 277
377 479
268 443
322 390
83 406
268 293
15 396
188 343
171 378
147 201
341 486
127 323
35 330
241 413
436 498
37 105
59 167
29 185
178 322
302 358
37 394
333 465
31 265
474 485
258 326
343 437
386 425
137 199
239 392
337 345
265 331
355 403
144 456
348 418
133 402
380 451
230 342
184 427
154 252
63 421
287 373
258 391
106 397
291 430
180 449
146 312
366 480
303 317
302 352
170 457
59 77
112 408
236 300
271 330
122 264
334 367
282 488
211 416
183 444
260 415
3 474
34 264
151 433
237 412
202 485
65 76
155 207
201 301
4 179
51 101
10 314
115 204
190 425
193 248
32 108
33 58
50 76
2 217
208 365
52 424
218 472
261 444
224 464
143 390
148 275
450 466
52 139
284 373
187 489
198 221
50 53
1 145
56 315
144 233
78 440
140 318
188 360
255 440
229 267
273 287
99 259
455 464
364 394
184 288
231 274
114 374
14 91
393 491
413 435
68 392
60 142
192 318
422 462
248 340
210 459
342 398
61 169
169 274
73 98
283 435
207 494
220 388
1 231
296 440
206 285
170 401
182 288
244 269
217 348
139 358
334 437
109 273
71 272
100 496
317 481
63 93
166 187
13 262
332 447
341 496
171 250
383 400
39 473
47 321
46 307
40 492
17 386
221 354
234 387
278 376
54 209
55 409
45 276
325 379
334 377
150 203
383 461
346 468
362 433
78 466
195 316
283 448
55 174
127 480
92 204
51 82
389 452
130 380
327 478
256 346
41 311
214 451
