162 508
132 255
161 470
232 347
0 132
75 357
304 738
41 642
226 679
357 626
574 721
163 621
369 603
84 129
264 321
36 153
146 331
89 117
74 199
119 183
289 621
277 475
123 222
82 298
96 508
191 630
81 522
101 145
287 537
233 614
125 608
305 478
426 582
152 306
417 695
191 246
112 174
699 707
346 669
560 782
21 501
54 609
136 385
116 130
181 197
72 292
23 355
119 396
509 697
490 721
28 441
339 768
136 294
263 477
646 792
11 196
400 679
248 281
31 617
12 312
285 630
215 646
269 775
225 686
530 646
384 650
299 423
313 732
335 575
133 347
220 229
95 165
9 156
221 528
299 728
623 777
130 157
318 681
186 588
12 336
251 762
2 680
102 282
111 292
579 716
636 715
355 454
235 403
347 675
641 736
24 266
305 420
539 711
182 414
344 570
93 452
239 790
57 778
297 372
387 631
84 87
428 693
251 652
323 765
369 729
92 434
272 439
279 735
297 410
472 638
213 556
372 405
118 375
414 558
311 465
593 624
48 145
175 674
29 787
212 640
146 499
247 731
185 583
26 323
34 565
128 559
20 164
186 676
500 520
580 626
205 748
598 611
213 371
260 703
219 527
238 332
419 571
207 430
54 240
554 778
712 761
619 735
363 449
49 784
356 511
571 799
331 781
745 788
707 737
138 378
566 685
289 749
401 659
591 608
228 335
559 649
563 683
406 482
202 793
225 627
68 623
281 554
168 519
506 615
168 196
260 574
10 279
116 614
5 8
543 688
141 186
20 406
356 725
335 619
517 605
7 382
19 86
96 744
599 770
379 696
666 670
94 138
64 481
226 504
722 723
719 737
15 278
30 76
13 38
66 387
205 594
756 760
427 445
71 739
547 594
216 588
114 359
570 772
286 696
58 720
722 768
164 429
56 59
294 382
172 661
52 625
5 749
211 727
5 763
165 195
106 316
120 177
226 535
257 300
284 655
338 488
79 486
129 468
370 695
166 505
118 739
28 419
215 382
103 702
122 536
422 688
581 644
598 635
27 125
77 158
4 734
393 590
714 718
214 483
322 421
23 497
519 620
18 240
90 780
313 775
223 416
43 258
28 467
523 698
168 366
124 128
102 290
371 758
310 518
160 198
251 458
153 767
250 605
288 690
150 713
397 799
237 595
295 309
422 779
351 791
453 743
17 150
103 533
420 673
241 484
244 714
45 197
277 432
340 544
497 774
572 683
552 671
507 604
257 474
484 725
389 463
198 484
97 743
544 655
640 657
46 734
70 471
219 697
137 491
404 446
453 783
87 455
19 69
556 704
9 504
592 700
433 750
147 766
411 749
208 507
476 515
242 461
237 710
108 265
225 558
395 407
245 625
417 770
330 672
92 212
55 737
93 418
549 718
512 720
247 774
151 301
328 519
53 74
194 309
336 551
600 629
120 613
324 648
149 505
42 581
85 724
350 568
40 257
42 131
245 328
111 406
189 447
159 744
500 724
8 265
79 450
38 97
301 629
252 727
515 647
61 533
19 73
577 686
285 579
450 691
549 612
89 526
267 477
353 410
97 457
200 235
414 442
462 608
222 526
232 674
70 719
253 375
305 381
77 493
126 645
131 561
171 378
144 541
147 201
227 573
490 693
68 163
165 479
301 733
526 738
43 95
25 270
35 330
711 756
127 323
448 758
412 641
515 540
124 173
49 209
495 733
193 277
15 396
572 743
407 781
604 614
27 691
83 406
218 510
322 390
540 590
268 293
199 376
341 486
205 374
188 343
377 479
79 189
227 764
81 434
689 772
345 461
517 607
265 331
69 658
586 677
178 322
349 783
37 105
481 598
62 578
487 567
438 653
144 456
280 548
431 645
446 590
452 692
258 326
474 485
254 689
302 358
594 730
751 771
587 631
532 596
355 403
141 690
386 425
502 532
192 618
348 418
137 199
337 345
261 506
324 784
389 786
176 567
531 557
352 627
29 185
380 451
67 643
392 670
656 681
343 437
399 668
31 265
671 680
534 677
518 701
37 394
333 465
241 413
613 732
184 427
230 613
133 402
6 752
775 777
198 635
200 717
326 564
595 667
366 480
616 636
491 606
443 578
123 634
630 773
249 748
246 740
63 421
155 506
86 586
180 449
320 527
259 597
436 562
266 547
154 252
287 373
667 715
180 770
384 698
494 726
642 753
557 619
170 457
291 430
303 317
99 767
381 615
134 678
42 678
146 312
126 637
161 541
290 751
258 391
59 546
320 790
367 769
276 512
135 688
34 264
319 705
282 488
122 264
478 753
105 793
106 585
183 444
353 700
271 330
722 785
155 207
201 301
361 612
202 485
204 713
545 636
487 760
522 664
443 513
80 639
523 597
616 774
236 300
473 543
237 412
351 589
112 408
280 600
3 474
211 416
539 795
59 77
57 630
4 179
148 584
575 788
587 709
210 663
499 503
352 602
459 797
65 76
319 596
156 618
334 367
675 768
151 433
3 786
88 778
223 524
260 796
124 705
104 607
51 101
270 757
329 583
32 108
2 217
555 747
261 444
363 611
224 464
208 365
190 425
10 314
307 685
138 550
308 701
33 58
50 76
270 673
24 641
44 795
489 520
218 472
418 687
115 204
115 601
193 248
143 390
342 613
259 593
90 539
762 763
704 747
472 727
154 677
553 702
50 53
471 787
198 221
143 661
580 684
117 797
701 720
78 440
229 267
110 742
188 360
286 550
432 529
663 733
16 644
284 373
441 785
432 551
255 440
253 788
361 552
224 723
344 534
261 672
187 489
144 233
416 728
1 145
148 275
359 698
140 318
498 694
220 637
566 765
469 643
553 570
752 754
116 569
511 652
465 514
273 287
33 769
423 592
298 508
315 609
35 639
114 374
589 760
653 666
167 546
329 742
60 548
166 798
121 533
524 764
184 288
16 564
231 274
14 91
315 654
462 782
393 491
442 746
455 464
501 658
542 576
176 675
364 394
295 640
450 741
293 739
22 658
192 318
624 656
60 142
413 435
101 668
149 538
267 578
662 694
629 776
243 537
248 340
582 665
135 521
542 612
503 647
75 573
68 392
333 792
424 755
148 702
158 568
210 459
342 398
422 462
61 169
169 274
350 577
1 231
71 272
296 440
109 273
206 285
348 525
91 785
628 662
338 667
306 649
113 560
220 388
651 662
170 401
542 633
107 790
283 435
52 755
244 269
100 496
561 584
99 593
502 687
622 731
551 717
317 481
217 348
139 755
73 98
207 494
234 780
605 659
334 437
182 288
424 628
139 358
13 262
171 250
166 187
426 638
17 386
216 610
184 682
278 376
47 321
234 387
383 400
221 354
46 307
341 496
524 794
448 634
83 783
118 709
44 706
63 93
239 670
500 706
458 752
39 473
332 447
110 726
292 703
40 492
174 409
632 708
150 203
47 507
433 632
194 766
127 750
383 461
228 696
302 602
54 209
78 466
268 513
325 379
85 759
334 377
45 276
56 654
346 468
186 789
400 603
386 660
55 174
127 480
94 516
283 448
439 771
521 712
92 204
460 730
368 738
67 718
451 622
195 316
256 346
362 632
130 380
41 311
327 478
389 452
415 796
498 562
466 741
397 585
51 82
555 761
214 451
