162 508
49 324
125 132
149 441
232 347
161 470
0 132
55 70
140 428
119 471
304 601
331 407
244 320
41 642
236 337
105 202
84 129
36 153
369 460
219 436
357 626
422 560
163 621
369 603
264 321
410 699
313 623
289 621
134 159
277 475
74 199
89 685
65 356
146 331
119 183
123 222
153 279
150 204
426 582
103 689
287 537
101 145
224 339
125 608
305 478
191 630
96 508
81 522
233 614
82 298
417 695
360 520
10 593
573 592
346 669
191 246
66 85
21 501
514 530
133 339
112 174
417 599
152 306
388 579
29 580
290 439
88 206
136 294
104 314
247 616
116 130
72 292
119 396
249 650
509 697
247 497
39 64
136 385
181 308
23 355
54 609
398 671
28 441
384 650
299 423
252 472
91 567
221 528
11 302
335 575
225 686
297 592
215 646
260 292
285 630
220 229
95 165
530 646
107 670
57 554
4 46
31 617
214 247
400 679
12 312
9 156
263 477
133 347
248 281
375 575
24 266
289 411
130 157
347 675
318 681
521 555
2 680
102 282
401 482
111 292
495 566
305 420
343 512
12 336
182 414
235 403
344 570
354 356
93 452
118 293
355 454
186 588
211 252
251 652
272 439
472 638
303 371
297 372
48 145
41 465
372 405
478 642
593 624
387 631
34 565
213 556
26 323
175 674
428 693
90 234
212 640
146 499
185 583
276 308
128 559
297 410
84 87
92 434
580 626
442 558
219 527
559 649
238 332
54 240
598 611
213 371
180 599
186 676
356 511
20 164
401 659
566 685
591 608
419 571
563 683
500 520
363 449
138 378
3 463
228 335
207 430
94 138
547 594
281 554
168 519
543 688
216 588
406 482
116 614
164 429
506 615
141 186
227 524
379 696
19 86
64 481
286 696
517 605
114 359
226 504
7 382
666 670
427 445
15 278
30 76
13 38
205 594
5 8
225 627
68 623
335 619
10 279
66 387
20 406
260 574
168 196
28 467
56 59
172 661
462 688
43 258
33 367
18 240
390 421
581 644
79 486
370 695
226 535
106 316
103 148
28 419
166 505
165 195
284 655
52 625
519 620
294 382
215 382
523 698
40 300
598 635
77 158
27 125
168 366
451 483
23 497
117 657
393 590
301 663
120 177
129 468
223 416
122 536
338 488
17 150
310 518
45 197
237 595
349 453
160 198
103 533
420 673
572 683
295 309
6 458
102 290
277 432
124 128
340 544
250 605
251 458
241 484
288 690
117 459
362 366
253 631
507 604
552 671
87 455
151 301
19 69
118 587
476 515
219 697
404 446
245 625
395 407
198 484
257 474
328 519
137 491
225 558
200 336
70 471
194 309
9 504
149 505
108 265
544 655
336 551
92 212
330 672
93 418
640 657
107 320
67 549
242 461
120 613
324 648
600 629
389 463
53 74
208 507
42 131
111 406
549 612
61 533
245 328
285 579
577 686
515 647
8 265
450 691
89 526
42 581
267 477
462 608
19 73
110 494
414 442
79 450
301 629
308 518
38 97
222 526
305 381
253 375
40 257
97 457
83 453
77 493
232 674
353 410
189 447
178 661
200 235
350 568
110 329
165 479
43 95
147 201
91 441
323 480
412 641
188 343
517 607
131 561
199 376
368 526
205 374
540 590
377 479
81 434
97 572
515 540
460 594
341 486
35 330
193 277
15 396
124 319
268 293
49 209
227 573
68 163
124 173
126 645
171 378
345 461
144 541
25 270
79 189
210 495
490 693
218 510
27 691
83 406
604 614
192 618
481 598
487 567
534 677
446 590
671 680
343 437
532 596
67 643
326 564
254 689
62 578
239 392
333 465
176 567
31 265
531 557
427 682
337 345
265 331
141 690
37 105
44 539
355 403
438 653
587 631
144 456
386 425
586 677
69 658
399 668
431 645
198 635
352 627
656 681
474 485
133 402
452 692
230 613
348 418
37 394
137 199
261 506
258 326
280 548
302 358
502 532
178 322
241 413
29 185
320 527
154 252
291 430
63 421
436 562
259 597
384 698
161 541
266 547
258 391
155 506
491 606
126 637
180 449
443 578
146 312
380 622
595 667
287 373
123 634
86 586
616 636
303 317
557 619
170 457
381 615
366 480
134 678
42 678
459 663
319 596
148 553
211 416
282 488
106 585
545 636
260 415
201 301
183 444
473 543
151 433
487 589
34 264
59 546
237 412
351 589
522 664
122 264
3 474
155 207
65 76
280 600
334 367
80 639
523 597
156 618
443 513
57 630
361 612
202 485
4 179
59 77
275 584
352 602
499 503
236 300
276 512
271 330
135 688
112 408
52 424
307 685
224 464
223 524
363 611
90 539
261 444
208 365
104 607
218 472
138 550
190 425
2 217
51 101
270 673
24 641
32 108
10 314
115 601
115 204
193 248
418 687
489 520
143 390
342 613
33 58
50 76
329 583
144 233
78 440
286 550
229 267
50 53
450 466
44 500
359 698
52 139
498 694
432 529
187 489
284 373
469 643
143 661
220 637
148 275
361 552
344 534
261 672
188 360
1 145
154 677
140 318
580 684
16 644
432 551
255 440
198 221
465 514
60 548
511 652
16 564
121 533
298 508
295 640
653 666
184 288
315 609
501 658
167 546
22 658
273 287
364 394
455 464
99 259
116 569
14 91
315 654
393 491
423 592
176 675
114 374
553 570
231 274
35 639
542 576
422 462
662 694
75 573
68 392
149 538
503 647
542 612
413 435
248 340
192 318
267 578
135 521
624 656
243 537
61 169
169 274
210 459
342 398
158 568
60 142
101 668
582 665
334 437
109 273
1 231
113 560
99 593
628 662
206 285
139 358
350 577
217 348
220 388
182 288
424 628
651 662
306 649
605 659
338 667
561 584
502 687
317 481
170 401
100 496
244 269
348 525
71 272
296 440
207 494
73 98
542 633
283 435
17 386
166 187
39 473
332 447
383 400
448 634
278 376
216 610
47 321
13 262
46 307
341 496
184 682
426 638
239 670
171 250
221 354
63 93
234 387
40 492
268 513
383 461
78 466
433 632
45 276
150 203
174 409
256 468
47 507
302 602
334 377
228 696
54 209
56 654
325 379
195 316
386 660
94 516
92 204
55 174
400 603
127 480
283 448
451 622
51 82
362 632
389 452
498 562
397 585
41 311
256 346
130 380
327 478
214 451
