486 1611
854 1301
563 683
162 1499
1281 1327
508 1247
228 1571
378 1336
216 588
96 744
68 623
20 1951
1225 1425
353 1602
28 419
721 1535
617 1918
1065 1517
167 1469
79 486
1287 1593
1247 1999
902 1070
607 1327
240 1461
429 1727
260 827
475 1614
771 908
1073 1901
427 1604
1809 1821
535 1460
397 1683
185 1349
497 774
152 1707
470 843
235 1315
405 839
429 1991
1235 1275
1171 1621
572 683
251 458
48 1771
933 1079
892 1818
191 1305
132 1294
299 1993
854 1602
1045 1984
1211 1285
324 648
1449 1476
722 1033
1833 1841
53 74
698 873
1197 1936
330 672
547 1122
1180 1337
196 1956
1003 1778
247 1895
775 1337
657 1341
467 1462
1687 1953
664 1187
237 710
247 774
940 1945
901 1294
935 1900
1383 1555
257 474
194 309
157 1638
128 1481
1196 1375
304 1375
134 1665
1206 1877
27 1351
727 1828
1249 1936
11 1159
38 97
814 1574
528 1119
872 1252
222 526
765 1526
736 1302
285 579
883 1280
1808 1906
926 1803
1790 1968
279 811
42 581
77 493
1047 1774
1524 1884
702 1639
1271 1852
1665 1736
112 1106
89 526
1164 1635
1074 1286
866 1950
1273 1917
1108 1320
61 533
460 1609
10 811
385 1841
406 1362
1229 1685
40 257
909 1521
590 850
140 1244
670 1170
1385 1552
1326 1616
683 1657
954 1555
754 1482
41 1810
333 1810
510 1342
328 1262
1139 1497
699 1583
462 608
1143 1284
773 1491
592 1095
646 951
890 1952
859 1122
833 1977
150 1036
572 743
175 1843
965 1663
1504 1862
268 293
1212 1564
1284 1962
476 1218
842 942
1015 1350
933 1494
806 1440
1221 1307
563 1282
1873 1985
1670 1979
548 1919
673 1055
27 691
303 1964
243 1169
556 1910
1173 1358
1030 1154
290 1280
1092 1956
238 1405
825 1427
780 932
31 1156
368 1093
179 1054
377 479
565 1145
43 95
81 434
756 1775
801 1409
469 1289
1361 1406
108 1829
1339 1354
1458 1651
1443 1819
517 607
188 343
1082 1220
54 986
68 163
1377 1692
695 1111
906 1639
1516 1652
1080 1680
1685 1983
130 1198
284 964
213 1128
87 885
965 1630
1129 1479
1545 1877
691 1040
689 772
288 1041
1373 1470
685 1032
230 1983
1125 1434
992 1824
218 510
121 1903
412 641
193 277
838 1651
1412 1967
119 1397
1052 1113
199 376
390 1973
72 1984
840 1068
341 486
244 1324
540 590
66 1686
711 756
515 540
95 1683
791 1668
1013 1748
1385 1945
209 1566
404 1139
131 561
772 1997
1762 1830
245 1262
126 645
1091 1773
181 1011
1714 1799
752 1532
437 1784
520 1317
502 532
1505 1624
355 1315
349 1769
558 1391
490 1465
1284 1385
1011 1617
1551 1831
31 1205
488 1271
1168 1609
875 1558
1648 1891
1351 1806
1566 1944
639 1077
1018 1430
265 331
1182 1647
937 1038
6 752
495 1140
1627 1713
184 427
212 1681
484 1515
395 1627
1054 1670
387 1799
392 670
861 1642
200 1854
953 1272
927 1849
1686 1920
554 801
764 1537
141 690
297 819
417 1575
797 1506
674 1117
948 1961
511 1227
877 1132
1450 1578
449 1153
163 948
745 1603
816 1990
382 1246
160 805
137 199
530 1334
1382 1594
549 1360
567 1620
69 658
1717 1718
724 1263
168 1410
133 402
254 689
757 1296
875 931
1415 1558
1111 1575
817 1674
200 717
1374 1547
339 905
1029 1488
566 1506
1158 1390
738 1606
177 1322
1920 1941
62 578
814 1849
399 668
775 777
656 681
552 1619
230 613
1720 1969
214 380
337 345
336 1752
1151 1868
758 1356
467 1693
125 1992
914 1042
1701 1821
1154 1576
357 1644
1302 1660
1196 1967
629 845
107 1607
1304 1607
619 1571
38 1102
1309 1415
1218 1514
734 1879
161 1323
1166 1521
400 1936
323 1526
196 1554
697 1468
1413 1825
1641 1851
1223 1680
333 465
349 783
526 1606
857 1492
382 1232
1145 1352
438 653
764 1399
1056 1943
1545 1560
1456 1542
326 860
778 801
71 1316
518 701
1332 1857
19 1678
760 1325
1631 1924
371 1964
626 977
225 1989
170 457
676 1110
1138 1317
70 1070
1704 1757
630 1617
281 1478
581 1547
920 1306
789 826
126 637
1123 1999
1251 1444
1596 1757
178 1194
414 1898
104 1878
742 1968
84 992
1632 1947
410 819
314 1889
1330 1702
1037 1213
1581 1638
892 1480
540 1471
25 1288
137 969
1392 1412
716 1762
649 1390
1443 1803
359 1108
767 990
732 1553
1177 1463
610 1551
509 1870
320 527
1411 1844
98 1118
453 1756
896 1782
688 1812
411 1924
332 1405
37 1500
624 1676
482 991
1188 1957
39 543
1511 1583
223 1016
180 449
559 877
533 1053
679 1249
1285 1500
673 1288
145 1771
774 1089
430 1790
509 1923
1366 1686
366 480
802 1865
1408 1794
28 833
1020 1426
710 883
1922 1996
878 1616
615 1768
642 753
388 802
858 1156
436 1304
419 1355
713 1458
1600 1893
645 1148
1421 1712
375 1659
215 1160
396 1359
10 1578
1164 1501
843 1480
446 1131
1206 1424
198 1503
707 916
1229 1348
487 952
847 1995
499 647
1397 1969
951 1853
123 634
303 317
1685 1869
42 678
641 1557
180 770
927 1232
1420 1960
1261 1384
905 1445
735 1856
793 1133
477 1920
1633 1634
1192 1620
384 698
26 1526
674 1389
328 1980
113 856
538 1775
375 1742
86 586
313 1553
105 941
711 1753
19 1586
945 1932
1000 1151
1249 1711
192 1332
116 1905
848 1825
3 786
1083 1932
481 1217
237 412
690 1041
591 1494
3 474
301 1794
18 1604
319 705
1712 1792
59 77
1270 1847
512 1006
183 444
650 1838
1058 1802
645 1915
617 1556
924 1390
305 1628
438 948
407 1525
156 618
1028 1482
620 1706
310 1105
320 790
736 1557
135 688
1014 1679
310 1172
887 1184
1396 1890
686 1989
786 1265
138 1677
1734 1842
501 1587
505 891
471 846
155 207
512 1724
246 1305
305 1403
976 997
1361 1577
1402 1883
1848 1876
818 1626
718 1653
871 1715
1567 1830
1133 1971
725 963
575 788
896 1234
748 1629
374 1890
1338 1429
836 1742
44 932
534 1700
284 1716
199 1010
713 1307
1442 1851
935 1464
59 546
880 1860
1091 1995
579 1037
158 913
506 1562
407 1141
275 584
781 1525
204 713
1365 1376
1571 1758
485 1479
599 1066
835 1721
1166 1499
197 1986
830 1806
671 1344
45 1378
815 1435
983 1455
1106 1634
874 1437
131 1744
1090 1746
71 1272
1520 1883
401 991
558 1898
818 867
305 975
979 1299
290 1333
286 1335
351 589
1260 1628
834 912
197 1830
1381 1995
871 1150
49 1136
861 944
106 1214
1536 1746
631 1714
987 1775
105 793
74 1024
940 1340
617 1156
761 1576
57 630
236 300
403 1917
1209 1644
443 513
1102 1114
361 549
959 1788
391 1963
650 1078
1116 1395
784 1451
479 1137
1093 1241
1946 1948
381 1768
870 1752
49 972
421 1224
152 1907
410 929
624 1755
36 1632
621 1283
722 785
436 1459
837 1075
692 1971
34 264
1143 1192
979 1700
825 998
280 600
718 1360
406 1902
232 1945
1427 1961
490 1535
598 1043
773 1082
744 1223
646 1580
112 408
547 1039
925 1810
352 602
456 1785
408 1749
91 984
1243 1596
106 585
86 1678
65 76
867 1495
439 903
1334 1590
704 747
51 101
46 1007
805 1101
366 1943
1761 1796
761 976
1044 1953
947 1402
1071 1447
1027 1257
2 217
1381 1539
585 1811
1369 1787
773 1617
413 1101
708 1554
904 958
805 1515
797 1987
24 1766
1218 1819
190 425
1495 1674
1283 1804
1814 1829
4 1472
64 1929
329 583
260 796
1717 1990
307 685
720 1733
115 601
992 1417
613 1062
960 985
1012 1540
947 1460
891 1684
963 1290
1274 1330
925 1463
999 1238
618 1061
740 1305
633 1779
582 1573
171 1069
781 1216
104 607
133 1844
24 641
94 1677
128 1203
261 444
208 365
325 1856
1127 1132
1878 1889
264 1226
168 1943
224 1161
394 941
301 1582
840 1887
856 927
441 1977
491 1911
762 763
5 1761
930 1763
155 1817
160 936
159 1223
5 1028
103 1053
644 1547
1519 1532
342 613
551 863
1438 1938
120 1062
1664 1860
977 1287
271 1242
1657 1843
749 1782
33 58
1057 1854
1739 1750
10 314
734 1913
737 1009
371 1805
50 76
44 795
218 472
784 1136
604 1638
202 1479
1149 1899
193 248
499 810
777 1823
569 1195
1259 1394
849 1988
83 1362
950 1549
1129 1147
685 1690
128 1470
611 1929
372 971
1369 1750
322 1194
813 1629
1529 1855
863 1896
770 1261
502 882
175 1389
431 1235
1132 1605
1457 1800
719 1726
489 520
270 673
1036 1401
425 888
1703 1715
1399 1446
34 1352
124 1605
442 1898
971 1816
335 1571
363 611
695 1073
372 1309
639 1242
1343 1594
1162 1269
457 1259
974 1436
478 1695
1572 1934
352 1836
1227 1859
1575 1827
16 644
701 720
261 672
434 1221
1021 1577
548 1975
733 1582
498 694
430 1207
143 661
157 1713
77 1597
1448 1705
1563 1863
1291 1613
1188 1695
1172 1976
481 958
153 1959
1506 1690
767 1959
428 910
143 1786
646 1590
864 986
1675 1976
934 1260
205 1890
862 1076
416 1016
144 233
432 551
1520 1622
1495 1767
56 1171
869 1475
404 1185
732 1062
832 1767
148 275
45 1986
1047 1633
321 1598
518 1058
1291 1444
522 1909
140 318
180 1509
1487 1591
115 1311
73 1586
733 824
85 1579
1 145
1671 1876
482 1756
229 267
953 1832
832 1054
188 360
327 1096
125 1351
67 1475
737 916
758 1805
795 1492
1241 1253
26 1501
995 1894
435 1356
147 1454
993 1368
1846 1949
686 1473
176 1192
264 1386
451 1895
416 728
286 550
1362 1756
1114 1440
1149 1510
541 1785
995 1474
667 1496
739 1822
557 1735
306 1899
503 1139
283 1200
852 1295
656 1295
357 1881
849 1388
399 1701
379 1113
236 1147
1015 1488
566 765
297 1816
1276 1725
1020 1185
344 1097
220 637
1888 1944
320 1498
1622 1834
1614 1854
586 979
196 1159
1028 1631
1169 1705
1138 1636
450 1040
253 788
187 489
1531 1553
1484 1970
953 1912
895 1466
374 1981
595 1615
1629 1838
284 373
1100 1163
1001 1938
553 702
874 973
356 1426
1058 1976
719 942
898 988
1112 1190
606 1448
157 1198
621 1961
64 1512
1265 1916
626 1301
651 1152
255 440
599 1384
1636 1839
432 529
245 1662
367 1534
921 1672
80 1242
614 1966
117 797
186 1892
1910 1940
553 1728
628 928
7 1029
566 1140
110 742
922 1697
162 1809
810 1972
18 1000
363 1153
1326 1371
359 698
1584 1848
1435 1487
1009 1871
1258 1495
389 1439
648 1243
78 440
185 1313
826 1800
325 1758
344 534
221 1484
757 1367
112 1914
1518 1612
1008 1364
147 1225
779 1849
700 1874
896 1804
509 1329
393 491
312 807
574 1507
1404 1978
1270 1669
315 609
224 1930
1028 1798
293 739
369 1236
1955 1979
513 1449
1076 1673
173 1127
794 1679
689 1416
501 658
1366 1699
1233 1641
1219 1513
1193 1960
259 974
455 994
504 1022
693 1465
295 1846
242 1345
980 1490
1520 1719
721 1281
1438 1882
0 1179
166 798
1077 1953
577 1238
580 1287
324 1451
915 1017
1585 1688
460 1546
1035 1608
455 464
96 1247
442 746
714 1075
238 1982
787 1274
1400 1812
627 1661
864 1391
792 1107
1253 1955
1912 1947
190 1212
329 1544
1366 1672
282 1954
815 1650
530 1765
1100 1216
195 1429
533 1231
511 652
589 760
1081 1219
165 1338
1020 1859
760 1791
140 852
361 1591
391 860
14 91
1222 1660
935 1395
367 1820
1319 1447
1025 1823
443 1210
620 1164
1565 1569
1239 1785
907 1019
107 1170
266 1039
519 1706
829 1502
553 570
111 1727
154 1493
640 1341
957 1150
1697 1703
985 1376
588 1199
263 921
919 1498
1279 1782
653 666
22 658
35 639
1188 1201
907 1716
259 990
911 1811
554 1478
1246 1464
766 1225
638 1342
429 961
1649 1776
1170 1637
1289 1703
494 1112
60 548
66 1640
136 1568
1597 1998
335 1293
734 1550
1023 1508
1215 1845
273 287
1725 1840
330 946
1323 1783
129 1600
635 1119
189 1845
1666 1781
109 1347
1219 1368
947 1946
287 1407
231 274
16 564
882 1130
737 842
958 1908
339 1530
587 1714
350 1523
887 1709
340 1656
58 1046
329 742
587 836
915 1264
1457 1712
757 1649
1711 1948
116 569
943 1808
764 794
315 654
423 592
625 1858
249 859
211 1016
484 1970
752 754
165 1137
121 533
1148 1210
1085 1852
542 576
450 741
1381 1467
326 1068
600 1831
894 1060
961 1601
1325 1645
894 970
529 926
1760 1971
1144 1437
1277 1520
1595 1981
1176 1772
302 1618
167 546
723 1161
473 997
941 1109
1388 1578
912 1308
844 1504
889 1974
616 1721
715 1496
465 514
1598 1875
151 1059
241 1155
135 521
1569 1755
22 1664
1118 1363
1110 1892
1754 1900
629 776
1360 1965
504 1402
15 1398
321 1452
1197 1236
347 1552
1556 1560
1048 1321
1673 1904
158 568
885 1417
1358 1600
556 872
1441 1462
739 1316
407 1502
1469 1886
729 1934
1311 1455
821 1417
1278 1771
158 1419
725 1925
662 694
1214 1269
371 1561
97 1259
149 538
920 1524
90 932
192 318
280 1975
1404 1587
1193 1807
420 1741
759 1699
996 1118
662 1688
262 831
1135 1866
1121 1842
1055 1559
333 792
1009 1533
1046 1733
243 537
1190 1904
184 828
1244 1589
1026 1289
890 1862
108 1090
1255 1623
1341 1867
118 1937
542 612
1640 1799
372 1064
68 392
1088 1973
289 896
408 1855
1768 1817
1275 1852
1122 1730
60 142
413 435
1391 1461
111 937
862 1562
701 1850
29 1313
208 1067
12 870
515 1972
531 1735
99 990
101 668
728 1994
624 656
8 968
678 1665
8 1829
122 1386
176 1538
46 1913
1017 1454
1424 1638
1314 1693
1081 1292
523 873
342 398
1072 1543
61 169
169 274
57 1409
557 1293
312 978
403 1315
1109 1240
124 899
853 1144
1025 1745
503 647
950 1352
177 1869
269 1042
377 1820
148 702
938 1439
582 665
267 578
877 1510
560 1298
1098 1696
866 1302
79 1466
785 1099
431 1915
1357 1400
417 1261
981 1925
1431 1639
405 803
876 1174
1723 1747
183 1876
261 1562
59 1268
1256 1346
274 890
445 1704
1245 1937
640 1846
898 949
663 824
424 755
365 1406
960 1668
1040 1254
330 1126
369 1300
583 1349
90 855
123 1955
338 667
636 1721
1256 1278
1837 1978
1076 1182
1392 1610
1371 1530
338 1271
536 1004
998 1549
956 1531
944 1774
1398 1508
70 846
463 938
882 1120
726 1112
1750 1895
386 888
70 1726
848 1509
730 1255
1183 1524
228 1142
1250 1343
52 755
398 1180
394 1115
1723 1744
1064 1882
536 1549
542 633
1538 1592
1187 1425
2 1088
700 1051
1015 1825
234 780
987 1377
820 1865
519 1056
561 584
33 1353
998 1175
1024 1588
551 717
454 1273
568 1034
1021 1906
949 1997
291 1207
491 969
816 1202
207 494
525 1793
1060 1691
743 1570
182 828
30 1901
334 437
573 1446
1698 1956
598 1217
219 1468
651 662
454 800
782 830
923 1655
139 755
769 1353
213 1412
1662 1858
4 1879
220 388
779 1357
348 525
1094 1432
170 401
345 1257
0 1773
1364 1772
1067 1452
113 560
1642 1656
346 1885
1033 1592
594 1087
605 659
745 1084
17 1467
420 1055
476 1471
468 1612
242 1430
796 1932
655 907
205 1730
727 853
1011 1517
233 1486
1162 1682
396 1508
109 273
143 1348
298 1418
129 1824
1 231
1106 1894
508 1418
1167 1511
564 1068
788 1659
577 1473
1160 1580
1757 1868
1708 1933
1739 1789
350 577
1731 1797
91 785
21 959
248 1202
283 435
1162 1780
35 1189
1409 1689
354 981
317 481
1788 1802
306 649
32 1746
244 269
1209 1301
622 731
1421 1618
114 1981
687 1801
865 1935
502 687
988 1097
114 1320
1496 1615
616 1089
541 1323
1474 1624
146 978
260 1974
1245 1822
211 1828
604 1966
99 593
937 1902
1676 1988
1252 1310
206 285
154 884
461 1797
665 898
433 1059
223 1679
9 1719
928 1661
1134 1965
469 1380
71 272
505 1135
459 1729
1589 1807
73 98
889 1984
262 1861
799 911
249 813
296 440
664 1909
910 1851
1483 1845
756 1645
373 1191
219 1864
424 628
594 1387
864 1238
370 1111
217 348
390 1786
213 1940
1177 1655
720 1724
1350 1928
1089 1433
1201 1403
1297 1842
153 962
422 1400
544 1393
913 1597
1484 1740
527 1251
571 1414
322 1691
1518 1985
573 1489
1485 1939
1181 1858
1083 1233
870 1896
13 262
44 706
671 1619
966 1941
1208 1291
897 1519
662 900
134 1123
233 1743
239 670
812 1203
438 1563
989 1376
1557 1927
278 376
304 809
1178 1307
383 400
292 1038
1500 1847
799 822
1428 1620
488 1625
17 386
40 492
994 1441
868 1420
1061 1277
496 804
353 929
308 1850
761 1310
1152 1459
692 1916
110 726
544 1803
472 853
1034 1523
500 706
92 1311
411 1279
378 1069
1355 1414
1124 1776
191 1065
46 307
1260 1559
418 1722
1003 1753
917 1240
332 447
1263 1636
216 610
790 1738
75 982
418 1801
258 860
292 703
337 1308
1050 1838
292 1045
234 387
1049 1191
1257 1731
458 752
1294 1992
1336 1527
118 709
784 1165
1319 1599
743 1394
83 783
248 1795
340 1795
448 634
39 473
103 893
723 1616
1027 1204
221 354
426 638
471 1274
88 1921
524 794
79 1254
444 1146
347 1411
996 1994
124 1481
393 850
1387 1546
422 1098
184 682
802 1037
358 939
1211 1480
50 1031
735 1897
319 882
855 1692
690 967
212 983
281 1826
341 496
53 1031
1422 1671
507 918
150 203
5 1318
102 1280
174 409
815 914
335 1071
228 696
171 1453
441 1099
78 466
433 632
632 708
545 835
456 1630
888 1036
464 1930
1318 1763
675 1538
139 939
35 1157
1340 1861
1027 1939
47 507
1181 1410
69 1542
830 1186
54 209
127 750
582 1005
614 1884
1012 1884
1521 1543
714 1134
1654 1914
768 1592
643 1380
383 461
144 1783
821 1370
654 1998
250 1453
842 1379
265 1205
1074 1787
968 1658
618 1332
851 1483
309 1328
606 1911
1133 1667
172 943
707 931
930 968
922 1643
1063 1266
583 1732
409 1764
346 468
1226 1423
219 1208
334 377
395 829
268 513
871 1329
100 804
709 836
722 878
808 1195
208 1183
1168 1818
502 876
1197 1835
552 1591
1270 1709
787 1720
49 1566
525 1777
487 1791
596 1130
385 1490
459 1987
250 1440
1292 1860
1407 1813
7 1781
1513 1815
325 379
550 1527
389 1528
659 806
751 903
903 1759
242 1204
705 899
1594 1853
493 957
302 602
1205 1814
311 1063
194 766
1007 1372
1104 1728
627 1836
1654 1871
164 1991
142 1017
778 1718
252 1121
275 823
93 1224
51 844
1048 1267
1382 1841
47 1228
85 759
1306 1743
974 1565
146 1432
1346 1996
677 884
45 276
136 1116
63 970
823 1374
820 1891
1121 1493
573 982
375 1694
1300 1434
1363 1993
19 1456
1387 1396
62 879
462 1098
11 1792
824 1729
321 1770
753 1695
841 1428
680 1344
343 1784
1707 1886
1574 1666
166 857
1115 1285
181 1548
1010 1588
187 857
1337 1650
1222 1239
1477 1903
648 1303
684 1287
1335 1872
1044 1312
993 1353
973 1086
655 1443
198 1740
1194 1786
689 906
879 1941
56 1998
923 1296
232 1117
271 946
1267 1875
186 789
769 1534
116 1002
147 1408
294 1250
539 1692
55 1533
92 204
360 1138
597 1565
1347 1642
179 1472
333 1248
886 902
1815 1840
353 1874
934 1103
29 1751
1032 1646
405 1438
283 448
712 1079
521 712
439 771
677 1299
1708 1730
523 1436
67 718
516 1331
1119 1503
1681 1949
381 1035
107 1738
202 1760
23 1085
451 622
893 1431
838 1030
751 1333
301 845
954 1759
285 1220
919 1324
127 480
149 1684
227 1399
55 174
36 1383
782 1696
368 738
1718 1921
868 1442
994 1370
316 1269
195 316
276 1006
460 730
370 1176
447 1215
400 603
94 516
834 881
917 1942
1084 1778
386 660
138 1336
282 1926
210 1729
288 828
270 1367
1625 1954
1128 1561
902 1359
41 311
1228 1770
466 741
1155 1515
628 900
476 955
168 1698
643 1653
1885 1893
51 82
1826 1880
729 1013
397 585
747 1252
1710 1867
1611 1958
415 796
1908 1929
817 1230
256 346
498 562
669 1521
1522 1572
327 478
1737 1754
1178 1401
406 1951
808 1540
308 865
1265 1528
847 1354
590 1131
189 895
1167 1602
1013 1125
1174 1777
567 952
1049 1347
235 1854
63 1224
531 1832
1451 1652
975 1608
362 632
389 452
1502 1931
1190 1237
364 1285
355 1541
130 380
226 1460
763 1796
989 1603
555 761
827 1507
1568 1833
1051 1095
1094 1163
1312 1364
483 1074
201 1794
214 451
869 1779
