405 1903
302 1033
527 1311
171 1731
965 1888
1104 1708
1669 1881
42 1346
1346 1903
189 1363
1023 1733
1127 1737
1244 1714
491 797
152 163
165 658
683 1401
1770 1984
928 1435
1489 1911
1657 1881
26 1935
1356 1783
549 1446
299 515
1124 1958
1356 1415
583 1158
682 1534
548 1898
1262 1707
1600 1973
1036 1224
1858 1900
1821 1977
974 1980
30 1365
867 1786
22 895
1660 1823
491 1690
573 1760
1085 1723
812 1910
778 953
1016 1513
711 1618
1061 1237
580 907
834 1806
290 1379
731 1189
1151 1850
907 1302
287 1673
270 1713
445 1031
201 1442
1383 1929
1090 1868
994 1583
194 1542
1470 1681
258 1521
1452 1819
1501 1635
446 1091
297 1275
971 1873
300 1633
749 1236
1001 1329
1534 1918
1003 1617
137 1228
1405 1981
908 999
1254 1659
491 762
56 1028
438 1252
438 1479
213 1352
312 950
70 950
1201 1575
85 1796
978 1940
944 1287
904 1033
399 568
913 1572
296 1526
1109 1871
144 1961
229 268
504 1041
877 1063
77 206
239 1723
785 1110
303 915
1071 1776
342 1087
270 527
1236 1664
1372 1424
1623 1696
1635 1938
1469 1686
769 1201
139 989
8 1776
593 1758
851 1716
88 1853
1120 1992
1392 1967
1169 1835
1045 1461
55 801
527 1470
1155 1727
296 1631
276 1363
628 1071
1566 1960
481 767
302 587
1185 1975
703 915
844 1603
1224 1853
1003 1715
1816 1914
1791 1963
978 1736
557 1734
506 1249
109 582
1549 1991
642 1962
487 1001
827 1614
435 1857
1 253
86 1290
383 845
274 505
314 1011
878 1312
681 990
1168 1510
1441 1808
923 1375
812 1859
166 1596
325 390
504 630
1604 1718
837 1330
1571 1580
1002 1399
37 471
18 764
563 925
859 1482
680 1094
635 1482
775 814
876 1152
1027 1865
349 1751
308 1082
1655 1675
789 897
686 897
755 880
422 745
843 1490
1166 1693
544 663
203 1563
1359 1574
128 1439
214 703
1148 1279
1478 1630
1395 1982
158 1342
37 1937
141 604
311 1398
416 1488
855 1841
689 1854
1370 1582
1197 1419
1718 1869
838 1575
18 796
661 1463
1302 1577
1571 1654
965 1632
82 1362
65 1183
380 1560
1073 1253
512 710
1060 1091
1702 1797
161 1478
1240 1464
320 1683
989 1670
1269 1975
16 572
1742 1764
1286 1467
441 1486
133 1403
83 853
666 1778
924 1438
821 1617
140 1019
747 946
105 819
1558 1795
1135 1827
1315 1787
1344 1834
1053 1937
221 1825
269 1913
793 1538
264 1186
519 1759
432 1395
627 737
318 687
540 1239
100 1086
1412 1698
54 781
1203 1864
23 1926
608 1760
324 1037
91 1515
352 404
289 1336
942 1003
1349 1710
949 1467
142 1203
566 1133
1655 1883
275 1159
243 1393
1662 1941
368 1842
973 1334
1646 1974
1415 1642
799 1859
219 1004
205 1278
980 1705
224 335
677 828
370 1953
669 1409
1351 1475
123 1983
710 771
638 1353
1719 1868
205 1988
1389 1585
1074 1551
961 1075
1606 1865
490 988
851 1516
1309 1734
129 945
170 1716
631 1789
1612 1660
925 1195
990 1798
329 1190
794 1790
87 1930
930 1083
645 828
834 870
1676 1746
1275 1847
1694 1910
997 1389
525 1361
90 1693
197 1797
1537 1916
424 758
240 1945
853 976
884 1718
1704 1811
537 1202
328 1573
1827 1972
1273 1557
11 672
529 1526
908 1805
823 1900
832 1970
361 1528
57 1653
1557 1686
1419 1935
287 1600
668 1406
759 1749
1431 1784
1382 1991
49 1884
396 992
1629 1676
735 1743
399 1426
489 1026
1236 1867
448 567
99 372
821 1631
229 372
314 470
652 1986
1105 1568
932 1786
357 377
1422 1443
495 1523
16 1286
1174 1943
796 1757
1834 1901
339 1405
1405 1951
629 1766
1466 1586
695 715
623 1878
1563 1766
623 1017
881 997
1127 1262
1059 1445
33 220
896 963
905 1801
164 1155
211 826
80 1717
433 959
977 1248
179 759
926 1647
887 1538
104 892
137 1293
949 1796
1022 1958
1013 1559
369 831
1000 1564
986 1783
1427 1553
1606 1643
552 1416
1212 1775
295 655
198 427
1268 1491
1065 1191
1417 1751
207 696
415 806
800 811
179 927
1332 1628
712 1988
566 832
845 1763
994 1737
146 524
1531 1628
1665 1823
1015 1789
686 1604
267 1465
497 1031
50 125
1510 1795
54 1261
323 398
1118 1230
689 1292
1063 1408
855 1217
182 782
1271 1826
773 1082
1125 1637
430 1188
230 967
1140 1930
428 1592
759 1057
99 370
539 1259
4 1836
336 633
577 1321
414 1581
112 579
414 1106
1270 1967
30 1322
53 1829
595 663
701 831
1459 1569
1311 1803
714 1645
124 720
328 602
600 932
10 294
1333 1839
1584 1725
214 425
1261 1341
461 1341
273 728
1009 1396
262 1981
298 662
1289 1858
674 790
422 574
1471 1839
1410 1471
66 649
47 771
738 1935
779 1629
772 1879
833 1925
9 196
1555 1872
115 761
1608 1661
783 1790
1283 1598
974 1345
604 1250
1816 1993
805 1869
1096 1908
199 709
1063 1735
1058 1245
502 1792
174 1705
823 1734
255 1851
1044 1936
1194 1453
857 914
158 719
188 1265
1138 1624
45 147
1095 1339
1846 1883
1202 1218
1181 1616
735 1421
569 603
707 1728
1234 1775
822 1184
1802 1803
565 874
1042 1643
811 1547
387 1257
609 998
246 666
1262 1747
244 1066
1020 1579
606 1776
153 1480
149 1406
558 692
133 833
253 1812
1238 1454
68 109
597 1066
762 1746
500 1755
384 798
680 1113
635 991
338 1196
679 1231
258 1000
985 1601
525 1108
1406 1504
290 785
598 1216
1585 1952
1343 1585
1019 1929
266 1267
62 1434
746 1163
419 516
12 1099
1113 1188
645 971
131 678
1014 1546
62 138
443 1088
583 586
466 1823
873 1902
766 1508
959 1744
844 1330
1365 1605
398 870
954 1384
1800 1995
980 1352
1397 1509
818 1677
1208 1642
1208 1636
1208 1337
1530 1595
1554 1607
301 403
239 1183
376 1651
372 1446
208 1359
128 1680
34 1673
711 1894
402 1646
1570 1830
841 1260
357 728
410 951
895 946
140 539
1403 1980
654 1641
9 1496
1105 1338
948 1563
1616 1778
1545 1895
1326 1625
675 1307
186 1474
537 777
982 1784
167 1788
440 1304
108 227
42 1863
699 1263
739 1735
894 1831
492 1818
972 1327
1414 1513
1232 1665
1006 1804
403 1116
596 1881
523 895
633 1607
1006 1169
562 944
222 1982
226 1491
267 1928
1479 1639
482 617
289 1036
594 779
462 1866
999 1786
1020 1506
1125 1214
1729 1906
787 1940
1599 1919
649 1364
71 913
446 1836
35 1729
811 1128
1274 1451
1375 1784
401 1056
1731 1764
548 861
507 1662
819 1868
876 1014
1220 1240
549 847
449 1320
49 298
1512 1574
914 1523
1354 1912
263 567
1501 1940
1153 1829
381 1432
1389 1706
702 854
327 552
1244 1672
134 1730
306 961
227 1128
35 1160
911 1861
1192 1969
1494 1562
673 1567
1113 1313
391 795
190 922
860 1542
994 1926
685 1974
619 1750
606 1989
868 1448
1391 1432
562 1956
854 1153
275 1139
1480 1994
1231 1588
1261 1296
1176 1933
768 1056
1438 1832
221 240
753 1904
1543 1860
5 1217
788 1732
353 518
101 292
1136 1337
1170 1274
385 1571
106 519
618 1762
1360 1989
238 716
1390 1860
1620 1896
433 1684
813 874
1009 1114
357 611
1131 1638
145 1785
1246 1725
590 1857
1709 1773
1178 1229
420 572
217 692
127 1165
494 1769
0 1901
1298 1372
431 1976
996 1703
577 1531
557 725
195 1920
721 918
168 1896
841 1885
528 1951
1614 1748
654 1777
136 536
707 1204
259 869
927 1578
931 1401
1046 1350
267 946
307 1115
1203 1404
1084 1907
782 1966
1084 1329
1187 1466
487 772
36 1061
34 1011
51 1279
348 1413
1589 1978
456 623
742 1961
1396 1848
183 1047
202 1758
1551 1855
1124 1455
988 1266
1126 1248
1099 1437
1425 1999
1083 1516
1196 1544
352 1821
741 1185
82 1681
777 857
565 1034
1002 1687
1288 1379
840 1717
727 1344
122 783
367 1584
1369 1856
712 1274
249 1342
518 1195
1285 1509
495 1428
564 1994
219 1433
27 880
144 1809
930 1543
88 1871
1566 1843
1029 1849
119 1614
1026 1234
871 1641
904 1346
1368 1460
198 755
291 1087
1004 1025
454 1295
1729 1741
1633 1956
1108 1369
299 1360
533 1952
766 1104
1081 1316
769 1959
757 1162
365 757
1050 1929
758 1251
1160 1815
350 1517
84 1822
1123 1325
578 923
430 455
1692 1918
848 916
1118 1893
984 1073
690 1266
245 584
732 1427
610 1546
168 1466
272 1948
732 993
47 407
360 1774
820 1439
315 1154
820 1496
791 1535
120 1023
322 1994
150 1394
605 723
383 736
1678 1965
1688 1920
573 979
331 1322
13 1754
72 736
591 738
1167 1298
613 1618
535 776
737 1829
1425 1503
971 1082
500 824
1656 1714
2 1848
1567 1705
154 1264
1228 1456
754 809
741 1207
148 1232
958 1708
940 1142
1358 1985
555 1774
748 1059
1146 1880
784 1310
843 1840
444 1916
1050 1625
1085 1354
390 676
195 1013
681 1753
408 1932
501 1945
364 478
575 1213
40 331
1457 1576
176 1440
1657 1887
590 1870
1688 1893
114 1254
1049 1288
1431 1814
21 1892
286 559
262 624
1064 1566
7 34
233 1962
309 1502
371 1678
1076 1680
45 987
1380 1828
1156 1524
536 1070
571 935
1376 1460
1435 1894
392 976
375 1158
948 1547
1472 1857
668 1319
330 1241
278 1395
713 1761
185 1476
24 1360
472 1280
887 1703
1024 1525
504 1971
1251 1640
1057 1377
330 1822
1041 1143
23 969
80 432
1392 1838
178 298
1398 1983
1369 1822
841 1744
73 1990
28 1204
613 846
901 1626
238 730
498 1445
187 248
826 1698
155 1618
312 901
1550 1941
432 1410
478 802
436 1141
657 1443
802 1285
191 1893
865 1642
288 361
198 346
286 1666
739 1850
73 1358
1404 1570
469 765
90 1555
212 1167
355 786
439 1763
1297 1468
1038 1540
763 1806
786 905
1048 1392
53 493
7 96
1404 1668
693 848
36 118
601 1279
435 647
463 1552
48 1287
601 1489
486 1331
1062 1731
340 1439
671 708
1086 1383
384 1588
1388 1897
67 99
700 816
489 952
460 1752
75 288
502 1671
532 1755
679 894
1254 1423
6 625
12 265
437 1998
534 1879
827 1804
878 1576
344 1510
231 600
559 1032
126 1221
857 871
186 1957
172 853
640 1106
503 1013
1529 1916
3 1907
1040 1454
709 1040
477 1787
419 1931
124 1221
803 863
156 487
63 1595
807 1452
546 983
546 706
387 1773
943 1553
863 1387
333 346
530 964
102 158
1081 1157
656 1412
1078 1377
386 1493
20 1598
1313 1966
392 1512
19 176
225 279
242 776
599 1257
1843 1932
1037 1651
210 1667
947 1518
98 345
610 1686
141 1430
556 872
540 1922
881 1882
497 729
689 1388
556 1490
749 1897
745 1005
1240 1927
1087 1519
1171 1647
1171 1974
1411 1447
293 1415
397 882
978 1500
768 1312
354 494
678 973
1017 1835
1720 1843
722 810
174 1732
695 850
1005 1237
1352 1652
1045 1359
956 1652
55 842
205 1226
390 1582
78 368
1300 1874
673 1381
1173 1231
943 1930
1017 1163
1526 1768
1196 1924
240 1252
982 1603
2 517
300 911
510 1665
760 866
30 587
155 1044
430 1845
1733 1817
475 1873
1559 1899
33 285
254 1385
310 1622
162 1595
822 1146
1286 1752
1545 1905
1468 1970
374 1166
1008 1849
550 1703
903 1486
1008 1077
382 1184
659 1403
392 1326
193 1324
108 1692
304 815
165 282
1229 1802
1077 1201
61 1742
463 813
89 1630
130 957
113 992
453 1450
262 585
852 1243
1030 1997
78 693
1021 1436
931 1030
368 543
1194 1961
218 1141
1235 1540
121 367
181 766
200 1319
547 960
294 1140
875 1183
70 1712
664 837
398 524
958 1051
1010 1598
15 1423
575 1028
996 1336
1554 1657
970 1147
1097 1132
718 1663
234 470
1190 1655
199 615
1101 1125
196 1560
665 1317
1303 1906
804 1357
1038 1848
388 1990
330 1842
1408 1522
963 1039
1067 1344
651 1901
752 1700
721 936
211 694
588 1100
389 826
990 1828
275 1667
508 1441
1771 1842
1724 1878
864 1478
1225 1421
1440 1939
192 1060
1042 1222
1073 1442
224 621
1259 1895
1132 1334
1335 1914
1055 1144
285 1351
455 1758
807 1796
949 1475
247 966
705 1263
19 1340
1672 1943
146 1378
750 1247
235 1099
723 1386
434 1851
607 1949
482 929
1083 1327
760 1886
560 1116
893 1591
541 873
840 1950
1210 1429
810 1968
1419 1762
910 1934
933 1945
976 1866
5 1539
704 1085
532 1767
1166 1812
366 1192
1256 1315
423 724
884 1744
702 1179
961 1111
789 1340
1562 1590
291 1335
1309 1768
510 883
850 923
358 1382
1018 1371
1116 1844
1168 1645
6 1293
511 1770
319 1986
1169 1589
60 755
697 1592
431 1072
512 1503
1569 1679
552 1520
8 1222
1739 1880
954 1777
221 474
149 1227
443 1971
698 1034
476 1270
1366 1427
97 862
232 1790
578 1887
886 1536
63 1494
319 688
441 835
1646 1959
792 1723
906 1877
1206 1902
549 818
629 1258
102 1638
488 1557
437 1578
1339 1726
188 1172
173 1821
142 1205
875 1458
716 888
278 1965
616 1221
335 1136
938 1428
1353 1674
201 784
47 1911
1917 1944
747 1065
111 445
244 1303
1227 1367
657 700
1154 1925
1061 1609
626 1610
1596 1769
1161 1191
452 891
1219 1899
1527 1749
435 1604
1054 1091
213 406
266 917
801 1189
618 1367
474 1505
709 1636
919 1781
774 839
708 1601
744 1238
839 1319
1200 1644
648 1889
94 968
498 1944
1102 1844
1264 1698
568 860
14 1430
1043 1594
856 880
957 1738
1345 1418
1258 1689
706 1260
306 1314
107 603
475 817
1679 1739
791 1256
449 1640
966 998
273 1728
521 1799
806 1936
983 1506
471 1653
626 1597
787 1130
890 1318
1610 1818
770 1621
406 1459
132 865
899 1012
1353 1890
1409 1623
862 1148
1025 1634
1908 1954
1238 1962
169 902
634 1682
136 1357
135 744
1067 1696
925 937
580 1852
342 644
960 1015
46 743
1315 1996
665 892
712 1098
79 1043
426 911
75 1912
902 1721
1328 1745
104 1537
376 812
1285 1750
1317 1674
433 1280
1101 1969
733 1399
874 1477
1268 1593
1323 1672
788 1147
142 671
542 862
617 1242
16 1027
541 1639
607 1366
68 756
366 799
684 830
184 1862
1423 1950
1120 1267
842 1985
1134 1590
1054 1874
1247 1785
743 1972
1476 1876
185 473
1297 1394
209 1773
257 355
1774 1793
992 1447
9 64
803 1645
1587 1891
1820 1833
1611 1904
868 1164
687 1305
534 614
457 750
481 1556
890 1528
1220 1282
308 1385
524 1588
394 1844
492 1697
922 1370
622 1102
719 1987
1518 1592
11 206
207 894
464 1356
940 1716
318 386
1115 1572
744 1223
18 143
555 924
255 921
1024 1577
589 937
81 1520
336 749
698 1248
437 1373
962 1984
1533 1613
408 448
761 863
582 707
259 851
305 1277
620 1400
375 1707
530 792
499 585
969 1824
639 952
29 833
657 1175
173 722
21 1977
95 718
39 53
947 1765
10 1794
1677 1810
133 479
280 942
69 1031
238 981
1407 1905
672 948
421 1107
302 658
454 1047
720 1972
742 1515
248 547
891 1978
469 714
429 1534
1035 1397
558 1035
378 865
584 956
879 906
1627 1877
661 1243
121 1220
31 1193
411 1927
438 1150
1797 1800
1122 1738
110 881
1130 1502
898 1015
889 1225
507 621
1495 1775
598 912
545 1284
1477 1693
467 1374
1670 1964
593 1374
463 1381
214 379
899 1793
127 1779
753 1436
717 1998
1565 1885
151 740
427 1706
646 688
704 1350
412 1440
359 565
1110 1402
525 1695
1174 1303
1508 1700
808 1076
634 1494
733 1811
1000 1754
609 1213
284 685
1597 1639
123 793
1029 1794
14 1602
316 1331
951 1558
164 1481
730 1497
485 726
1609 1612
1096 1690
326 1223
824 1143
1150 1242
1233 1347
117 1387
883 1763
845 1746
444 1429
1213 1215
699 809
1351 1401
1308 1619
277 1264
519 1296
953 1197
251 909
781 1989
991 1530
363 1101
1420 1695
332 1458
1117 1306
702 1999
442 1036
70 1924
222 1142
564 1364
545 1754
71 1368
350 1300
1448 1806
496 1347
225 1663
249 1960
1028 1942
19 129
481 665
1281 1721
1152 1979
902 1782
1664 1710
774 1271
1514 1674
1197 1355
297 1206
574 1748
415 999
847 1445
1250 1845
922 1541
480 1328
568 1938
1919 1948
103 866
97 896
350 1968
542 1473
829 1437
778 1162
757 1259
1092 1921
409 1815
313 589
835 1616
254 1373
414 1850
232 1407
1149 1627
152 1765
576 1533
103 856
444 1594
595 1272
457 941
1515 1628
1072 1187
424 555
651 1444
25 683
942 1069
516 1837
1009 1837
1109 1245
683 1964
283 1863
17 1349
447 676
674 738
765 1032
879 932
979 1626
660 1277
247 1299
1119 1957
337 502
373 1610
1671 1691
381 1810
1237 1333
558 653
643 1361
184 1957
810 1269
688 1048
177 195
1807 1946
41 427
1064 1398
484 1302
31 564
852 1299
1078 1457
100 753
1134 1145
691 1263
690 1662
92 794
521 531
807 1727
770 936
1133 1535
917 1684
752 1886
629 691
1757 1875
182 520
711 1826
261 1545
505 731
1599 1993
1287 1770
1807 1855
1043 1756
363 1097
50 1661
1801 1833
808 1093
1602 1682
970 1730
660 827
945 1291
228 1371
1162 1511
756 1462
160 359
15 416
1587 1808
1465 1643
684 1361
337 619
1836 1847
1400 1555
2 1699
573 655
680 1018
317 1424
797 1476
428 1701
230 934
1306 1367
388 603
20 1799
393 650
968 1539
1561 1720
260 1255
1181 1884
1268 1583
599 1179
1529 1635
780 1010
1711 1936
249 385
251 920
292 1199
122 1909
768 1180
175 634
1721 1909
138 517
1418 1472
93 163
256 1886
1161 1498
1219 1889
850 1913
1320 1567
1150 1963
1325 1780
148 1332
293 1649
1276 1541
523 1413
468 1603
741 984
1420 1704
679 836
1016 1495
1305 1358
705 1474
1495 1619
955 1470
509 1159
74 1898
903 1422
237 906
343 1629
38 55
271 1631
248 1867
848 1772
333 1021
1156 1977
800 941
281 846
632 1587
3 1882
1151 1307
544 1114
1107 1991
451 1931
1 1295
662 1782
334 701
1226 1304
379 554
216 1316
426 1135
242 1615
377 505
92 1685
1157 1177
538 1574
98 442
81 1785
1393 1482
241 1455
939 1500
272 1492
1049 1370
391 651
1080 1402
725 1129
1176 1249
909 1002
882 1987
109 1449
669 1738
250 1253
40 1630
1840 1911
339 1018
1209 1327
236 1205
831 1649
1068 1266
1485 1865
975 1507
587 1215
764 1615
1612 1915
68 1548
234 1276
500 1741
263 1484
327 1211
622 1740
52 859
197 397
1372 1416
508 1451
713 1176
1123 1891
1483 1532
496 1306
88 872
465 934
1069 1212
292 325
27 1967
751 1879
464 1055
194 494
93 480
1386 1899
1138 1788
893 1536
480 1921
210 1055
264 780
975 1548
476 1780
1007 1817
767 1093
393 1290
817 1164
321 1996
1417 1580
726 1715
858 1695
1011 1141
1469 1644
764 1544
1491 1809
313 1525
599 656
1324 1498
162 341
178 592
212 1927
215 1739
483 724
1590 1888
58 1976
1145 1792
348 1691
458 1026
650 1414
1084 1450
185 1549
641 714
418 658
581 1376
522 1175
159 212
1062 1184
112 1699
204 1497
417 470
1487 1591
387 1650
1368 1875
987 1503
521 1620
1139 1846
216 1781
316 694
43 282
648 967
631 1581
1522 1745
1126 1283
625 1979
1122 1713
44 877
1182 1509
1239 1910
939 1743
1813 1825
1820 1981
101 358
326 1273
715 1918
353 1426
570 1490
225 1235
246 1568
869 1586
119 1722
442 1089
252 1666
814 1827
1090 1312
1216 1413
861 1522
1384 1753
468 995
354 1759
985 1543
1348 1914
1255 1817
358 1294
459 803
719 770
1079 1747
644 1761
636 1068
256 588
638 1180
219 349
77 188
1246 1658
849 1218
900 1876
607 1726
864 1564
94 1365
670 1933
1484 1685
858 1230
888 1214
637 1873
921 1697
1119 1289
322 1622
513 918
740 1668
83 362
551 981
183 347
653 1493
445 1947
157 608
526 645
832 914
400 1552
356 1010
410 1818
76 327
235 612
944 1464
763 1862
509 1462
1023 1650
734 962
910 1046
553 1872
825 1004
825 959
452 1697
318 1487
311 1483
125 228
916 1455
1624 1904
192 875
805 1447
1513 1841
808 1946
1095 1573
1165 1524
782 1124
204 748
180 1565
1114 1314
670 1702
124 917
59 296
423 1463
1517 1955
223 1832
512 1767
1195 1499
303 1504
395 1117
1390 1648
887 1103
885 1177
729 1546
52 1460
996 1137
300 1434
724 804
1247 1613
1250 1683
1301 1453
1149 1444
815 1505
935 1709
32 740
351 1824
1193 1947
450 1877
216 1772
806 1121
561 1022
227 413
189 1783
1095 1391
12 1100
1102 1380
116 1717
1115 1724
503 1394
667 926
667 1939
762 1052
885 1112
1126 1198
475 1053
139 514
1079 1923
