162 508
640 809
603 729
357 626
89 657
74 199
277 475
119 183
191 630
125 608
96 508
346 669
191 246
721 827
132 901
417 695
664 915
152 306
136 385
490 721
353 854
70 902
339 768
136 294
501 959
181 308
11 302
125 901
133 347
285 630
530 646
299 423
400 679
95 165
220 229
646 792
9 156
221 528
130 157
6 832
36 953
182 414
186 588
34 565
93 452
305 420
251 762
641 736
736 965
621 948
235 403
24 266
355 454
347 675
699 931
621 896
838 933
642 925
243 964
574 703
92 434
26 323
775 815
149 833
414 558
428 693
163 825
175 674
272 953
422 927
185 583
470 887
369 729
558 864
736 866
279 735
323 765
48 145
311 465
29 787
96 909
213 556
247 731
251 652
892 917
591 608
314 849
356 511
621 817
20 164
138 378
401 659
155 615
238 332
49 784
363 449
571 799
228 335
650 813
213 371
559 649
331 781
844 890
72 889
640 983
619 735
419 571
563 683
566 685
207 430
205 594
335 619
20 406
572 683
547 859
96 744
216 588
168 519
756 760
379 696
7 382
676 967
711 987
68 623
714 837
427 445
164 429
141 789
269 815
225 627
129 992
772 949
281 554
372 803
286 696
196 366
411 896
240 986
30 76
94 138
565 950
599 770
570 772
66 387
722 768
202 793
559 924
15 278
114 359
517 605
313 956
71 739
547 594
58 720
338 488
103 702
375 836
294 382
470 866
712 933
624 849
521 976
27 125
5 763
326 840
23 497
241 897
5 749
356 981
66 966
43 258
257 300
370 695
422 688
292 937
18 240
232 940
129 468
0 901
166 505
79 486
118 739
172 661
581 644
226 535
215 382
340 373
697 922
168 366
260 827
4 734
779 814
795 857
214 483
771 908
838 847
211 727
120 177
28 419
223 416
106 316
313 775
297 971
683 831
28 467
165 195
52 625
519 620
12 807
412 595
477 921
871 957
609 999
150 888
244 919
146 810
869 924
45 197
102 290
767 811
41 925
802 820
124 128
405 839
233 920
295 309
638 874
453 743
470 843
102 883
288 690
153 767
174 995
843 892
812 924
277 432
791 960
122 956
552 671
549 914
251 458
244 714
281 944
497 774
310 518
351 791
250 605
371 758
732 956
179 832
150 713
698 873
147 766
324 648
545 965
453 783
9 504
225 558
469 922
112 995
242 461
257 474
417 770
53 74
336 870
747 872
219 697
456 965
512 720
357 854
389 938
404 446
236 881
108 265
46 734
923 934
245 625
640 657
592 700
433 750
600 629
19 69
194 309
247 774
544 655
669 909
544 926
330 672
92 212
832 867
723 878
31 858
549 718
151 301
136 935
120 613
237 710
93 418
411 749
97 743
328 519
89 526
77 493
8 265
515 955
500 724
420 934
232 674
577 686
85 724
40 257
285 579
208 918
42 581
450 691
279 811
245 328
38 97
19 73
111 406
10 811
222 526
42 131
61 533
598 936
973 988
681 852
159 744
831 940
267 477
414 442
97 457
253 375
779 927
113 935
585 911
462 608
200 235
560 856
757 923
745 989
252 727
70 719
590 850
79 450
147 201
604 918
144 541
323 480
124 173
68 163
165 479
515 810
35 330
27 691
54 986
55 842
604 614
268 293
716 820
87 885
341 486
515 540
412 641
538 987
737 942
227 982
25 270
131 561
284 964
689 772
748 859
188 343
171 378
227 764
320 919
180 848
5 930
448 758
79 189
495 733
517 607
49 209
540 590
15 396
193 277
572 743
889 945
83 406
407 781
635 936
215 951
377 479
81 434
43 95
711 756
589 841
218 510
301 733
205 374
126 645
780 932
526 738
199 376
322 390
863 870
345 461
533 893
646 951
490 693
184 427
254 689
339 905
241 413
438 653
355 403
62 578
391 880
579 802
178 322
6 752
133 402
141 967
446 590
176 567
192 618
137 199
326 860
431 645
322 894
389 786
343 437
297 819
413 805
352 358
481 598
69 658
128 812
594 730
671 680
280 548
587 631
337 345
31 265
392 670
554 801
502 532
778 801
163 948
684 977
611 958
775 777
67 643
380 451
617 858
109 861
198 635
506 862
261 506
452 692
531 557
29 185
98 996
326 564
57 801
552 576
200 717
629 845
654 913
410 875
474 485
349 783
577 864
656 681
534 677
399 668
144 456
917 941
518 701
614 808
160 805
265 331
324 784
84 885
37 105
875 931
344 988
333 465
230 613
613 732
407 829
126 637
767 990
137 969
630 773
626 977
266 547
63 421
985 989
586 884
123 634
320 527
667 715
569 808
161 541
86 586
642 753
436 562
559 877
494 726
287 373
28 833
868 910
725 981
366 480
84 992
396 886
303 317
170 457
381 615
710 883
155 506
487 952
134 678
42 678
290 751
707 916
557 619
536 950
491 606
384 698
443 578
39 543
388 802
246 740
154 252
410 819
627 928
789 826
616 636
180 770
595 667
509 871
180 449
482 991
291 430
105 941
725 963
504 947
499 503
319 596
334 367
158 913
237 412
211 416
3 786
337 912
320 790
202 485
282 488
305 975
91 984
135 688
3 474
156 618
616 774
818 867
522 664
728 996
505 891
361 549
361 576
575 788
4 179
675 768
280 600
410 929
459 797
183 444
80 639
401 991
59 77
352 602
59 546
208 920
443 513
545 636
439 903
976 997
861 944
825 998
525 876
204 713
151 433
484 963
276 512
478 753
57 630
275 584
122 264
471 846
34 264
155 207
487 589
112 408
201 301
106 585
722 785
353 700
44 932
49 972
65 76
236 300
319 705
105 793
367 769
834 912
447 851
351 589
438 948
502 882
190 425
82 101
64 904
270 757
78 851
2 217
33 58
531 953
261 444
88 778
208 365
701 865
555 976
425 888
856 927
10 314
143 390
218 472
223 524
329 583
260 796
350 999
372 971
160 936
904 958
747 761
704 747
489 520
24 641
193 248
385 980
270 673
115 601
115 204
260 889
44 795
394 941
342 613
551 863
149 891
224 464
381 975
418 687
77 913
499 810
138 550
762 763
363 611
633 869
32 108
960 985
307 685
50 76
226 947
104 607
255 440
188 360
553 702
187 489
284 373
344 534
428 910
50 53
874 973
198 221
898 988
663 733
1 145
286 550
140 318
471 787
229 267
469 643
143 661
441 785
220 637
701 720
432 529
586 979
359 698
481 958
628 928
224 723
719 942
416 728
261 672
253 788
737 916
432 551
16 644
78 440
110 742
523 974
864 986
580 684
117 797
144 233
566 765
56 315
498 694
142 915
148 275
329 742
167 546
259 974
455 464
529 926
589 760
33 769
35 639
465 514
752 754
423 592
737 842
166 798
298 508
259 990
140 852
60 548
450 741
511 652
455 994
121 533
315 609
231 274
524 764
429 961
391 860
273 287
116 569
293 739
553 570
587 836
14 91
16 564
249 859
536 998
442 746
473 997
894 970
462 782
364 394
22 658
114 374
821 885
542 576
574 827
393 491
295 640
501 658
330 946
263 921
312 807
653 666
176 675
413 435
248 816
424 755
898 949
629 776
248 340
149 538
184 828
12 870
158 568
262 831
111 937
624 656
663 824
523 873
289 896
582 665
148 702
60 142
769 993
333 792
68 392
651 694
8 968
542 612
135 521
405 803
192 318
61 169
124 899
169 274
99 990
556 872
422 462
342 398
210 459
312 978
243 537
267 578
503 647
101 668
90 932
274 890
154 884
348 525
386 888
903 954
217 348
283 435
334 437
244 269
220 388
91 785
73 98
182 288
597 974
821 994
234 780
354 981
542 633
296 440
655 907
463 938
879 966
206 285
338 667
782 830
52 755
139 755
107 790
424 628
153 962
170 401
561 584
249 813
317 481
113 560
21 959
350 577
622 731
551 717
70 846
502 687
99 593
90 855
146 978
799 911
109 273
665 898
71 272
306 649
727 853
651 662
1 231
207 494
491 969
454 800
539 855
118 709
63 93
184 682
304 809
799 822
472 853
47 321
239 670
690 967
524 794
110 726
426 638
75 982
332 447
216 610
341 496
448 634
319 882
393 850
383 400
234 387
103 893
46 307
171 250
258 860
358 939
662 900
458 752
39 473
83 783
605 806
292 703
500 706
212 983
44 706
210 824
496 804
353 929
40 492
17 386
278 376
13 262
221 354
709 836
362 433
150 203
493 957
47 507
545 835
507 918
45 276
78 466
100 804
395 829
502 876
139 939
127 750
194 766
54 209
383 461
55 409
325 379
722 878
256 468
268 513
677 884
930 968
705 899
63 970
51 844
56 654
815 914
659 806
751 903
85 759
172 943
302 602
707 931
275 823
334 377
228 696
632 708
166 857
834 881
62 879
886 902
55 174
271 946
386 660
368 738
186 789
573 982
92 204
283 448
187 857
94 516
521 712
301 845
451 622
439 771
67 718
689 906
400 603
460 730
127 480
195 316
397 585
362 632
189 895
628 900
308 865
498 562
256 346
389 452
51 82
288 828
41 311
327 478
466 741
476 955
130 380
415 796
567 952
555 761
214 451
