162 508
0 132
175 831
0 847
640 809
357 626
369 460
84 129
36 153
89 117
235 475
119 787
65 356
82 298
96 508
81 522
191 630
7 814
125 608
305 478
699 707
537 886
417 695
346 669
112 737
203 838
721 827
191 246
152 306
136 385
339 768
353 854
509 697
490 721
136 294
181 197
116 380
9 156
220 229
215 646
11 302
364 892
221 528
313 732
285 773
299 423
133 347
400 679
530 646
646 792
95 165
263 477
299 728
641 736
817 818
636 715
111 292
130 157
24 266
251 762
186 588
560 830
305 420
54 864
772 898
6 832
539 711
182 414
235 403
347 675
355 454
93 452
239 790
34 565
279 735
149 833
128 559
185 583
26 323
48 145
297 372
703 889
414 558
470 887
775 815
387 631
92 434
311 465
272 439
369 729
323 765
29 787
212 640
175 674
213 556
247 731
344 898
251 652
233 808
163 825
736 866
558 864
428 693
314 849
621 817
238 332
712 761
219 527
619 735
228 335
745 788
138 378
213 371
580 626
571 799
261 615
72 889
401 659
795 857
20 164
598 611
591 608
419 571
844 890
331 781
633 812
363 449
54 240
207 430
186 676
49 784
566 685
356 511
707 737
563 683
21 839
559 649
650 813
20 406
168 519
379 696
549 815
94 138
543 688
547 859
372 803
269 815
356 725
517 605
216 588
64 481
756 760
71 739
205 594
286 696
168 196
219 837
96 744
58 720
570 772
666 670
7 382
202 793
164 429
722 768
114 359
427 445
30 76
15 278
281 554
13 38
68 623
493 871
225 627
335 619
226 504
141 186
66 387
547 594
19 86
411 896
5 8
599 770
406 482
56 59
683 831
294 382
338 488
27 125
215 382
226 535
23 497
122 536
470 866
313 775
375 836
129 468
211 727
118 739
90 780
624 849
79 486
257 300
223 416
28 419
43 258
581 644
165 195
52 625
18 240
284 655
120 177
103 702
166 505
5 763
12 807
4 734
260 827
77 158
714 837
598 635
422 688
838 847
451 483
5 749
779 814
106 316
241 897
326 840
28 467
519 620
172 661
168 366
370 695
472 874
536 825
146 810
340 544
497 774
767 811
150 713
802 820
470 843
295 309
351 791
585 799
124 128
843 892
310 518
150 888
277 432
405 839
153 767
288 690
102 883
160 198
638 874
237 595
371 758
45 197
179 832
102 290
420 673
453 743
250 605
244 714
251 458
281 861
552 671
507 604
422 779
453 783
484 725
328 519
417 770
46 734
549 718
512 720
147 766
151 301
324 648
242 461
747 872
108 265
247 774
120 613
411 749
336 870
640 657
225 558
428 868
544 655
433 750
245 625
476 515
9 504
354 484
53 74
208 507
592 700
236 881
404 446
194 309
31 858
93 418
723 878
832 867
92 212
330 672
719 842
19 69
337 834
257 474
600 629
237 710
219 697
137 491
698 873
357 854
389 463
350 568
38 97
159 744
450 691
8 265
61 533
267 477
279 811
590 850
85 724
500 724
285 579
19 73
42 581
79 450
681 852
577 686
111 406
222 526
549 612
40 257
10 811
89 526
245 328
252 727
414 442
97 457
77 493
462 608
253 375
70 719
305 381
200 235
42 131
232 674
707 875
68 163
227 764
517 607
165 479
124 173
218 510
412 641
199 376
43 95
49 209
377 479
490 693
301 733
227 573
515 810
700 819
79 189
716 820
711 756
526 738
495 733
180 848
268 293
345 461
87 885
147 201
27 691
748 859
126 645
205 374
171 378
55 842
341 486
604 614
83 406
97 572
572 743
15 396
193 277
407 781
144 541
589 841
322 390
188 343
131 561
540 590
863 870
25 270
81 434
323 480
533 893
689 772
515 540
448 758
35 330
614 808
438 653
554 801
399 668
391 880
410 875
380 451
69 658
751 771
254 689
133 402
474 485
337 345
349 783
656 681
128 812
487 567
352 627
109 861
261 506
506 862
617 858
198 635
629 845
200 717
57 801
326 564
178 322
531 557
29 185
230 613
302 358
37 394
389 786
176 567
502 532
579 802
613 732
431 645
518 701
137 199
241 413
446 590
577 864
778 801
333 465
392 670
355 403
192 618
324 784
44 539
671 680
775 777
594 730
326 860
534 677
413 805
265 331
84 885
481 598
322 894
427 682
297 819
587 631
31 265
280 548
452 692
37 105
141 690
160 805
62 578
643 718
6 752
343 437
144 456
259 597
455 821
287 373
595 667
630 773
586 884
616 835
320 527
266 547
99 767
161 541
291 430
789 826
384 698
290 751
410 819
494 726
63 421
443 578
86 586
388 802
667 715
113 856
407 829
366 480
180 770
381 615
396 886
557 619
642 753
170 457
303 317
155 506
42 678
134 678
491 606
146 312
436 562
509 871
126 637
180 449
710 883
559 877
123 634
246 740
154 252
28 833
569 808
545 636
201 301
478 753
616 774
204 713
237 412
351 589
156 618
353 700
80 639
155 207
443 513
522 664
3 786
282 488
65 76
59 546
211 416
271 330
320 790
459 797
525 876
236 300
473 543
471 846
122 264
596 882
447 851
105 793
63 894
523 597
675 768
135 688
319 705
367 769
112 408
499 503
818 867
505 891
4 179
59 77
361 576
57 630
275 584
352 602
487 589
3 474
106 585
280 600
722 785
575 788
183 444
334 367
276 512
151 433
34 264
202 485
32 108
224 464
701 865
24 641
612 869
425 888
762 763
747 761
50 76
307 685
10 314
143 390
260 796
499 810
88 778
223 524
261 444
704 747
190 425
259 593
104 607
33 58
51 101
78 851
270 757
218 472
270 673
115 204
115 601
193 248
149 891
44 795
260 889
418 687
489 520
342 613
551 863
2 217
138 550
208 365
329 583
363 611
502 882
286 550
255 440
50 53
140 318
553 702
143 661
663 733
701 720
229 267
188 360
144 233
469 643
78 440
16 644
441 785
580 684
498 694
198 221
220 637
471 787
117 797
1 145
148 275
361 552
224 723
261 672
253 788
187 489
416 728
432 551
344 534
359 698
284 373
110 742
566 765
432 529
524 764
315 609
391 860
116 569
273 287
821 885
35 639
298 508
501 658
176 675
121 533
737 842
589 760
455 464
114 374
140 852
293 739
653 666
22 658
511 652
752 754
450 741
542 576
329 742
166 798
295 640
312 807
231 274
33 769
442 746
462 782
16 564
249 859
14 91
315 654
393 491
364 394
423 592
60 548
587 836
553 570
574 827
465 514
167 546
424 755
149 538
405 803
663 824
542 612
135 521
148 702
248 816
413 435
158 568
101 668
262 831
503 647
248 340
192 318
75 573
68 392
582 665
184 828
274 890
243 537
523 873
624 656
12 870
60 142
124 899
61 169
169 274
422 462
342 398
210 459
556 872
629 776
289 896
662 694
267 578
333 792
782 830
70 846
296 440
71 272
727 853
217 348
154 884
350 577
283 435
91 785
651 662
338 667
113 560
244 269
73 98
207 494
348 525
386 888
306 649
334 437
1 231
220 388
170 401
182 288
454 800
90 855
539 855
99 593
249 813
561 584
622 731
551 717
317 481
502 687
109 273
206 285
628 662
139 358
424 628
542 633
107 790
139 755
234 780
52 755
665 898
426 638
118 709
184 682
383 400
221 354
110 726
524 794
332 447
278 376
304 809
799 822
17 386
40 492
341 496
171 250
234 387
292 703
13 262
319 882
258 860
103 893
39 473
83 783
458 752
605 806
210 824
500 706
63 93
44 706
239 670
393 850
472 853
496 804
47 321
46 307
216 610
448 634
54 209
150 203
383 461
302 602
677 884
334 377
502 876
194 766
127 750
85 759
45 276
325 379
545 835
228 696
55 409
346 468
78 466
632 708
705 899
51 844
722 878
56 654
659 806
395 829
275 823
47 507
268 513
709 836
100 804
433 632
521 712
166 857
283 448
55 174
186 789
127 480
439 771
62 879
214 622
460 730
92 204
187 857
195 316
301 845
67 718
94 516
400 603
368 738
386 660
834 881
41 311
498 562
288 828
256 346
389 452
362 632
189 895
466 741
415 796
130 380
327 478
397 585
308 865
51 82
555 761
214 451
