1110 1136
170 1631
1215 1246
758 1101
448 1482
526 1294
316 1070
316 418
190 935
381 1619
780 1485
334 864
1212 1509
421 731
1055 1602
946 955
750 1025
604 1945
640 1169
110 1908
791 1898
1492 1667
460 1787
1213 1489
1578 1696
1644 1931
70 407
493 1430
887 1885
215 474
1511 1650
87 797
592 1916
156 524
728 1888
1072 1467
660 1072
272 1406
1579 1772
517 760
287 848
547 1172
100 576
1679 1808
1168 1810
229 1138
1844 1851
1411 1892
1830 1923
71 838
267 1108
567 1993
1396 1885
1089 1865
674 1361
641 766
527 1428
320 525
1221 1966
593 688
454 1563
343 1510
503 1431
205 1120
1397 1672
399 1274
403 1636
842 1057
653 1583
943 950
1681 1809
1126 1971
1495 1760
882 1887
499 1221
715 1368
855 1355
369 876
287 596
412 1931
352 1385
405 1002
821 1532
967 1942
665 1771
1058 1654
1435 1994
394 1724
608 689
307 808
891 1107
950 1636
1468 1754
197 948
658 1190
1052 1877
1086 1761
1098 1305
559 1400
998 1538
412 867
351 893
585 1797
1129 1459
134 1145
632 875
711 1027
168 205
680 1060
1635 1997
1014 1707
92 834
108 743
32 742
1150 1585
1257 1549
1105 1147
1143 1283
1367 1744
1343 1344
44 156
658 1546
965 967
1010 1545
1064 1102
1663 1903
380 881
1249 1940
1901 1961
1161 1873
304 401
819 1447
68 1246
1461 1476
677 1033
978 1015
417 1731
582 1837
172 1833
115 1833
1004 1130
888 1236
166 1814
614 1005
119 1954
869 1435
1662 1928
34 611
1932 1986
640 649
895 1374
924 1299
463 1842
478 785
1494 1583
1357 1441
1804 1808
688 1352
845 943
594 687
864 1276
1369 1668
163 558
704 890
397 1384
683 1776
1201 1593
634 1210
730 1877
1005 1969
1566 1852
278 1970
890 1919
391 1577
326 941
985 1604
350 1435
513 1781
625 638
1063 1076
803 1083
911 1419
167 1195
100 474
39 1696
482 1111
848 856
1669 1904
120 594
1330 1664
924 1119
531 1953
158 1292
359 1466
1042 1376
682 1880
1152 1191
407 1254
697 885
1135 1188
1554 1605
513 783
749 1702
201 1143
1023 1389
907 1002
953 964
1360 1844
995 1991
20 1717
497 1366
676 1868
1 1127
312 316
1039 1173
30 1232
135 504
923 1464
1573 1845
1561 1573
1306 1857
34 273
212 1108
1130 1292
1239 1899
670 1441
28 96
1497 1909
193 612
1176 1229
263 958
1517 1652
118 1534
815 1347
264 668
911 1182
1202 1608
13 243
659 957
676 913
323 560
712 1750
751 1422
871 1729
844 1578
1580 1654
841 1691
744 1447
593 1385
18 1766
31 1720
1115 1618
736 1171
629 1201
177 852
33 781
635 1390
201 1679
1153 1196
775 1700
826 1890
432 1219
1548 1965
697 1424
1052 1478
970 1004
1012 1082
554 753
1207 1996
1134 1784
1333 1687
1389 1445
1020 1062
634 1883
18 1938
81 604
768 1446
264 788
1115 1766
119 1311
816 1620
440 1879
1493 1680
914 1555
502 574
969 1816
672 1571
243 510
892 1371
1306 1935
737 1564
1297 1713
1388 1497
963 1055
172 1217
6 644
1351 1626
1795 1858
304 1709
1774 1984
821 1362
482 1020
1257 1742
919 968
1032 1518
630 1376
909 1484
978 1768
220 1589
1732 1993
785 853
1055 1176
628 1906
801 897
117 1857
933 1313
1184 1567
254 953
515 711
335 1610
469 833
1759 1855
1660 1925
1100 1332
233 476
786 1380
762 937
66 933
331 1108
352 1682
53 904
544 1021
1523 1605
915 1250
160 1250
60 597
1478 1565
577 1469
231 1190
268 1203
464 1186
794 1657
303 1480
414 743
372 460
29 1786
406 1308
1195 1891
1845 1879
587 1825
235 1862
1386 1455
281 1134
1641 1665
263 1721
797 1793
853 1915
1026 1797
1129 1434
175 926
791 1768
698 1619
691 1685
87 1961
1881 1962
483 644
1243 1853
247 1414
422 1462
1143 1903
306 369
981 1746
202 1873
387 1885
1456 1674
1371 1504
343 1153
1122 1744
894 1941
320 1900
1142 1366
123 1615
908 1195
990 1784
982 1446
637 1545
228 934
608 1906
771 951
606 1581
737 1191
692 749
1614 1781
900 1265
1029 1421
359 1411
1051 1422
2 1282
287 1118
6 543
905 1393
1575 1861
620 1117
603 1005
612 1812
817 1984
134 1466
962 1416
1848 1916
609 768
311 1013
825 1950
483 1353
680 1235
365 1604
788 1716
32 1328
640 1524
1645 1945
1089 1999
1319 1980
656 788
1401 1758
666 1102
1704 1939
135 1006
875 1265
987 1828
1291 1472
358 1083
1753 1933
1123 1957
944 1614
960 1325
683 1315
177 1951
901 1270
136 1875
1133 1659
1343 1486
527 1997
863 1186
873 963
1051 1675
127 1856
405 1811
893 1820
793 979
1044 1232
1265 1952
196 1517
208 272
174 1769
198 1353
636 1899
794 1916
17 1249
437 959
759 1907
471 828
1418 1921
465 1883
1330 1607
178 1718
4 923
98 623
877 1976
726 1540
360 1018
710 1077
1171 1405
128 348
576 1686
1002 1544
710 1785
990 1922
23 535
40 1041
277 351
382 1755
1350 1863
439 1706
757 973
846 1297
1167 1647
1372 1516
14 26
606 1708
1248 1698
615 1091
671 962
242 1539
1018 1429
283 754
1733 1843
1410 1884
1121 1354
90 702
855 1869
932 1324
1104 1263
627 1358
791 971
183 1387
782 1807
353 1046
532 685
1714 1804
225 995
1450 1546
298 1328
729 1496
991 1568
724 1298
603 1075
63 1442
1075 1513
1139 1920
1750 1803
1112 1342
458 1722
146 1117
285 748
1067 1730
736 1870
1129 1387
179 954
530 898
986 1364
755 1791
1630 1834
101 1954
471 1114
1888 1918
641 1981
1298 1590
695 898
816 1233
1400 1678
194 1648
329 741
574 1554
279 1810
227 988
693 1484
792 1603
84 1974
1316 1766
884 935
125 1072
392 1587
1512 1537
1391 1691
550 1560
252 767
1422 1831
983 1947
1135 1948
295 1759
144 1760
924 1942
232 1608
1640 1939
1413 1676
1732 1944
697 840
997 1287
1843 1849
655 1549
323 1622
476 1568
434 646
553 1431
41 89
1483 1853
1690 1788
1245 1568
324 955
166 1837
493 1189
1649 1652
333 1909
533 1463
1200 1485
204 1295
1226 1666
1476 1651
1300 1666
584 1035
481 1096
1059 1931
505 1251
810 1516
487 1790
1091 1558
294 1475
807 1169
1028 1915
475 880
1303 1649
267 824
727 808
261 1821
822 1502
111 1411
1090 1336
1142 1703
1561 1594
1426 1848
1286 1989
476 1695
714 1405
222 1264
686 1938
322 1395
502 1321
621 1434
690 1591
1065 1872
13 1751
64 1901
1621 1802
137 1454
818 927
674 1944
488 1785
1015 1690
1039 1895
120 1739
193 699
9 1186
151 1009
274 490
663 1327
406 1011
626 677
1318 1988
1629 1744
1493 1515
314 1502
926 1532
836 1639
771 999
991 1455
756 1099
1190 1471
1600 1815
1095 1251
936 1769
939 1552
222 969
1181 1830
1386 1448
1659 1813
1218 1890
568 1924
1187 1500
894 1436
326 1895
408 1763
481 1968
1473 1700
782 1263
75 1735
704 1037
815 1699
311 1430
142 1425
1207 1946
173 1832
27 947
703 750
587 909
23 1536
1570 1711
1157 1654
553 767
46 453
1272 1880
1348 1409
321 1633
695 1570
1239 1979
184 1321
299 1368
164 878
297 950
1173 1856
940 1973
1258 1894
67 740
317 714
1040 1537
95 752
1036 1547
144 566
1095 1281
1773 1806
552 954
183 1106
197 344
1506 1658
1299 1804
117 1175
469 545
449 1682
110 1488
78 981
1075 1289
681 809
965 1262
633 1437
648 1114
952 1051
961 1671
1331 1444
495 1646
1586 1974
1234 1738
128 197
416 1393
589 725
342 365
652 920
1367 1999
1356 1876
195 1798
1457 1774
896 1336
1743 1782
203 861
622 1653
1062 1382
1097 1237
1226 1287
1009 1863
427 586
680 1068
1472 1634
257 610
960 1465
914 1446
1670 1831
1596 1736
948 1640
263 415
1866 1973
664 1074
822 916
973 1403
413 470
696 725
751 1914
619 1375
127 1625
175 1146
663 1404
803 1911
6 1460
1349 1933
1923 1964
445 1817
1043 1317
1491 1865
1631 1648
428 1518
215 707
254 1588
681 1031
1268 1745
665 817
571 1016
734 1668
571 1256
204 1592
487 1778
672 722
918 1255
634 1033
855 1327
805 1757
271 579
1667 1745
551 648
709 1087
57 1231
1284 1449
776 977
820 1017
253 1449
474 580
686 1310
705 1552
946 1156
33 1560
1537 1795
841 1335
631 1893
1044 1254
199 1624
779 883
85 190
375 659
721 1771
34 1193
1833 1835
232 471
57 548
153 1838
1842 1979
1678 1826
1550 1650
76 94
215 516
512 1539
299 1027
262 1126
691 763
1221 1917
409 1320
1173 1604
729 1637
224 500
425 720
1607 1652
563 963
1673 1770
99 959
117 731
17 158
611 1928
432 1676
1278 1514
889 1661
664 1003
150 1896
114 1752
1450 1530
1461 1494
1681 1783
809 1246
200 1225
687 979
179 1502
3 1538
1259 1651
607 978
1142 1285
230 1124
1325 1841
83 1960
517 1793
849 1322
675 893
462 1185
682 870
952 1145
147 285
1110 1789
370 1444
330 1927
296 870
1030 1149
709 1429
86 1262
534 1787
590 1212
240 1884
234 1314
402 752
1717 1718
169 856
1161 1462
1567 1688
1665 1851
642 1453
443 816
450 562
1721 1995
1034 1869
449 824
1543 1824
170 1854
928 1378
596 1548
1433 1559
1329 1455
1099 1263
1035 1531
1156 1482
395 1871
154 1035
662 1284
703 1283
1339 1639
112 994
151 1776
361 766
796 1198
75 696
1480 1625
1328 1695
1918 1939
202 1440
1094 1922
1553 1865
57 1166
622 1935
37 1375
706 956
1230 1327
1223 1751
690 789
804 849
1872 1994
319 1867
647 1049
29 1423
237 1061
647 1081
735 1167
733 1438
163 1123
921 1902
763 1956
1302 1336
774 1734
429 453
1029 1811
66 628
877 1078
701 1733
497 823
366 1312
920 1073
433 1536
600 777
937 1156
732 1689
16 1139
540 1066
1170 1968
107 1573
440 1113
327 1913
1100 1154
1622 1643
631 920
897 998
973 1202
538 1900
670 895
852 1187
779 1866
752 872
1662 1673
1164 1661
880 1795
372 993
80 1381
214 695
873 1165
1193 1955
705 977
1365 1927
798 1175
636 1735
945 1252
1495 1796
419 790
376 1184
1098 1490
437 530
789 1146
1071 1261
1185 1606
747 781
660 769
180 1360
49 1507
283 1180
161 172
492 896
863 1697
249 1409
1139 1320
628 1770
468 795
442 769
1727 1827
806 1569
889 1512
265 1800
1266 1553
1452 1941
1213 1525
910 1664
730 1649
1635 1672
1069 1780
160 1574
377 621
443 622
1324 1901
723 1352
79 230
79 1867
121 155
1677 1836
623 1656
1605 1952
1044 1693
200 555
507 715
646 1646
297 984
928 1959
1359 1380
292 772
19 1229
290 684
433 1514
1215 1314
1477 1498
1775 1910
286 1091
1705 1756
450 1983
1255 1909
599 1576
1463 1635
696 732
222 958
677 1527
757 1873
668 1014
626 1339
1222 1311
1146 1293
1280 1928
1490 1585
245 1106
243 1166
541 675
748 1965
371 1967
1489 1825
966 1503
621 1503
748 758
19 869
894 1225
255 1632
106 1868
121 862
793 1806
1381 1934
1018 1307
490 1174
525 1149
272 1839
112 1307
454 1361
575 949
1039 1948
1324 1705
819 1701
50 345
784 1792
1197 1929
1012 1540
709 1260
163 1557
1403 1534
1062 1576
589 1507
946 1977
254 1084
55 1860
470 1116
956 1460
802 1815
186 1572
1060 1427
610 859
539 1534
633 832
651 1978
547 1312
844 1647
721 1976
899 1154
1240 1725
53 804
737 1413
860 1374
1236 1308
1125 1836
207 324
519 1425
1740 1878
258 274
313 1461
1630 1829
509 1924
1653 1723
408 1631
25 830
1315 1532
363 1394
908 1040
1209 1602
999 1393
996 1220
679 1101
1762 1982
1063 1181
560 821
210 853
969 1483
947 1453
820 955
1247 1848
377 671
1334 1945
713 1578
764 1268
511 1254
971 1332
1041 1694
989 1530
257 629
1076 1277
400 832
1159 1878
348 1439
1011 1592
1134 1220
176 905
153 944
795 1459
835 1577
1594 1934
186 1611
654 979
364 858
550 1506
35 1248
347 699
491 1977
925 1028
1629 1853
884 1553
143 1157
673 1834
542 1788
784 1363
965 1789
643 1614
1050 1289
1236 1727
446 773
1136 1972
1748 1753
1253 1841
1269 1438
225 1487
515 1071
1320 1519
276 1452
441 1527
1437 1937
146 1962
289 1167
457 731
901 1047
572 1313
1658 1845
315 1704
322 578
942 1087
913 1296
854 1641
60 1067
726 1880
396 607
1504 1818
740 1046
212 1007
605 720
522 1806
122 740
221 1505
753 1505
1006 1660
70 998
1073 1724
1204 1897
456 1855
684 1432
143 1451
1069 1509
1030 1987
561 1501
700 1357
1492 1987
1401 1826
414 1192
1107 1346
1248 1726
382 1721
906 1253
393 1886
1884 1949
598 1741
1147 1386
599 867
165 1859
775 1794
565 611
49 1260
961 1754
521 1232
738 1439
218 1676
298 1643
97 266
630 1563
714 1994
512 1693
256 599
188 1595
1242 1365
140 1762
73 1321
187 329
1155 1579
62 1458
598 1416
1219 1910
1349 1541
781 823
746 1542
500 1542
1160 1862
580 1104
986 1998
1200 1628
664 1946
915 1536
635 1021
679 1792
778 1929
389 1147
467 650
1024 1902
1623 1695
45 719
536 1191
1284 1752
206 1609
14 850
10 537
132 1082
970 1893
1271 1382
886 1423
77 1740
10 1141
1580 1620
759 1988
358 1077
498 912
131 616
1036 1992
858 1967
1187 1609
1118 1817
1132 1343
1007 1743
58 861
1481 1499
1111 1317
596 678
845 992
805 1423
501 1544
830 1881
106 1686
310 747
160 444
485 1838
379 1830
388 1589
1199 1969
355 949
1767 1981
652 1819
102 1680
1803 1821
1105 1237
361 619
141 1889
851 1785
63 754
1500 1729
318 1519
1048 1244
862 892
11 1761
928 1854
357 1351
418 1214
859 1008
938 1396
407 445
435 1962
184 637
741 1972
194 1820
995 1295
1003 1402
283 1783
1133 1911
1181 1346
458 789
226 572
216 271
138 1424
1228 1913
480 724
114 586
39 1053
569 1547
41 1238
99 1348
234 1694
1747 1907
282 1019
1059 1168
38 1831
217 1398
585 922
1054 1194
1174 1359
1019 1470
26 1894
971 1726
1414 1691
708 1657
1535 1800
765 1645
269 1363
438 1047
540 1803
5 335
601 1465
446 1430
997 1790
16 900
59 1185
173 588
717 1322
486 1941
693 1808
802 1930
1421 1930
50 1016
1109 1235
21 1912
1392 1975
799 1350
1749 1756
1588 1809
751 964
843 1613
1080 1615
903 1644
866 1378
239 529
40 488
90 824
1024 1531
1388 1823
229 662
390 1712
461 1188
51 1182
1155 1698
667 1410
1318 1642
176 1027
1282 1638
567 1953
118 727
195 242
1034 1584
739 1092
167 672
102 929
129 342
20 682
9 848
219 1731
847 1642
1468 1927
436 1731
1640 1867
516 1398
48 1572
426 1235
5 954
921 1526
58 1943
33 514
699 1036
761 1310
890 1684
1394 1902
484 1512
256 1323
891 1764
651 1448
1251 1329
715 1738
637 1511
1474 1779
363 1318
1582 1840
524 1310
288 993
931 1852
615 1816
1162 1616
1372 1543
656 1975
843 1337
698 718
1840 1996
203 1264
749 1779
1227 1309
750 1859
972 1975
51 1070
83 1617
1112 1340
944 1140
936 1182
782 1850
152 899
845 1333
649 922
48 189
618 773
246 295
708 1886
65 113
30 338
716 1379
291 1876
569 1216
648 1412
192 419
968 1571
8 295
1417 1565
992 1370
1211 1524
632 744
1477 1747
1150 1739
1084 1706
220 1125
383 1953
368 1570
1007 1802
1473 1533
388 1507
1522 1967
355 1823
1585 1771
1839 1944
1080 1728
819 1021
21 1253
941 1311
1517 1871
271 1719
173 1392
230 1912
1574 1596
278 1938
1397 1529
1096 1158
1204 1947
181 1516
1065 1609
392 509
105 1791
1326 1937
547 571
808 988
1905 1963
265 735
922 1508
1001 1309
951 1009
410 1090
1285 1949
723 1632
441 496
375 857
429 691
1479 1720
139 1272
1338 1846
1341 1846
980 1521
345 588
417 1019
1420 1450
1271 1486
296 1179
116 643
387 1022
374 1742
374 394
865 1357
1338 1526
1102 1504
506 1161
302 854
1203 1791
188 554
980 1252
829 1122
0 1533
549 1370
228 1603
280 1133
82 1342
1093 1281
227 654
185 1663
411 1137
1061 1137
556 1921
385 1273
91 1330
211 514
339 613
191 1643
448 701
420 804
494 685
489 552
47 823
1708 1917
61 1634
787 1416
1569 1829
124 143
69 1665
901 1412
401 1955
974 1508
976 1241
1184 1454
692 1697
398 574
336 660
97 109
1323 1846
436 1612
623 1970
956 1239
975 1408
975 1958
833 1427
582 1288
7 929
1117 1192
810 1276
1266 1595
441 577
366 1224
22 1797
1003 1601
1266 1864
1475 1527
657 1025
357 1491
1183 1743
162 806
655 885
88 436
1722 1936
350 1110
987 1929
918 1940
613 1838
1038 1925
302 1734
1302 1764
1159 1205
477 810
1356 1447
404 1404
371 1301
779 1163
930 1012
681 1103
756 1736
519 1765
991 1926
1542 1735
390 1628
261 1601
866 1932
746 1228
831 1807
1384 1407
1431 1467
383 391
258 938
1086 1767
912 1874
1286 1891
498 1990
1485 1597
570 1689
288 1476
1591 1638
1014 1400
795 1777
1373 1610
501 1383
1648 1936
239 1010
523 787
37 1113
293 1030
581 598
846 1408
145 1058
260 1366
1045 1741
883 1634
1085 1730
868 925
1024 1778
5 1078
874 1276
602 1989
719 1677
1079 1397
568 1520
871 1418
7 1674
331 386
378 1492
55 919
874 1247
1037 1381
1206 1319
1085 1278
850 1354
627 943
1298 1528
812 1390
526 1541
148 535
537 1748
190 1050
1524 1889
138 1222
1607 1624
15 984
1713 1864
700 1796
645 1144
250 443
527 923
367 1252
241 940
122 185
807 1364
940 1238
105 301
17 583
1196 1458
770 1987
1063 1835
1196 1226
126 1514
423 861
223 916
457 1406
262 1973
1274 1587
1233 1377
244 1877
650 856
1216 1793
332 425
223 1162
1106 1432
904 1334
1581 1834
1151 1567
422 1737
549 1737
430 1836
1160 1290
1180 1556
423 1584
1355 1391
294 1535
520 1481
624 1824
837 1525
333 818
358 528
396 1045
1369 1843
1283 1887
613 837
11 136
774 1964
410 755
790 1699
813 1780
238 1976
397 1662
1582 1672
202 1273
64 1481
400 1611
822 1521
328 1528
734 1296
360 1309
1345 1390
292 354
1230 1575
1189 1443
142 1267
1725 1775
591 742
353 1000
104 1128
397 739
669 1543
813 1054
1294 1395
1163 1599
579 1219
455 618
839 1767
413 661
314 1878
537 1244
1231 1606
876 1498
718 1419
1001 1655
1026 1716
463 851
175 1801
123 829
764 1613
186 1518
659 1688
187 259
1049 1510
439 1402
796 1234
264 1326
1000 1013
302 939
536 1728
532 1131
204 209
12 585
1144 1844
96 1562
518 809
508 1242
346 997
74 1832
362 1212
89 349
424 942
54 870
159 1469
43 177
561 762
157 1670
325 889
466 1646
601 1210
0 519
1151 1456
1633 1991
744 1814
605 1269
235 1342
213 1897
1454 1683
115 1772
801 1468
270 1618
452 1178
878 1451
447 1304
81 221
248 1925
1319 1995
199 974
888 1714
642 1023
1151 1746
499 1710
113 1057
381 1847
431 1523
800 1462
139 1479
625 1258
84 860
213 841
557 1282
717 1177
60 865
529 1241
786 882
495 1988
313 1986
790 1753
308 1088
280 1128
1112 1758
1561 1799
780 1519
354 1170
1374 1930
503 1505
1362 1980
1710 1956
1399 1404
689 986
814 1415
427 1261
266 1280
1633 1813
736 1586
1587 1675
502 722
415 661
132 290
638 1557
426 1426
1197 1874
694 1436
745 1562
639 996
1520 1765
624 1950
734 1983
1008 1407
927 1905
1116 1158
1032 1702
455 932
609 1451
814 1279
168 639
629 836
1094 1639
1132 1551
25 764
248 570
456 1655
480 872
1599 1863
94 1684
990 1985
826 868
475 1493
620 1757
811 1749
473 1904
130 1412
1546 1637
1218 1224
777 886
1257 1316
486 1258
765 1057
617 1773
584 1377
236 1208
56 1564
133 1659
827 1438
494 1364
1335 1683
1 299
459 1444
1341 1711
356 1359
384 1346
430 1671
300 1501
340 1113
24 1506
556 1379
292 902
827 1243
1415 1598
1208 1457
103 520
251 355
557 1627
1259 1786
1194 1472
370 1617
149 517
1277 1590
558 1383
1178 1955
1291 1612
98 562
140 834
656 1056
52 1302
94 341
42 718
381 1550
275 897
1763 1788
280 411
308 1304
595 1417
1882 1960
1290 1617
1208 1433
1340 1522
463 616
713 838
89 1805
371 451
800 917
2 1692
1275 1584
31 1445
927 1347
1669 1760
666 1963
1198 1715
1148 1583
1388 1636
93 352
906 1322
385 546
305 1903
284 1554
472 678
1088 1556
976 989
182 904
315 1569
369 564
770 1896
959 1875
545 1794
72 645
373 1305
931 1870
50 1598
982 1782
1818 1828
1487 1982
1345 1488
28 111
857 1442
337 373
548 1240
380 425
479 902
171 814
511 879
423 573
934 1558
36 775
1120 1153
1373 1822
309 655
