930 1773
610 1773
122 599
1286 1578
14 1656
28 749
713 810
1644 1875
1040 1911
1272 1531
1063 1685
390 1657
987 1632
1542 1835
862 881
613 1661
175 982
1467 1966
1358 1988
505 1932
93 649
280 1272
481 1492
761 1057
434 1789
735 1701
265 1760
21 325
950 1433
162 782
747 1322
1306 1849
753 1364
941 1171
839 1236
551 1287
133 724
326 1353
911 1148
1204 1823
511 947
1383 1896
324 1464
1255 1328
1193 1273
499 1293
1323 1793
521 1380
814 856
41 1793
445 1332
806 1171
280 1782
1441 1687
550 1849
1236 1687
722 1397
1468 1649
1562 1944
343 1590
1309 1917
467 1976
894 1374
1157 1282
341 942
461 1816
255 410
1317 1461
1422 1813
128 787
1408 1554
69 1953
1247 1489
668 1079
639 1387
71 1410
1292 1674
673 1671
1190 1524
1231 1956
249 535
1304 1699
925 1675
358 1079
697 1739
1895 1915
911 1144
1038 1586
792 1730
1336 1894
100 791
1239 1621
1189 1733
216 997
1504 1709
99 360
341 837
235 534
740 1737
345 1790
261 1945
1029 1929
1406 1862
691 1497
232 512
438 1007
1303 1840
242 502
369 1439
1031 1969
139 157
241 587
661 1134
1227 1680
504 1677
1067 1471
349 1460
674 893
925 1887
106 1794
430 454
597 1154
121 1578
1141 1449
316 380
537 1028
1043 1978
95 1216
124 523
528 1506
622 1342
280 1892
604 882
853 1475
1306 1753
670 1763
547 1486
194 1757
162 653
975 1060
728 1826
620 1474
262 1872
778 1572
1183 1863
1542 1644
521 1607
93 1122
1284 1928
1262 1524
1151 1291
146 1055
895 1868
520 1013
481 1324
1394 1704
1295 1869
1286 1507
234 1706
1261 1832
429 930
32 1052
51 1638
569 1177
1671 1990
1621 1914
125 876
755 1189
1183 1248
1184 1870
1572 1896
597 1581
592 1881
1807 1909
958 1095
482 1412
1125 1739
1473 1772
172 369
1280 1854
942 1154
525 1982
1129 1946
1539 1799
1484 1548
253 1575
846 1305
305 1546
734 965
965 1156
302 1482
1059 1737
115 713
577 1811
519 1491
1209 1465
673 1993
579 1361
151 1925
921 1737
528 1386
417 1470
301 1545
789 801
1124 1973
714 1721
500 933
871 1964
512 1971
665 1500
860 1915
734 1063
803 1847
1497 1534
665 807
513 787
891 999
52 1712
1762 1885
88 1027
772 1681
571 1256
1176 1833
697 1596
110 921
662 1052
254 777
1102 1777
565 949
694 1678
24 416
40 626
1114 1401
923 1025
1508 1804
475 1337
1250 1824
677 1352
793 1576
940 1964
1110 1328
1036 1691
1055 1566
263 571
816 901
1817 1855
1611 1794
430 1327
1093 1707
68 1745
1319 1774
139 1201
1659 1681
629 1279
798 1991
147 731
1314 1816
281 871
758 821
343 1796
171 438
587 687
88 1207
785 1025
1585 1707
799 1111
1820 1878
102 1974
584 1074
7 1074
420 703
532 1792
785 1827
851 1987
43 744
836 1316
90 1042
778 1106
663 1914
861 1233
135 1688
955 1928
1071 1419
1026 1770
489 677
722 1094
1019 1640
83 675
338 652
371 1926
1389 1614
77 1538
1437 1751
263 1628
79 1990
1393 1659
468 1923
723 1449
1166 1874
1239 1373
1288 1630
652 1778
869 1076
116 1723
936 1596
435 1627
218 464
412 1879
70 1606
711 1713
1756 1822
725 1331
65 696
412 1295
1024 1109
1445 1648
325 524
274 521
237 1777
854 861
1202 1802
308 1354
738 1422
1741 1842
56 522
1821 1835
1011 1118
1246 1442
1182 1493
1431 1922
883 1496
988 1259
1668 1768
825 1927
709 1361
1436 1901
1451 1770
379 1797
1289 1492
554 1438
674 1767
869 904
932 1322
1660 1852
1143 1948
23 1332
124 1275
79 224
1313 1549
601 1644
406 848
398 1115
695 772
10 1768
1265 1458
754 1160
407 1948
1463 1522
784 1876
1317 1554
116 1372
1160 1450
795 1477
1222 1454
118 1243
1503 1627
972 1988
1335 1882
410 1093
820 1242
75 1152
737 1132
872 1530
608 1983
1212 1912
309 827
62 311
650 1871
1493 1967
817 1898
915 1141
659 1231
608 1747
520 1406
204 1801
932 1781
385 1619
1232 1891
1726 1883
379 383
1000 1687
193 1000
1011 1660
681 1276
1062 1268
1148 1650
637 1474
144 1738
1285 1381
553 882
552 862
1560 1659
889 1856
301 1176
199 1696
354 1571
804 1088
1745 1984
8 953
853 901
1042 1522
3 1170
715 1304
327 1243
551 1311
361 1562
136 1962
423 1149
1727 1889
633 1210
1351 1812
440 656
640 959
315 1701
101 609
1168 1605
995 1680
44 1702
42 324
1270 1298
522 561
220 1913
1080 1302
648 1407
527 928
644 1199
1068 1403
1404 1662
74 625
96 1302
530 1507
1042 1787
655 742
1003 1100
474 1790
1465 1735
145 1437
1012 1110
104 343
19 379
506 1120
37 610
386 1320
1219 1343
149 621
1184 1931
912 1900
75 173
1427 1596
578 885
990 1142
837 1981
1067 1489
1161 1362
921 1112
527 945
688 948
854 996
591 958
157 178
1669 1804
743 916
448 1150
1222 1529
16 1838
28 415
839 1051
22 1420
701 1702
801 1398
4 668
54 1412
971 1851
1083 1754
151 1976
312 1168
303 1946
1700 1814
1060 1675
531 660
792 1052
20 1470
969 1512
1692 1974
291 1859
222 636
622 1573
205 1735
1267 1564
536 1571
1181 1330
787 1608
261 1035
704 1895
1162 1445
871 1980
616 1510
12 1188
333 1417
1010 1875
454 1854
1065 1164
706 960
1505 1620
63 855
1586 1961
955 1023
443 1927
645 1612
371 1950
177 1443
165 283
636 1568
1326 1743
1208 1490
797 1921
1087 1603
48 439
558 669
654 1679
991 1650
997 1034
561 1464
1353 1516
63 1829
554 1228
510 681
542 1881
112 821
238 1537
1099 1785
877 1677
1404 1460
1402 1631
649 712
1167 1483
990 1481
1107 1482
577 1886
1215 1866
739 1731
1405 1873
1909 1949
55 936
756 1993
24 690
1574 1958
242 339
878 1021
308 720
300 1089
717 1968
1046 1897
227 1191
50 962
1008 1848
941 1709
1505 1615
1457 1519
363 783
523 1486
1625 1763
1757 1855
5 1037
1097 1762
494 1195
125 1907
10 1983
200 1989
980 1336
631 1615
234 1506
105 689
842 1715
743 1509
848 1012
721 1921
645 1415
488 716
219 526
353 832
517 1965
431 1671
488 1847
1276 1892
1066 1156
455 1776
26 694
7 1292
1604 1641
94 1775
1371 1579
693 934
1056 1559
699 790
361 1853
67 489
698 1205
775 1019
141 1339
674 1749
794 1696
1391 1584
224 306
306 779
1454 1789
248 1057
43 66
268 327
265 723
442 1934
1350 1924
794 1214
209 1549
434 1936
1557 1936
133 1618
1252 1395
615 735
155 245
830 1484
136 841
562 1429
598 1708
1116 1708
279 1620
631 1960
41 1792
807 1850
1707 1744
80 279
1537 1992
526 1818
1335 1738
167 940
431 645
653 672
386 830
1469 1479
148 1986
1119 1200
1643 1724
1189 1321
1114 1339
1566 1877
977 1750
275 1258
1248 1488
12 788
1118 1891
325 1355
107 813
1822 1963
147 201
331 345
810 1605
355 998
1123 1812
437 1754
291 441
372 1367
154 1702
1359 1385
487 1442
297 831
1069 1324
948 1041
1131 1359
879 1701
96 152
400 1029
812 896
290 1790
660 1685
1246 1825
38 1163
1175 1952
403 1507
544 1513
581 1884
852 1137
1599 1610
156 874
874 1180
710 1941
1270 1319
492 1795
608 1795
45 1301
850 1355
1230 1231
356 719
628 1678
469 705
412 1331
1432 1561
1006 1206
64 1705
702 1267
776 1002
640 1242
496 1003
954 964
114 1010
285 1958
898 981
489 1962
317 1015
1718 1859
1779 1968
1674 1717
785 1888
82 197
393 1363
731 800
1130 1319
155 961
678 970
693 1392
40 927
619 1736
649 1004
1454 1689
945 1602
1116 1288
437 845
1264 1769
1186 1634
422 1226
890 969
259 1155
618 1210
182 1890
24 802
838 1183
825 1604
209 984
1703 1711
189 884
886 1631
212 1635
1194 1592
1602 1651
1053 1740
476 1849
1664 1796
1952 1963
85 617
1153 1342
532 1653
1371 1476
319 773
617 700
540 1637
318 760
1119 1361
1032 1485
1587 1682
1398 1416
1578 1945
1112 1517
1508 1559
41 1705
910 1143
1261 1743
210 430
195 1218
1508 1837
811 868
616 1926
1387 1544
396 1328
1254 1588
309 865
1436 1480
1502 1582
18 428
18 1498
231 478
982 1821
1603 1635
980 1814
1478 1543
249 1969
1388 1736
1190 1575
1211 1428
1343 1568
43 1740
549 973
1169 1609
583 1083
683 883
1103 1674
141 181
205 1672
307 1928
818 1448
1202 1481
1313 1844
1268 1277
8 675
627 1827
366 1100
1037 1525
1276 1555
742 1824
1448 1631
978 1053
1022 1504
1158 1210
768 873
963 1299
501 623
634 1433
311 1636
378 764
1130 1164
1221 1234
22 1435
240 1584
879 1915
311 937
459 1054
706 1805
177 1910
166 1624
509 1366
1533 1905
683 759
183 204
656 920
658 843
563 1464
739 1704
233 567
111 1263
188 1461
961 1109
358 359
281 1030
664 909
260 1161
444 1834
504 1766
748 1396
482 1788
826 1409
248 261
17 1858
161 1437
912 1185
418 765
1087 1744
193 1411
192 1874
724 1146
979 1059
1344 1994
179 1637
816 982
1349 1529
422 1815
728 1418
684 1577
1137 1862
120 914
147 1888
1495 1953
514 885
314 1209
701 935
27 475
711 904
384 847
100 276
426 603
935 1673
543 995
962 1814
1771 1930
1230 1539
335 1283
578 1356
1429 1972
408 1396
1676 1922
52 1301
1368 1496
61 920
334 834
826 1979
450 1886
770 955
227 1706
11 1071
1016 1781
524 1666
907 1791
611 1832
1551 1672
118 1718
1480 1769
449 1943
1432 1714
655 1625
1494 1802
118 254
685 1259
1009 1815
1761 1997
1595 1655
703 1916
572 859
931 1910
718 869
115 550
614 896
1679 1921
471 1107
580 1860
1833 1942
679 1300
358 1688
479 1796
1535 1594
665 1466
1469 1977
1113 1167
221 1574
126 171
1408 1607
927 1250
306 1399
621 1197
130 992
967 1186
1038 1630
334 725
218 1791
101 968
113 189
1159 1634
257 859
408 1776
913 1880
434 1147
1655 1947
121 1253
83 716
230 1894
39 761
1784 1908
1315 1327
1370 1477
462 1856
329 1378
29 1191
620 1755
373 1613
322 658
474 1131
994 1927
456 1139
1079 1666
208 937
134 1791
1384 1995
797 1532
996 1540
526 600
348 682
793 956
746 1538
1622 1851
632 1998
1090 1637
1136 1519
259 1560
1072 1758
352 586
1907 1938
860 1173
661 853
977 1333
417 772
1127 1511
1338 1748
1380 1839
1138 1955
90 1390
1082 1144
1471 1709
428 1420
250 907
845 1188
247 1476
1003 1573
1798 1936
304 510
87 814
998 1502
1423 1842
1392 1494
46 1444
6 1623
586 831
1752 1949
974 1061
80 476
700 1275
433 1776
71 1555
221 1036
771 1733
527 1853
122 1199
60 570
455 851
102 339
1099 1918
759 1811
387 828
828 1654
872 1699
783 997
262 1221
258 1975
1365 1646
943 1096
1676 1843
1211 1376
1225 1403
92 1789
1212 1543
1280 1658
1546 1876
570 1992
50 730
652 1056
1845 1960
420 560
252 1467
841 909
698 1570
556 1256
967 1856
814 1160
15 1979
612 1905
818 1211
758 1193
926 1015
1318 1383
319 719
1416 1572
82 1716
307 550
763 1880
960 1608
148 1935
85 1597
170 715
1307 1313
706 855
1427 1900
1147 1835
458 1545
119 705
14 344
497 664
88 762
16 1055
132 1890
404 1509
163 530
815 1613
1648 1879
1 602
72 846
819 1889
545 1836
174 1100
370 821
1547 1663
497 1158
605 1068
557 570
153 834
349 1206
419 691
870 1121
1532 1602
870 1565
1263 1495
1169 1526
996 1185
496 791
334 686
287 1872
1229 1869
773 1027
553 717
1447 1877
1730 1930
617 1419
288 1455
513 848
903 1108
68 1693
472 1563
352 1929
576 1228
1906 1951
894 1991
342 1350
313 840
9 1519
1416 1840
229 685
537 1360
374 1488
1314 1900
693 1920
1450 1455
1346 1934
809 1805
236 951
236 806
184 1749
849 1769
1386 1426
596 708
413 682
902 1484
1353 1788
304 760
1024 1287
1024 1262
802 1719
1044 1133
148 1310
1434 1655
1899 1994
378 1583
77 934
663 1279
687 1729
1424 1826
746 1477
116 1200
1695 1876
387 1254
582 1002
875 1985
699 970
267 1077
192 1989
452 1207
922 1720
342 715
746 844
1965 1966
933 1085
1693 1750
330 572
244 1528
1940 1978
126 585
128 360
4 1992
455 1552
288 1229
36 1720
1397 1485
1487 1501
1413 1942
1107 1556
1034 1128
352 1550
1058 1899
1173 1192
1145 1312
1282 1595
1073 1195
745 1973
1195 1955
1198 1244
1091 1902
1462 1713
407 1609
1237 1552
381 1102
1104 1540
433 1847
307 1421
73 1564
734 1627
1044 1694
1163 1204
1259 1845
392 1465
1476 1920
90 1005
832 1375
1585 1932
223 1394
286 861
1362 1366
475 1610
633 1491
484 1266
1139 1775
1000 1712
473 1382
465 727
465 864
981 1783
1174 1834
857 954
846 1980
55 78
708 770
1260 1461
355 730
1918 1959
910 1692
582 766
480 944
469 1668
1303 1600
480 576
695 1409
162 1779
375 858
1006 1884
490 1459
34 891
414 1023
47 1745
441 1097
303 1486
164 726
85 555
310 1150
877 1185
1337 1527
411 881
387 391
54 1800
391 1258
267 391
383 1698
799 1472
426 1001
373 770
26 1953
1389 1759
350 895
194 1207
104 876
333 902
293 897
878 1581
366 882
1981 1986
1007 1297
1058 1664
142 1341
1653 1885
974 1080
1407 1787
1061 1292
190 1142
671 1917
1803 1939
1005 1664
322 906
737 1510
625 1237
771 1091
285 1209
752 1880
556 959
1260 1823
1587 1654
1251 1312
1244 1878
922 1623
1065 1456
492 580
436 1214
287 1014
446 1267
156 1859
312 388
238 1713
1070 1569
950 1108
182 1764
205 1369
1411 1820
1126 1178
548 1746
910 1401
1636 1825
517 1369
660 1047
906 1640
973 1348
273 1583
298 749
1249 1490
264 1371
230 1473
913 1587
946 1167
943 1808
548 1389
976 1746
342 687
833 1102
192 1810
123 182
574 1334
641 1249
284 757
541 1633
1330 1982
338 908
999 1981
886 1196
401 1283
972 1357
919 1400
477 1166
765 847
1048 1066
671 1446
824 1307
919 1468
1425 1568
180 602
540 686
1329 1721
744 1931
781 984
236 1525
873 1771
958 1174
1101 1722
1690 1873
1170 1873
313 1395
727 1418
401 1868
1517 1616
1031 1758
987 1997
248 1836
35 533
952 1165
595 1846
1030 1208
485 1501
330 865
1133 1270
269 928
889 1638
794 1970
233 1954
816 1120
1069 1806
827 1959
760 961
627 748
812 1224
423 1349
239 776
409 1971
991 1078
160 1865
214 1412
79 421
187 346
1938 1954
493 1785
493 656
1040 1662
129 258
272 769
14 1534
225 1407
470 1666
764 966
336 695
509 1717
202 1912
228 497
94 707
393 1012
0 1272
495 747
654 1054
707 1653
389 397
1041 1317
1714 1910
413 1527
335 1385
1422 1599
231 1509
628 676
897 931
778 1497
613 802
924 978
943 1345
1132 1478
1289 1463
1119 1763
1364 1843
402 574
953 1863
463 635
1050 1752
956 1839
549 1134
286 399
320 1298
900 1274
781 1377
75 1565
1434 1528
406 630
1033 1457
745 974
1086 1765
246 559
407 1017
589 635
461 1642
1008 1375
639 1365
659 1299
289 1626
647 1001
9 103
798 1197
863 1536
91 1111
385 468
1651 1957
1234 1447
1293 1518
1393 1850
845 1201
502 689
1453 1725
1071 1747
849 1752
714 1035
1057 1265
1697 1738
258 380
863 1503
1153 1807
476 1941
216 1018
46 1440
223 235
719 1026
499 1357
20 500
1514 1985
957 1224
172 999
196 1073
767 1446
1092 1342
666 1414
1584 1798
872 956
1550 1913
827 1264
289 662
98 1804
59 810
418 1724
584 1742
946 1308
279 1619
183 1086
130 253
328 1161
651 731
919 1639
1360 1957
1378 1441
641 1297
1156 1719
477 1996
406 836
401 1897
1135 1694
106 704
819 1075
164 1887
58 1793
700 1472
310 1474
896 1223
411 1979
926 1370
63 1645
1067 1778
1351 1373
1384 1650
211 851
140 1794
1215 1947
607 1261
1417 1761
564 1213
1386 1516
1606 1612
1326 1590
241 1933
377 1381
1588 1939
137 1647
793 867
97 1221
332 1305
260 1601
590 1214
321 487
427 1678
174 349
609 1831
76 1226
208 315
1130 1861
688 1175
892 1117
1069 1741
30 390
1098 1669
1238 1784
518 1586
508 1318
46 395
457 771
1123 1325
1468 1870
1368 1601
1312 1541
1563 1808
232 1834
296 423
364 669
100 1912
766 1435
295 805
786 1245
200 1995
1593 1780
1561 1565
1512 1841
448 624
270 741
740 1381
49 1908
768 1971
511 1294
829 1064
985 1577
657 1930
65 397
219 992
282 1821
453 1394
801 1683
1543 1728
575 1540
867 1663
113 1864
646 971
185 800
169 1362
1139 1700
111 759
1050 1138
805 1851
876 1734
1076 1285
1358 1977
1065 1545
368 1658
520 1510
252 1045
293 944
350 949
1925 1975
1689 1697
299 1728
774 1479
186 755
117 1216
1232 1898
186 1115
1081 1722
610 1629
1441 1513
1081 1629
109 1513
278 1252
278 1439
638 1009
914 1622
866 1535
432 1013
1077 1541
251 566
723 1592
947 1751
1070 1410
986 1661
733 1571
911 993
697 1129
1567 1770
1300 1999
813 1269
1500 1867
618 1828
1051 1462
669 752
266 1562
31 1741
374 536
820 1031
277 283
637 1556
1258 1878
975 1334
924 968
750 1337
346 624
8 683
730 1043
102 677
502 1405
642 1693
36 841
757 818
35 835
1304 1617
222 1249
729 822
405 1742
1178 1327
483 840
327 1523
560 1857
337 1430
713 929
1499 1902
309 796
273 1764
1723 1893
337 777
692 1145
1018 1187
1180 1667
945 1349
1435 1890
1068 1078
1241 1864
986 1157
62 559
938 1933
316 1523
266 951
593 1098
1198 1883
1321 1414
1589 1799
432 1934
666 1594
782 1257
696 1672
917 1382
471 1616
638 1128
89 1580
363 1786
190 887
460 1438
57 1537
217 1590
516 1403
400 1806
351 1750
213 1290
1290 1551
250 477
1203 1860
749 1356
542 1193
357 1711
1177 1969
133 1783
702 1382
341 1647
1712 1967
573 1534
643 1755
473 1732
633 1533
365 1779
295 463
84 286
86 1133
13 1727
492 568
1022 1520
168 951
880 1526
138 1404
539 1013
561 712
598 1645
966 1861
150 774
226 1085
1884 1904
312 822
970 1016
591 1673
565 646
503 1094
850 1385
1117 1837
394 1648
195 1333
632 1217
480 583
83 1780
989 1438
824 1344
51 623
813 1848
736 893
390 629
1901 1951
1020 1104
1643 1731
257 1458
593 670
1155 1828
903 1624
983 1316
751 1857
1241 1670
191 1180
1291 1964
146 428
1088 1528
1338 1898
578 1924
223 1626
583 1096
860 1548
918 1081
614 1857
1579 1726
91 1271
151 1049
229 900
337 1993
1077 1652
158 285
705 733
1192 1233
1039 1097
376 1333
33 1106
89 398
1038 1846
237 1841
969 1944
1591 1813
142 808
1799 1817
755 899
829 1048
103 863
1122 1440
1084 1127
1379 1670
381 1032
1680 1871
938 1998
732 1597
251 1311
780 1085
305 957
176 1168
81 1250
680 985
491 817
963 1970
60 439
1315 1369
1223 1388
468 1238
619 1756
340 1419
680 1047
456 1296
203 703
351 1452
686 952
811 1320
788 1603
317 1452
1075 1217
422 626
515 858
691 1239
464 1269
114 602
435 1181
905 1570
300 1757
165 1732
108 1904
367 998
231 690
382 1203
535 1560
198 1691
979 1084
809 1218
127 557
1684 1893
1008 1641
67 1665
48 498
736 1996
362 1271
64 89
775 1440
696 1943
95 1831
1184 1521
1257 1347
364 1658
594 1152
3 1487
53 1824
835 1625
864 1684
1205 1759
767 1553
769 1225
804 1179
243 1374
987 1686
1101 1819
1082 1194
354 1062
1558 1801
1002 1340
241 1235
1483 1956
585 1558
287 1544
1240 1430
1450 1903
25 1797
904 939
1482 1919
1001 1710
281 888
292 1166
1106 1715
750 1466
128 1019
1698 1980
1163 1352
916 1105
62 1220
964 1609
763 1716
1809 1939
917 1127
540 1582
294 1987
328 357
643 1766
1140 1858
140 1140
484 762
323 1689
451 867
507 1954
538 644
761 1357
741 1885
1113 1549
226 684
799 1800
215 1600
1245 1850
131 1961
1367 1618
424 1137
57 447
70 1676
634 880
207 887
534 1639
898 1638
149 1611
588 1573
842 1151
59 1172
817 1932
99 1294
514 672
1346 1646
1518 1999
1329 1907
1354 1546
173 1615
754 905
541 651
1459 1558
199 1196
606 1864
184 466
989 1310
650 1269
268 1009
599 1852
143 1235
1598 1768
144 1281
1227 1984
1181 1278
196 1086
726 932
790 1219
1341 1425
1108 1515
823 838
1340 1710
1159 1431
667 1929
1268 1985
69 1553
271 630
1376 1649
153 1302
159 439
710 1972
815 994
347 1533
233 486
256 1889
375 735
1022 1453
425 1575
546 1691
2 1115
23 519
1021 1379
190 918
135 1266
255 1273
177 529
875 1937
1865 1882
206 1853
245 699
980 1830
1213 1475
