147 1659
986 1720
332 1238
1258 1760
269 1316
320 421
1406 1877
1109 1687
393 1271
185 1611
1335 1467
160 1831
359 1347
794 843
1194 1473
1312 1435
1184 1279
1056 1352
1032 1656
1100 1785
13 1910
439 792
1201 1280
82 1193
1064 1731
109 756
25 1482
533 1921
980 1237
77 631
43 1481
754 845
282 1309
598 1714
567 1368
940 1789
292 1303
696 1743
1135 1420
760 1111
862 1345
585 1473
873 1110
590 986
857 1957
741 1255
1140 1344
64 1942
16 1364
1070 1601
1546 1921
79 657
516 1303
1296 1826
746 1348
704 1058
1019 1547
1075 1722
914 1104
1113 1356
256 1027
920 1741
532 1385
1569 1674
354 1210
1153 1325
62 1326
1266 1931
27 1190
677 1247
407 1217
840 944
103 400
283 1174
515 1640
1003 1422
689 1768
214 1526
556 1116
890 1105
741 983
367 1590
171 1952
1480 1592
845 1540
31 744
824 843
1272 1317
240 1298
669 1338
856 1228
675 1471
243 1205
1634 1682
537 1594
1367 1441
305 942
484 1972
748 1274
408 717
486 1571
1001 1838
774 865
49 1630
680 715
120 855
1707 1892
254 965
1775 1787
918 1610
862 1614
1280 1647
404 1526
1052 1564
742 1997
47 1318
938 1244
367 1466
860 1415
1190 1446
423 1095
1138 1893
1084 1214
98 1007
963 1029
1116 1571
1174 1820
1375 1404
922 1770
1334 1346
351 1429
243 1171
1214 1328
1147 1553
1313 1654
515 1132
587 711
871 1859
870 937
634 1194
210 1067
576 1136
792 864
168 1012
736 1638
271 1304
600 1992
1706 1887
1309 1811
654 1434
298 1400
240 1710
1107 1961
1421 1521
165 180
752 1771
583 1423
1154 1616
505 1908
974 1016
1382 1497
11 1934
513 1201
1477 1935
960 1709
749 1205
281 514
171 856
339 1991
198 1997
80 312
644 1495
706 740
729 1140
61 1295
832 1560
351 742
1208 1444
985 1594
1559 1826
445 877
660 926
829 1001
847 1108
1048 1735
205 1686
178 1295
821 1075
1012 1208
605 1067
641 1426
407 1060
1257 1713
974 1704
1089 1911
538 1102
1504 1974
435 1931
187 1339
1431 1585
768 864
1164 1609
495 1256
177 1876
818 858
1410 1671
81 116
1562 1845
1620 1747
133 1904
812 1318
585 876
1374 1817
400 1182
1035 1630
700 835
881 1460
563 1683
791 1817
199 1026
1651 1829
425 644
48 1741
1394 1515
155 811
910 1877
45 1795
16 1039
267 1327
315 334
228 1599
228 254
20 541
722 811
240 1288
432 1211
1838 1883
1639 1961
18 1531
1430 1941
1004 1667
1790 1894
1377 1582
471 800
1654 1725
4 1430
327 542
1018 1166
702 1868
508 1577
38 1745
649 1952
403 1113
918 1977
768 1615
1172 1974
368 710
776 1332
1422 1753
776 1319
1707 1851
901 936
574 1119
265 1112
1078 1693
693 1703
1285 1837
52 1975
64 1936
1277 1384
1361 1845
1088 1705
766 994
135 848
419 1452
118 900
1337 1390
1497 1730
1583 1941
229 1815
754 1156
1142 1945
371 1670
1334 1782
598 1301
880 1344
587 1328
466 1444
375 858
846 1848
64 775
759 1249
19 1385
1048 1973
774 1252
1711 1812
691 1484
1520 1749
786 1467
257 723
236 1096
133 1858
861 1531
870 1890
1099 1962
835 1628
18 1369
886 1979
470 1995
1329 1455
1399 1591
811 972
496 1471
333 1384
414 779
382 959
40 1679
1130 1690
1423 1668
529 1287
1636 1640
37 107
655 1260
297 357
54 1148
534 703
566 948
691 1814
516 1277
128 1689
872 1506
1128 1964
947 1441
1112 1532
1180 1738
1502 1989
109 1592
617 1876
535 981
1184 1926
792 1692
1354 1463
25 987
170 1158
807 1434
102 702
1539 1604
703 1491
363 1481
381 1886
137 1899
454 962
49 1029
105 1760
1009 1680
1254 1464
819 1565
1333 1595
285 566
57 1470
718 1589
1153 1672
527 1745
462 1606
61 426
473 852
208 490
1071 1110
457 901
371 1268
206 1621
978 1757
833 1819
1811 1903
1364 1995
1270 1829
614 906
51 360
699 1138
1355 1571
781 854
467 678
1635 1879
84 1514
281 1661
190 1358
1511 1826
24 784
67 809
183 820
89 859
1061 1943
212 1932
89 712
342 437
600 905
184 1749
362 788
621 929
1200 1609
971 1738
317 1610
1413 1836
1537 1804
183 1930
460 665
106 1522
172 604
278 996
1002 1197
368 1008
705 1797
737 1791
1104 1964
1378 1715
584 775
336 1369
184 465
1207 1476
748 1378
78 635
310 1171
675 1734
853 1143
1232 1283
361 1547
207 1569
22 330
1524 1935
109 1215
214 803
1068 1534
448 1896
179 1378
263 1234
1432 1940
628 1546
817 1121
1066 1978
1556 1619
155 877
1668 1883
1104 1423
882 1160
578 1023
719 1273
999 1524
209 556
920 959
1755 1796
181 1542
602 1780
903 1053
1283 1692
975 1666
176 1949
1156 1645
1145 1915
1074 1459
1281 1566
652 842
588 1064
169 559
798 1250
510 1857
126 1822
153 1246
642 1265
1219 1332
116 1173
1431 1662
143 1141
772 1101
519 1967
201 713
903 1916
1274 1621
968 1541
201 1308
160 1901
848 1168
637 820
1287 1461
1209 1366
1072 1820
435 780
686 949
1094 1906
752 1547
1259 1900
97 1357
431 1784
905 1242
1309 1932
944 1490
23 809
57 1051
324 1955
727 1249
260 559
1103 1336
937 1472
431 1665
1120 1944
316 1561
1135 1885
819 1728
1297 1967
52 931
451 455
579 815
804 967
1320 1728
939 1459
1370 1525
1049 1848
1069 1834
897 1168
217 1999
403 839
208 1815
685 1178
231 1764
771 1502
896 1699
537 1153
676 818
789 1788
264 1644
355 1386
1173 1501
456 720
352 1645
875 1301
399 1301
1701 1936
604 1597
522 1623
1019 1825
1218 1778
907 1296
533 846
295 1889
1170 1765
458 1221
203 796
924 1499
1163 1998
1412 1730
899 1919
1763 1844
505 1433
814 1662
255 1582
921 1306
149 1101
682 1758
687 1769
58 725
725 1101
158 1331
138 1901
1012 1652
223 286
1770 1872
110 947
1097 1507
849 1198
224 1765
988 1307
325 1454
626 1041
173 752
57 398
624 1688
14 1400
420 1028
827 1719
83 414
1887 1969
315 1752
703 1356
321 806
174 887
186 223
1071 1162
161 717
1013 1719
1 1619
980 1129
74 1925
1192 1236
646 1686
1429 1806
739 1155
169 1631
1265 1914
222 1927
122 1043
530 736
1008 1569
241 1115
1192 1736
666 1677
466 795
1007 1910
878 1463
159 387
733 1481
1707 1745
825 1188
651 984
1323 1648
51 865
413 1500
272 763
302 713
1680 1828
1697 1976
801 1940
458 956
889 1936
369 788
42 723
946 1248
1508 1579
797 1536
362 1575
1496 1632
1359 1461
441 1114
442 1134
578 698
1147 1782
6 1906
511 1529
927 1632
523 981
1250 1486
1369 1810
1622 1717
661 1511
1236 1282
145 1903
1311 1495
413 1772
67 978
473 1943
723 946
982 1882
1129 1881
943 1404
713 1927
249 544
1080 1475
904 1802
973 1195
47 1711
659 1613
295 541
1592 1956
1126 1579
587 1358
1433 1633
1434 1436
1372 1876
396 1057
360 1612
424 1574
890 1858
1127 1726
814 1581
608 1840
91 1076
669 1425
1243 1632
171 1503
1773 1858
437 1088
1381 1896
1439 1939
847 1535
247 1117
196 1916
577 1234
420 1142
157 961
623 1716
398 484
1640 1684
218 245
593 640
1106 1330
1679 1830
1000 1573
1724 1835
717 1719
127 1696
1014 1325
916 1516
706 916
1273 1527
269 843
1919 1988
304 920
694 1825
131 944
513 1484
388 1119
31 1872
5 204
622 1694
817 1200
268 430
1395 1461
829 1025
1135 1510
182 661
402 1051
305 1082
432 1938
23 1818
480 1972
487 1382
1050 1363
201 1360
1059 1306
68 501
1144 1904
647 1122
44 1374
383 540
300 1245
1170 1867
625 1904
1413 1769
504 816
1659 1682
1027 1315
1439 1708
796 1247
638 1837
249 569
471 684
1342 1695
142 1581
324 1489
731 894
952 1072
553 1206
1577 1818
651 1747
151 1567
342 1731
1239 1960
265 675
4 908
554 1206
252 380
599 646
1316 1999
78 570
33 1947
789 1404
312 1191
807 928
500 1646
1705 1922
1295 1551
86 1996
904 1403
517 823
1494 1703
532 569
51 1920
99 1228
575 1299
495 1625
274 1032
1545 1657
1310 1907
999 1516
706 1300
515 1953
1026 1090
91 1861
1621 1699
226 1251
172 652
871 1842
115 671
235 1695
1227 1790
317 1543
21 891
46 1161
1398 1587
296 671
835 1584
715 1902
1207 1388
252 1380
990 1637
802 1250
128 1347
1766 1776
444 1521
258 1701
1462 1992
428 998
372 882
694 970
108 930
251 1300
123 1290
75 984
412 1997
280 335
358 1722
1412 1982
827 1210
157 1728
309 767
948 1177
643 1337
397 861
347 1972
175 760
446 1645
346 1290
210 1556
624 1261
562 1835
1572 1803
117 1890
951 1568
847 1708
277 1959
40 474
771 1867
956 1222
49 686
957 1829
323 1669
217 405
1801 1966
227 1445
795 1736
1189 1331
244 1349
1759 1959
280 483
1379 1539
1349 1603
1603 1646
575 972
261 1865
1127 1993
261 1055
1493 1847
1518 1854
1234 1510
1638 1856
72 1694
902 1235
829 1237
1497 1596
892 1558
555 1121
755 928
195 1720
1587 1899
8 1602
431 743
996 1166
1137 1558
0 1217
22 934
951 1204
1005 1505
1718 1812
79 1705
564 1442
571 1734
601 1515
721 983
372 1483
822 1036
1606 1674
428 666
529 1393
338 1531
719 1305
1215 1528
1581 1732
74 468
76 970
127 548
194 775
445 714
872 1768
46 1131
1003 1350
1193 1240
1778 1779
87 1051
677 785
973 1426
481 718
730 933
926 1472
850 1311
404 1842
1165 1905
771 1918
366 1523
845 1637
324 1675
987 1396
891 1490
648 1401
1487 1721
426 1083
1233 1765
1525 1819
741 1684
1408 1552
153 1650
187 1578
370 1686
223 1566
1031 1275
430 1783
24 1485
699 1458
154 504
645 1638
131 1509
638 1605
1658 1672
197 1946
105 328
745 953
365 493
482 1061
356 1462
1593 1988
398 1507
210 1023
611 1985
297 679
992 1713
992 997
143 853
1030 1965
138 1934
5 688
216 1664
1033 1280
1130 1650
1126 1451
866 1106
1028 1732
134 1604
503 1056
936 1958
732 1355
1408 1517
265 793
840 1832
93 1069
995 1737
873 1797
514 1292
854 1487
1279 1862
880 1042
667 851
41 1458
1372 1555
146 755
212 1009
765 838
1494 1959
105 1282
838 849
314 1053
1771 1823
141 347
146 631
1263 1857
34 1362
81 1984
1225 1456
63 1370
1390 1987
238 798
1141 1843
1222 1447
1651 1669
492 548
588 650
1253 1742
401 450
0 101
418 687
303 1014
293 526
522 1373
291 959
35 1271
488 1658
1363 1477
10 860
1011 1470
232 1639
615 1978
707 917
1543 1677
121 1294
9 173
561 1139
377 1033
59 930
166 1976
447 655
720 1977
1529 1618
391 1877
592 1677
894 1607
871 885
419 1286
47 1917
1111 1614
32 1275
697 1182
1549 1934
599 1654
664 1158
1327 1589
1533 1685
753 1083
1754 1998
387 1409
3 1725
591 1276
759 798
1425 1813
603 1827
607 765
1388 1424
693 1627
616 949
1134 1318
316 943
1287 1613
885 1073
1230 1416
1059 1469
663 1411
886 1375
1152 1535
799 1418
1175 1562
2 1832
1538 1651
1744 1971
711 956
517 1833
761 1087
595 1665
815 1487
639 1312
687 715
1498 1845
637 1663
609 1591
878 1373
1085 1397
1608 1920
1229 1944
486 1807
887 1823
1567 1633
1231 1572
320 1091
448 1766
842 1559
38 1590
1243 1979
126 1607
1145 1681
1202 1381
885 1453
1429 1453
1025 1847
87 1792
188 1899
1427 1615
839 875
800 992
630 1236
167 1330
1213 1361
417 1130
581 993
1895 1907
1261 1750
1549 1922
617 1216
85 1723
439 1909
1183 1886
756 1352
1035 1821
465 1068
1146 1774
250 1825
1270 1928
100 1013
198 1040
148 748
1550 1946
913 1251
1194 1737
1368 1785
757 1090
1440 1598
908 1475
1202 1853
247 894
618 1254
664 1098
145 1281
735 1880
27 320
570 1108
1367 1504
1343 1503
1269 1416
113 174
273 598
107 396
392 1255
1026 1612
997 1334
979 1575
524 1241
1317 1789
231 1102
722 1239
200 762
844 990
1286 1449
673 1512
532 1223
86 968
1121 1394
167 1568
863 1132
479 1620
1016 1213
406 1945
150 742
399 440
289 1401
1327 1978
37 1288
1117 1321
1593 1937
1006 1155
161 1198
777 1389
619 710
524 912
90 666
159 557
461 1874
1226 1628
1066 1681
276 514
195 1830
264 1553
662 830
618 662
612 969
520 941
620 1987
472 1022
838 1074
483 1221
704 884
1465 1514
1402 1751
1422 1865
242 917
234 1401
315 450
888 1685
857 1059
165 857
106 878
237 1093
1166 1468
389 1567
355 1987
797 1505
1457 1530
475 1596
1179 1815
1167 1420
603 1913
386 697
994 1025
421 1898
623 942
667 1163
397 627
1476 1874
1268 1476
1179 1809
397 536
866 1855
355 540
55 1626
453 1172
701 1723
1017 1361
354 1982
531 1797
154 1663
1187 1628
869 1783
48 422
182 701
1063 1629
229 613
692 1966
50 1860
751 813
1875 1883
301 705
1084 1380
86 620
400 852
151 1308
897 1474
750 1618
977 1774
575 1512
12 1588
376 464
850 1314
1037 1221
1714 1753
1004 1956
373 1358
930 1913
747 993
17 1938
555 672
1021 1060
1617 1893
1147 1410
698 1410
917 1565
795 1700
7 1350
247 1150
1507 1794
527 1839
593 1041
648 1580
932 1077
259 1792
82 1303
1167 1544
1678 1881
390 979
935 1758
859 1087
145 1681
1869 1933
232 1483
1357 1396
746 1591
563 1767
160 1762
621 1753
995 1200
1341 1616
1008 1703
764 1648
927 1697
1123 1195
1372 1802
1388 1392
215 1727
206 492
911 1341
489 1296
893 1118
1923 1977
1554 1653
1262 1533
891 1588
253 789
1537 1740
1128 1570
656 1088
526 1424
934 1780
1241 1578
554 1094
1451 1649
287 1964
1448 1622
10 906
650 1573
1289 1879
1460 1990
787 946
469 1834
830 903
262 1259
1006 1729
39 1760
1307 1443
216 1709
1024 1096
296 1448
350 1175
31 178
975 1060
276 1492
1627 1664
77 1181
802 1189
1119 1629
610 1880
123 547
888 1973
650 1897
639 1199
1278 1617
762 1864
349 1469
738 1188
106 683
344 1136
902 1120
846 1542
1292 1304
1062 1584
1046 1407
941 1322
2 803
665 695
1197 1756
140 975
246 981
134 1856
921 1779
5 1967
123 395
512 1881
1139 1643
697 1432
374 1046
1133 1528
1517 1803
1125 1148
1212 1919
1097 1123
1232 1641
263 1587
335 1733
191 1466
1093 1330
561 1769
191 1455
322 1696
345 1652
498 1725
275 641
111 1666
1354 1855
682 1464
1635 1670
319 1633
657 1970
1225 1789
739 1492
1063 1285
413 1536
749 1508
1508 1968
378 822
1065 1513
338 850
452 1211
1642 1878
982 1929
307 1425
938 1382
358 1527
526 1256
78 1380
56 283
1747 1902
168 874
56 1552
728 1718
751 1822
551 923
709 1665
409 1436
190 1224
1446 1950
633 849
701 813
1482 1518
589 1836
142 1041
545 669
1187 1951
30 1672
83 1597
215 1087
204 1990
823 1308
1271 1851
1122 1924
595 1980
205 272
466 810
799 1683
1049 1357
961 1996
895 1849
341 579
371 734
24 1042
58 1294
1649 1748
489 1754
139 1932
718 1726
1037 1226
495 1554
678 1131
1657 1748
1533 1798
455 1799
353 1223
638 1262
1100 1840
708 1821
53 386
1265 1968
233 1515
1559 1863
868 1242
779 864
302 677
712 1499
1366 1871
949 1415
409 821
822 1199
1894 1975
284 1641
828 1647
560 730
200 1928
350 1918
576 696
1144 1689
248 935
597 1716
485 1489
510 1098
262 1103
415 1734
1024 1078
55 434
1085 1513
390 770
199 716
780 1261
1138 1776
416 1655
1150 1773
491 942
826 1033
21 909
958 1241
42 1387
1438 1947
808 1411
923 1086
929 1924
1180 1946
464 945
808 1627
1240 1785
791 1010
1137 1756
1176 1989
862 1743
257 714
950 1806
1393 1824
1027 1624
609 783
128 1428
1426 1788
1077 1729
778 1882
1353 1555
493 525
565 1445
337 602
1266 1816
129 807
581 1573
352 1293
394 1428
216 230
869 1525
936 1626
1062 1089
28 195
164 759
62 456
507 1353
68 1362
318 989
676 1986
449 670
914 1340
104 1542
613 1353
251 1167
330 732
270 391
685 914
733 1231
485 1338
329 1115
306 1075
1362 1816
978 1034
1260 1805
211 228
998 1000
268 1218
1561 1698
378 1938
75 922
412 1676
1395 1562
279 294
119 1215
1807 1898
658 1712
485 658
202 1666
411 1020
94 1263
612 1452
124 1974
219 1676
606 851
1043 1866
1548 1551
238 1095
653 1417
957 1149
54 550
379 967
32 1691
901 1984
376 1984
636 831
245 342
1791 1850
728 754
1020 1191
1157 1391
479 919
525 1209
72 1539
919 1054
8 1076
747 782
535 1264
1652 1859
1913 1963
149 1985
1022 1163
1293 1991
114 694
381 1958
276 1419
1474 1900
181 1165
220 1563
876 1582
34 881
304 806
494 1601
88 1814
519 1229
564 1983
966 985
574 1485
691 724
1809 1939
143 1772
954 1259
266 799
836 1583
1324 1405
1343 1376
977 1767
858 1086
689 868
511 816
481 692
1185 1348
679 863
757 1601
1438 1530
1 152
1600 1777
1354 1598
1081 1809
1370 1712
112 1943
366 963
299 1870
1400 1488
1191 1563
1345 1724
670 922
611 793
716 773
952 1339
910 1962
296 1545
1242 1947
637 1437
414 1586
502 1544
596 671
318 831
777 1644
1777 1884
833 1455
1602 1786
582 1814
341 726
898 904
828 1759
111 571
1285 1994
729 1660
7 434
132 1717
1717 1852
1239 1406
115 1045
940 1540
1202 1342
29 664
380 1808
774 925
1702 1888
769 1846
737 1417
15 246
1450 1646
662 1209
962 991
1186 1673
1407 1813
144 786
234 1667
499 604
695 1289
1399 1570
429 1463
543 1981
348 1074
65 438
144 755
290 633
832 1181
372 1030
193 1897
125 860
536 1752
450 1039
558 1925
1133 1329
528 567
1535 1690
1391 1878
1360 1800
177 674
1691 1822
527 769
700 1662
203 1009
206 976
1169 1557
192 1034
539 856
482 1204
1648 1744
1091 1409
726 1040
1021 1233
423 608
1611 1824
87 1427
422 1767
716 1751
1174 1873
812 1586
614 1605
831 1950
684 805
284 642
777 909
660 1099
1177 1784
1146 1564
190 900
120 1313
1911 1965
632 1755
468 1671
1389 1574
235 1302
198 1870
924 1702
416 1110
1383 1688
99 1116
469 542
991 1314
690 1727
1397 1868
1177 1887
1044 1994
213 1297
1294 1841
724 1869
288 399
727 1216
584 906
639 1631
933 941
441 744
130 1451
364 1593
353 1157
915 1045
274 1435
766 1833
73 1176
855 1235
1298 1504
1315 1811
1776 1912
651 1866
1164 1861
1595 1912
597 1781
340 1596
1870 1986
286 1172
1002 1457
333 542
1454 1910
13 71
629 1323
322 1810
225 1468
310 568
1421 1854
384 1162
463 1698
427 1501
478 1893
655 1889
136 972
594 1340
60 1715
1092 1125
1092 1465
953 1617
56 580
298 433
477 1689
326 1223
438 1127
1154 1843
610 1865
947 1519
1373 1534
462 1203
1007 1253
1278 1860
836 1365
1015 1178
189 1909
1862 1864
227 1336
810 1264
988 1841
1266 1548
899 1878
522 1561
738 1211
1468 1925
14 1480
1160 1220
710 1636
545 1323
805 970
790 1444
1010 1599
1742 1761
593 967
1371 1616
704 763
653 1418
1891 1948
92 1441
476 1948
1031 1897
911 1058
365 390
1038 1243
874 1276
1149 1699
1576 1613
374 1625
383 945
690 1159
84 1479
1398 1486
1321 1443
506 1544
139 226
287 1244
965 1065
424 1161
656 1137
272 1449
556 1245
867 1472
932 1891
260 1124
653 1057
332 1203
271 1412
964 1238
572 1576
1076 1944
964 1151
1610 1804
859 893
132 1478
467 680
441 883
750 1284
668 1595
1739 1942
762 826
553 1376
192 1212
1082 1345
965 1763
221 929
42 1888
712 1322
93 778
66 1079
346 1050
239 584
311 1245
509 1084
162 1046
1220 1469
642 1052
518 1855
410 782
308 381
17 385
95 164
152 1969
69 1839
443 1519
1796 1993
197 443
36 95
552 1679
163 557
931 1733
971 1805
1073 1479
242 915
327 539
1325 1960
1111 1326
159 1513
180 879
236 1333
285 1305
313 1112
451 884
761 1509
1011 1020
244 1746
674 1168
721 1693
1047 1230
436 1954
1186 1500
470 1935
912 1709
562 1787
736 1319
1532 1655
546 1953
597 1351
586 726
294 783
96 1407
1324 1602
681 1217
156 1675
40 1371
772 1557
764 1115
955 1895
1196 1483
369 634
176 1827
72 745
1258 1634
30 1764
735 1269
97 222
1739 1849
784 1471
935 1496
10 837
457 1414
521 1328
26 1642
292 1291
611 758
1793 1795
743 1818
318 331
573 1278
343 389
1580 1793
1600 1660
708 1450
362 1954
63 1442
1267 1801
1402 1850
405 1249
1015 1895
98 1512
288 740
663 1080
70 1018
841 939
767 1687
170 994
1731 1981
497 668
750 1685
881 1079
459 1846
616 825
549 1491
834 1517
776 1109
1700 1963
