64 117
136 180
110 193
12 169
78 124
24 169
3 165
37 87
80 118
40 149
72 118
18 168
20 102
12 74
63 112
28 148
23 87
2 150
17 77
158 183
2 178
65 107
109 190
8 63
6 10
65 109
25 189
27 148
106 122
41 175
108 152
66 195
44 82
70 95
38 132
84 188
98 120
81 152
50 58
54 134
79 99
1 52
35 75
19 127
49 54
67 82
111 187
71 85
53 80
104 125
92 197
4 130
74 97
41 117
25 185
16 131
6 174
38 76
188 191
13 18
32 162
119 156
70 186
119 159
83 116
13 120
168 184
22 167
22 24
4 184
56 94
79 85
32 135
46 135
39 183
29 68
51 133
94 113
146 193
96 180
139 163
112 165
21 134
130 174
86 197
108 129
103 199
93 99
132 160
60 78
91 191
96 189
23 176
11 36
20 45
46 195
40 75
58 167
62 155
55 83
16 81
0 49
5 192
39 59
21 121
19 57
1 9
190 196
33 62
113 139
122 145
44 111
37 138
31 76
69 156
140 145
7 158
142 147
133 182
163 171
90 123
137 170
34 173
92 155
42 146
17 192
114 185
138 172
161 177
30 48
127 131
5 153
128 170
45 115
61 103
69 136
100 114
73 123
26 68
11 106
51 110
126 150
14 176
14 72
128 157
93 129
105 154
47 56
34 90
179 181
47 144
3 43
57 95
143 182
89 153
121 124
67 157
89 125
52 194
166 173
35 98
77 88
151 171
28 187
194 198
162 186
8 88
105 115
151 164
53 175
36 102
27 154
137 199
97 116
101 166
15 60
48 66
7 198
100 178
55 101
26 30
147 160
64 140
43 179
161 181
84 86
10 73
144 196
107 141
33 164
50 91
9 104
126 149
15 177
31 61
29 172
42 59
142 143
71 159
