68 97
21 65
2 70
77 95
25 76
6 19
16 85
50 93
45 66
22 44
24 93
17 35
48 63
5 41
23 71
13 91
19 63
1 77
47 64
52 94
49 56
58 89
37 43
12 78
7 23
80 88
31 61
10 87
9 41
29 98
49 51
27 90
10 64
3 34
27 82
11 69
81 85
2 61
15 54
32 54
14 71
24 69
83 86
14 16
21 89
73 95
20 55
36 75
26 36
40 48
38 39
38 81
9 33
67 96
31 51
26 60
73 88
68 86
18 55
7 79
8 98
83 92
46 84
4 22
60 90
52 66
32 47
34 72
18 28
74 75
12 30
57 99
4 33
40 53
76 94
15 91
13 84
46 92
74 79
3 57
44 59
1 62
56 58
11 30
53 97
6 20
0 35
59 87
5 62
28 43
50 65
29 67
78 96
8 42
25 72
70 82
17 42
37 45
39 80
