263 294
19 32
18 164
54 77
67 295
287 296
47 169
66 138
261 264
64 238
157 175
161 183
47 248
63 123
114 168
204 209
198 200
144 289
99 147
27 279
3 182
99 124
207 298
50 70
45 218
76 110
13 190
250 251
170 215
2 214
182 285
74 145
41 109
190 281
160 257
2 165
172 278
200 273
31 229
87 267
120 255
142 262
85 287
25 138
59 95
65 191
107 156
10 237
140 257
269 297
126 165
122 126
228 240
146 153
109 258
81 222
81 197
121 277
161 228
42 48
69 280
56 236
84 117
159 236
143 223
201 244
258 284
154 265
54 245
49 242
166 296
93 222
62 105
75 131
281 285
14 271
103 175
44 135
197 210
146 212
172 271
44 162
98 145
137 213
102 155
97 276
79 214
37 253
173 194
66 259
221 235
17 178
64 90
50 266
39 219
30 96
36 213
12 120
84 251
85 217
20 241
187 254
35 180
76 235
33 128
132 272
137 259
13 147
156 224
121 150
252 299
20 164
71 90
111 233
73 232
115 206
24 288
52 293
169 170
111 279
35 107
48 231
79 88
7 227
43 142
51 229
261 277
158 242
247 282
96 220
28 71
189 206
55 243
8 263
38 218
65 250
43 202
5 211
21 68
22 208
189 203
171 268
27 219
10 286
92 210
179 188
113 122
17 134
119 224
139 176
133 205
61 295
273 276
102 110
91 233
89 199
101 292
131 193
195 199
104 141
58 116
52 77
260 280
89 184
94 232
55 151
21 203
149 267
18 192
100 275
80 217
4 270
25 293
40 234
112 185
11 26
118 292
46 166
101 180
32 106
12 97
181 186
75 241
6 201
248 249
63 127
80 237
78 82
34 68
33 45
162 230
1 130
226 274
26 58
83 123
3 284
15 234
134 215
100 205
28 73
22 34
115 247
108 255
83 227
92 143
24 290
221 262
49 125
88 204
173 220
130 274
57 129
174 177
5 238
148 260
38 243
41 159
37 129
184 198
60 283
53 103
167 225
136 179
82 153
187 282
98 239
23 152
42 185
72 230
46 272
154 216
15 265
192 246
163 188
78 266
29 30
19 124
69 289
141 171
91 148
135 149
195 252
61 157
39 177
16 136
9 286
9 294
270 291
67 125
74 163
8 208
86 191
246 254
94 275
23 194
104 283
36 202
176 239
6 168
11 269
56 140
40 151
106 181
7 29
291 297
86 223
209 278
133 183
112 152
1 167
62 158
128 207
93 108
116 253
150 155
225 256
16 114
0 288
196 256
226 298
51 60
245 299
72 212
231 240
59 127
186 211
160 216
174 178
53 70
113 249
119 268
4 193
57 290
87 117
31 244
105 132
14 95
118 144
139 264
