75 170
159 183
28 268
225 288
72 146
222 230
186 291
143 161
130 274
125 294
165 277
29 149
57 142
32 195
96 190
21 116
91 128
126 293
73 256
194 299
70 221
10 46
54 162
14 286
186 248
86 271
31 48
67 235
136 272
132 167
108 172
120 178
120 232
154 285
143 238
107 218
122 236
237 262
83 258
56 66
84 270
58 275
244 282
155 193
79 280
77 183
86 115
289 292
208 247
102 144
30 276
72 197
91 147
54 295
262 293
73 156
9 45
62 277
235 243
62 179
47 82
23 263
259 271
2 36
106 181
8 221
163 217
39 296
103 180
249 290
188 201
7 278
238 267
38 233
169 210
11 35
38 139
260 283
74 104
26 129
159 206
150 213
100 205
27 248
46 116
27 138
164 266
87 193
69 85
61 95
56 124
68 149
71 200
4 220
26 172
189 297
113 117
50 240
104 265
148 216
121 270
28 158
36 195
245 298
92 171
22 171
23 24
34 247
80 118
226 239
93 170
53 101
196 241
128 267
77 145
0 237
136 203
252 287
133 265
29 157
67 93
52 61
89 114
90 234
17 132
168 281
20 189
18 286
123 145
102 246
206 261
275 296
182 254
74 230
13 231
258 288
76 256
44 173
7 109
22 201
51 207
2 211
19 127
219 229
15 39
160 194
151 198
233 251
5 213
158 215
144 287
127 148
250 254
83 180
35 245
111 114
43 269
32 78
25 207
113 283
33 176
1 75
58 169
33 198
90 106
60 252
48 60
227 289
103 214
97 182
92 253
42 79
157 167
95 273
126 184
141 228
0 129
110 153
50 223
4 31
200 204
192 250
64 131
165 205
21 101
44 84
99 257
174 226
243 295
105 155
203 269
130 284
152 234
6 244
65 191
12 212
210 299
47 98
135 268
64 94
141 208
191 279
85 153
156 202
69 259
232 294
16 150
25 109
137 188
59 174
52 66
49 199
3 122
80 166
108 134
20 119
43 282
190 298
209 225
41 281
94 176
71 112
99 274
11 228
138 297
9 40
14 166
168 261
162 179
55 216
13 212
181 223
88 100
10 154
131 279
76 87
3 8
160 236
197 215
133 163
110 211
12 115
53 202
51 253
49 292
40 65
81 285
24 199
19 217
117 124
161 219
6 70
68 280
1 37
175 246
88 255
89 135
17 121
164 185
137 139
42 249
18 241
107 284
239 257
59 187
78 111
151 185
227 272
55 140
147 214
15 242
123 264
119 220
97 242
16 142
63 222
5 37
57 224
209 291
118 173
96 140
63 98
184 260
41 134
196 204
82 218
34 266
112 255
30 240
152 175
192 224
45 290
231 263
187 278
251 264
81 177
177 178
125 229
105 146
