39 177
35 84
150 166
57 70
88 101
87 118
18 123
111 180
32 66
2 184
17 182
74 112
13 66
93 117
34 115
53 91
10 104
98 164
43 103
64 190
140 186
23 135
98 175
47 184
163 196
118 142
7 162
126 178
9 96
126 185
119 179
120 165
23 137
50 130
132 177
4 36
62 82
85 189
135 153
56 77
108 198
107 168
111 193
20 161
100 174
43 187
44 131
94 166
102 112
51 192
90 193
35 182
59 110
106 138
136 141
37 183
38 73
69 137
8 144
55 67
19 27
150 157
61 114
8 196
113 172
24 152
97 125
15 155
72 169
120 169
61 186
56 134
27 88
75 136
41 74
67 83
133 190
103 127
51 129
44 89
38 78
28 60
82 92
76 181
54 93
28 191
101 108
92 121
48 87
42 175
16 174
25 145
102 188
63 81
7 195
36 158
122 171
151 170
50 194
16 187
57 109
185 192
129 131
21 133
158 172
22 128
99 156
69 130
100 117
1 123
81 159
76 148
47 197
26 140
13 70
165 183
159 160
168 195
22 167
37 42
33 45
94 104
153 189
48 125
17 155
31 116
1 149
144 146
5 114
89 173
59 164
152 171
178 194
20 179
65 176
0 85
72 79
63 86
40 176
31 78
73 156
6 124
14 80
46 65
49 54
9 21
2 86
80 197
11 110
79 107
141 181
29 151
6 96
11 143
75 124
139 148
30 55
99 170
91 115
122 128
58 95
84 113
62 147
132 161
134 147
18 26
32 41
139 188
143 149
30 163
33 109
119 167
60 162
46 154
25 77
160 198
14 105
40 145
15 191
24 71
10 52
58 173
4 45
34 64
3 157
106 142
29 146
49 95
12 116
3 5
83 90
53 121
68 71
154 199
68 105
127 138
19 97
52 180
12 39
