10 29
52 56
51 95
9 91
18 34
74 92
73 75
73 87
77 99
30 80
72 95
9 78
58 59
33 81
28 81
43 59
29 53
66 67
6 84
57 62
45 83
23 60
66 88
10 78
25 33
48 76
18 55
8 64
82 86
21 43
28 30
23 31
35 97
24 48
11 87
40 98
20 35
22 61
3 89
32 46
14 69
6 12
40 85
5 96
38 61
27 36
2 34
3 54
72 77
14 37
13 60
80 82
63 86
38 92
16 91
15 90
1 5
37 45
0 65
4 27
7 39
11 20
44 47
26 71
51 94
17 68
2 71
22 64
44 63
52 84
12 79
4 25
41 67
16 32
7 41
1 50
90 97
26 83
0 69
85 96
50 93
24 89
53 93
49 68
36 54
13 42
55 70
21 47
19 49
8 70
57 74
46 99
19 76
58 94
39 65
15 42
62 79
17 56
75 98
