27 176
118 173
72 86
34 176
78 82
97 192
29 146
53 99
63 78
27 81
40 99
54 89
32 80
104 107
97 122
80 156
50 119
64 180
69 187
90 177
149 181
28 37
121 156
139 179
3 123
116 166
134 144
114 153
56 199
86 190
22 88
161 197
39 137
9 127
121 168
135 172
142 164
10 150
70 102
62 151
15 175
18 191
37 170
145 178
21 169
23 67
159 198
45 195
98 115
23 59
11 189
9 167
18 125
34 49
89 198
114 151
7 98
31 166
77 132
22 75
31 155
19 122
38 159
15 109
57 185
71 160
8 52
4 57
35 172
16 160
28 179
127 163
70 168
73 161
102 118
77 145
79 85
124 133
58 149
130 164
106 138
3 171
44 180
119 190
169 191
12 87
75 111
147 165
41 141
87 199
47 178
2 184
108 181
14 154
141 142
110 133
188 193
0 64
92 134
66 94
103 117
55 66
7 16
68 74
58 131
61 111
2 43
153 196
51 92
1 65
12 59
43 137
33 125
55 165
60 91
24 195
155 175
62 124
126 183
126 146
45 157
85 158
123 186
154 162
84 177
67 162
20 42
112 143
6 14
6 147
41 192
120 174
73 90
5 193
11 196
52 120
61 106
101 186
69 152
91 158
63 83
19 36
8 26
17 174
33 117
30 116
100 187
60 157
68 109
81 140
105 182
4 129
173 194
93 152
54 163
79 182
17 84
112 197
95 140
48 113
110 150
88 139
26 44
39 128
21 131
48 53
65 96
50 108
42 138
25 76
148 194
20 167
25 30
184 189
29 36
13 170
83 103
47 49
38 46
24 115
107 136
71 183
13 35
40 100
10 95
82 104
74 113
32 101
135 136
0 1
5 143
51 129
94 171
46 188
105 148
76 144
93 96
72 132
128 130
