137 252
276 291
57 245
133 134
47 243
100 132
9 246
29 235
68 104
206 275
144 254
196 217
114 148
16 79
56 80
4 123
220 263
17 183
61 261
8 46
173 260
8 78
175 265
286 291
83 232
93 162
23 200
42 92
15 218
220 226
23 122
274 277
53 183
73 253
140 197
67 206
44 66
89 116
85 149
42 170
92 265
99 123
69 227
81 113
43 187
18 155
16 244
35 178
119 258
25 119
11 141
27 63
97 128
87 106
135 232
184 246
95 204
13 130
135 152
71 241
51 152
162 288
91 128
34 253
194 211
72 157
41 296
11 178
1 261
237 298
121 165
248 263
125 231
112 142
62 100
40 214
170 250
133 199
167 286
284 292
189 224
37 145
117 179
5 118
80 90
84 221
177 251
258 296
70 176
209 249
38 274
192 219
72 211
214 288
68 134
168 174
158 228
151 169
22 236
240 295
117 194
149 257
3 201
50 201
142 281
19 247
185 208
55 298
36 257
39 180
7 189
236 243
155 239
225 250
137 226
167 233
29 105
82 145
26 116
30 138
78 255
268 276
45 98
26 127
279 282
2 228
190 241
14 115
127 212
35 146
182 259
48 213
97 289
52 69
101 107
173 191
171 197
96 198
139 262
172 277
38 39
122 247
48 193
131 290
10 192
195 249
154 268
62 126
229 289
49 248
204 285
60 160
132 191
110 168
273 285
65 126
19 179
95 230
209 221
1 280
59 270
27 207
235 295
203 284
114 272
222 290
15 21
115 227
90 218
140 234
3 159
32 121
198 205
31 150
0 216
93 175
4 233
148 280
84 238
20 102
28 120
184 229
98 118
144 256
71 188
73 185
45 166
57 103
199 271
24 112
51 210
83 190
106 161
103 146
54 225
66 138
34 107
44 169
161 230
91 266
21 113
136 182
36 120
237 281
147 153
6 75
75 202
164 193
181 195
180 260
101 254
77 139
181 234
52 266
205 267
12 242
174 293
70 259
87 196
269 278
99 143
37 223
50 74
41 156
79 171
46 129
109 188
18 213
54 63
33 224
109 216
7 187
20 215
172 252
59 242
208 231
94 129
141 222
163 244
55 256
6 271
207 238
25 240
61 292
96 279
74 76
43 124
47 150
154 217
60 89
77 269
88 294
131 215
86 94
124 212
9 297
151 158
17 160
166 275
64 177
165 210
88 239
53 153
105 186
10 86
157 202
262 270
56 251
219 294
125 245
5 111
102 164
33 287
159 267
81 163
203 278
22 110
31 64
65 283
108 293
76 299
82 130
58 147
14 40
49 264
2 104
186 273
58 297
200 255
24 176
108 223
30 67
264 287
111 272
28 283
13 282
12 156
32 136
85 143
