61 201
317 388
101 199
29 353
96 251
106 186
16 30
18 67
206 245
324 331
48 225
21 345
43 112
164 352
249 273
151 166
189 362
112 397
218 386
51 109
134 332
249 397
139 291
119 365
255 306
13 36
75 334
202 215
127 160
200 239
220 243
28 291
298 376
169 399
190 297
33 384
3 245
213 229
113 242
212 243
98 118
50 262
43 85
320 381
170 307
171 342
146 186
191 395
227 339
86 88
62 205
14 377
108 246
40 158
130 321
214 275
87 384
77 220
49 193
138 299
54 390
187 289
78 358
128 293
82 165
193 265
92 306
59 273
63 88
346 380
81 392
177 308
58 258
3 292
124 312
60 237
195 320
172 355
13 185
263 383
84 366
257 318
198 352
119 180
72 153
215 294
22 349
174 383
41 247
170 336
143 168
125 360
27 180
194 370
100 154
367 388
68 89
76 351
315 328
157 392
11 274
132 262
128 227
178 212
54 86
65 181
284 346
35 114
355 391
12 71
27 292
58 101
304 364
154 330
206 314
7 149
157 381
19 329
124 236
123 390
49 173
156 210
102 177
150 386
211 276
83 152
99 277
8 34
140 345
200 270
99 326
4 127
159 394
222 282
77 167
2 294
47 378
176 382
41 211
100 257
57 114
230 304
199 330
9 40
153 208
42 341
192 363
213 391
107 120
72 303
359 377
274 321
29 270
76 234
97 141
7 38
349 370
156 323
196 228
303 354
80 224
63 137
279 312
163 237
179 396
62 66
111 187
113 235
214 252
277 287
161 219
201 218
31 87
64 343
145 253
121 135
56 250
252 267
35 323
44 137
32 319
1 166
129 368
24 358
116 316
207 280
1 118
134 375
73 197
10 68
6 336
146 395
55 104
89 373
26 288
48 140
261 289
109 335
309 338
309 380
5 175
94 120
185 302
110 155
25 337
105 233
4 45
217 307
69 341
181 278
141 398
231 238
30 276
263 374
44 74
61 165
222 360
15 108
103 280
179 264
0 290
328 350
219 374
75 275
138 208
18 332
56 129
6 393
155 248
133 145
45 93
93 125
285 300
204 266
17 78
281 367
90 191
17 371
279 288
238 351
247 387
107 224
148 176
221 385
301 347
91 376
136 272
197 203
123 204
8 126
116 365
95 244
269 324
103 192
70 287
171 315
260 348
241 368
74 241
12 98
15 259
46 131
244 389
196 260
216 308
144 313
95 136
122 182
115 184
268 285
24 340
105 163
159 363
11 96
66 333
223 232
188 310
37 296
195 357
162 299
117 160
20 132
229 372
73 216
57 375
55 83
152 225
115 117
314 350
39 64
231 295
142 143
172 356
53 133
97 106
33 326
240 357
16 60
19 387
20 189
23 364
82 246
131 394
135 378
52 226
104 188
65 305
190 372
161 281
265 379
259 333
162 266
147 371
79 148
91 126
248 261
167 362
236 311
79 271
81 269
232 342
217 325
28 149
38 290
168 361
175 194
271 325
10 26
71 385
46 173
53 379
295 354
94 205
242 305
39 52
102 343
59 382
36 182
142 239
69 286
282 337
5 311
85 298
21 250
209 230
209 344
2 67
14 393
256 361
144 327
84 111
31 183
150 302
147 396
254 296
80 356
32 359
256 297
50 327
122 240
322 369
283 366
255 310
158 228
34 329
207 318
293 313
130 373
254 344
25 284
268 398
110 202
221 251
47 272
37 316
90 319
169 174
203 223
70 210
317 369
22 51
92 226
278 331
339 348
178 234
235 335
264 389
121 353
301 334
42 233
283 340
286 322
253 347
198 338
23 164
9 151
139 258
183 300
184 267
