58 150
68 358
354 418
23 89
51 337
324 462
355 417
6 486
98 296
111 319
17 308
269 459
212 440
174 399
10 203
113 141
109 422
241 460
157 432
69 499
171 231
231 237
432 486
35 385
257 476
165 405
375 414
50 287
163 455
238 278
151 464
27 438
413 497
330 480
53 132
192 200
281 309
162 464
288 409
105 476
275 472
206 435
131 217
223 488
163 164
22 100
87 291
325 358
211 227
198 351
187 434
154 400
46 116
235 318
29 283
82 383
189 238
182 236
159 482
202 433
316 322
63 290
95 439
28 162
331 359
278 394
330 463
368 494
257 383
139 373
88 459
169 212
30 199
290 467
205 411
299 314
156 208
72 312
225 388
1 18
338 363
448 487
165 313
274 319
160 428
142 465
279 281
338 365
19 61
63 272
13 365
48 195
336 368
47 326
96 311
346 490
4 285
50 347
34 170
43 416
133 252
186 405
340 430
161 168
100 468
467 488
65 379
36 381
318 462
397 493
90 492
143 188
177 370
84 454
84 323
91 369
37 395
454 491
86 259
65 401
8 374
296 402
299 343
265 345
9 232
356 423
3 262
85 160
125 267
282 482
148 430
122 367
4 349
434 468
145 309
76 327
66 128
198 292
480 491
392 403
337 421
55 329
228 456
334 344
287 384
321 398
14 301
60 234
152 345
57 137
175 437
211 419
133 135
176 495
258 353
139 303
69 284
151 485
136 207
89 259
375 452
436 490
51 253
64 286
49 75
81 371
56 304
66 451
15 159
101 214
441 496
135 153
16 326
149 265
124 323
242 359
147 205
427 429
240 262
12 75
153 393
92 484
39 78
221 449
317 382
194 228
64 425
332 377
266 378
95 271
156 342
45 261
185 225
148 474
77 274
357 413
184 284
202 219
32 180
73 390
37 282
261 412
76 366
140 353
145 393
167 172
409 438
93 264
94 263
414 428
245 485
7 461
127 217
146 229
255 360
35 173
246 295
143 407
123 314
107 146
289 477
197 474
41 111
215 385
280 304
192 312
125 433
26 97
285 316
40 370
79 244
176 439
1 276
380 494
195 431
2 40
131 465
249 364
402 479
94 343
10 335
104 371
72 78
83 199
54 415
300 475
121 346
214 245
201 404
334 341
81 473
43 256
106 170
13 158
19 419
25 360
161 222
106 498
264 328
175 254
390 470
248 291
102 372
315 362
108 357
104 418
48 436
221 394
328 415
207 387
2 444
7 270
248 475
24 120
320 333
49 293
190 204
97 237
155 302
21 210
107 294
9 440
71 336
42 451
102 478
18 310
29 442
70 117
155 268
201 247
200 395
273 295
129 329
191 307
399 450
91 128
119 315
59 301
178 426
132 246
169 420
60 435
96 380
32 351
123 333
80 229
308 400
189 377
204 489
70 347
67 387
74 272
124 362
27 42
348 453
352 407
193 222
11 483
80 379
55 103
224 361
447 479
112 241
25 495
234 481
47 355
210 458
136 182
118 152
33 209
251 471
115 408
0 206
187 429
142 442
38 154
39 236
366 416
396 431
410 461
233 350
307 363
149 339
79 404
16 344
22 446
144 332
183 249
340 420
147 193
3 173
83 463
67 456
445 492
126 317
92 219
11 98
114 138
196 483
227 443
44 134
62 384
119 226
14 275
150 181
270 448
77 258
17 31
209 303
271 484
90 232
33 127
166 422
185 489
118 417
44 114
224 392
349 481
367 408
117 369
36 412
57 364
239 427
218 279
197 350
174 376
5 213
144 220
320 452
253 453
8 191
306 313
15 397
183 411
242 496
59 226
457 473
203 294
30 110
52 213
216 288
421 441
289 386
389 446
52 305
158 218
250 471
61 269
138 342
120 327
244 466
251 396
116 179
126 172
20 382
110 180
188 497
263 425
6 130
186 322
56 240
194 298
86 121
5 276
103 164
184 401
292 298
260 457
398 493
99 141
99 302
140 469
403 455
101 235
45 426
179 239
378 450
71 406
424 447
74 168
24 498
372 449
335 386
41 178
137 445
339 388
230 352
122 268
46 108
254 305
406 423
243 478
82 297
243 472
105 286
252 277
177 437
256 391
266 341
297 310
381 410
34 93
68 444
129 470
391 443
85 466
300 376
28 73
62 277
215 487
53 171
38 220
12 181
306 389
311 331
233 477
115 460
196 247
88 109
324 424
167 469
112 216
134 325
293 348
58 361
267 283
23 230
54 250
374 458
87 260
157 255
190 321
273 354
21 130
26 113
31 166
280 373
223 356
20 208
