32 93
66 270
45 89
178 249
284 332
114 360
21 110
35 257
39 280
116 374
99 194
127 308
139 307
319 377
34 287
16 270
44 247
42 280
271 352
185 216
83 279
88 95
205 246
241 342
174 214
237 264
111 201
84 243
152 388
148 232
30 55
3 303
196 375
143 267
82 256
331 339
90 378
68 109
71 119
10 83
234 320
184 349
106 387
95 282
6 394
24 330
85 379
101 363
137 266
183 238
174 375
269 276
43 189
62 115
129 351
327 354
163 262
65 250
77 337
78 129
256 311
147 335
60 351
244 245
56 273
119 156
19 340
161 219
57 204
288 318
150 213
16 192
197 224
168 277
5 150
15 377
107 170
77 228
63 133
39 209
169 320
64 90
143 217
86 333
227 268
285 292
88 264
135 361
212 315
26 259
20 268
144 199
284 398
304 366
53 182
102 271
64 114
239 395
159 398
209 384
197 386
8 385
19 171
31 248
242 266
291 345
156 159
24 327
123 272
146 343
78 338
158 294
81 89
37 179
62 133
7 396
49 165
188 190
154 203
250 353
63 76
210 337
4 116
239 367
246 349
138 373
223 279
38 190
74 241
207 357
93 137
42 380
188 390
307 383
11 391
65 344
186 357
140 142
293 348
36 176
186 206
98 389
37 231
220 298
3 193
92 179
38 255
66 310
108 141
81 130
54 234
314 328
177 185
333 368
54 195
345 359
91 120
46 373
86 348
61 390
175 379
49 221
235 355
134 258
261 269
53 374
41 158
14 341
101 334
103 383
28 163
282 291
43 361
23 187
189 211
58 343
17 295
135 306
17 381
25 170
199 219
97 128
145 298
127 166
22 263
73 145
70 201
132 276
224 321
52 362
287 290
162 260
244 370
102 300
96 367
336 395
124 222
153 225
79 329
142 208
149 356
72 296
338 346
285 308
105 302
52 154
126 152
67 391
47 161
136 181
27 41
251 399
69 113
236 265
394 399
177 312
34 108
171 218
33 115
12 194
0 164
67 355
23 283
48 72
20 97
94 155
303 372
0 253
118 205
59 278
7 112
9 98
141 225
71 356
249 251
274 368
80 263
57 75
74 286
172 218
346 397
30 392
47 111
252 258
110 217
140 329
136 294
164 385
87 149
73 134
235 237
213 220
261 317
58 275
79 319
178 226
124 128
104 153
76 362
231 277
69 238
151 323
125 155
126 182
131 262
51 260
172 387
13 211
228 321
29 296
82 392
278 393
160 247
335 340
121 322
22 360
196 290
286 299
100 200
167 344
28 206
130 358
208 302
169 281
275 325
123 366
56 372
105 151
191 341
68 80
214 365
139 207
295 323
175 384
11 259
100 122
215 297
48 245
314 364
146 162
121 371
51 173
104 265
9 233
230 289
326 369
183 202
281 339
227 324
85 267
120 147
99 173
50 301
10 336
313 376
50 203
94 122
202 240
148 317
15 370
36 106
8 324
180 328
117 118
35 301
25 273
289 389
44 223
222 330
13 216
117 176
40 316
229 255
45 386
113 312
332 359
2 254
5 61
380 382
60 388
166 215
283 353
1 358
157 180
131 393
248 350
75 243
18 187
46 347
132 233
253 309
96 352
157 305
29 293
112 125
204 310
26 195
18 347
27 300
40 342
313 381
59 297
87 230
168 306
33 365
165 257
240 378
31 191
221 226
160 305
144 210
21 371
109 184
14 318
91 397
252 292
316 331
12 32
167 396
92 198
70 376
55 254
272 325
304 334
84 364
322 363
299 350
2 6
274 311
192 315
200 309
193 229
4 212
107 326
1 382
198 354
232 242
288 369
103 181
