122 194
216 268
95 198
293 369
246 448
58 434
270 313
30 242
237 252
78 311
2 358
135 467
370 416
21 424
144 362
81 186
124 341
373 492
257 282
210 307
36 499
196 292
148 421
160 357
271 337
14 311
137 426
439 457
110 125
41 101
82 486
108 188
11 319
429 498
91 445
24 93
282 477
12 78
260 412
341 466
234 450
195 422
67 256
287 347
190 201
169 322
214 346
90 118
135 187
423 471
173 210
85 390
96 447
10 27
178 180
354 431
152 153
180 382
309 383
114 380
100 229
137 442
238 260
132 299
16 453
349 456
262 404
25 86
230 269
197 324
14 66
317 447
168 366
114 446
68 258
20 274
18 415
43 219
104 400
323 378
120 225
193 325
411 423
47 273
88 318
192 197
297 372
140 306
287 404
131 330
169 202
305 470
345 371
165 222
234 493
182 443
273 347
177 183
113 335
200 284
157 371
274 331
334 410
183 396
152 364
13 193
189 264
163 494
272 337
411 412
31 138
79 139
170 444
132 362
174 440
44 478
153 266
429 437
53 451
178 263
288 340
127 271
103 383
74 306
281 399
217 250
160 459
31 281
127 220
156 378
303 414
102 348
124 289
344 458
96 149
1 410
256 295
61 336
283 301
66 235
140 251
453 477
145 338
136 211
191 417
25 167
95 325
3 483
328 336
26 468
312 376
181 192
208 413
35 296
335 343
60 436
20 121
159 435
215 308
18 195
19 233
111 464
15 51
3 454
188 203
472 479
176 455
105 217
26 430
172 305
340 437
82 392
28 326
206 209
475 489
87 367
166 452
87 387
283 327
47 240
112 403
118 385
323 397
247 424
254 339
40 455
128 401
27 156
64 497
161 398
316 405
207 413
395 484
219 355
155 450
33 379
43 154
200 269
143 286
0 292
71 467
42 357
117 440
77 368
130 328
170 318
8 74
50 254
268 456
84 151
134 173
209 381
34 182
57 375
218 348
338 349
238 247
321 431
275 474
278 309
126 465
54 449
40 123
32 144
206 469
134 146
52 224
73 386
92 460
280 468
155 205
56 428
115 470
167 393
28 449
107 414
1 23
129 398
57 122
2 38
214 438
227 461
141 190
222 227
432 499
359 408
111 244
38 129
49 480
56 294
171 382
59 104
216 243
109 496
86 312
242 484
35 365
294 303
29 130
67 300
165 272
48 89
285 317
5 175
345 376
102 326
61 329
175 255
30 310
97 148
391 419
284 475
201 351
246 350
279 308
212 267
174 430
94 211
133 264
249 329
24 157
218 331
121 205
71 432
372 442
53 307
33 395
42 291
142 316
69 244
276 466
215 485
37 88
343 494
154 418
90 141
248 320
75 232
68 458
319 384
115 241
355 397
346 446
16 149
390 462
184 250
231 498
60 236
220 277
198 425
245 291
278 476
10 258
249 363
361 364
6 473
161 226
119 496
288 322
232 401
204 230
384 441
44 353
207 377
46 62
126 150
32 84
128 333
146 276
235 491
106 366
142 368
204 409
187 236
474 476
252 469
51 497
302 344
92 332
4 72
164 225
418 427
7 45
454 479
228 298
261 444
391 486
22 143
70 239
172 285
36 310
72 408
289 490
296 379
248 315
352 445
46 136
147 320
261 298
39 41
52 465
145 373
226 495
62 407
185 314
342 356
80 255
380 405
34 108
181 239
184 237
106 388
301 417
162 189
158 389
107 419
120 396
164 403
89 488
109 351
11 162
314 330
5 39
386 492
123 228
360 400
80 133
116 495
231 491
441 485
352 481
23 199
221 428
83 263
321 472
117 359
99 295
49 327
229 480
253 315
83 394
64 240
8 370
253 365
257 422
277 416
333 463
177 481
4 48
313 392
99 208
293 462
196 478
426 464
13 483
94 374
299 363
15 63
58 388
300 402
147 435
150 389
65 223
17 259
452 482
251 304
22 290
163 191
45 221
17 350
463 482
19 101
12 433
75 112
406 490
159 425
358 420
339 451
302 361
93 387
37 304
110 438
297 353
79 81
385 461
194 280
185 342
55 367
125 203
158 354
85 443
138 457
139 415
59 176
116 241
213 356
50 243
7 97
77 223
54 334
265 375
393 420
131 224
213 459
179 245
265 493
9 374
168 436
171 473
179 212
406 434
259 427
69 286
267 360
439 460
151 233
402 421
76 399
29 369
65 488
73 262
70 290
98 433
202 279
266 275
119 377
166 199
105 489
63 394
9 186
100 381
113 471
270 409
407 487
448 487
76 91
324 332
55 98
21 103
