83 196
63 101
73 284
63 395
3 328
34 177
215 342
46 359
1 319
29 269
48 140
43 366
22 343
101 363
390 396
200 338
77 317
65 250
180 266
52 168
40 60
127 178
197 209
231 254
239 329
58 97
67 302
42 350
14 140
17 90
60 164
23 377
31 240
116 367
116 225
44 128
133 174
181 378
130 316
8 134
301 365
16 118
333 395
11 323
228 369
141 316
171 206
141 346
221 266
248 310
109 379
154 158
40 374
133 193
52 149
3 174
232 323
76 269
256 282
107 305
87 333
79 393
20 253
65 260
145 344
38 289
322 341
82 247
119 330
51 58
261 275
103 262
4 27
100 331
279 307
245 274
42 364
38 69
108 268
87 99
179 335
35 298
137 339
119 199
159 345
238 394
326 386
12 252
49 246
18 28
76 172
192 380
84 109
104 195
19 390
19 150
111 162
126 371
64 299
212 295
56 66
242 398
14 251
112 131
165 170
245 377
11 297
45 254
18 218
55 253
72 126
91 92
79 248
5 235
114 242
302 358
49 369
211 361
208 267
90 145
8 329
231 293
57 217
15 353
50 189
186 365
234 360
223 289
4 268
30 398
210 228
207 306
64 96
22 216
215 356
205 241
183 194
9 357
202 384
28 271
36 370
345 385
30 41
36 194
82 138
287 340
75 357
319 361
13 252
284 389
91 293
240 259
80 303
296 304
34 72
134 375
171 387
96 190
135 191
214 363
47 321
81 288
146 368
121 350
35 176
157 258
197 339
233 243
233 251
25 68
187 314
37 143
249 309
6 15
70 232
301 353
330 334
127 129
291 356
107 234
169 282
206 376
312 360
324 385
32 220
54 117
216 260
198 280
286 344
102 303
304 371
10 223
213 351
113 244
123 190
354 397
94 152
155 165
78 120
178 209
16 273
135 184
291 336
94 204
366 383
97 355
139 168
230 292
277 341
78 236
188 203
267 278
114 250
243 244
182 349
125 381
113 391
210 273
257 322
62 179
222 257
62 221
207 279
121 169
59 218
370 384
112 162
191 308
176 374
313 382
202 340
74 77
93 148
144 382
299 351
43 47
74 159
106 150
115 388
157 288
103 272
26 311
198 220
69 287
175 326
237 305
285 346
2 307
99 256
55 155
139 348
0 45
122 211
131 389
59 383
75 153
290 386
185 259
27 376
265 297
224 281
367 397
118 236
151 378
9 318
85 105
13 318
203 392
152 226
83 105
348 355
85 392
32 98
317 337
332 337
327 328
68 264
132 391
296 308
196 290
148 182
2 5
129 224
53 123
21 320
143 368
81 311
201 362
185 352
84 387
205 313
31 88
158 212
142 261
33 213
93 104
238 258
120 270
325 338
124 195
130 264
57 61
208 274
33 138
110 219
265 283
48 372
136 183
146 249
128 167
277 294
230 320
24 227
124 393
100 343
122 399
108 388
51 286
149 280
153 229
349 373
137 181
136 372
67 144
1 295
180 272
17 21
125 399
39 327
10 285
246 335
263 379
163 166
160 161
315 354
177 188
115 380
71 106
225 312
110 204
173 189
12 56
50 167
192 229
39 352
294 394
95 237
54 156
23 163
61 160
241 381
292 306
132 255
70 187
321 347
7 300
161 235
86 154
239 396
331 359
80 271
226 276
98 151
89 156
86 193
41 200
227 373
222 309
201 278
166 283
255 362
142 147
37 342
71 186
53 310
88 300
172 281
29 95
44 358
214 314
147 270
25 263
325 375
24 217
164 347
247 262
111 117
7 20
46 175
26 199
66 298
89 334
102 336
170 364
73 92
315 332
6 275
173 184
219 324
