85 350
135 282
81 221
232 271
107 140
237 314
274 496
149 298
309 411
59 340
96 203
328 496
166 215
198 272
194 277
261 319
217 416
266 433
64 479
214 329
134 238
120 456
154 382
66 105
448 493
121 373
81 437
287 473
171 190
146 196
383 488
60 177
281 463
21 145
229 449
138 176
231 243
46 136
98 368
10 376
20 470
186 296
202 323
44 366
54 230
468 493
254 448
111 118
124 351
12 451
130 272
235 498
228 446
347 385
319 495
102 298
265 276
4 243
71 424
167 244
11 367
181 256
367 403
54 438
22 406
271 373
133 393
65 408
115 360
284 464
163 209
241 259
20 92
171 407
121 471
112 152
327 342
15 498
366 421
428 453
427 449
159 311
50 94
43 212
375 435
35 488
88 312
90 144
93 351
107 267
15 183
379 386
131 343
91 412
313 440
487 497
134 153
3 408
297 299
332 482
49 419
65 270
86 179
380 435
119 398
174 363
30 291
338 426
137 282
181 445
36 273
73 398
96 324
13 76
218 332
50 402
53 249
77 487
294 431
323 461
252 463
256 393
277 338
228 447
39 485
216 224
252 481
130 432
56 315
26 233
43 220
204 269
10 309
257 346
86 381
90 98
239 467
41 176
11 124
353 410
175 480
201 280
31 314
148 192
156 262
396 444
158 467
102 369
72 473
262 299
36 356
38 231
222 450
89 110
245 374
155 457
62 297
21 458
185 469
378 389
215 326
440 472
16 199
108 269
33 362
158 361
80 288
226 306
197 284
95 468
154 265
358 403
41 180
73 218
82 182
52 352
173 399
364 401
69 411
205 387
127 172
180 374
185 343
67 481
413 470
341 443
142 292
114 273
229 400
39 63
313 460
75 279
31 405
322 330
51 268
97 426
7 486
213 283
160 162
189 442
290 364
103 249
34 37
6 253
74 422
236 447
225 455
45 59
293 427
412 465
223 312
331 459
22 223
26 288
184 461
35 106
317 336
92 346
5 143
198 405
216 242
29 378
128 434
94 191
147 250
74 361
240 352
454 491
67 464
286 348
246 278
330 450
79 155
139 261
139 235
372 433
2 217
49 490
9 188
370 401
210 429
170 292
264 335
191 442
178 443
1 37
315 430
275 328
122 484
24 150
129 291
78 417
380 495
211 259
384 465
131 365
363 485
8 347
146 321
97 301
57 187
383 462
44 168
147 207
93 170
335 484
148 179
241 281
304 375
156 385
47 123
381 483
78 173
53 418
40 391
392 434
45 245
423 489
325 379
384 499
87 199
87 326
84 482
27 276
153 483
213 400
135 387
219 458
57 226
58 438
247 497
103 172
25 29
6 250
334 445
4 222
157 280
122 390
68 439
100 349
317 394
106 395
149 208
151 340
117 339
161 331
475 486
169 432
382 390
169 414
178 327
339 344
109 234
127 260
104 246
85 125
55 110
126 404
33 164
19 84
258 469
24 322
303 436
232 480
3 183
23 341
144 165
17 133
16 270
283 446
60 318
355 386
42 424
70 236
359 394
301 478
419 441
126 257
406 439
99 476
51 163
8 230
308 354
38 255
200 220
82 489
167 418
14 409
451 474
359 397
108 321
114 415
492 494
348 459
193 371
76 290
294 308
344 472
7 193
12 371
300 357
219 358
137 407
5 302
125 168
274 422
325 369
285 454
69 413
132 376
138 251
128 388
208 425
47 391
1 388
68 117
32 316
362 466
27 268
248 452
177 370
164 254
225 293
143 206
263 436
79 410
151 478
25 113
111 194
56 187
275 350
141 189
113 205
129 360
233 479
444 475
63 462
200 305
115 417
52 377
237 345
40 77
101 357
258 305
100 377
71 214
2 311
30 342
48 203
0 324
120 303
238 253
263 420
118 141
260 318
72 209
306 336
195 210
91 285
152 192
123 310
150 356
80 452
295 457
240 248
211 333
61 159
289 429
182 476
244 310
428 474
116 349
58 201
207 453
295 320
157 355
62 142
18 296
28 140
28 162
224 365
14 88
61 395
188 221
18 206
278 414
204 302
101 195
83 397
279 460
289 492
17 34
116 251
161 368
19 196
70 477
300 441
13 404
202 494
89 304
329 455
83 345
242 392
66 286
0 287
104 334
42 234
99 119
190 333
9 55
109 396
307 477
32 499
95 353
165 389
316 425
255 320
160 174
175 337
166 264
64 307
337 416
227 423
46 415
23 184
132 490
186 372
431 466
421 430
105 420
145 212
136 227
75 471
197 267
409 491
48 266
402 437
239 399
112 247
