21 67
28 36
34 97
41 60
30 51
5 17
17 62
44 68
1 78
47 76
2 47
9 96
28 81
7 66
7 46
8 61
70 89
6 19
5 97
29 98
16 94
29 80
16 90
22 32
43 72
85 88
69 90
23 50
58 83
27 49
57 92
34 52
27 39
77 93
56 92
21 52
44 71
12 55
25 96
3 86
71 84
10 86
18 33
64 88
87 95
42 65
73 95
26 91
10 39
38 81
55 79
53 83
20 40
32 54
11 30
94 99
36 65
22 38
8 79
48 51
4 49
11 73
15 37
24 82
35 56
60 69
37 45
19 82
9 98
25 84
20 87
59 64
67 75
1 70
31 50
59 63
31 80
6 23
54 99
13 85
18 66
12 35
13 42
4 74
41 74
15 63
3 91
43 58
68 72
14 24
45 57
2 14
26 77
75 76
61 78
0 62
40 53
46 93
48 89
